[6.314s] Invoking command in '/home/mcr2/ros2_ws/src/sphere_msgs': PYTHONPATH=/home/mcr2/ros2_ws/src/build/sphere_msgs/prefix_override:/home/mcr2/ros2_ws/src/install/sphere_msgs/lib/python3.10/site-packages:${PYTHONPATH} /usr/bin/python3 setup.py egg_info --egg-base ../build/sphere_msgs build --build-base /home/mcr2/ros2_ws/src/build/sphere_msgs/build install --record /home/mcr2/ros2_ws/src/build/sphere_msgs/install.log --single-version-externally-managed
[7.689s] running egg_info
[7.690s] creating ../build/sphere_msgs/sphere_msgs.egg-info
[7.690s] writing ../build/sphere_msgs/sphere_msgs.egg-info/PKG-INFO
[7.691s] writing dependency_links to ../build/sphere_msgs/sphere_msgs.egg-info/dependency_links.txt
[7.691s] writing entry points to ../build/sphere_msgs/sphere_msgs.egg-info/entry_points.txt
[7.691s] writing requirements to ../build/sphere_msgs/sphere_msgs.egg-info/requires.txt
[7.692s] writing top-level names to ../build/sphere_msgs/sphere_msgs.egg-info/top_level.txt
[7.692s] writing manifest file '../build/sphere_msgs/sphere_msgs.egg-info/SOURCES.txt'
[7.806s] reading manifest file '../build/sphere_msgs/sphere_msgs.egg-info/SOURCES.txt'
[7.836s] /usr/lib/python3/dist-packages/setuptools/command/install.py:34: SetuptoolsDeprecationWarning: setup.py install is deprecated. Use build and pip and other standards-based tools.
[7.836s]   warnings.warn(
[7.836s] writing manifest file '../build/sphere_msgs/sphere_msgs.egg-info/SOURCES.txt'
[7.837s] running build
[7.837s] running build_py
[7.837s] creating /home/mcr2/ros2_ws/src/build/sphere_msgs/build
[7.837s] creating /home/mcr2/ros2_ws/src/build/sphere_msgs/build/lib
[7.837s] creating /home/mcr2/ros2_ws/src/build/sphere_msgs/build/lib/sphere_msgs
[7.837s] copying sphere_msgs/sphere_node.py -> /home/mcr2/ros2_ws/src/build/sphere_msgs/build/lib/sphere_msgs
[7.837s] copying sphere_msgs/__init__.py -> /home/mcr2/ros2_ws/src/build/sphere_msgs/build/lib/sphere_msgs
[7.838s] running install
[7.838s] running install_lib
[7.838s] creating /home/mcr2/ros2_ws/src/install/sphere_msgs/lib/python3.10/site-packages/sphere_msgs
[7.838s] copying /home/mcr2/ros2_ws/src/build/sphere_msgs/build/lib/sphere_msgs/sphere_node.py -> /home/mcr2/ros2_ws/src/install/sphere_msgs/lib/python3.10/site-packages/sphere_msgs
[7.838s] copying /home/mcr2/ros2_ws/src/build/sphere_msgs/build/lib/sphere_msgs/__init__.py -> /home/mcr2/ros2_ws/src/install/sphere_msgs/lib/python3.10/site-packages/sphere_msgs
[7.838s] byte-compiling /home/mcr2/ros2_ws/src/install/sphere_msgs/lib/python3.10/site-packages/sphere_msgs/sphere_node.py to sphere_node.cpython-310.pyc
[7.839s] byte-compiling /home/mcr2/ros2_ws/src/install/sphere_msgs/lib/python3.10/site-packages/sphere_msgs/__init__.py to __init__.cpython-310.pyc
[7.839s] running install_data
[7.839s] creating /home/mcr2/ros2_ws/src/install/sphere_msgs/share/ament_index
[7.839s] creating /home/mcr2/ros2_ws/src/install/sphere_msgs/share/ament_index/resource_index
[7.839s] creating /home/mcr2/ros2_ws/src/install/sphere_msgs/share/ament_index/resource_index/packages
[7.839s] copying resource/sphere_msgs -> /home/mcr2/ros2_ws/src/install/sphere_msgs/share/ament_index/resource_index/packages
[7.839s] copying package.xml -> /home/mcr2/ros2_ws/src/install/sphere_msgs/share/sphere_msgs
[7.840s] running install_egg_info
[7.840s] Copying ../build/sphere_msgs/sphere_msgs.egg-info to /home/mcr2/ros2_ws/src/install/sphere_msgs/lib/python3.10/site-packages/sphere_msgs-0.0.0-py3.10.egg-info
[7.840s] running install_scripts
[7.903s] Installing sphere_node script to /home/mcr2/ros2_ws/src/install/sphere_msgs/lib/sphere_msgs
[7.904s] writing list of installed files to '/home/mcr2/ros2_ws/src/build/sphere_msgs/install.log'
[11.385s] Invoked command in '/home/mcr2/ros2_ws/src/sphere_msgs' returned '0': PYTHONPATH=/home/mcr2/ros2_ws/src/build/sphere_msgs/prefix_override:/home/mcr2/ros2_ws/src/install/sphere_msgs/lib/python3.10/site-packages:${PYTHONPATH} /usr/bin/python3 setup.py egg_info --egg-base ../build/sphere_msgs build --build-base /home/mcr2/ros2_ws/src/build/sphere_msgs/build install --record /home/mcr2/ros2_ws/src/build/sphere_msgs/install.log --single-version-externally-managed
