/home/mcr2/ros2_ws/src/install/basic_comm_params/lib/python3.10/site-packages/basic_comm_params/talker_params.py
/home/mcr2/ros2_ws/src/install/basic_comm_params/lib/python3.10/site-packages/basic_comm_params/node_params.py
/home/mcr2/ros2_ws/src/install/basic_comm_params/lib/python3.10/site-packages/basic_comm_params/__init__.py
/home/mcr2/ros2_ws/src/install/basic_comm_params/lib/python3.10/site-packages/basic_comm_params/__pycache__/talker_params.cpython-310.pyc
/home/mcr2/ros2_ws/src/install/basic_comm_params/lib/python3.10/site-packages/basic_comm_params/__pycache__/node_params.cpython-310.pyc
/home/mcr2/ros2_ws/src/install/basic_comm_params/lib/python3.10/site-packages/basic_comm_params/__pycache__/__init__.cpython-310.pyc
/home/mcr2/ros2_ws/src/install/basic_comm_params/share/ament_index/resource_index/packages/basic_comm_params
/home/mcr2/ros2_ws/src/install/basic_comm_params/share/basic_comm_params/package.xml
/home/mcr2/ros2_ws/src/install/basic_comm_params/share/basic_comm_params/launch/chatter_params_launch.py
/home/mcr2/ros2_ws/src/install/basic_comm_params/share/basic_comm_params/launch/node_params_launch.py
/home/mcr2/ros2_ws/src/install/basic_comm_params/share/basic_comm_params/config/params.yaml
/home/mcr2/ros2_ws/src/install/basic_comm_params/lib/python3.10/site-packages/basic_comm_params-0.0.0-py3.10.egg-info/PKG-INFO
/home/mcr2/ros2_ws/src/install/basic_comm_params/lib/python3.10/site-packages/basic_comm_params-0.0.0-py3.10.egg-info/requires.txt
/home/mcr2/ros2_ws/src/install/basic_comm_params/lib/python3.10/site-packages/basic_comm_params-0.0.0-py3.10.egg-info/top_level.txt
/home/mcr2/ros2_ws/src/install/basic_comm_params/lib/python3.10/site-packages/basic_comm_params-0.0.0-py3.10.egg-info/zip-safe
/home/mcr2/ros2_ws/src/install/basic_comm_params/lib/python3.10/site-packages/basic_comm_params-0.0.0-py3.10.egg-info/entry_points.txt
/home/mcr2/ros2_ws/src/install/basic_comm_params/lib/python3.10/site-packages/basic_comm_params-0.0.0-py3.10.egg-info/SOURCES.txt
/home/mcr2/ros2_ws/src/install/basic_comm_params/lib/python3.10/site-packages/basic_comm_params-0.0.0-py3.10.egg-info/dependency_links.txt
/home/mcr2/ros2_ws/src/install/basic_comm_params/lib/basic_comm_params/node_params
/home/mcr2/ros2_ws/src/install/basic_comm_params/lib/basic_comm_params/talker_params
