[0.511s] Invoking command in '/home/mcr2/ros2_ws/src/build/controller_manager_msgs': CMAKE_PREFIX_PATH=${CMAKE_PREFIX_PATH}:/home/mcr2/ros2_ws/src/install/sphere_msgs:/home/mcr2/ros2_ws/src/install/signal_decomposition:/home/mcr2/ros2_ws/src/install/rqt_joint_trajectory_controller:/home/mcr2/ros2_ws/src/install/rqt_controller_manager:/home/mcr2/ros2_ws/src/install/ros2controlcli:/home/mcr2/ros2_ws/src/install/ros2_controllers_test_nodes:/home/mcr2/ros2_ws/src/install/courseworks:/home/mcr2/ros2_ws/src/install/basic_comms:/home/mcr2/ros2_ws/src/install/basic_comm_params:/opt/ros/humble /usr/bin/cmake --build /home/mcr2/ros2_ws/src/build/controller_manager_msgs -- -j4 -l4
[1.361s] [  0%] Built target controller_manager_msgs__cpp
[1.362s] [ 12%] Built target controller_manager_msgs__rosidl_generator_c
[1.683s] [ 12%] Built target ament_cmake_python_copy_controller_manager_msgs
[1.942s] [ 24%] Built target controller_manager_msgs__rosidl_typesupport_fastrtps_cpp
[2.220s] [ 36%] Built target controller_manager_msgs__rosidl_typesupport_cpp
[2.337s] [ 48%] Built target controller_manager_msgs__rosidl_typesupport_introspection_cpp
[2.965s] [ 60%] Built target controller_manager_msgs__rosidl_typesupport_introspection_c
[3.072s] [ 72%] Built target controller_manager_msgs__rosidl_typesupport_fastrtps_c
[3.134s] [ 84%] Built target controller_manager_msgs__rosidl_typesupport_c
[3.554s] [ 84%] Built target controller_manager_msgs
[3.899s] [ 85%] Built target controller_manager_msgs__py
[4.363s] [ 96%] Built target controller_manager_msgs__rosidl_generator_py
[5.086s] [ 98%] Built target controller_manager_msgs__rosidl_typesupport_introspection_c__pyext
[5.117s] [ 99%] Built target controller_manager_msgs__rosidl_typesupport_c__pyext
[5.147s] [100%] Built target controller_manager_msgs__rosidl_typesupport_fastrtps_c__pyext
[5.573s] running egg_info
[5.573s] writing controller_manager_msgs.egg-info/PKG-INFO
[5.580s] writing dependency_links to controller_manager_msgs.egg-info/dependency_links.txt
[5.582s] writing top-level names to controller_manager_msgs.egg-info/top_level.txt
[5.600s] reading manifest file 'controller_manager_msgs.egg-info/SOURCES.txt'
[5.601s] writing manifest file 'controller_manager_msgs.egg-info/SOURCES.txt'
[5.771s] [100%] Built target ament_cmake_python_build_controller_manager_msgs_egg
[5.874s] Invoked command in '/home/mcr2/ros2_ws/src/build/controller_manager_msgs' returned '0': CMAKE_PREFIX_PATH=${CMAKE_PREFIX_PATH}:/home/mcr2/ros2_ws/src/install/sphere_msgs:/home/mcr2/ros2_ws/src/install/signal_decomposition:/home/mcr2/ros2_ws/src/install/rqt_joint_trajectory_controller:/home/mcr2/ros2_ws/src/install/rqt_controller_manager:/home/mcr2/ros2_ws/src/install/ros2controlcli:/home/mcr2/ros2_ws/src/install/ros2_controllers_test_nodes:/home/mcr2/ros2_ws/src/install/courseworks:/home/mcr2/ros2_ws/src/install/basic_comms:/home/mcr2/ros2_ws/src/install/basic_comm_params:/opt/ros/humble /usr/bin/cmake --build /home/mcr2/ros2_ws/src/build/controller_manager_msgs -- -j4 -l4
[10.679s] Invoking command in '/home/mcr2/ros2_ws/src/build/controller_manager_msgs': CMAKE_PREFIX_PATH=${CMAKE_PREFIX_PATH}:/home/mcr2/ros2_ws/src/install/sphere_msgs:/home/mcr2/ros2_ws/src/install/signal_decomposition:/home/mcr2/ros2_ws/src/install/rqt_joint_trajectory_controller:/home/mcr2/ros2_ws/src/install/rqt_controller_manager:/home/mcr2/ros2_ws/src/install/ros2controlcli:/home/mcr2/ros2_ws/src/install/ros2_controllers_test_nodes:/home/mcr2/ros2_ws/src/install/courseworks:/home/mcr2/ros2_ws/src/install/basic_comms:/home/mcr2/ros2_ws/src/install/basic_comm_params:/opt/ros/humble /usr/bin/cmake --install /home/mcr2/ros2_ws/src/build/controller_manager_msgs
[10.779s] -- Install configuration: ""
[10.779s] -- Up-to-date: /home/mcr2/ros2_ws/src/install/controller_manager_msgs/share/ament_index/resource_index/rosidl_interfaces/controller_manager_msgs
[10.780s] -- Up-to-date: /home/mcr2/ros2_ws/src/install/controller_manager_msgs/include/controller_manager_msgs/controller_manager_msgs
[10.813s] -- Up-to-date: /home/mcr2/ros2_ws/src/install/controller_manager_msgs/include/controller_manager_msgs/controller_manager_msgs/srv
[10.813s] -- Up-to-date: /home/mcr2/ros2_ws/src/install/controller_manager_msgs/include/controller_manager_msgs/controller_manager_msgs/srv/reload_controller_libraries.h
[10.813s] -- Up-to-date: /home/mcr2/ros2_ws/src/install/controller_manager_msgs/include/controller_manager_msgs/controller_manager_msgs/srv/set_hardware_component_state.h
[10.814s] -- Up-to-date: /home/mcr2/ros2_ws/src/install/controller_manager_msgs/include/controller_manager_msgs/controller_manager_msgs/srv/list_controller_types.h
[10.814s] -- Up-to-date: /home/mcr2/ros2_ws/src/install/controller_manager_msgs/include/controller_manager_msgs/controller_manager_msgs/srv/configure_controller.h
[10.814s] -- Up-to-date: /home/mcr2/ros2_ws/src/install/controller_manager_msgs/include/controller_manager_msgs/controller_manager_msgs/srv/switch_controller.h
[10.815s] -- Up-to-date: /home/mcr2/ros2_ws/src/install/controller_manager_msgs/include/controller_manager_msgs/controller_manager_msgs/srv/unload_controller.h
[10.815s] -- Up-to-date: /home/mcr2/ros2_ws/src/install/controller_manager_msgs/include/controller_manager_msgs/controller_manager_msgs/srv/detail
[10.815s] -- Up-to-date: /home/mcr2/ros2_ws/src/install/controller_manager_msgs/include/controller_manager_msgs/controller_manager_msgs/srv/detail/reload_controller_libraries__functions.c
[10.816s] -- Up-to-date: /home/mcr2/ros2_ws/src/install/controller_manager_msgs/include/controller_manager_msgs/controller_manager_msgs/srv/detail/list_hardware_interfaces__functions.c
[10.816s] -- Up-to-date: /home/mcr2/ros2_ws/src/install/controller_manager_msgs/include/controller_manager_msgs/controller_manager_msgs/srv/detail/configure_controller__functions.h
[10.818s] -- Up-to-date: /home/mcr2/ros2_ws/src/install/controller_manager_msgs/include/controller_manager_msgs/controller_manager_msgs/srv/detail/load_controller__functions.h
[10.822s] -- Up-to-date: /home/mcr2/ros2_ws/src/install/controller_manager_msgs/include/controller_manager_msgs/controller_manager_msgs/srv/detail/set_hardware_component_state__functions.h
[10.823s] -- Up-to-date: /home/mcr2/ros2_ws/src/install/controller_manager_msgs/include/controller_manager_msgs/controller_manager_msgs/srv/detail/unload_controller__type_support.h
[10.823s] -- Up-to-date: /home/mcr2/ros2_ws/src/install/controller_manager_msgs/include/controller_manager_msgs/controller_manager_msgs/srv/detail/reload_controller_libraries__functions.h
[10.824s] -- Up-to-date: /home/mcr2/ros2_ws/src/install/controller_manager_msgs/include/controller_manager_msgs/controller_manager_msgs/srv/detail/list_hardware_components__functions.c
[10.824s] -- Up-to-date: /home/mcr2/ros2_ws/src/install/controller_manager_msgs/include/controller_manager_msgs/controller_manager_msgs/srv/detail/list_controller_types__type_support.h
[10.824s] -- Up-to-date: /home/mcr2/ros2_ws/src/install/controller_manager_msgs/include/controller_manager_msgs/controller_manager_msgs/srv/detail/list_hardware_components__functions.h
[10.824s] -- Up-to-date: /home/mcr2/ros2_ws/src/install/controller_manager_msgs/include/controller_manager_msgs/controller_manager_msgs/srv/detail/set_hardware_component_state__type_support.h
[10.824s] -- Up-to-date: /home/mcr2/ros2_ws/src/install/controller_manager_msgs/include/controller_manager_msgs/controller_manager_msgs/srv/detail/switch_controller__type_support.h
[10.829s] -- Up-to-date: /home/mcr2/ros2_ws/src/install/controller_manager_msgs/include/controller_manager_msgs/controller_manager_msgs/srv/detail/load_controller__struct.h
[10.829s] -- Up-to-date: /home/mcr2/ros2_ws/src/install/controller_manager_msgs/include/controller_manager_msgs/controller_manager_msgs/srv/detail/configure_controller__struct.h
[10.829s] -- Up-to-date: /home/mcr2/ros2_ws/src/install/controller_manager_msgs/include/controller_manager_msgs/controller_manager_msgs/srv/detail/list_hardware_interfaces__functions.h
[10.830s] -- Up-to-date: /home/mcr2/ros2_ws/src/install/controller_manager_msgs/include/controller_manager_msgs/controller_manager_msgs/srv/detail/unload_controller__struct.h
[10.830s] -- Up-to-date: /home/mcr2/ros2_ws/src/install/controller_manager_msgs/include/controller_manager_msgs/controller_manager_msgs/srv/detail/list_controller_types__functions.c
[10.830s] -- Up-to-date: /home/mcr2/ros2_ws/src/install/controller_manager_msgs/include/controller_manager_msgs/controller_manager_msgs/srv/detail/list_controller_types__functions.h
[10.831s] -- Up-to-date: /home/mcr2/ros2_ws/src/install/controller_manager_msgs/include/controller_manager_msgs/controller_manager_msgs/srv/detail/list_controllers__type_support.h
[10.831s] -- Up-to-date: /home/mcr2/ros2_ws/src/install/controller_manager_msgs/include/controller_manager_msgs/controller_manager_msgs/srv/detail/list_controllers__struct.h
[10.832s] -- Up-to-date: /home/mcr2/ros2_ws/src/install/controller_manager_msgs/include/controller_manager_msgs/controller_manager_msgs/srv/detail/list_hardware_components__struct.h
[10.832s] -- Up-to-date: /home/mcr2/ros2_ws/src/install/controller_manager_msgs/include/controller_manager_msgs/controller_manager_msgs/srv/detail/list_controllers__functions.h
[10.832s] -- Up-to-date: /home/mcr2/ros2_ws/src/install/controller_manager_msgs/include/controller_manager_msgs/controller_manager_msgs/srv/detail/load_controller__functions.c
[10.832s] -- Up-to-date: /home/mcr2/ros2_ws/src/install/controller_manager_msgs/include/controller_manager_msgs/controller_manager_msgs/srv/detail/switch_controller__functions.h
[10.833s] -- Up-to-date: /home/mcr2/ros2_ws/src/install/controller_manager_msgs/include/controller_manager_msgs/controller_manager_msgs/srv/detail/list_controllers__functions.c
[10.833s] -- Up-to-date: /home/mcr2/ros2_ws/src/install/controller_manager_msgs/include/controller_manager_msgs/controller_manager_msgs/srv/detail/unload_controller__functions.h
[10.833s] -- Up-to-date: /home/mcr2/ros2_ws/src/install/controller_manager_msgs/include/controller_manager_msgs/controller_manager_msgs/srv/detail/list_controller_types__struct.h
[10.833s] -- Up-to-date: /home/mcr2/ros2_ws/src/install/controller_manager_msgs/include/controller_manager_msgs/controller_manager_msgs/srv/detail/list_hardware_components__type_support.h
[10.833s] -- Up-to-date: /home/mcr2/ros2_ws/src/install/controller_manager_msgs/include/controller_manager_msgs/controller_manager_msgs/srv/detail/switch_controller__functions.c
[10.833s] -- Up-to-date: /home/mcr2/ros2_ws/src/install/controller_manager_msgs/include/controller_manager_msgs/controller_manager_msgs/srv/detail/set_hardware_component_state__struct.h
[10.834s] -- Up-to-date: /home/mcr2/ros2_ws/src/install/controller_manager_msgs/include/controller_manager_msgs/controller_manager_msgs/srv/detail/configure_controller__functions.c
[10.834s] -- Up-to-date: /home/mcr2/ros2_ws/src/install/controller_manager_msgs/include/controller_manager_msgs/controller_manager_msgs/srv/detail/reload_controller_libraries__type_support.h
[10.834s] -- Up-to-date: /home/mcr2/ros2_ws/src/install/controller_manager_msgs/include/controller_manager_msgs/controller_manager_msgs/srv/detail/configure_controller__type_support.h
[10.834s] -- Up-to-date: /home/mcr2/ros2_ws/src/install/controller_manager_msgs/include/controller_manager_msgs/controller_manager_msgs/srv/detail/load_controller__type_support.h
[10.834s] -- Up-to-date: /home/mcr2/ros2_ws/src/install/controller_manager_msgs/include/controller_manager_msgs/controller_manager_msgs/srv/detail/unload_controller__functions.c
[10.834s] -- Up-to-date: /home/mcr2/ros2_ws/src/install/controller_manager_msgs/include/controller_manager_msgs/controller_manager_msgs/srv/detail/list_hardware_interfaces__struct.h
[10.835s] -- Up-to-date: /home/mcr2/ros2_ws/src/install/controller_manager_msgs/include/controller_manager_msgs/controller_manager_msgs/srv/detail/reload_controller_libraries__struct.h
[10.836s] -- Up-to-date: /home/mcr2/ros2_ws/src/install/controller_manager_msgs/include/controller_manager_msgs/controller_manager_msgs/srv/detail/set_hardware_component_state__functions.c
[10.839s] -- Up-to-date: /home/mcr2/ros2_ws/src/install/controller_manager_msgs/include/controller_manager_msgs/controller_manager_msgs/srv/detail/list_hardware_interfaces__type_support.h
[10.840s] -- Up-to-date: /home/mcr2/ros2_ws/src/install/controller_manager_msgs/include/controller_manager_msgs/controller_manager_msgs/srv/detail/switch_controller__struct.h
[10.840s] -- Up-to-date: /home/mcr2/ros2_ws/src/install/controller_manager_msgs/include/controller_manager_msgs/controller_manager_msgs/srv/list_hardware_components.h
[10.841s] -- Up-to-date: /home/mcr2/ros2_ws/src/install/controller_manager_msgs/include/controller_manager_msgs/controller_manager_msgs/srv/list_controllers.h
[10.842s] -- Up-to-date: /home/mcr2/ros2_ws/src/install/controller_manager_msgs/include/controller_manager_msgs/controller_manager_msgs/srv/list_hardware_interfaces.h
[10.843s] -- Up-to-date: /home/mcr2/ros2_ws/src/install/controller_manager_msgs/include/controller_manager_msgs/controller_manager_msgs/srv/load_controller.h
[10.844s] -- Up-to-date: /home/mcr2/ros2_ws/src/install/controller_manager_msgs/include/controller_manager_msgs/controller_manager_msgs/msg
[10.844s] -- Up-to-date: /home/mcr2/ros2_ws/src/install/controller_manager_msgs/include/controller_manager_msgs/controller_manager_msgs/msg/controller_state.h
[10.844s] -- Up-to-date: /home/mcr2/ros2_ws/src/install/controller_manager_msgs/include/controller_manager_msgs/controller_manager_msgs/msg/hardware_interface.h
[10.845s] -- Up-to-date: /home/mcr2/ros2_ws/src/install/controller_manager_msgs/include/controller_manager_msgs/controller_manager_msgs/msg/chain_connection.h
[10.845s] -- Up-to-date: /home/mcr2/ros2_ws/src/install/controller_manager_msgs/include/controller_manager_msgs/controller_manager_msgs/msg/detail
[10.845s] -- Up-to-date: /home/mcr2/ros2_ws/src/install/controller_manager_msgs/include/controller_manager_msgs/controller_manager_msgs/msg/detail/controller_state__functions.c
[10.846s] -- Up-to-date: /home/mcr2/ros2_ws/src/install/controller_manager_msgs/include/controller_manager_msgs/controller_manager_msgs/msg/detail/hardware_component_state__functions.c
[10.846s] -- Up-to-date: /home/mcr2/ros2_ws/src/install/controller_manager_msgs/include/controller_manager_msgs/controller_manager_msgs/msg/detail/chain_connection__struct.h
[10.847s] -- Up-to-date: /home/mcr2/ros2_ws/src/install/controller_manager_msgs/include/controller_manager_msgs/controller_manager_msgs/msg/detail/chain_connection__functions.c
[10.847s] -- Up-to-date: /home/mcr2/ros2_ws/src/install/controller_manager_msgs/include/controller_manager_msgs/controller_manager_msgs/msg/detail/chain_connection__type_support.h
[10.847s] -- Up-to-date: /home/mcr2/ros2_ws/src/install/controller_manager_msgs/include/controller_manager_msgs/controller_manager_msgs/msg/detail/controller_state__functions.h
[10.848s] -- Up-to-date: /home/mcr2/ros2_ws/src/install/controller_manager_msgs/include/controller_manager_msgs/controller_manager_msgs/msg/detail/controller_state__type_support.h
[10.848s] -- Up-to-date: /home/mcr2/ros2_ws/src/install/controller_manager_msgs/include/controller_manager_msgs/controller_manager_msgs/msg/detail/hardware_interface__functions.c
[10.848s] -- Up-to-date: /home/mcr2/ros2_ws/src/install/controller_manager_msgs/include/controller_manager_msgs/controller_manager_msgs/msg/detail/hardware_component_state__struct.h
[10.849s] -- Up-to-date: /home/mcr2/ros2_ws/src/install/controller_manager_msgs/include/controller_manager_msgs/controller_manager_msgs/msg/detail/hardware_interface__struct.h
[10.849s] -- Up-to-date: /home/mcr2/ros2_ws/src/install/controller_manager_msgs/include/controller_manager_msgs/controller_manager_msgs/msg/detail/chain_connection__functions.h
[10.850s] -- Up-to-date: /home/mcr2/ros2_ws/src/install/controller_manager_msgs/include/controller_manager_msgs/controller_manager_msgs/msg/detail/hardware_interface__functions.h
[10.850s] -- Up-to-date: /home/mcr2/ros2_ws/src/install/controller_manager_msgs/include/controller_manager_msgs/controller_manager_msgs/msg/detail/hardware_component_state__functions.h
[10.850s] -- Up-to-date: /home/mcr2/ros2_ws/src/install/controller_manager_msgs/include/controller_manager_msgs/controller_manager_msgs/msg/detail/hardware_interface__type_support.h
[10.851s] -- Up-to-date: /home/mcr2/ros2_ws/src/install/controller_manager_msgs/include/controller_manager_msgs/controller_manager_msgs/msg/detail/controller_state__struct.h
[10.851s] -- Up-to-date: /home/mcr2/ros2_ws/src/install/controller_manager_msgs/include/controller_manager_msgs/controller_manager_msgs/msg/detail/hardware_component_state__type_support.h
[10.851s] -- Up-to-date: /home/mcr2/ros2_ws/src/install/controller_manager_msgs/include/controller_manager_msgs/controller_manager_msgs/msg/hardware_component_state.h
[10.852s] -- Up-to-date: /home/mcr2/ros2_ws/src/install/controller_manager_msgs/include/controller_manager_msgs/controller_manager_msgs/msg/rosidl_generator_c__visibility_control.h
[10.852s] -- Up-to-date: /home/mcr2/ros2_ws/src/install/controller_manager_msgs/share/controller_manager_msgs/environment/library_path.sh
[10.853s] -- Up-to-date: /home/mcr2/ros2_ws/src/install/controller_manager_msgs/share/controller_manager_msgs/environment/library_path.dsv
[10.853s] -- Up-to-date: /home/mcr2/ros2_ws/src/install/controller_manager_msgs/lib/libcontroller_manager_msgs__rosidl_generator_c.so
[10.854s] -- Up-to-date: /home/mcr2/ros2_ws/src/install/controller_manager_msgs/include/controller_manager_msgs/controller_manager_msgs
[10.855s] -- Up-to-date: /home/mcr2/ros2_ws/src/install/controller_manager_msgs/include/controller_manager_msgs/controller_manager_msgs/srv
[10.855s] -- Up-to-date: /home/mcr2/ros2_ws/src/install/controller_manager_msgs/include/controller_manager_msgs/controller_manager_msgs/srv/detail
[10.856s] -- Up-to-date: /home/mcr2/ros2_ws/src/install/controller_manager_msgs/include/controller_manager_msgs/controller_manager_msgs/srv/detail/list_hardware_components__rosidl_typesupport_fastrtps_c.h
[10.856s] -- Up-to-date: /home/mcr2/ros2_ws/src/install/controller_manager_msgs/include/controller_manager_msgs/controller_manager_msgs/srv/detail/load_controller__rosidl_typesupport_fastrtps_c.h
[10.868s] -- Up-to-date: /home/mcr2/ros2_ws/src/install/controller_manager_msgs/include/controller_manager_msgs/controller_manager_msgs/srv/detail/configure_controller__rosidl_typesupport_fastrtps_c.h
[10.869s] -- Up-to-date: /home/mcr2/ros2_ws/src/install/controller_manager_msgs/include/controller_manager_msgs/controller_manager_msgs/srv/detail/switch_controller__rosidl_typesupport_fastrtps_c.h
[10.874s] -- Up-to-date: /home/mcr2/ros2_ws/src/install/controller_manager_msgs/include/controller_manager_msgs/controller_manager_msgs/srv/detail/list_controller_types__rosidl_typesupport_fastrtps_c.h
[10.874s] -- Up-to-date: /home/mcr2/ros2_ws/src/install/controller_manager_msgs/include/controller_manager_msgs/controller_manager_msgs/srv/detail/list_controllers__rosidl_typesupport_fastrtps_c.h
[10.874s] -- Up-to-date: /home/mcr2/ros2_ws/src/install/controller_manager_msgs/include/controller_manager_msgs/controller_manager_msgs/srv/detail/list_hardware_interfaces__rosidl_typesupport_fastrtps_c.h
[10.874s] -- Up-to-date: /home/mcr2/ros2_ws/src/install/controller_manager_msgs/include/controller_manager_msgs/controller_manager_msgs/srv/detail/set_hardware_component_state__rosidl_typesupport_fastrtps_c.h
[10.874s] -- Up-to-date: /home/mcr2/ros2_ws/src/install/controller_manager_msgs/include/controller_manager_msgs/controller_manager_msgs/srv/detail/reload_controller_libraries__rosidl_typesupport_fastrtps_c.h
[10.875s] -- Up-to-date: /home/mcr2/ros2_ws/src/install/controller_manager_msgs/include/controller_manager_msgs/controller_manager_msgs/srv/detail/unload_controller__rosidl_typesupport_fastrtps_c.h
[10.875s] -- Up-to-date: /home/mcr2/ros2_ws/src/install/controller_manager_msgs/include/controller_manager_msgs/controller_manager_msgs/msg
[10.894s] -- Up-to-date: /home/mcr2/ros2_ws/src/install/controller_manager_msgs/include/controller_manager_msgs/controller_manager_msgs/msg/rosidl_typesupport_fastrtps_c__visibility_control.h
[10.895s] -- Up-to-date: /home/mcr2/ros2_ws/src/install/controller_manager_msgs/include/controller_manager_msgs/controller_manager_msgs/msg/detail
[10.895s] -- Up-to-date: /home/mcr2/ros2_ws/src/install/controller_manager_msgs/include/controller_manager_msgs/controller_manager_msgs/msg/detail/controller_state__rosidl_typesupport_fastrtps_c.h
[10.895s] -- Up-to-date: /home/mcr2/ros2_ws/src/install/controller_manager_msgs/include/controller_manager_msgs/controller_manager_msgs/msg/detail/hardware_component_state__rosidl_typesupport_fastrtps_c.h
[10.896s] -- Up-to-date: /home/mcr2/ros2_ws/src/install/controller_manager_msgs/include/controller_manager_msgs/controller_manager_msgs/msg/detail/chain_connection__rosidl_typesupport_fastrtps_c.h
[10.896s] -- Up-to-date: /home/mcr2/ros2_ws/src/install/controller_manager_msgs/include/controller_manager_msgs/controller_manager_msgs/msg/detail/hardware_interface__rosidl_typesupport_fastrtps_c.h
[10.896s] -- Up-to-date: /home/mcr2/ros2_ws/src/install/controller_manager_msgs/lib/libcontroller_manager_msgs__rosidl_typesupport_fastrtps_c.so
[10.896s] -- Up-to-date: /home/mcr2/ros2_ws/src/install/controller_manager_msgs/include/controller_manager_msgs/controller_manager_msgs
[10.896s] -- Up-to-date: /home/mcr2/ros2_ws/src/install/controller_manager_msgs/include/controller_manager_msgs/controller_manager_msgs/srv
[10.897s] -- Up-to-date: /home/mcr2/ros2_ws/src/install/controller_manager_msgs/include/controller_manager_msgs/controller_manager_msgs/srv/load_controller.hpp
[10.897s] -- Up-to-date: /home/mcr2/ros2_ws/src/install/controller_manager_msgs/include/controller_manager_msgs/controller_manager_msgs/srv/list_hardware_interfaces.hpp
[10.897s] -- Up-to-date: /home/mcr2/ros2_ws/src/install/controller_manager_msgs/include/controller_manager_msgs/controller_manager_msgs/srv/unload_controller.hpp
[10.897s] -- Up-to-date: /home/mcr2/ros2_ws/src/install/controller_manager_msgs/include/controller_manager_msgs/controller_manager_msgs/srv/switch_controller.hpp
[10.897s] -- Up-to-date: /home/mcr2/ros2_ws/src/install/controller_manager_msgs/include/controller_manager_msgs/controller_manager_msgs/srv/reload_controller_libraries.hpp
[10.898s] -- Up-to-date: /home/mcr2/ros2_ws/src/install/controller_manager_msgs/include/controller_manager_msgs/controller_manager_msgs/srv/configure_controller.hpp
[10.898s] -- Up-to-date: /home/mcr2/ros2_ws/src/install/controller_manager_msgs/include/controller_manager_msgs/controller_manager_msgs/srv/set_hardware_component_state.hpp
[10.898s] -- Up-to-date: /home/mcr2/ros2_ws/src/install/controller_manager_msgs/include/controller_manager_msgs/controller_manager_msgs/srv/detail
[10.898s] -- Up-to-date: /home/mcr2/ros2_ws/src/install/controller_manager_msgs/include/controller_manager_msgs/controller_manager_msgs/srv/detail/reload_controller_libraries__builder.hpp
[10.898s] -- Up-to-date: /home/mcr2/ros2_ws/src/install/controller_manager_msgs/include/controller_manager_msgs/controller_manager_msgs/srv/detail/load_controller__traits.hpp
[10.899s] -- Up-to-date: /home/mcr2/ros2_ws/src/install/controller_manager_msgs/include/controller_manager_msgs/controller_manager_msgs/srv/detail/list_hardware_components__traits.hpp
[10.914s] -- Up-to-date: /home/mcr2/ros2_ws/src/install/controller_manager_msgs/include/controller_manager_msgs/controller_manager_msgs/srv/detail/list_controller_types__traits.hpp
[10.915s] -- Up-to-date: /home/mcr2/ros2_ws/src/install/controller_manager_msgs/include/controller_manager_msgs/controller_manager_msgs/srv/detail/reload_controller_libraries__struct.hpp
[10.922s] -- Up-to-date: /home/mcr2/ros2_ws/src/install/controller_manager_msgs/include/controller_manager_msgs/controller_manager_msgs/srv/detail/list_hardware_interfaces__traits.hpp
[10.923s] -- Up-to-date: /home/mcr2/ros2_ws/src/install/controller_manager_msgs/include/controller_manager_msgs/controller_manager_msgs/srv/detail/unload_controller__traits.hpp
[10.923s] -- Up-to-date: /home/mcr2/ros2_ws/src/install/controller_manager_msgs/include/controller_manager_msgs/controller_manager_msgs/srv/detail/switch_controller__traits.hpp
[10.923s] -- Up-to-date: /home/mcr2/ros2_ws/src/install/controller_manager_msgs/include/controller_manager_msgs/controller_manager_msgs/srv/detail/list_controllers__struct.hpp
[10.923s] -- Up-to-date: /home/mcr2/ros2_ws/src/install/controller_manager_msgs/include/controller_manager_msgs/controller_manager_msgs/srv/detail/set_hardware_component_state__builder.hpp
[10.924s] -- Up-to-date: /home/mcr2/ros2_ws/src/install/controller_manager_msgs/include/controller_manager_msgs/controller_manager_msgs/srv/detail/set_hardware_component_state__struct.hpp
[10.924s] -- Up-to-date: /home/mcr2/ros2_ws/src/install/controller_manager_msgs/include/controller_manager_msgs/controller_manager_msgs/srv/detail/load_controller__builder.hpp
[10.924s] -- Up-to-date: /home/mcr2/ros2_ws/src/install/controller_manager_msgs/include/controller_manager_msgs/controller_manager_msgs/srv/detail/list_controllers__traits.hpp
[10.924s] -- Up-to-date: /home/mcr2/ros2_ws/src/install/controller_manager_msgs/include/controller_manager_msgs/controller_manager_msgs/srv/detail/set_hardware_component_state__traits.hpp
[10.924s] -- Up-to-date: /home/mcr2/ros2_ws/src/install/controller_manager_msgs/include/controller_manager_msgs/controller_manager_msgs/srv/detail/configure_controller__builder.hpp
[10.925s] -- Up-to-date: /home/mcr2/ros2_ws/src/install/controller_manager_msgs/include/controller_manager_msgs/controller_manager_msgs/srv/detail/list_hardware_interfaces__builder.hpp
[10.925s] -- Up-to-date: /home/mcr2/ros2_ws/src/install/controller_manager_msgs/include/controller_manager_msgs/controller_manager_msgs/srv/detail/list_hardware_components__builder.hpp
[10.925s] -- Up-to-date: /home/mcr2/ros2_ws/src/install/controller_manager_msgs/include/controller_manager_msgs/controller_manager_msgs/srv/detail/configure_controller__traits.hpp
[10.926s] -- Up-to-date: /home/mcr2/ros2_ws/src/install/controller_manager_msgs/include/controller_manager_msgs/controller_manager_msgs/srv/detail/unload_controller__struct.hpp
[10.929s] -- Up-to-date: /home/mcr2/ros2_ws/src/install/controller_manager_msgs/include/controller_manager_msgs/controller_manager_msgs/srv/detail/configure_controller__struct.hpp
[10.931s] -- Up-to-date: /home/mcr2/ros2_ws/src/install/controller_manager_msgs/include/controller_manager_msgs/controller_manager_msgs/srv/detail/unload_controller__builder.hpp
[10.933s] -- Up-to-date: /home/mcr2/ros2_ws/src/install/controller_manager_msgs/include/controller_manager_msgs/controller_manager_msgs/srv/detail/load_controller__struct.hpp
[10.934s] -- Up-to-date: /home/mcr2/ros2_ws/src/install/controller_manager_msgs/include/controller_manager_msgs/controller_manager_msgs/srv/detail/list_controllers__builder.hpp
[10.934s] -- Up-to-date: /home/mcr2/ros2_ws/src/install/controller_manager_msgs/include/controller_manager_msgs/controller_manager_msgs/srv/detail/list_hardware_components__struct.hpp
[10.935s] -- Up-to-date: /home/mcr2/ros2_ws/src/install/controller_manager_msgs/include/controller_manager_msgs/controller_manager_msgs/srv/detail/list_controller_types__struct.hpp
[10.935s] -- Up-to-date: /home/mcr2/ros2_ws/src/install/controller_manager_msgs/include/controller_manager_msgs/controller_manager_msgs/srv/detail/switch_controller__struct.hpp
[10.936s] -- Up-to-date: /home/mcr2/ros2_ws/src/install/controller_manager_msgs/include/controller_manager_msgs/controller_manager_msgs/srv/detail/reload_controller_libraries__traits.hpp
[10.936s] -- Up-to-date: /home/mcr2/ros2_ws/src/install/controller_manager_msgs/include/controller_manager_msgs/controller_manager_msgs/srv/detail/list_hardware_interfaces__struct.hpp
[10.937s] -- Up-to-date: /home/mcr2/ros2_ws/src/install/controller_manager_msgs/include/controller_manager_msgs/controller_manager_msgs/srv/detail/list_controller_types__builder.hpp
[10.937s] -- Up-to-date: /home/mcr2/ros2_ws/src/install/controller_manager_msgs/include/controller_manager_msgs/controller_manager_msgs/srv/detail/switch_controller__builder.hpp
[10.938s] -- Up-to-date: /home/mcr2/ros2_ws/src/install/controller_manager_msgs/include/controller_manager_msgs/controller_manager_msgs/srv/list_controllers.hpp
[10.955s] -- Up-to-date: /home/mcr2/ros2_ws/src/install/controller_manager_msgs/include/controller_manager_msgs/controller_manager_msgs/srv/list_controller_types.hpp
[10.956s] -- Up-to-date: /home/mcr2/ros2_ws/src/install/controller_manager_msgs/include/controller_manager_msgs/controller_manager_msgs/srv/list_hardware_components.hpp
[10.956s] -- Up-to-date: /home/mcr2/ros2_ws/src/install/controller_manager_msgs/include/controller_manager_msgs/controller_manager_msgs/msg
[10.957s] -- Up-to-date: /home/mcr2/ros2_ws/src/install/controller_manager_msgs/include/controller_manager_msgs/controller_manager_msgs/msg/hardware_interface.hpp
[10.957s] -- Up-to-date: /home/mcr2/ros2_ws/src/install/controller_manager_msgs/include/controller_manager_msgs/controller_manager_msgs/msg/controller_state.hpp
[10.958s] -- Up-to-date: /home/mcr2/ros2_ws/src/install/controller_manager_msgs/include/controller_manager_msgs/controller_manager_msgs/msg/detail
[10.958s] -- Up-to-date: /home/mcr2/ros2_ws/src/install/controller_manager_msgs/include/controller_manager_msgs/controller_manager_msgs/msg/detail/hardware_interface__struct.hpp
[10.959s] -- Up-to-date: /home/mcr2/ros2_ws/src/install/controller_manager_msgs/include/controller_manager_msgs/controller_manager_msgs/msg/detail/chain_connection__builder.hpp
[10.959s] -- Up-to-date: /home/mcr2/ros2_ws/src/install/controller_manager_msgs/include/controller_manager_msgs/controller_manager_msgs/msg/detail/controller_state__traits.hpp
[10.959s] -- Up-to-date: /home/mcr2/ros2_ws/src/install/controller_manager_msgs/include/controller_manager_msgs/controller_manager_msgs/msg/detail/hardware_component_state__struct.hpp
[10.960s] -- Up-to-date: /home/mcr2/ros2_ws/src/install/controller_manager_msgs/include/controller_manager_msgs/controller_manager_msgs/msg/detail/chain_connection__traits.hpp
[10.960s] -- Up-to-date: /home/mcr2/ros2_ws/src/install/controller_manager_msgs/include/controller_manager_msgs/controller_manager_msgs/msg/detail/controller_state__builder.hpp
[10.961s] -- Up-to-date: /home/mcr2/ros2_ws/src/install/controller_manager_msgs/include/controller_manager_msgs/controller_manager_msgs/msg/detail/hardware_interface__builder.hpp
[10.962s] -- Up-to-date: /home/mcr2/ros2_ws/src/install/controller_manager_msgs/include/controller_manager_msgs/controller_manager_msgs/msg/detail/chain_connection__struct.hpp
[10.962s] -- Up-to-date: /home/mcr2/ros2_ws/src/install/controller_manager_msgs/include/controller_manager_msgs/controller_manager_msgs/msg/detail/hardware_interface__traits.hpp
[10.970s] -- Up-to-date: /home/mcr2/ros2_ws/src/install/controller_manager_msgs/include/controller_manager_msgs/controller_manager_msgs/msg/detail/hardware_component_state__builder.hpp
[10.970s] -- Up-to-date: /home/mcr2/ros2_ws/src/install/controller_manager_msgs/include/controller_manager_msgs/controller_manager_msgs/msg/detail/controller_state__struct.hpp
[10.970s] -- Up-to-date: /home/mcr2/ros2_ws/src/install/controller_manager_msgs/include/controller_manager_msgs/controller_manager_msgs/msg/detail/hardware_component_state__traits.hpp
[10.971s] -- Up-to-date: /home/mcr2/ros2_ws/src/install/controller_manager_msgs/include/controller_manager_msgs/controller_manager_msgs/msg/hardware_component_state.hpp
[10.971s] -- Up-to-date: /home/mcr2/ros2_ws/src/install/controller_manager_msgs/include/controller_manager_msgs/controller_manager_msgs/msg/chain_connection.hpp
[10.971s] -- Up-to-date: /home/mcr2/ros2_ws/src/install/controller_manager_msgs/include/controller_manager_msgs/controller_manager_msgs
[10.971s] -- Up-to-date: /home/mcr2/ros2_ws/src/install/controller_manager_msgs/include/controller_manager_msgs/controller_manager_msgs/srv
[10.971s] -- Up-to-date: /home/mcr2/ros2_ws/src/install/controller_manager_msgs/include/controller_manager_msgs/controller_manager_msgs/srv/detail
[10.972s] -- Up-to-date: /home/mcr2/ros2_ws/src/install/controller_manager_msgs/include/controller_manager_msgs/controller_manager_msgs/srv/detail/unload_controller__rosidl_typesupport_fastrtps_cpp.hpp
[10.972s] -- Up-to-date: /home/mcr2/ros2_ws/src/install/controller_manager_msgs/include/controller_manager_msgs/controller_manager_msgs/srv/detail/set_hardware_component_state__rosidl_typesupport_fastrtps_cpp.hpp
[10.972s] -- Up-to-date: /home/mcr2/ros2_ws/src/install/controller_manager_msgs/include/controller_manager_msgs/controller_manager_msgs/srv/detail/reload_controller_libraries__rosidl_typesupport_fastrtps_cpp.hpp
[10.972s] -- Up-to-date: /home/mcr2/ros2_ws/src/install/controller_manager_msgs/include/controller_manager_msgs/controller_manager_msgs/srv/detail/list_hardware_components__rosidl_typesupport_fastrtps_cpp.hpp
[10.973s] -- Up-to-date: /home/mcr2/ros2_ws/src/install/controller_manager_msgs/include/controller_manager_msgs/controller_manager_msgs/srv/detail/dds_fastrtps
[10.973s] -- Up-to-date: /home/mcr2/ros2_ws/src/install/controller_manager_msgs/include/controller_manager_msgs/controller_manager_msgs/srv/detail/list_controllers__rosidl_typesupport_fastrtps_cpp.hpp
[10.974s] -- Up-to-date: /home/mcr2/ros2_ws/src/install/controller_manager_msgs/include/controller_manager_msgs/controller_manager_msgs/srv/detail/load_controller__rosidl_typesupport_fastrtps_cpp.hpp
[10.975s] -- Up-to-date: /home/mcr2/ros2_ws/src/install/controller_manager_msgs/include/controller_manager_msgs/controller_manager_msgs/srv/detail/switch_controller__rosidl_typesupport_fastrtps_cpp.hpp
[10.976s] -- Up-to-date: /home/mcr2/ros2_ws/src/install/controller_manager_msgs/include/controller_manager_msgs/controller_manager_msgs/srv/detail/list_controller_types__rosidl_typesupport_fastrtps_cpp.hpp
[10.976s] -- Up-to-date: /home/mcr2/ros2_ws/src/install/controller_manager_msgs/include/controller_manager_msgs/controller_manager_msgs/srv/detail/configure_controller__rosidl_typesupport_fastrtps_cpp.hpp
[10.976s] -- Up-to-date: /home/mcr2/ros2_ws/src/install/controller_manager_msgs/include/controller_manager_msgs/controller_manager_msgs/srv/detail/list_hardware_interfaces__rosidl_typesupport_fastrtps_cpp.hpp
[10.977s] -- Up-to-date: /home/mcr2/ros2_ws/src/install/controller_manager_msgs/include/controller_manager_msgs/controller_manager_msgs/msg
[10.977s] -- Up-to-date: /home/mcr2/ros2_ws/src/install/controller_manager_msgs/include/controller_manager_msgs/controller_manager_msgs/msg/rosidl_typesupport_fastrtps_cpp__visibility_control.h
[10.977s] -- Up-to-date: /home/mcr2/ros2_ws/src/install/controller_manager_msgs/include/controller_manager_msgs/controller_manager_msgs/msg/detail
[10.979s] -- Up-to-date: /home/mcr2/ros2_ws/src/install/controller_manager_msgs/include/controller_manager_msgs/controller_manager_msgs/msg/detail/chain_connection__rosidl_typesupport_fastrtps_cpp.hpp
[10.979s] -- Up-to-date: /home/mcr2/ros2_ws/src/install/controller_manager_msgs/include/controller_manager_msgs/controller_manager_msgs/msg/detail/controller_state__rosidl_typesupport_fastrtps_cpp.hpp
[10.980s] -- Up-to-date: /home/mcr2/ros2_ws/src/install/controller_manager_msgs/include/controller_manager_msgs/controller_manager_msgs/msg/detail/hardware_component_state__rosidl_typesupport_fastrtps_cpp.hpp
[10.980s] -- Up-to-date: /home/mcr2/ros2_ws/src/install/controller_manager_msgs/include/controller_manager_msgs/controller_manager_msgs/msg/detail/dds_fastrtps
[10.980s] -- Up-to-date: /home/mcr2/ros2_ws/src/install/controller_manager_msgs/include/controller_manager_msgs/controller_manager_msgs/msg/detail/hardware_interface__rosidl_typesupport_fastrtps_cpp.hpp
[10.980s] -- Up-to-date: /home/mcr2/ros2_ws/src/install/controller_manager_msgs/lib/libcontroller_manager_msgs__rosidl_typesupport_fastrtps_cpp.so
[10.980s] -- Up-to-date: /home/mcr2/ros2_ws/src/install/controller_manager_msgs/include/controller_manager_msgs/controller_manager_msgs
[10.981s] -- Up-to-date: /home/mcr2/ros2_ws/src/install/controller_manager_msgs/include/controller_manager_msgs/controller_manager_msgs/srv
[10.981s] -- Up-to-date: /home/mcr2/ros2_ws/src/install/controller_manager_msgs/include/controller_manager_msgs/controller_manager_msgs/srv/detail
[10.981s] -- Up-to-date: /home/mcr2/ros2_ws/src/install/controller_manager_msgs/include/controller_manager_msgs/controller_manager_msgs/srv/detail/unload_controller__type_support.c
[10.981s] -- Up-to-date: /home/mcr2/ros2_ws/src/install/controller_manager_msgs/include/controller_manager_msgs/controller_manager_msgs/srv/detail/list_controllers__rosidl_typesupport_introspection_c.h
[10.982s] -- Up-to-date: /home/mcr2/ros2_ws/src/install/controller_manager_msgs/include/controller_manager_msgs/controller_manager_msgs/srv/detail/switch_controller__type_support.c
[10.982s] -- Up-to-date: /home/mcr2/ros2_ws/src/install/controller_manager_msgs/include/controller_manager_msgs/controller_manager_msgs/srv/detail/list_controller_types__rosidl_typesupport_introspection_c.h
[10.982s] -- Up-to-date: /home/mcr2/ros2_ws/src/install/controller_manager_msgs/include/controller_manager_msgs/controller_manager_msgs/srv/detail/list_controllers__type_support.c
[10.982s] -- Up-to-date: /home/mcr2/ros2_ws/src/install/controller_manager_msgs/include/controller_manager_msgs/controller_manager_msgs/srv/detail/load_controller__rosidl_typesupport_introspection_c.h
[10.982s] -- Up-to-date: /home/mcr2/ros2_ws/src/install/controller_manager_msgs/include/controller_manager_msgs/controller_manager_msgs/srv/detail/switch_controller__rosidl_typesupport_introspection_c.h
[10.983s] -- Up-to-date: /home/mcr2/ros2_ws/src/install/controller_manager_msgs/include/controller_manager_msgs/controller_manager_msgs/srv/detail/set_hardware_component_state__rosidl_typesupport_introspection_c.h
[10.983s] -- Up-to-date: /home/mcr2/ros2_ws/src/install/controller_manager_msgs/include/controller_manager_msgs/controller_manager_msgs/srv/detail/list_hardware_components__rosidl_typesupport_introspection_c.h
[10.983s] -- Up-to-date: /home/mcr2/ros2_ws/src/install/controller_manager_msgs/include/controller_manager_msgs/controller_manager_msgs/srv/detail/load_controller__type_support.c
[10.983s] -- Up-to-date: /home/mcr2/ros2_ws/src/install/controller_manager_msgs/include/controller_manager_msgs/controller_manager_msgs/srv/detail/list_controller_types__type_support.c
[10.983s] -- Up-to-date: /home/mcr2/ros2_ws/src/install/controller_manager_msgs/include/controller_manager_msgs/controller_manager_msgs/srv/detail/set_hardware_component_state__type_support.c
[10.984s] -- Up-to-date: /home/mcr2/ros2_ws/src/install/controller_manager_msgs/include/controller_manager_msgs/controller_manager_msgs/srv/detail/list_hardware_interfaces__rosidl_typesupport_introspection_c.h
[10.985s] -- Up-to-date: /home/mcr2/ros2_ws/src/install/controller_manager_msgs/include/controller_manager_msgs/controller_manager_msgs/srv/detail/configure_controller__rosidl_typesupport_introspection_c.h
[10.986s] -- Up-to-date: /home/mcr2/ros2_ws/src/install/controller_manager_msgs/include/controller_manager_msgs/controller_manager_msgs/srv/detail/unload_controller__rosidl_typesupport_introspection_c.h
[10.986s] -- Up-to-date: /home/mcr2/ros2_ws/src/install/controller_manager_msgs/include/controller_manager_msgs/controller_manager_msgs/srv/detail/list_hardware_components__type_support.c
[10.986s] -- Up-to-date: /home/mcr2/ros2_ws/src/install/controller_manager_msgs/include/controller_manager_msgs/controller_manager_msgs/srv/detail/reload_controller_libraries__rosidl_typesupport_introspection_c.h
[10.986s] -- Up-to-date: /home/mcr2/ros2_ws/src/install/controller_manager_msgs/include/controller_manager_msgs/controller_manager_msgs/srv/detail/configure_controller__type_support.c
[10.987s] -- Up-to-date: /home/mcr2/ros2_ws/src/install/controller_manager_msgs/include/controller_manager_msgs/controller_manager_msgs/srv/detail/list_hardware_interfaces__type_support.c
[10.987s] -- Up-to-date: /home/mcr2/ros2_ws/src/install/controller_manager_msgs/include/controller_manager_msgs/controller_manager_msgs/srv/detail/reload_controller_libraries__type_support.c
[10.987s] -- Up-to-date: /home/mcr2/ros2_ws/src/install/controller_manager_msgs/include/controller_manager_msgs/controller_manager_msgs/msg
[10.987s] -- Up-to-date: /home/mcr2/ros2_ws/src/install/controller_manager_msgs/include/controller_manager_msgs/controller_manager_msgs/msg/rosidl_typesupport_introspection_c__visibility_control.h
[10.988s] -- Up-to-date: /home/mcr2/ros2_ws/src/install/controller_manager_msgs/include/controller_manager_msgs/controller_manager_msgs/msg/detail
[10.988s] -- Up-to-date: /home/mcr2/ros2_ws/src/install/controller_manager_msgs/include/controller_manager_msgs/controller_manager_msgs/msg/detail/controller_state__type_support.c
[10.988s] -- Up-to-date: /home/mcr2/ros2_ws/src/install/controller_manager_msgs/include/controller_manager_msgs/controller_manager_msgs/msg/detail/chain_connection__type_support.c
[11.003s] -- Up-to-date: /home/mcr2/ros2_ws/src/install/controller_manager_msgs/include/controller_manager_msgs/controller_manager_msgs/msg/detail/hardware_component_state__type_support.c
[11.004s] -- Up-to-date: /home/mcr2/ros2_ws/src/install/controller_manager_msgs/include/controller_manager_msgs/controller_manager_msgs/msg/detail/chain_connection__rosidl_typesupport_introspection_c.h
[11.004s] -- Up-to-date: /home/mcr2/ros2_ws/src/install/controller_manager_msgs/include/controller_manager_msgs/controller_manager_msgs/msg/detail/hardware_interface__type_support.c
[11.005s] -- Up-to-date: /home/mcr2/ros2_ws/src/install/controller_manager_msgs/include/controller_manager_msgs/controller_manager_msgs/msg/detail/hardware_component_state__rosidl_typesupport_introspection_c.h
[11.005s] -- Up-to-date: /home/mcr2/ros2_ws/src/install/controller_manager_msgs/include/controller_manager_msgs/controller_manager_msgs/msg/detail/controller_state__rosidl_typesupport_introspection_c.h
[11.061s] -- Up-to-date: /home/mcr2/ros2_ws/src/install/controller_manager_msgs/include/controller_manager_msgs/controller_manager_msgs/msg/detail/hardware_interface__rosidl_typesupport_introspection_c.h
[11.062s] -- Up-to-date: /home/mcr2/ros2_ws/src/install/controller_manager_msgs/lib/libcontroller_manager_msgs__rosidl_typesupport_introspection_c.so
[11.062s] -- Up-to-date: /home/mcr2/ros2_ws/src/install/controller_manager_msgs/lib/libcontroller_manager_msgs__rosidl_typesupport_c.so
[11.063s] -- Up-to-date: /home/mcr2/ros2_ws/src/install/controller_manager_msgs/include/controller_manager_msgs/controller_manager_msgs
[11.063s] -- Up-to-date: /home/mcr2/ros2_ws/src/install/controller_manager_msgs/include/controller_manager_msgs/controller_manager_msgs/srv
[11.063s] -- Up-to-date: /home/mcr2/ros2_ws/src/install/controller_manager_msgs/include/controller_manager_msgs/controller_manager_msgs/srv/detail
[11.063s] -- Up-to-date: /home/mcr2/ros2_ws/src/install/controller_manager_msgs/include/controller_manager_msgs/controller_manager_msgs/srv/detail/configure_controller__rosidl_typesupport_introspection_cpp.hpp
[11.063s] -- Up-to-date: /home/mcr2/ros2_ws/src/install/controller_manager_msgs/include/controller_manager_msgs/controller_manager_msgs/srv/detail/list_hardware_interfaces__rosidl_typesupport_introspection_cpp.hpp
[11.064s] -- Up-to-date: /home/mcr2/ros2_ws/src/install/controller_manager_msgs/include/controller_manager_msgs/controller_manager_msgs/srv/detail/list_controller_types__rosidl_typesupport_introspection_cpp.hpp
[11.064s] -- Up-to-date: /home/mcr2/ros2_ws/src/install/controller_manager_msgs/include/controller_manager_msgs/controller_manager_msgs/srv/detail/list_hardware_components__type_support.cpp
[11.064s] -- Up-to-date: /home/mcr2/ros2_ws/src/install/controller_manager_msgs/include/controller_manager_msgs/controller_manager_msgs/srv/detail/unload_controller__type_support.cpp
[11.064s] -- Up-to-date: /home/mcr2/ros2_ws/src/install/controller_manager_msgs/include/controller_manager_msgs/controller_manager_msgs/srv/detail/list_hardware_interfaces__type_support.cpp
[11.064s] -- Up-to-date: /home/mcr2/ros2_ws/src/install/controller_manager_msgs/include/controller_manager_msgs/controller_manager_msgs/srv/detail/list_hardware_components__rosidl_typesupport_introspection_cpp.hpp
[11.065s] -- Up-to-date: /home/mcr2/ros2_ws/src/install/controller_manager_msgs/include/controller_manager_msgs/controller_manager_msgs/srv/detail/reload_controller_libraries__rosidl_typesupport_introspection_cpp.hpp
[11.065s] -- Up-to-date: /home/mcr2/ros2_ws/src/install/controller_manager_msgs/include/controller_manager_msgs/controller_manager_msgs/srv/detail/list_controllers__rosidl_typesupport_introspection_cpp.hpp
[11.065s] -- Up-to-date: /home/mcr2/ros2_ws/src/install/controller_manager_msgs/include/controller_manager_msgs/controller_manager_msgs/srv/detail/list_controller_types__type_support.cpp
[11.065s] -- Up-to-date: /home/mcr2/ros2_ws/src/install/controller_manager_msgs/include/controller_manager_msgs/controller_manager_msgs/srv/detail/switch_controller__type_support.cpp
[11.066s] -- Up-to-date: /home/mcr2/ros2_ws/src/install/controller_manager_msgs/include/controller_manager_msgs/controller_manager_msgs/srv/detail/switch_controller__rosidl_typesupport_introspection_cpp.hpp
[11.066s] -- Up-to-date: /home/mcr2/ros2_ws/src/install/controller_manager_msgs/include/controller_manager_msgs/controller_manager_msgs/srv/detail/unload_controller__rosidl_typesupport_introspection_cpp.hpp
[11.066s] -- Up-to-date: /home/mcr2/ros2_ws/src/install/controller_manager_msgs/include/controller_manager_msgs/controller_manager_msgs/srv/detail/set_hardware_component_state__type_support.cpp
[11.066s] -- Up-to-date: /home/mcr2/ros2_ws/src/install/controller_manager_msgs/include/controller_manager_msgs/controller_manager_msgs/srv/detail/configure_controller__type_support.cpp
[11.067s] -- Up-to-date: /home/mcr2/ros2_ws/src/install/controller_manager_msgs/include/controller_manager_msgs/controller_manager_msgs/srv/detail/list_controllers__type_support.cpp
[11.067s] -- Up-to-date: /home/mcr2/ros2_ws/src/install/controller_manager_msgs/include/controller_manager_msgs/controller_manager_msgs/srv/detail/load_controller__type_support.cpp
[11.067s] -- Up-to-date: /home/mcr2/ros2_ws/src/install/controller_manager_msgs/include/controller_manager_msgs/controller_manager_msgs/srv/detail/load_controller__rosidl_typesupport_introspection_cpp.hpp
[11.068s] -- Up-to-date: /home/mcr2/ros2_ws/src/install/controller_manager_msgs/include/controller_manager_msgs/controller_manager_msgs/srv/detail/set_hardware_component_state__rosidl_typesupport_introspection_cpp.hpp
[11.068s] -- Up-to-date: /home/mcr2/ros2_ws/src/install/controller_manager_msgs/include/controller_manager_msgs/controller_manager_msgs/srv/detail/reload_controller_libraries__type_support.cpp
[11.068s] -- Up-to-date: /home/mcr2/ros2_ws/src/install/controller_manager_msgs/include/controller_manager_msgs/controller_manager_msgs/msg
[11.068s] -- Up-to-date: /home/mcr2/ros2_ws/src/install/controller_manager_msgs/include/controller_manager_msgs/controller_manager_msgs/msg/detail
[11.068s] -- Up-to-date: /home/mcr2/ros2_ws/src/install/controller_manager_msgs/include/controller_manager_msgs/controller_manager_msgs/msg/detail/chain_connection__rosidl_typesupport_introspection_cpp.hpp
[11.069s] -- Up-to-date: /home/mcr2/ros2_ws/src/install/controller_manager_msgs/include/controller_manager_msgs/controller_manager_msgs/msg/detail/controller_state__rosidl_typesupport_introspection_cpp.hpp
[11.069s] -- Up-to-date: /home/mcr2/ros2_ws/src/install/controller_manager_msgs/include/controller_manager_msgs/controller_manager_msgs/msg/detail/chain_connection__type_support.cpp
[11.069s] -- Up-to-date: /home/mcr2/ros2_ws/src/install/controller_manager_msgs/include/controller_manager_msgs/controller_manager_msgs/msg/detail/hardware_component_state__type_support.cpp
[11.069s] -- Up-to-date: /home/mcr2/ros2_ws/src/install/controller_manager_msgs/include/controller_manager_msgs/controller_manager_msgs/msg/detail/hardware_interface__rosidl_typesupport_introspection_cpp.hpp
[11.069s] -- Up-to-date: /home/mcr2/ros2_ws/src/install/controller_manager_msgs/include/controller_manager_msgs/controller_manager_msgs/msg/detail/hardware_interface__type_support.cpp
[11.069s] -- Up-to-date: /home/mcr2/ros2_ws/src/install/controller_manager_msgs/include/controller_manager_msgs/controller_manager_msgs/msg/detail/hardware_component_state__rosidl_typesupport_introspection_cpp.hpp
[11.070s] -- Up-to-date: /home/mcr2/ros2_ws/src/install/controller_manager_msgs/include/controller_manager_msgs/controller_manager_msgs/msg/detail/controller_state__type_support.cpp
[11.070s] -- Up-to-date: /home/mcr2/ros2_ws/src/install/controller_manager_msgs/lib/libcontroller_manager_msgs__rosidl_typesupport_introspection_cpp.so
[11.071s] -- Up-to-date: /home/mcr2/ros2_ws/src/install/controller_manager_msgs/lib/libcontroller_manager_msgs__rosidl_typesupport_cpp.so
[11.071s] -- Up-to-date: /home/mcr2/ros2_ws/src/install/controller_manager_msgs/share/controller_manager_msgs/environment/pythonpath.sh
[11.071s] -- Up-to-date: /home/mcr2/ros2_ws/src/install/controller_manager_msgs/share/controller_manager_msgs/environment/pythonpath.dsv
[11.071s] -- Up-to-date: /home/mcr2/ros2_ws/src/install/controller_manager_msgs/local/lib/python3.10/dist-packages/controller_manager_msgs-2.40.0-py3.10.egg-info
[11.071s] -- Installing: /home/mcr2/ros2_ws/src/install/controller_manager_msgs/local/lib/python3.10/dist-packages/controller_manager_msgs-2.40.0-py3.10.egg-info/PKG-INFO
[11.072s] -- Installing: /home/mcr2/ros2_ws/src/install/controller_manager_msgs/local/lib/python3.10/dist-packages/controller_manager_msgs-2.40.0-py3.10.egg-info/top_level.txt
[11.072s] -- Installing: /home/mcr2/ros2_ws/src/install/controller_manager_msgs/local/lib/python3.10/dist-packages/controller_manager_msgs-2.40.0-py3.10.egg-info/SOURCES.txt
[11.072s] -- Installing: /home/mcr2/ros2_ws/src/install/controller_manager_msgs/local/lib/python3.10/dist-packages/controller_manager_msgs-2.40.0-py3.10.egg-info/dependency_links.txt
[11.072s] -- Up-to-date: /home/mcr2/ros2_ws/src/install/controller_manager_msgs/local/lib/python3.10/dist-packages/controller_manager_msgs
[11.072s] -- Up-to-date: /home/mcr2/ros2_ws/src/install/controller_manager_msgs/local/lib/python3.10/dist-packages/controller_manager_msgs/_controller_manager_msgs_s.ep.rosidl_typesupport_introspection_c.c
[11.073s] -- Up-to-date: /home/mcr2/ros2_ws/src/install/controller_manager_msgs/local/lib/python3.10/dist-packages/controller_manager_msgs/srv
[11.073s] -- Up-to-date: /home/mcr2/ros2_ws/src/install/controller_manager_msgs/local/lib/python3.10/dist-packages/controller_manager_msgs/srv/_list_controllers_s.c
[11.073s] -- Up-to-date: /home/mcr2/ros2_ws/src/install/controller_manager_msgs/local/lib/python3.10/dist-packages/controller_manager_msgs/srv/_switch_controller_s.c
[11.073s] -- Up-to-date: /home/mcr2/ros2_ws/src/install/controller_manager_msgs/local/lib/python3.10/dist-packages/controller_manager_msgs/srv/_load_controller.py
[11.074s] -- Up-to-date: /home/mcr2/ros2_ws/src/install/controller_manager_msgs/local/lib/python3.10/dist-packages/controller_manager_msgs/srv/_set_hardware_component_state_s.c
[11.074s] -- Up-to-date: /home/mcr2/ros2_ws/src/install/controller_manager_msgs/local/lib/python3.10/dist-packages/controller_manager_msgs/srv/_switch_controller.py
[11.074s] -- Up-to-date: /home/mcr2/ros2_ws/src/install/controller_manager_msgs/local/lib/python3.10/dist-packages/controller_manager_msgs/srv/_list_hardware_components.py
[11.074s] -- Up-to-date: /home/mcr2/ros2_ws/src/install/controller_manager_msgs/local/lib/python3.10/dist-packages/controller_manager_msgs/srv/_unload_controller.py
[11.074s] -- Up-to-date: /home/mcr2/ros2_ws/src/install/controller_manager_msgs/local/lib/python3.10/dist-packages/controller_manager_msgs/srv/_reload_controller_libraries_s.c
[11.074s] -- Up-to-date: /home/mcr2/ros2_ws/src/install/controller_manager_msgs/local/lib/python3.10/dist-packages/controller_manager_msgs/srv/_configure_controller_s.c
[11.075s] -- Up-to-date: /home/mcr2/ros2_ws/src/install/controller_manager_msgs/local/lib/python3.10/dist-packages/controller_manager_msgs/srv/_unload_controller_s.c
[11.075s] -- Up-to-date: /home/mcr2/ros2_ws/src/install/controller_manager_msgs/local/lib/python3.10/dist-packages/controller_manager_msgs/srv/_list_hardware_interfaces_s.c
[11.075s] -- Up-to-date: /home/mcr2/ros2_ws/src/install/controller_manager_msgs/local/lib/python3.10/dist-packages/controller_manager_msgs/srv/_set_hardware_component_state.py
[11.075s] -- Up-to-date: /home/mcr2/ros2_ws/src/install/controller_manager_msgs/local/lib/python3.10/dist-packages/controller_manager_msgs/srv/_list_controller_types.py
[11.075s] -- Up-to-date: /home/mcr2/ros2_ws/src/install/controller_manager_msgs/local/lib/python3.10/dist-packages/controller_manager_msgs/srv/_list_hardware_interfaces.py
[11.076s] -- Up-to-date: /home/mcr2/ros2_ws/src/install/controller_manager_msgs/local/lib/python3.10/dist-packages/controller_manager_msgs/srv/_configure_controller.py
[11.076s] -- Up-to-date: /home/mcr2/ros2_ws/src/install/controller_manager_msgs/local/lib/python3.10/dist-packages/controller_manager_msgs/srv/_list_controllers.py
[11.076s] -- Up-to-date: /home/mcr2/ros2_ws/src/install/controller_manager_msgs/local/lib/python3.10/dist-packages/controller_manager_msgs/srv/_load_controller_s.c
[11.076s] -- Up-to-date: /home/mcr2/ros2_ws/src/install/controller_manager_msgs/local/lib/python3.10/dist-packages/controller_manager_msgs/srv/_reload_controller_libraries.py
[11.078s] -- Up-to-date: /home/mcr2/ros2_ws/src/install/controller_manager_msgs/local/lib/python3.10/dist-packages/controller_manager_msgs/srv/_list_hardware_components_s.c
[11.078s] -- Up-to-date: /home/mcr2/ros2_ws/src/install/controller_manager_msgs/local/lib/python3.10/dist-packages/controller_manager_msgs/srv/_list_controller_types_s.c
[11.078s] -- Up-to-date: /home/mcr2/ros2_ws/src/install/controller_manager_msgs/local/lib/python3.10/dist-packages/controller_manager_msgs/srv/__init__.py
[11.079s] -- Up-to-date: /home/mcr2/ros2_ws/src/install/controller_manager_msgs/local/lib/python3.10/dist-packages/controller_manager_msgs/libcontroller_manager_msgs__rosidl_generator_py.so
[11.079s] -- Up-to-date: /home/mcr2/ros2_ws/src/install/controller_manager_msgs/local/lib/python3.10/dist-packages/controller_manager_msgs/controller_manager_msgs_s__rosidl_typesupport_c.cpython-310-x86_64-linux-gnu.so
[11.079s] -- Up-to-date: /home/mcr2/ros2_ws/src/install/controller_manager_msgs/local/lib/python3.10/dist-packages/controller_manager_msgs/controller_manager_msgs_s__rosidl_typesupport_fastrtps_c.cpython-310-x86_64-linux-gnu.so
[11.079s] -- Up-to-date: /home/mcr2/ros2_ws/src/install/controller_manager_msgs/local/lib/python3.10/dist-packages/controller_manager_msgs/controller_manager_msgs_s__rosidl_typesupport_introspection_c.cpython-310-x86_64-linux-gnu.so
[11.080s] -- Up-to-date: /home/mcr2/ros2_ws/src/install/controller_manager_msgs/local/lib/python3.10/dist-packages/controller_manager_msgs/_controller_manager_msgs_s.ep.rosidl_typesupport_c.c
[11.080s] -- Up-to-date: /home/mcr2/ros2_ws/src/install/controller_manager_msgs/local/lib/python3.10/dist-packages/controller_manager_msgs/msg
[11.080s] -- Up-to-date: /home/mcr2/ros2_ws/src/install/controller_manager_msgs/local/lib/python3.10/dist-packages/controller_manager_msgs/msg/_controller_state.py
[11.081s] -- Up-to-date: /home/mcr2/ros2_ws/src/install/controller_manager_msgs/local/lib/python3.10/dist-packages/controller_manager_msgs/msg/_hardware_component_state.py
[11.081s] -- Up-to-date: /home/mcr2/ros2_ws/src/install/controller_manager_msgs/local/lib/python3.10/dist-packages/controller_manager_msgs/msg/_chain_connection_s.c
[11.081s] -- Up-to-date: /home/mcr2/ros2_ws/src/install/controller_manager_msgs/local/lib/python3.10/dist-packages/controller_manager_msgs/msg/_controller_state_s.c
[11.081s] -- Up-to-date: /home/mcr2/ros2_ws/src/install/controller_manager_msgs/local/lib/python3.10/dist-packages/controller_manager_msgs/msg/_hardware_component_state_s.c
[11.082s] -- Up-to-date: /home/mcr2/ros2_ws/src/install/controller_manager_msgs/local/lib/python3.10/dist-packages/controller_manager_msgs/msg/_chain_connection.py
[11.083s] -- Up-to-date: /home/mcr2/ros2_ws/src/install/controller_manager_msgs/local/lib/python3.10/dist-packages/controller_manager_msgs/msg/__init__.py
[11.084s] -- Up-to-date: /home/mcr2/ros2_ws/src/install/controller_manager_msgs/local/lib/python3.10/dist-packages/controller_manager_msgs/msg/_hardware_interface.py
[11.084s] -- Up-to-date: /home/mcr2/ros2_ws/src/install/controller_manager_msgs/local/lib/python3.10/dist-packages/controller_manager_msgs/msg/_hardware_interface_s.c
[11.086s] -- Up-to-date: /home/mcr2/ros2_ws/src/install/controller_manager_msgs/local/lib/python3.10/dist-packages/controller_manager_msgs/_controller_manager_msgs_s.ep.rosidl_typesupport_fastrtps_c.c
[11.087s] -- Up-to-date: /home/mcr2/ros2_ws/src/install/controller_manager_msgs/local/lib/python3.10/dist-packages/controller_manager_msgs/__init__.py
[11.249s] Listing '/home/mcr2/ros2_ws/src/install/controller_manager_msgs/local/lib/python3.10/dist-packages/controller_manager_msgs'...
[11.250s] Listing '/home/mcr2/ros2_ws/src/install/controller_manager_msgs/local/lib/python3.10/dist-packages/controller_manager_msgs/msg'...
[11.250s] Listing '/home/mcr2/ros2_ws/src/install/controller_manager_msgs/local/lib/python3.10/dist-packages/controller_manager_msgs/srv'...
[11.272s] -- Up-to-date: /home/mcr2/ros2_ws/src/install/controller_manager_msgs/local/lib/python3.10/dist-packages/controller_manager_msgs/controller_manager_msgs_s__rosidl_typesupport_fastrtps_c.cpython-310-x86_64-linux-gnu.so
[11.273s] -- Up-to-date: /home/mcr2/ros2_ws/src/install/controller_manager_msgs/local/lib/python3.10/dist-packages/controller_manager_msgs/controller_manager_msgs_s__rosidl_typesupport_introspection_c.cpython-310-x86_64-linux-gnu.so
[11.273s] -- Up-to-date: /home/mcr2/ros2_ws/src/install/controller_manager_msgs/local/lib/python3.10/dist-packages/controller_manager_msgs/controller_manager_msgs_s__rosidl_typesupport_c.cpython-310-x86_64-linux-gnu.so
[11.273s] -- Up-to-date: /home/mcr2/ros2_ws/src/install/controller_manager_msgs/lib/libcontroller_manager_msgs__rosidl_generator_py.so
[11.273s] -- Up-to-date: /home/mcr2/ros2_ws/src/install/controller_manager_msgs/share/controller_manager_msgs/msg/ControllerState.idl
[11.273s] -- Up-to-date: /home/mcr2/ros2_ws/src/install/controller_manager_msgs/share/controller_manager_msgs/msg/ChainConnection.idl
[11.274s] -- Up-to-date: /home/mcr2/ros2_ws/src/install/controller_manager_msgs/share/controller_manager_msgs/msg/HardwareComponentState.idl
[11.274s] -- Up-to-date: /home/mcr2/ros2_ws/src/install/controller_manager_msgs/share/controller_manager_msgs/msg/HardwareInterface.idl
[11.274s] -- Up-to-date: /home/mcr2/ros2_ws/src/install/controller_manager_msgs/share/controller_manager_msgs/srv/ConfigureController.idl
[11.274s] -- Up-to-date: /home/mcr2/ros2_ws/src/install/controller_manager_msgs/share/controller_manager_msgs/srv/ListControllers.idl
[11.274s] -- Up-to-date: /home/mcr2/ros2_ws/src/install/controller_manager_msgs/share/controller_manager_msgs/srv/ListControllerTypes.idl
[11.274s] -- Up-to-date: /home/mcr2/ros2_ws/src/install/controller_manager_msgs/share/controller_manager_msgs/srv/ListHardwareComponents.idl
[11.274s] -- Up-to-date: /home/mcr2/ros2_ws/src/install/controller_manager_msgs/share/controller_manager_msgs/srv/ListHardwareInterfaces.idl
[11.274s] -- Up-to-date: /home/mcr2/ros2_ws/src/install/controller_manager_msgs/share/controller_manager_msgs/srv/LoadController.idl
[11.274s] -- Up-to-date: /home/mcr2/ros2_ws/src/install/controller_manager_msgs/share/controller_manager_msgs/srv/ReloadControllerLibraries.idl
[11.275s] -- Up-to-date: /home/mcr2/ros2_ws/src/install/controller_manager_msgs/share/controller_manager_msgs/srv/SetHardwareComponentState.idl
[11.275s] -- Up-to-date: /home/mcr2/ros2_ws/src/install/controller_manager_msgs/share/controller_manager_msgs/srv/SwitchController.idl
[11.275s] -- Up-to-date: /home/mcr2/ros2_ws/src/install/controller_manager_msgs/share/controller_manager_msgs/srv/UnloadController.idl
[11.275s] -- Up-to-date: /home/mcr2/ros2_ws/src/install/controller_manager_msgs/share/controller_manager_msgs/msg/ControllerState.msg
[11.275s] -- Up-to-date: /home/mcr2/ros2_ws/src/install/controller_manager_msgs/share/controller_manager_msgs/msg/ChainConnection.msg
[11.275s] -- Up-to-date: /home/mcr2/ros2_ws/src/install/controller_manager_msgs/share/controller_manager_msgs/msg/HardwareComponentState.msg
[11.275s] -- Up-to-date: /home/mcr2/ros2_ws/src/install/controller_manager_msgs/share/controller_manager_msgs/msg/HardwareInterface.msg
[11.275s] -- Up-to-date: /home/mcr2/ros2_ws/src/install/controller_manager_msgs/share/controller_manager_msgs/srv/ConfigureController.srv
[11.275s] -- Up-to-date: /home/mcr2/ros2_ws/src/install/controller_manager_msgs/share/controller_manager_msgs/srv/ConfigureController_Request.msg
[11.275s] -- Up-to-date: /home/mcr2/ros2_ws/src/install/controller_manager_msgs/share/controller_manager_msgs/srv/ConfigureController_Response.msg
[11.276s] -- Up-to-date: /home/mcr2/ros2_ws/src/install/controller_manager_msgs/share/controller_manager_msgs/srv/ListControllers.srv
[11.276s] -- Up-to-date: /home/mcr2/ros2_ws/src/install/controller_manager_msgs/share/controller_manager_msgs/srv/ListControllers_Request.msg
[11.276s] -- Up-to-date: /home/mcr2/ros2_ws/src/install/controller_manager_msgs/share/controller_manager_msgs/srv/ListControllers_Response.msg
[11.276s] -- Up-to-date: /home/mcr2/ros2_ws/src/install/controller_manager_msgs/share/controller_manager_msgs/srv/ListControllerTypes.srv
[11.276s] -- Up-to-date: /home/mcr2/ros2_ws/src/install/controller_manager_msgs/share/controller_manager_msgs/srv/ListControllerTypes_Request.msg
[11.276s] -- Up-to-date: /home/mcr2/ros2_ws/src/install/controller_manager_msgs/share/controller_manager_msgs/srv/ListControllerTypes_Response.msg
[11.277s] -- Up-to-date: /home/mcr2/ros2_ws/src/install/controller_manager_msgs/share/controller_manager_msgs/srv/ListHardwareComponents.srv
[11.277s] -- Up-to-date: /home/mcr2/ros2_ws/src/install/controller_manager_msgs/share/controller_manager_msgs/srv/ListHardwareComponents_Request.msg
[11.278s] -- Up-to-date: /home/mcr2/ros2_ws/src/install/controller_manager_msgs/share/controller_manager_msgs/srv/ListHardwareComponents_Response.msg
[11.278s] -- Up-to-date: /home/mcr2/ros2_ws/src/install/controller_manager_msgs/share/controller_manager_msgs/srv/ListHardwareInterfaces.srv
[11.280s] -- Up-to-date: /home/mcr2/ros2_ws/src/install/controller_manager_msgs/share/controller_manager_msgs/srv/ListHardwareInterfaces_Request.msg
[11.281s] -- Up-to-date: /home/mcr2/ros2_ws/src/install/controller_manager_msgs/share/controller_manager_msgs/srv/ListHardwareInterfaces_Response.msg
[11.281s] -- Up-to-date: /home/mcr2/ros2_ws/src/install/controller_manager_msgs/share/controller_manager_msgs/srv/LoadController.srv
[11.282s] -- Up-to-date: /home/mcr2/ros2_ws/src/install/controller_manager_msgs/share/controller_manager_msgs/srv/LoadController_Request.msg
[11.282s] -- Up-to-date: /home/mcr2/ros2_ws/src/install/controller_manager_msgs/share/controller_manager_msgs/srv/LoadController_Response.msg
[11.282s] -- Up-to-date: /home/mcr2/ros2_ws/src/install/controller_manager_msgs/share/controller_manager_msgs/srv/ReloadControllerLibraries.srv
[11.283s] -- Up-to-date: /home/mcr2/ros2_ws/src/install/controller_manager_msgs/share/controller_manager_msgs/srv/ReloadControllerLibraries_Request.msg
[11.283s] -- Up-to-date: /home/mcr2/ros2_ws/src/install/controller_manager_msgs/share/controller_manager_msgs/srv/ReloadControllerLibraries_Response.msg
[11.283s] -- Up-to-date: /home/mcr2/ros2_ws/src/install/controller_manager_msgs/share/controller_manager_msgs/srv/SetHardwareComponentState.srv
[11.284s] -- Up-to-date: /home/mcr2/ros2_ws/src/install/controller_manager_msgs/share/controller_manager_msgs/srv/SetHardwareComponentState_Request.msg
[11.284s] -- Up-to-date: /home/mcr2/ros2_ws/src/install/controller_manager_msgs/share/controller_manager_msgs/srv/SetHardwareComponentState_Response.msg
[11.284s] -- Up-to-date: /home/mcr2/ros2_ws/src/install/controller_manager_msgs/share/controller_manager_msgs/srv/SwitchController.srv
[11.285s] -- Up-to-date: /home/mcr2/ros2_ws/src/install/controller_manager_msgs/share/controller_manager_msgs/srv/SwitchController_Request.msg
[11.285s] -- Up-to-date: /home/mcr2/ros2_ws/src/install/controller_manager_msgs/share/controller_manager_msgs/srv/SwitchController_Response.msg
[11.285s] -- Up-to-date: /home/mcr2/ros2_ws/src/install/controller_manager_msgs/share/controller_manager_msgs/srv/UnloadController.srv
[11.285s] -- Up-to-date: /home/mcr2/ros2_ws/src/install/controller_manager_msgs/share/controller_manager_msgs/srv/UnloadController_Request.msg
[11.286s] -- Up-to-date: /home/mcr2/ros2_ws/src/install/controller_manager_msgs/share/controller_manager_msgs/srv/UnloadController_Response.msg
[11.286s] -- Up-to-date: /home/mcr2/ros2_ws/src/install/controller_manager_msgs/share/ament_index/resource_index/package_run_dependencies/controller_manager_msgs
[11.286s] -- Up-to-date: /home/mcr2/ros2_ws/src/install/controller_manager_msgs/share/ament_index/resource_index/parent_prefix_path/controller_manager_msgs
[11.287s] -- Up-to-date: /home/mcr2/ros2_ws/src/install/controller_manager_msgs/share/controller_manager_msgs/environment/ament_prefix_path.sh
[11.292s] -- Up-to-date: /home/mcr2/ros2_ws/src/install/controller_manager_msgs/share/controller_manager_msgs/environment/ament_prefix_path.dsv
[11.293s] -- Up-to-date: /home/mcr2/ros2_ws/src/install/controller_manager_msgs/share/controller_manager_msgs/environment/path.sh
[11.293s] -- Up-to-date: /home/mcr2/ros2_ws/src/install/controller_manager_msgs/share/controller_manager_msgs/environment/path.dsv
[11.293s] -- Up-to-date: /home/mcr2/ros2_ws/src/install/controller_manager_msgs/share/controller_manager_msgs/local_setup.bash
[11.293s] -- Up-to-date: /home/mcr2/ros2_ws/src/install/controller_manager_msgs/share/controller_manager_msgs/local_setup.sh
[11.293s] -- Up-to-date: /home/mcr2/ros2_ws/src/install/controller_manager_msgs/share/controller_manager_msgs/local_setup.zsh
[11.294s] -- Up-to-date: /home/mcr2/ros2_ws/src/install/controller_manager_msgs/share/controller_manager_msgs/local_setup.dsv
[11.294s] -- Installing: /home/mcr2/ros2_ws/src/install/controller_manager_msgs/share/controller_manager_msgs/package.dsv
[11.294s] -- Up-to-date: /home/mcr2/ros2_ws/src/install/controller_manager_msgs/share/ament_index/resource_index/packages/controller_manager_msgs
[11.294s] -- Up-to-date: /home/mcr2/ros2_ws/src/install/controller_manager_msgs/share/controller_manager_msgs/cmake/export_controller_manager_msgs__rosidl_generator_cExport.cmake
[11.294s] -- Up-to-date: /home/mcr2/ros2_ws/src/install/controller_manager_msgs/share/controller_manager_msgs/cmake/export_controller_manager_msgs__rosidl_generator_cExport-noconfig.cmake
[11.295s] -- Up-to-date: /home/mcr2/ros2_ws/src/install/controller_manager_msgs/share/controller_manager_msgs/cmake/export_controller_manager_msgs__rosidl_typesupport_fastrtps_cExport.cmake
[11.299s] -- Up-to-date: /home/mcr2/ros2_ws/src/install/controller_manager_msgs/share/controller_manager_msgs/cmake/export_controller_manager_msgs__rosidl_typesupport_fastrtps_cExport-noconfig.cmake
[11.299s] -- Up-to-date: /home/mcr2/ros2_ws/src/install/controller_manager_msgs/share/controller_manager_msgs/cmake/export_controller_manager_msgs__rosidl_generator_cppExport.cmake
[11.318s] -- Up-to-date: /home/mcr2/ros2_ws/src/install/controller_manager_msgs/share/controller_manager_msgs/cmake/export_controller_manager_msgs__rosidl_typesupport_fastrtps_cppExport.cmake
[11.318s] -- Up-to-date: /home/mcr2/ros2_ws/src/install/controller_manager_msgs/share/controller_manager_msgs/cmake/export_controller_manager_msgs__rosidl_typesupport_fastrtps_cppExport-noconfig.cmake
[11.339s] -- Up-to-date: /home/mcr2/ros2_ws/src/install/controller_manager_msgs/share/controller_manager_msgs/cmake/controller_manager_msgs__rosidl_typesupport_introspection_cExport.cmake
[11.339s] -- Up-to-date: /home/mcr2/ros2_ws/src/install/controller_manager_msgs/share/controller_manager_msgs/cmake/controller_manager_msgs__rosidl_typesupport_introspection_cExport-noconfig.cmake
[11.340s] -- Up-to-date: /home/mcr2/ros2_ws/src/install/controller_manager_msgs/share/controller_manager_msgs/cmake/controller_manager_msgs__rosidl_typesupport_cExport.cmake
[11.340s] -- Up-to-date: /home/mcr2/ros2_ws/src/install/controller_manager_msgs/share/controller_manager_msgs/cmake/controller_manager_msgs__rosidl_typesupport_cExport-noconfig.cmake
[11.349s] -- Up-to-date: /home/mcr2/ros2_ws/src/install/controller_manager_msgs/share/controller_manager_msgs/cmake/controller_manager_msgs__rosidl_typesupport_introspection_cppExport.cmake
[11.350s] -- Up-to-date: /home/mcr2/ros2_ws/src/install/controller_manager_msgs/share/controller_manager_msgs/cmake/controller_manager_msgs__rosidl_typesupport_introspection_cppExport-noconfig.cmake
[11.350s] -- Up-to-date: /home/mcr2/ros2_ws/src/install/controller_manager_msgs/share/controller_manager_msgs/cmake/controller_manager_msgs__rosidl_typesupport_cppExport.cmake
[11.350s] -- Up-to-date: /home/mcr2/ros2_ws/src/install/controller_manager_msgs/share/controller_manager_msgs/cmake/controller_manager_msgs__rosidl_typesupport_cppExport-noconfig.cmake
[11.353s] -- Up-to-date: /home/mcr2/ros2_ws/src/install/controller_manager_msgs/share/controller_manager_msgs/cmake/export_controller_manager_msgs__rosidl_generator_pyExport.cmake
[11.353s] -- Up-to-date: /home/mcr2/ros2_ws/src/install/controller_manager_msgs/share/controller_manager_msgs/cmake/export_controller_manager_msgs__rosidl_generator_pyExport-noconfig.cmake
[11.354s] -- Up-to-date: /home/mcr2/ros2_ws/src/install/controller_manager_msgs/share/controller_manager_msgs/cmake/rosidl_cmake-extras.cmake
[11.354s] -- Up-to-date: /home/mcr2/ros2_ws/src/install/controller_manager_msgs/share/controller_manager_msgs/cmake/ament_cmake_export_dependencies-extras.cmake
[11.355s] -- Up-to-date: /home/mcr2/ros2_ws/src/install/controller_manager_msgs/share/controller_manager_msgs/cmake/ament_cmake_export_include_directories-extras.cmake
[11.355s] -- Up-to-date: /home/mcr2/ros2_ws/src/install/controller_manager_msgs/share/controller_manager_msgs/cmake/ament_cmake_export_libraries-extras.cmake
[11.355s] -- Up-to-date: /home/mcr2/ros2_ws/src/install/controller_manager_msgs/share/controller_manager_msgs/cmake/ament_cmake_export_targets-extras.cmake
[11.356s] -- Up-to-date: /home/mcr2/ros2_ws/src/install/controller_manager_msgs/share/controller_manager_msgs/cmake/rosidl_cmake_export_typesupport_targets-extras.cmake
[11.357s] -- Up-to-date: /home/mcr2/ros2_ws/src/install/controller_manager_msgs/share/controller_manager_msgs/cmake/rosidl_cmake_export_typesupport_libraries-extras.cmake
[11.357s] -- Up-to-date: /home/mcr2/ros2_ws/src/install/controller_manager_msgs/share/controller_manager_msgs/cmake/controller_manager_msgsConfig.cmake
[11.358s] -- Up-to-date: /home/mcr2/ros2_ws/src/install/controller_manager_msgs/share/controller_manager_msgs/cmake/controller_manager_msgsConfig-version.cmake
[11.358s] -- Up-to-date: /home/mcr2/ros2_ws/src/install/controller_manager_msgs/share/controller_manager_msgs/package.xml
[11.539s] Invoked command in '/home/mcr2/ros2_ws/src/build/controller_manager_msgs' returned '0': CMAKE_PREFIX_PATH=${CMAKE_PREFIX_PATH}:/home/mcr2/ros2_ws/src/install/sphere_msgs:/home/mcr2/ros2_ws/src/install/signal_decomposition:/home/mcr2/ros2_ws/src/install/rqt_joint_trajectory_controller:/home/mcr2/ros2_ws/src/install/rqt_controller_manager:/home/mcr2/ros2_ws/src/install/ros2controlcli:/home/mcr2/ros2_ws/src/install/ros2_controllers_test_nodes:/home/mcr2/ros2_ws/src/install/courseworks:/home/mcr2/ros2_ws/src/install/basic_comms:/home/mcr2/ros2_ws/src/install/basic_comm_params:/opt/ros/humble /usr/bin/cmake --install /home/mcr2/ros2_ws/src/build/controller_manager_msgs
