[10.964s] Invoking command in '/home/mcr2/ros2_ws/src/basic_comms': PYTHONPATH=/home/mcr2/ros2_ws/src/build/basic_comms/prefix_override:/home/mcr2/ros2_ws/src/install/basic_comms/lib/python3.10/site-packages:${PYTHONPATH} /usr/bin/python3 setup.py egg_info --egg-base ../build/basic_comms build --build-base /home/mcr2/ros2_ws/src/build/basic_comms/build install --record /home/mcr2/ros2_ws/src/build/basic_comms/install.log --single-version-externally-managed
[12.621s] running egg_info
[12.624s] writing ../build/basic_comms/basic_comms.egg-info/PKG-INFO
[12.626s] writing dependency_links to ../build/basic_comms/basic_comms.egg-info/dependency_links.txt
[12.636s] writing entry points to ../build/basic_comms/basic_comms.egg-info/entry_points.txt
[12.636s] writing requirements to ../build/basic_comms/basic_comms.egg-info/requires.txt
[12.641s] writing top-level names to ../build/basic_comms/basic_comms.egg-info/top_level.txt
[12.652s] reading manifest file '../build/basic_comms/basic_comms.egg-info/SOURCES.txt'
[12.656s] writing manifest file '../build/basic_comms/basic_comms.egg-info/SOURCES.txt'
[12.657s] running build
[12.657s] running build_py
[12.666s] running install
[12.685s] running install_lib
[12.689s] /usr/lib/python3/dist-packages/setuptools/command/install.py:34: SetuptoolsDeprecationWarning: setup.py install is deprecated. Use build and pip and other standards-based tools.
[12.689s]   warnings.warn(
[12.703s] running install_data
[12.704s] running install_egg_info
[12.739s] removing '/home/mcr2/ros2_ws/src/install/basic_comms/lib/python3.10/site-packages/basic_comms-0.0.0-py3.10.egg-info' (and everything under it)
[12.740s] Copying ../build/basic_comms/basic_comms.egg-info to /home/mcr2/ros2_ws/src/install/basic_comms/lib/python3.10/site-packages/basic_comms-0.0.0-py3.10.egg-info
[12.763s] running install_scripts
[12.874s] Installing listener script to /home/mcr2/ros2_ws/src/install/basic_comms/lib/basic_comms
[12.875s] Installing talker script to /home/mcr2/ros2_ws/src/install/basic_comms/lib/basic_comms
[12.877s] writing list of installed files to '/home/mcr2/ros2_ws/src/build/basic_comms/install.log'
[13.058s] Invoked command in '/home/mcr2/ros2_ws/src/basic_comms' returned '0': PYTHONPATH=/home/mcr2/ros2_ws/src/build/basic_comms/prefix_override:/home/mcr2/ros2_ws/src/install/basic_comms/lib/python3.10/site-packages:${PYTHONPATH} /usr/bin/python3 setup.py egg_info --egg-base ../build/basic_comms build --build-base /home/mcr2/ros2_ws/src/build/basic_comms/build install --record /home/mcr2/ros2_ws/src/build/basic_comms/install.log --single-version-externally-managed
