[0.962s] Invoking command in '/home/mcr2/ros2_ws/src/build/control_msgs': CMAKE_PREFIX_PATH=${CMAKE_PREFIX_PATH}:/opt/ros/humble /usr/bin/cmake --build /home/mcr2/ros2_ws/src/build/control_msgs -- -j4 -l4
[1.589s] [35m[1mConsolidate compiler generated dependencies of target control_msgs__rosidl_generator_c[0m
[1.618s] [  0%] Built target control_msgs__cpp
[1.994s] [ 12%] Built target control_msgs__rosidl_generator_c
[2.278s] [35m[1mConsolidate compiler generated dependencies of target control_msgs__rosidl_typesupport_fastrtps_cpp[0m
[2.350s] [ 12%] Built target ament_cmake_python_copy_control_msgs
[2.608s] [35m[1mConsolidate compiler generated dependencies of target control_msgs__rosidl_typesupport_introspection_cpp[0m
[2.695s] [ 24%] Built target control_msgs__rosidl_typesupport_fastrtps_cpp
[2.861s] [ 36%] Built target control_msgs__rosidl_typesupport_introspection_cpp
[2.977s] [35m[1mConsolidate compiler generated dependencies of target control_msgs__rosidl_typesupport_introspection_c[0m
[3.082s] [ 48%] Built target control_msgs__rosidl_typesupport_introspection_c
[3.250s] [35m[1mConsolidate compiler generated dependencies of target control_msgs__rosidl_typesupport_c[0m
[3.304s] [ 60%] Built target control_msgs__rosidl_typesupport_c
[4.576s] running egg_info
[4.582s] writing control_msgs.egg-info/PKG-INFO
[4.582s] writing dependency_links to control_msgs.egg-info/dependency_links.txt
[4.583s] writing top-level names to control_msgs.egg-info/top_level.txt
[4.590s] reading manifest file 'control_msgs.egg-info/SOURCES.txt'
[4.592s] writing manifest file 'control_msgs.egg-info/SOURCES.txt'
[4.772s] [ 60%] Built target ament_cmake_python_build_control_msgs_egg
[4.882s] [35m[1mConsolidate compiler generated dependencies of target control_msgs__rosidl_typesupport_cpp[0m
[4.920s] [35m[1mConsolidate compiler generated dependencies of target control_msgs__rosidl_typesupport_fastrtps_c[0m
[5.096s] [ 72%] Built target control_msgs__rosidl_typesupport_cpp
[5.143s] [ 84%] Built target control_msgs__rosidl_typesupport_fastrtps_c
[5.283s] [ 84%] Built target control_msgs
[5.449s] [ 85%] Built target control_msgs__py
[5.602s] [35m[1mConsolidate compiler generated dependencies of target control_msgs__rosidl_generator_py[0m
[5.755s] [ 96%] Built target control_msgs__rosidl_generator_py
[5.835s] [35m[1mConsolidate compiler generated dependencies of target control_msgs__rosidl_typesupport_fastrtps_c__pyext[0m
[5.913s] [ 97%] Built target control_msgs__rosidl_typesupport_fastrtps_c__pyext
[5.950s] [35m[1mConsolidate compiler generated dependencies of target control_msgs__rosidl_typesupport_c__pyext[0m
[6.070s] [ 98%] Built target control_msgs__rosidl_typesupport_c__pyext
[6.095s] [35m[1mConsolidate compiler generated dependencies of target control_msgs__rosidl_typesupport_introspection_c__pyext[0m
[6.174s] [100%] Built target control_msgs__rosidl_typesupport_introspection_c__pyext
[6.516s] Invoked command in '/home/mcr2/ros2_ws/src/build/control_msgs' returned '0': CMAKE_PREFIX_PATH=${CMAKE_PREFIX_PATH}:/opt/ros/humble /usr/bin/cmake --build /home/mcr2/ros2_ws/src/build/control_msgs -- -j4 -l4
[12.373s] Invoking command in '/home/mcr2/ros2_ws/src/build/control_msgs': CMAKE_PREFIX_PATH=${CMAKE_PREFIX_PATH}:/opt/ros/humble /usr/bin/cmake --install /home/mcr2/ros2_ws/src/build/control_msgs
[12.442s] -- Install configuration: ""
[12.448s] -- Up-to-date: /home/mcr2/ros2_ws/src/install/control_msgs/share/ament_index/resource_index/rosidl_interfaces/control_msgs
[12.448s] -- Up-to-date: /home/mcr2/ros2_ws/src/install/control_msgs/include/control_msgs/control_msgs
[12.448s] -- Up-to-date: /home/mcr2/ros2_ws/src/install/control_msgs/include/control_msgs/control_msgs/action
[12.449s] -- Up-to-date: /home/mcr2/ros2_ws/src/install/control_msgs/include/control_msgs/control_msgs/action/joint_trajectory.h
[12.449s] -- Up-to-date: /home/mcr2/ros2_ws/src/install/control_msgs/include/control_msgs/control_msgs/action/detail
[12.449s] -- Up-to-date: /home/mcr2/ros2_ws/src/install/control_msgs/include/control_msgs/control_msgs/action/detail/point_head__struct.h
[12.449s] -- Up-to-date: /home/mcr2/ros2_ws/src/install/control_msgs/include/control_msgs/control_msgs/action/detail/point_head__functions.h
[12.449s] -- Up-to-date: /home/mcr2/ros2_ws/src/install/control_msgs/include/control_msgs/control_msgs/action/detail/joint_trajectory__struct.h
[12.450s] -- Up-to-date: /home/mcr2/ros2_ws/src/install/control_msgs/include/control_msgs/control_msgs/action/detail/single_joint_position__type_support.h
[12.450s] -- Up-to-date: /home/mcr2/ros2_ws/src/install/control_msgs/include/control_msgs/control_msgs/action/detail/gripper_command__type_support.h
[12.450s] -- Up-to-date: /home/mcr2/ros2_ws/src/install/control_msgs/include/control_msgs/control_msgs/action/detail/follow_joint_trajectory__struct.h
[12.450s] -- Up-to-date: /home/mcr2/ros2_ws/src/install/control_msgs/include/control_msgs/control_msgs/action/detail/point_head__functions.c
[12.451s] -- Up-to-date: /home/mcr2/ros2_ws/src/install/control_msgs/include/control_msgs/control_msgs/action/detail/single_joint_position__functions.h
[12.451s] -- Up-to-date: /home/mcr2/ros2_ws/src/install/control_msgs/include/control_msgs/control_msgs/action/detail/follow_joint_trajectory__type_support.h
[12.451s] -- Up-to-date: /home/mcr2/ros2_ws/src/install/control_msgs/include/control_msgs/control_msgs/action/detail/joint_trajectory__functions.h
[12.451s] -- Up-to-date: /home/mcr2/ros2_ws/src/install/control_msgs/include/control_msgs/control_msgs/action/detail/joint_trajectory__type_support.h
[12.451s] -- Up-to-date: /home/mcr2/ros2_ws/src/install/control_msgs/include/control_msgs/control_msgs/action/detail/gripper_command__struct.h
[12.452s] -- Up-to-date: /home/mcr2/ros2_ws/src/install/control_msgs/include/control_msgs/control_msgs/action/detail/gripper_command__functions.h
[12.452s] -- Up-to-date: /home/mcr2/ros2_ws/src/install/control_msgs/include/control_msgs/control_msgs/action/detail/joint_trajectory__functions.c
[12.452s] -- Up-to-date: /home/mcr2/ros2_ws/src/install/control_msgs/include/control_msgs/control_msgs/action/detail/follow_joint_trajectory__functions.h
[12.452s] -- Up-to-date: /home/mcr2/ros2_ws/src/install/control_msgs/include/control_msgs/control_msgs/action/detail/gripper_command__functions.c
[12.452s] -- Up-to-date: /home/mcr2/ros2_ws/src/install/control_msgs/include/control_msgs/control_msgs/action/detail/single_joint_position__functions.c
[12.453s] -- Up-to-date: /home/mcr2/ros2_ws/src/install/control_msgs/include/control_msgs/control_msgs/action/detail/follow_joint_trajectory__functions.c
[12.453s] -- Up-to-date: /home/mcr2/ros2_ws/src/install/control_msgs/include/control_msgs/control_msgs/action/detail/single_joint_position__struct.h
[12.453s] -- Up-to-date: /home/mcr2/ros2_ws/src/install/control_msgs/include/control_msgs/control_msgs/action/detail/point_head__type_support.h
[12.453s] -- Up-to-date: /home/mcr2/ros2_ws/src/install/control_msgs/include/control_msgs/control_msgs/action/single_joint_position.h
[12.453s] -- Up-to-date: /home/mcr2/ros2_ws/src/install/control_msgs/include/control_msgs/control_msgs/action/gripper_command.h
[12.454s] -- Up-to-date: /home/mcr2/ros2_ws/src/install/control_msgs/include/control_msgs/control_msgs/action/point_head.h
[12.454s] -- Up-to-date: /home/mcr2/ros2_ws/src/install/control_msgs/include/control_msgs/control_msgs/action/follow_joint_trajectory.h
[12.454s] -- Up-to-date: /home/mcr2/ros2_ws/src/install/control_msgs/include/control_msgs/control_msgs/srv
[12.455s] -- Up-to-date: /home/mcr2/ros2_ws/src/install/control_msgs/include/control_msgs/control_msgs/srv/query_trajectory_state.h
[12.484s] -- Up-to-date: /home/mcr2/ros2_ws/src/install/control_msgs/include/control_msgs/control_msgs/srv/detail
[12.484s] -- Up-to-date: /home/mcr2/ros2_ws/src/install/control_msgs/include/control_msgs/control_msgs/srv/detail/query_calibration_state__functions.c
[12.485s] -- Up-to-date: /home/mcr2/ros2_ws/src/install/control_msgs/include/control_msgs/control_msgs/srv/detail/query_trajectory_state__type_support.h
[12.485s] -- Up-to-date: /home/mcr2/ros2_ws/src/install/control_msgs/include/control_msgs/control_msgs/srv/detail/query_trajectory_state__functions.h
[12.485s] -- Up-to-date: /home/mcr2/ros2_ws/src/install/control_msgs/include/control_msgs/control_msgs/srv/detail/query_trajectory_state__struct.h
[12.486s] -- Up-to-date: /home/mcr2/ros2_ws/src/install/control_msgs/include/control_msgs/control_msgs/srv/detail/query_trajectory_state__functions.c
[12.486s] -- Up-to-date: /home/mcr2/ros2_ws/src/install/control_msgs/include/control_msgs/control_msgs/srv/detail/query_calibration_state__struct.h
[12.486s] -- Up-to-date: /home/mcr2/ros2_ws/src/install/control_msgs/include/control_msgs/control_msgs/srv/detail/query_calibration_state__type_support.h
[12.488s] -- Up-to-date: /home/mcr2/ros2_ws/src/install/control_msgs/include/control_msgs/control_msgs/srv/detail/query_calibration_state__functions.h
[12.488s] -- Up-to-date: /home/mcr2/ros2_ws/src/install/control_msgs/include/control_msgs/control_msgs/srv/query_calibration_state.h
[12.489s] -- Up-to-date: /home/mcr2/ros2_ws/src/install/control_msgs/include/control_msgs/control_msgs/msg
[12.489s] -- Up-to-date: /home/mcr2/ros2_ws/src/install/control_msgs/include/control_msgs/control_msgs/msg/pid_state.h
[12.489s] -- Up-to-date: /home/mcr2/ros2_ws/src/install/control_msgs/include/control_msgs/control_msgs/msg/joint_tolerance.h
[12.489s] -- Up-to-date: /home/mcr2/ros2_ws/src/install/control_msgs/include/control_msgs/control_msgs/msg/joint_trajectory_controller_state.h
[12.489s] -- Up-to-date: /home/mcr2/ros2_ws/src/install/control_msgs/include/control_msgs/control_msgs/msg/joint_component_tolerance.h
[12.490s] -- Up-to-date: /home/mcr2/ros2_ws/src/install/control_msgs/include/control_msgs/control_msgs/msg/dynamic_joint_state.h
[12.490s] -- Up-to-date: /home/mcr2/ros2_ws/src/install/control_msgs/include/control_msgs/control_msgs/msg/joint_jog.h
[12.490s] -- Up-to-date: /home/mcr2/ros2_ws/src/install/control_msgs/include/control_msgs/control_msgs/msg/admittance_controller_state.h
[12.491s] -- Up-to-date: /home/mcr2/ros2_ws/src/install/control_msgs/include/control_msgs/control_msgs/msg/steering_controller_status.h
[12.491s] -- Up-to-date: /home/mcr2/ros2_ws/src/install/control_msgs/include/control_msgs/control_msgs/msg/joint_controller_state.h
[12.491s] -- Up-to-date: /home/mcr2/ros2_ws/src/install/control_msgs/include/control_msgs/control_msgs/msg/detail
[12.492s] -- Up-to-date: /home/mcr2/ros2_ws/src/install/control_msgs/include/control_msgs/control_msgs/msg/detail/mecanum_drive_controller_state__functions.h
[12.492s] -- Up-to-date: /home/mcr2/ros2_ws/src/install/control_msgs/include/control_msgs/control_msgs/msg/detail/joint_tolerance__struct.h
[12.492s] -- Up-to-date: /home/mcr2/ros2_ws/src/install/control_msgs/include/control_msgs/control_msgs/msg/detail/interface_value__functions.c
[12.492s] -- Up-to-date: /home/mcr2/ros2_ws/src/install/control_msgs/include/control_msgs/control_msgs/msg/detail/joint_controller_state__struct.h
[12.493s] -- Up-to-date: /home/mcr2/ros2_ws/src/install/control_msgs/include/control_msgs/control_msgs/msg/detail/joint_component_tolerance__functions.h
[12.493s] -- Up-to-date: /home/mcr2/ros2_ws/src/install/control_msgs/include/control_msgs/control_msgs/msg/detail/interface_value__functions.h
[12.493s] -- Up-to-date: /home/mcr2/ros2_ws/src/install/control_msgs/include/control_msgs/control_msgs/msg/detail/steering_controller_status__functions.c
[12.493s] -- Up-to-date: /home/mcr2/ros2_ws/src/install/control_msgs/include/control_msgs/control_msgs/msg/detail/joint_tolerance__functions.h
[12.493s] -- Up-to-date: /home/mcr2/ros2_ws/src/install/control_msgs/include/control_msgs/control_msgs/msg/detail/joint_trajectory_controller_state__struct.h
[12.494s] -- Up-to-date: /home/mcr2/ros2_ws/src/install/control_msgs/include/control_msgs/control_msgs/msg/detail/joint_jog__struct.h
[12.494s] -- Up-to-date: /home/mcr2/ros2_ws/src/install/control_msgs/include/control_msgs/control_msgs/msg/detail/gripper_command__type_support.h
[12.494s] -- Up-to-date: /home/mcr2/ros2_ws/src/install/control_msgs/include/control_msgs/control_msgs/msg/detail/admittance_controller_state__functions.h
[12.494s] -- Up-to-date: /home/mcr2/ros2_ws/src/install/control_msgs/include/control_msgs/control_msgs/msg/detail/mecanum_drive_controller_state__type_support.h
[12.495s] -- Up-to-date: /home/mcr2/ros2_ws/src/install/control_msgs/include/control_msgs/control_msgs/msg/detail/joint_tolerance__functions.c
[12.495s] -- Up-to-date: /home/mcr2/ros2_ws/src/install/control_msgs/include/control_msgs/control_msgs/msg/detail/joint_trajectory_controller_state__functions.c
[12.495s] -- Up-to-date: /home/mcr2/ros2_ws/src/install/control_msgs/include/control_msgs/control_msgs/msg/detail/admittance_controller_state__type_support.h
[12.495s] -- Up-to-date: /home/mcr2/ros2_ws/src/install/control_msgs/include/control_msgs/control_msgs/msg/detail/mecanum_drive_controller_state__struct.h
[12.496s] -- Up-to-date: /home/mcr2/ros2_ws/src/install/control_msgs/include/control_msgs/control_msgs/msg/detail/pid_state__functions.c
[12.496s] -- Up-to-date: /home/mcr2/ros2_ws/src/install/control_msgs/include/control_msgs/control_msgs/msg/detail/joint_jog__functions.h
[12.496s] -- Up-to-date: /home/mcr2/ros2_ws/src/install/control_msgs/include/control_msgs/control_msgs/msg/detail/interface_value__type_support.h
[12.497s] -- Up-to-date: /home/mcr2/ros2_ws/src/install/control_msgs/include/control_msgs/control_msgs/msg/detail/dynamic_joint_state__functions.c
[12.497s] -- Up-to-date: /home/mcr2/ros2_ws/src/install/control_msgs/include/control_msgs/control_msgs/msg/detail/pid_state__functions.h
[12.497s] -- Up-to-date: /home/mcr2/ros2_ws/src/install/control_msgs/include/control_msgs/control_msgs/msg/detail/joint_controller_state__type_support.h
[12.497s] -- Up-to-date: /home/mcr2/ros2_ws/src/install/control_msgs/include/control_msgs/control_msgs/msg/detail/mecanum_drive_controller_state__functions.c
[12.498s] -- Up-to-date: /home/mcr2/ros2_ws/src/install/control_msgs/include/control_msgs/control_msgs/msg/detail/steering_controller_status__type_support.h
[12.498s] -- Up-to-date: /home/mcr2/ros2_ws/src/install/control_msgs/include/control_msgs/control_msgs/msg/detail/joint_trajectory_controller_state__functions.h
[12.498s] -- Up-to-date: /home/mcr2/ros2_ws/src/install/control_msgs/include/control_msgs/control_msgs/msg/detail/admittance_controller_state__functions.c
[12.499s] -- Up-to-date: /home/mcr2/ros2_ws/src/install/control_msgs/include/control_msgs/control_msgs/msg/detail/joint_component_tolerance__struct.h
[12.499s] -- Up-to-date: /home/mcr2/ros2_ws/src/install/control_msgs/include/control_msgs/control_msgs/msg/detail/dynamic_joint_state__type_support.h
[12.499s] -- Up-to-date: /home/mcr2/ros2_ws/src/install/control_msgs/include/control_msgs/control_msgs/msg/detail/steering_controller_status__functions.h
[12.499s] -- Up-to-date: /home/mcr2/ros2_ws/src/install/control_msgs/include/control_msgs/control_msgs/msg/detail/gripper_command__struct.h
[12.500s] -- Up-to-date: /home/mcr2/ros2_ws/src/install/control_msgs/include/control_msgs/control_msgs/msg/detail/interface_value__struct.h
[12.500s] -- Up-to-date: /home/mcr2/ros2_ws/src/install/control_msgs/include/control_msgs/control_msgs/msg/detail/joint_tolerance__type_support.h
[12.500s] -- Up-to-date: /home/mcr2/ros2_ws/src/install/control_msgs/include/control_msgs/control_msgs/msg/detail/joint_controller_state__functions.c
[12.500s] -- Up-to-date: /home/mcr2/ros2_ws/src/install/control_msgs/include/control_msgs/control_msgs/msg/detail/dynamic_joint_state__functions.h
[12.500s] -- Up-to-date: /home/mcr2/ros2_ws/src/install/control_msgs/include/control_msgs/control_msgs/msg/detail/admittance_controller_state__struct.h
[12.501s] -- Up-to-date: /home/mcr2/ros2_ws/src/install/control_msgs/include/control_msgs/control_msgs/msg/detail/pid_state__struct.h
[12.501s] -- Up-to-date: /home/mcr2/ros2_ws/src/install/control_msgs/include/control_msgs/control_msgs/msg/detail/gripper_command__functions.h
[12.501s] -- Up-to-date: /home/mcr2/ros2_ws/src/install/control_msgs/include/control_msgs/control_msgs/msg/detail/joint_component_tolerance__functions.c
[12.502s] -- Up-to-date: /home/mcr2/ros2_ws/src/install/control_msgs/include/control_msgs/control_msgs/msg/detail/gripper_command__functions.c
[12.502s] -- Up-to-date: /home/mcr2/ros2_ws/src/install/control_msgs/include/control_msgs/control_msgs/msg/detail/joint_jog__type_support.h
[12.514s] -- Up-to-date: /home/mcr2/ros2_ws/src/install/control_msgs/include/control_msgs/control_msgs/msg/detail/joint_controller_state__functions.h
[12.514s] -- Up-to-date: /home/mcr2/ros2_ws/src/install/control_msgs/include/control_msgs/control_msgs/msg/detail/joint_jog__functions.c
[12.515s] -- Up-to-date: /home/mcr2/ros2_ws/src/install/control_msgs/include/control_msgs/control_msgs/msg/detail/joint_component_tolerance__type_support.h
[12.516s] -- Up-to-date: /home/mcr2/ros2_ws/src/install/control_msgs/include/control_msgs/control_msgs/msg/detail/dynamic_joint_state__struct.h
[12.517s] -- Up-to-date: /home/mcr2/ros2_ws/src/install/control_msgs/include/control_msgs/control_msgs/msg/detail/steering_controller_status__struct.h
[12.517s] -- Up-to-date: /home/mcr2/ros2_ws/src/install/control_msgs/include/control_msgs/control_msgs/msg/detail/pid_state__type_support.h
[12.518s] -- Up-to-date: /home/mcr2/ros2_ws/src/install/control_msgs/include/control_msgs/control_msgs/msg/detail/joint_trajectory_controller_state__type_support.h
[12.540s] -- Up-to-date: /home/mcr2/ros2_ws/src/install/control_msgs/include/control_msgs/control_msgs/msg/gripper_command.h
[12.541s] -- Up-to-date: /home/mcr2/ros2_ws/src/install/control_msgs/include/control_msgs/control_msgs/msg/rosidl_generator_c__visibility_control.h
[12.541s] -- Up-to-date: /home/mcr2/ros2_ws/src/install/control_msgs/include/control_msgs/control_msgs/msg/mecanum_drive_controller_state.h
[12.541s] -- Up-to-date: /home/mcr2/ros2_ws/src/install/control_msgs/include/control_msgs/control_msgs/msg/interface_value.h
[12.542s] -- Up-to-date: /home/mcr2/ros2_ws/src/install/control_msgs/share/control_msgs/environment/library_path.sh
[12.542s] -- Up-to-date: /home/mcr2/ros2_ws/src/install/control_msgs/share/control_msgs/environment/library_path.dsv
[12.543s] -- Up-to-date: /home/mcr2/ros2_ws/src/install/control_msgs/lib/libcontrol_msgs__rosidl_generator_c.so
[12.543s] -- Up-to-date: /home/mcr2/ros2_ws/src/install/control_msgs/include/control_msgs/control_msgs
[12.543s] -- Up-to-date: /home/mcr2/ros2_ws/src/install/control_msgs/include/control_msgs/control_msgs/action
[12.543s] -- Up-to-date: /home/mcr2/ros2_ws/src/install/control_msgs/include/control_msgs/control_msgs/action/detail
[12.543s] -- Up-to-date: /home/mcr2/ros2_ws/src/install/control_msgs/include/control_msgs/control_msgs/action/detail/point_head__rosidl_typesupport_fastrtps_c.h
[12.544s] -- Up-to-date: /home/mcr2/ros2_ws/src/install/control_msgs/include/control_msgs/control_msgs/action/detail/follow_joint_trajectory__rosidl_typesupport_fastrtps_c.h
[12.544s] -- Up-to-date: /home/mcr2/ros2_ws/src/install/control_msgs/include/control_msgs/control_msgs/action/detail/joint_trajectory__rosidl_typesupport_fastrtps_c.h
[12.544s] -- Up-to-date: /home/mcr2/ros2_ws/src/install/control_msgs/include/control_msgs/control_msgs/action/detail/single_joint_position__rosidl_typesupport_fastrtps_c.h
[12.544s] -- Up-to-date: /home/mcr2/ros2_ws/src/install/control_msgs/include/control_msgs/control_msgs/action/detail/gripper_command__rosidl_typesupport_fastrtps_c.h
[12.544s] -- Up-to-date: /home/mcr2/ros2_ws/src/install/control_msgs/include/control_msgs/control_msgs/srv
[12.545s] -- Up-to-date: /home/mcr2/ros2_ws/src/install/control_msgs/include/control_msgs/control_msgs/srv/detail
[12.545s] -- Up-to-date: /home/mcr2/ros2_ws/src/install/control_msgs/include/control_msgs/control_msgs/srv/detail/query_calibration_state__rosidl_typesupport_fastrtps_c.h
[12.545s] -- Up-to-date: /home/mcr2/ros2_ws/src/install/control_msgs/include/control_msgs/control_msgs/srv/detail/query_trajectory_state__rosidl_typesupport_fastrtps_c.h
[12.545s] -- Up-to-date: /home/mcr2/ros2_ws/src/install/control_msgs/include/control_msgs/control_msgs/msg
[12.545s] -- Up-to-date: /home/mcr2/ros2_ws/src/install/control_msgs/include/control_msgs/control_msgs/msg/rosidl_typesupport_fastrtps_c__visibility_control.h
[12.546s] -- Up-to-date: /home/mcr2/ros2_ws/src/install/control_msgs/include/control_msgs/control_msgs/msg/detail
[12.559s] -- Up-to-date: /home/mcr2/ros2_ws/src/install/control_msgs/include/control_msgs/control_msgs/msg/detail/admittance_controller_state__rosidl_typesupport_fastrtps_c.h
[12.559s] -- Up-to-date: /home/mcr2/ros2_ws/src/install/control_msgs/include/control_msgs/control_msgs/msg/detail/joint_controller_state__rosidl_typesupport_fastrtps_c.h
[12.560s] -- Up-to-date: /home/mcr2/ros2_ws/src/install/control_msgs/include/control_msgs/control_msgs/msg/detail/dynamic_joint_state__rosidl_typesupport_fastrtps_c.h
[12.560s] -- Up-to-date: /home/mcr2/ros2_ws/src/install/control_msgs/include/control_msgs/control_msgs/msg/detail/joint_tolerance__rosidl_typesupport_fastrtps_c.h
[12.560s] -- Up-to-date: /home/mcr2/ros2_ws/src/install/control_msgs/include/control_msgs/control_msgs/msg/detail/mecanum_drive_controller_state__rosidl_typesupport_fastrtps_c.h
[12.567s] -- Up-to-date: /home/mcr2/ros2_ws/src/install/control_msgs/include/control_msgs/control_msgs/msg/detail/pid_state__rosidl_typesupport_fastrtps_c.h
[12.579s] -- Up-to-date: /home/mcr2/ros2_ws/src/install/control_msgs/include/control_msgs/control_msgs/msg/detail/joint_component_tolerance__rosidl_typesupport_fastrtps_c.h
[12.592s] -- Up-to-date: /home/mcr2/ros2_ws/src/install/control_msgs/include/control_msgs/control_msgs/msg/detail/steering_controller_status__rosidl_typesupport_fastrtps_c.h
[12.592s] -- Up-to-date: /home/mcr2/ros2_ws/src/install/control_msgs/include/control_msgs/control_msgs/msg/detail/interface_value__rosidl_typesupport_fastrtps_c.h
[12.592s] -- Up-to-date: /home/mcr2/ros2_ws/src/install/control_msgs/include/control_msgs/control_msgs/msg/detail/gripper_command__rosidl_typesupport_fastrtps_c.h
[12.593s] -- Up-to-date: /home/mcr2/ros2_ws/src/install/control_msgs/include/control_msgs/control_msgs/msg/detail/joint_trajectory_controller_state__rosidl_typesupport_fastrtps_c.h
[12.593s] -- Up-to-date: /home/mcr2/ros2_ws/src/install/control_msgs/include/control_msgs/control_msgs/msg/detail/joint_jog__rosidl_typesupport_fastrtps_c.h
[12.593s] -- Up-to-date: /home/mcr2/ros2_ws/src/install/control_msgs/lib/libcontrol_msgs__rosidl_typesupport_fastrtps_c.so
[12.593s] -- Up-to-date: /home/mcr2/ros2_ws/src/install/control_msgs/include/control_msgs/control_msgs
[12.594s] -- Up-to-date: /home/mcr2/ros2_ws/src/install/control_msgs/include/control_msgs/control_msgs/action
[12.594s] -- Up-to-date: /home/mcr2/ros2_ws/src/install/control_msgs/include/control_msgs/control_msgs/action/joint_trajectory.hpp
[12.594s] -- Up-to-date: /home/mcr2/ros2_ws/src/install/control_msgs/include/control_msgs/control_msgs/action/follow_joint_trajectory.hpp
[12.594s] -- Up-to-date: /home/mcr2/ros2_ws/src/install/control_msgs/include/control_msgs/control_msgs/action/point_head.hpp
[12.594s] -- Up-to-date: /home/mcr2/ros2_ws/src/install/control_msgs/include/control_msgs/control_msgs/action/gripper_command.hpp
[12.595s] -- Up-to-date: /home/mcr2/ros2_ws/src/install/control_msgs/include/control_msgs/control_msgs/action/detail
[12.595s] -- Up-to-date: /home/mcr2/ros2_ws/src/install/control_msgs/include/control_msgs/control_msgs/action/detail/single_joint_position__struct.hpp
[12.595s] -- Up-to-date: /home/mcr2/ros2_ws/src/install/control_msgs/include/control_msgs/control_msgs/action/detail/joint_trajectory__builder.hpp
[12.595s] -- Up-to-date: /home/mcr2/ros2_ws/src/install/control_msgs/include/control_msgs/control_msgs/action/detail/point_head__traits.hpp
[12.595s] -- Up-to-date: /home/mcr2/ros2_ws/src/install/control_msgs/include/control_msgs/control_msgs/action/detail/gripper_command__traits.hpp
[12.596s] -- Up-to-date: /home/mcr2/ros2_ws/src/install/control_msgs/include/control_msgs/control_msgs/action/detail/single_joint_position__builder.hpp
[12.596s] -- Up-to-date: /home/mcr2/ros2_ws/src/install/control_msgs/include/control_msgs/control_msgs/action/detail/joint_trajectory__struct.hpp
[12.596s] -- Up-to-date: /home/mcr2/ros2_ws/src/install/control_msgs/include/control_msgs/control_msgs/action/detail/point_head__builder.hpp
[12.596s] -- Up-to-date: /home/mcr2/ros2_ws/src/install/control_msgs/include/control_msgs/control_msgs/action/detail/follow_joint_trajectory__builder.hpp
[12.597s] -- Up-to-date: /home/mcr2/ros2_ws/src/install/control_msgs/include/control_msgs/control_msgs/action/detail/follow_joint_trajectory__traits.hpp
[12.597s] -- Up-to-date: /home/mcr2/ros2_ws/src/install/control_msgs/include/control_msgs/control_msgs/action/detail/follow_joint_trajectory__struct.hpp
[12.597s] -- Up-to-date: /home/mcr2/ros2_ws/src/install/control_msgs/include/control_msgs/control_msgs/action/detail/point_head__struct.hpp
[12.597s] -- Up-to-date: /home/mcr2/ros2_ws/src/install/control_msgs/include/control_msgs/control_msgs/action/detail/gripper_command__struct.hpp
[12.597s] -- Up-to-date: /home/mcr2/ros2_ws/src/install/control_msgs/include/control_msgs/control_msgs/action/detail/gripper_command__builder.hpp
[12.598s] -- Up-to-date: /home/mcr2/ros2_ws/src/install/control_msgs/include/control_msgs/control_msgs/action/detail/joint_trajectory__traits.hpp
[12.598s] -- Up-to-date: /home/mcr2/ros2_ws/src/install/control_msgs/include/control_msgs/control_msgs/action/detail/single_joint_position__traits.hpp
[12.598s] -- Up-to-date: /home/mcr2/ros2_ws/src/install/control_msgs/include/control_msgs/control_msgs/action/single_joint_position.hpp
[12.598s] -- Up-to-date: /home/mcr2/ros2_ws/src/install/control_msgs/include/control_msgs/control_msgs/srv
[12.599s] -- Up-to-date: /home/mcr2/ros2_ws/src/install/control_msgs/include/control_msgs/control_msgs/srv/query_trajectory_state.hpp
[12.599s] -- Up-to-date: /home/mcr2/ros2_ws/src/install/control_msgs/include/control_msgs/control_msgs/srv/query_calibration_state.hpp
[12.599s] -- Up-to-date: /home/mcr2/ros2_ws/src/install/control_msgs/include/control_msgs/control_msgs/srv/detail
[12.599s] -- Up-to-date: /home/mcr2/ros2_ws/src/install/control_msgs/include/control_msgs/control_msgs/srv/detail/query_calibration_state__traits.hpp
[12.600s] -- Up-to-date: /home/mcr2/ros2_ws/src/install/control_msgs/include/control_msgs/control_msgs/srv/detail/query_trajectory_state__builder.hpp
[12.600s] -- Up-to-date: /home/mcr2/ros2_ws/src/install/control_msgs/include/control_msgs/control_msgs/srv/detail/query_calibration_state__struct.hpp
[12.600s] -- Up-to-date: /home/mcr2/ros2_ws/src/install/control_msgs/include/control_msgs/control_msgs/srv/detail/query_trajectory_state__struct.hpp
[12.600s] -- Up-to-date: /home/mcr2/ros2_ws/src/install/control_msgs/include/control_msgs/control_msgs/srv/detail/query_trajectory_state__traits.hpp
[12.600s] -- Up-to-date: /home/mcr2/ros2_ws/src/install/control_msgs/include/control_msgs/control_msgs/srv/detail/query_calibration_state__builder.hpp
[12.601s] -- Up-to-date: /home/mcr2/ros2_ws/src/install/control_msgs/include/control_msgs/control_msgs/msg
[12.601s] -- Up-to-date: /home/mcr2/ros2_ws/src/install/control_msgs/include/control_msgs/control_msgs/msg/joint_controller_state.hpp
[12.601s] -- Up-to-date: /home/mcr2/ros2_ws/src/install/control_msgs/include/control_msgs/control_msgs/msg/joint_tolerance.hpp
[12.601s] -- Up-to-date: /home/mcr2/ros2_ws/src/install/control_msgs/include/control_msgs/control_msgs/msg/joint_component_tolerance.hpp
[12.601s] -- Up-to-date: /home/mcr2/ros2_ws/src/install/control_msgs/include/control_msgs/control_msgs/msg/gripper_command.hpp
[12.602s] -- Up-to-date: /home/mcr2/ros2_ws/src/install/control_msgs/include/control_msgs/control_msgs/msg/mecanum_drive_controller_state.hpp
[12.602s] -- Up-to-date: /home/mcr2/ros2_ws/src/install/control_msgs/include/control_msgs/control_msgs/msg/dynamic_joint_state.hpp
[12.602s] -- Up-to-date: /home/mcr2/ros2_ws/src/install/control_msgs/include/control_msgs/control_msgs/msg/interface_value.hpp
[12.602s] -- Up-to-date: /home/mcr2/ros2_ws/src/install/control_msgs/include/control_msgs/control_msgs/msg/detail
[12.637s] -- Up-to-date: /home/mcr2/ros2_ws/src/install/control_msgs/include/control_msgs/control_msgs/msg/detail/mecanum_drive_controller_state__struct.hpp
[12.648s] -- Up-to-date: /home/mcr2/ros2_ws/src/install/control_msgs/include/control_msgs/control_msgs/msg/detail/steering_controller_status__traits.hpp
[12.648s] -- Up-to-date: /home/mcr2/ros2_ws/src/install/control_msgs/include/control_msgs/control_msgs/msg/detail/pid_state__builder.hpp
[12.649s] -- Up-to-date: /home/mcr2/ros2_ws/src/install/control_msgs/include/control_msgs/control_msgs/msg/detail/joint_component_tolerance__traits.hpp
[12.649s] -- Up-to-date: /home/mcr2/ros2_ws/src/install/control_msgs/include/control_msgs/control_msgs/msg/detail/dynamic_joint_state__struct.hpp
[12.650s] -- Up-to-date: /home/mcr2/ros2_ws/src/install/control_msgs/include/control_msgs/control_msgs/msg/detail/joint_jog__struct.hpp
[12.650s] -- Up-to-date: /home/mcr2/ros2_ws/src/install/control_msgs/include/control_msgs/control_msgs/msg/detail/interface_value__struct.hpp
[12.650s] -- Up-to-date: /home/mcr2/ros2_ws/src/install/control_msgs/include/control_msgs/control_msgs/msg/detail/dynamic_joint_state__builder.hpp
[12.650s] -- Up-to-date: /home/mcr2/ros2_ws/src/install/control_msgs/include/control_msgs/control_msgs/msg/detail/pid_state__struct.hpp
[12.651s] -- Up-to-date: /home/mcr2/ros2_ws/src/install/control_msgs/include/control_msgs/control_msgs/msg/detail/joint_trajectory_controller_state__builder.hpp
[12.651s] -- Up-to-date: /home/mcr2/ros2_ws/src/install/control_msgs/include/control_msgs/control_msgs/msg/detail/gripper_command__traits.hpp
[12.651s] -- Up-to-date: /home/mcr2/ros2_ws/src/install/control_msgs/include/control_msgs/control_msgs/msg/detail/mecanum_drive_controller_state__traits.hpp
[12.651s] -- Up-to-date: /home/mcr2/ros2_ws/src/install/control_msgs/include/control_msgs/control_msgs/msg/detail/steering_controller_status__struct.hpp
[12.652s] -- Up-to-date: /home/mcr2/ros2_ws/src/install/control_msgs/include/control_msgs/control_msgs/msg/detail/joint_trajectory_controller_state__traits.hpp
[12.652s] -- Up-to-date: /home/mcr2/ros2_ws/src/install/control_msgs/include/control_msgs/control_msgs/msg/detail/dynamic_joint_state__traits.hpp
[12.652s] -- Up-to-date: /home/mcr2/ros2_ws/src/install/control_msgs/include/control_msgs/control_msgs/msg/detail/joint_jog__traits.hpp
[12.652s] -- Up-to-date: /home/mcr2/ros2_ws/src/install/control_msgs/include/control_msgs/control_msgs/msg/detail/admittance_controller_state__traits.hpp
[12.653s] -- Up-to-date: /home/mcr2/ros2_ws/src/install/control_msgs/include/control_msgs/control_msgs/msg/detail/joint_jog__builder.hpp
[12.653s] -- Up-to-date: /home/mcr2/ros2_ws/src/install/control_msgs/include/control_msgs/control_msgs/msg/detail/joint_component_tolerance__struct.hpp
[12.653s] -- Up-to-date: /home/mcr2/ros2_ws/src/install/control_msgs/include/control_msgs/control_msgs/msg/detail/admittance_controller_state__struct.hpp
[12.653s] -- Up-to-date: /home/mcr2/ros2_ws/src/install/control_msgs/include/control_msgs/control_msgs/msg/detail/joint_tolerance__struct.hpp
[12.654s] -- Up-to-date: /home/mcr2/ros2_ws/src/install/control_msgs/include/control_msgs/control_msgs/msg/detail/interface_value__traits.hpp
[12.654s] -- Up-to-date: /home/mcr2/ros2_ws/src/install/control_msgs/include/control_msgs/control_msgs/msg/detail/joint_controller_state__traits.hpp
[12.654s] -- Up-to-date: /home/mcr2/ros2_ws/src/install/control_msgs/include/control_msgs/control_msgs/msg/detail/joint_controller_state__builder.hpp
[12.654s] -- Up-to-date: /home/mcr2/ros2_ws/src/install/control_msgs/include/control_msgs/control_msgs/msg/detail/steering_controller_status__builder.hpp
[12.655s] -- Up-to-date: /home/mcr2/ros2_ws/src/install/control_msgs/include/control_msgs/control_msgs/msg/detail/gripper_command__struct.hpp
[12.655s] -- Up-to-date: /home/mcr2/ros2_ws/src/install/control_msgs/include/control_msgs/control_msgs/msg/detail/joint_trajectory_controller_state__struct.hpp
[12.655s] -- Up-to-date: /home/mcr2/ros2_ws/src/install/control_msgs/include/control_msgs/control_msgs/msg/detail/mecanum_drive_controller_state__builder.hpp
[12.655s] -- Up-to-date: /home/mcr2/ros2_ws/src/install/control_msgs/include/control_msgs/control_msgs/msg/detail/interface_value__builder.hpp
[12.655s] -- Up-to-date: /home/mcr2/ros2_ws/src/install/control_msgs/include/control_msgs/control_msgs/msg/detail/joint_tolerance__builder.hpp
[12.656s] -- Up-to-date: /home/mcr2/ros2_ws/src/install/control_msgs/include/control_msgs/control_msgs/msg/detail/gripper_command__builder.hpp
[12.659s] -- Up-to-date: /home/mcr2/ros2_ws/src/install/control_msgs/include/control_msgs/control_msgs/msg/detail/joint_tolerance__traits.hpp
[12.659s] -- Up-to-date: /home/mcr2/ros2_ws/src/install/control_msgs/include/control_msgs/control_msgs/msg/detail/joint_controller_state__struct.hpp
[12.660s] -- Up-to-date: /home/mcr2/ros2_ws/src/install/control_msgs/include/control_msgs/control_msgs/msg/detail/joint_component_tolerance__builder.hpp
[12.660s] -- Up-to-date: /home/mcr2/ros2_ws/src/install/control_msgs/include/control_msgs/control_msgs/msg/detail/admittance_controller_state__builder.hpp
[12.660s] -- Up-to-date: /home/mcr2/ros2_ws/src/install/control_msgs/include/control_msgs/control_msgs/msg/detail/pid_state__traits.hpp
[12.661s] -- Up-to-date: /home/mcr2/ros2_ws/src/install/control_msgs/include/control_msgs/control_msgs/msg/joint_trajectory_controller_state.hpp
[12.661s] -- Up-to-date: /home/mcr2/ros2_ws/src/install/control_msgs/include/control_msgs/control_msgs/msg/steering_controller_status.hpp
[12.661s] -- Up-to-date: /home/mcr2/ros2_ws/src/install/control_msgs/include/control_msgs/control_msgs/msg/pid_state.hpp
[12.662s] -- Up-to-date: /home/mcr2/ros2_ws/src/install/control_msgs/include/control_msgs/control_msgs/msg/joint_jog.hpp
[12.662s] -- Up-to-date: /home/mcr2/ros2_ws/src/install/control_msgs/include/control_msgs/control_msgs/msg/admittance_controller_state.hpp
[12.662s] -- Up-to-date: /home/mcr2/ros2_ws/src/install/control_msgs/include/control_msgs/control_msgs
[12.677s] -- Up-to-date: /home/mcr2/ros2_ws/src/install/control_msgs/include/control_msgs/control_msgs/action
[12.678s] -- Up-to-date: /home/mcr2/ros2_ws/src/install/control_msgs/include/control_msgs/control_msgs/action/detail
[12.678s] -- Up-to-date: /home/mcr2/ros2_ws/src/install/control_msgs/include/control_msgs/control_msgs/action/detail/gripper_command__rosidl_typesupport_fastrtps_cpp.hpp
[12.678s] -- Up-to-date: /home/mcr2/ros2_ws/src/install/control_msgs/include/control_msgs/control_msgs/action/detail/dds_fastrtps
[12.678s] -- Up-to-date: /home/mcr2/ros2_ws/src/install/control_msgs/include/control_msgs/control_msgs/action/detail/single_joint_position__rosidl_typesupport_fastrtps_cpp.hpp
[12.679s] -- Up-to-date: /home/mcr2/ros2_ws/src/install/control_msgs/include/control_msgs/control_msgs/action/detail/follow_joint_trajectory__rosidl_typesupport_fastrtps_cpp.hpp
[12.679s] -- Up-to-date: /home/mcr2/ros2_ws/src/install/control_msgs/include/control_msgs/control_msgs/action/detail/joint_trajectory__rosidl_typesupport_fastrtps_cpp.hpp
[12.679s] -- Up-to-date: /home/mcr2/ros2_ws/src/install/control_msgs/include/control_msgs/control_msgs/action/detail/point_head__rosidl_typesupport_fastrtps_cpp.hpp
[12.679s] -- Up-to-date: /home/mcr2/ros2_ws/src/install/control_msgs/include/control_msgs/control_msgs/srv
[12.679s] -- Up-to-date: /home/mcr2/ros2_ws/src/install/control_msgs/include/control_msgs/control_msgs/srv/detail
[12.680s] -- Up-to-date: /home/mcr2/ros2_ws/src/install/control_msgs/include/control_msgs/control_msgs/srv/detail/dds_fastrtps
[12.680s] -- Up-to-date: /home/mcr2/ros2_ws/src/install/control_msgs/include/control_msgs/control_msgs/srv/detail/query_calibration_state__rosidl_typesupport_fastrtps_cpp.hpp
[12.680s] -- Up-to-date: /home/mcr2/ros2_ws/src/install/control_msgs/include/control_msgs/control_msgs/srv/detail/query_trajectory_state__rosidl_typesupport_fastrtps_cpp.hpp
[12.680s] -- Up-to-date: /home/mcr2/ros2_ws/src/install/control_msgs/include/control_msgs/control_msgs/msg
[12.680s] -- Up-to-date: /home/mcr2/ros2_ws/src/install/control_msgs/include/control_msgs/control_msgs/msg/rosidl_typesupport_fastrtps_cpp__visibility_control.h
[12.681s] -- Up-to-date: /home/mcr2/ros2_ws/src/install/control_msgs/include/control_msgs/control_msgs/msg/detail
[12.681s] -- Up-to-date: /home/mcr2/ros2_ws/src/install/control_msgs/include/control_msgs/control_msgs/msg/detail/gripper_command__rosidl_typesupport_fastrtps_cpp.hpp
[12.681s] -- Up-to-date: /home/mcr2/ros2_ws/src/install/control_msgs/include/control_msgs/control_msgs/msg/detail/joint_component_tolerance__rosidl_typesupport_fastrtps_cpp.hpp
[12.681s] -- Up-to-date: /home/mcr2/ros2_ws/src/install/control_msgs/include/control_msgs/control_msgs/msg/detail/dynamic_joint_state__rosidl_typesupport_fastrtps_cpp.hpp
[12.681s] -- Up-to-date: /home/mcr2/ros2_ws/src/install/control_msgs/include/control_msgs/control_msgs/msg/detail/steering_controller_status__rosidl_typesupport_fastrtps_cpp.hpp
[12.682s] -- Up-to-date: /home/mcr2/ros2_ws/src/install/control_msgs/include/control_msgs/control_msgs/msg/detail/joint_tolerance__rosidl_typesupport_fastrtps_cpp.hpp
[12.684s] -- Up-to-date: /home/mcr2/ros2_ws/src/install/control_msgs/include/control_msgs/control_msgs/msg/detail/dds_fastrtps
[12.684s] -- Up-to-date: /home/mcr2/ros2_ws/src/install/control_msgs/include/control_msgs/control_msgs/msg/detail/interface_value__rosidl_typesupport_fastrtps_cpp.hpp
[12.684s] -- Up-to-date: /home/mcr2/ros2_ws/src/install/control_msgs/include/control_msgs/control_msgs/msg/detail/mecanum_drive_controller_state__rosidl_typesupport_fastrtps_cpp.hpp
[12.685s] -- Up-to-date: /home/mcr2/ros2_ws/src/install/control_msgs/include/control_msgs/control_msgs/msg/detail/joint_controller_state__rosidl_typesupport_fastrtps_cpp.hpp
[12.685s] -- Up-to-date: /home/mcr2/ros2_ws/src/install/control_msgs/include/control_msgs/control_msgs/msg/detail/pid_state__rosidl_typesupport_fastrtps_cpp.hpp
[12.685s] -- Up-to-date: /home/mcr2/ros2_ws/src/install/control_msgs/include/control_msgs/control_msgs/msg/detail/admittance_controller_state__rosidl_typesupport_fastrtps_cpp.hpp
[12.685s] -- Up-to-date: /home/mcr2/ros2_ws/src/install/control_msgs/include/control_msgs/control_msgs/msg/detail/joint_jog__rosidl_typesupport_fastrtps_cpp.hpp
[12.685s] -- Up-to-date: /home/mcr2/ros2_ws/src/install/control_msgs/include/control_msgs/control_msgs/msg/detail/joint_trajectory_controller_state__rosidl_typesupport_fastrtps_cpp.hpp
[12.686s] -- Up-to-date: /home/mcr2/ros2_ws/src/install/control_msgs/lib/libcontrol_msgs__rosidl_typesupport_fastrtps_cpp.so
[12.686s] -- Up-to-date: /home/mcr2/ros2_ws/src/install/control_msgs/include/control_msgs/control_msgs
[12.686s] -- Up-to-date: /home/mcr2/ros2_ws/src/install/control_msgs/include/control_msgs/control_msgs/action
[12.686s] -- Up-to-date: /home/mcr2/ros2_ws/src/install/control_msgs/include/control_msgs/control_msgs/action/detail
[12.686s] -- Up-to-date: /home/mcr2/ros2_ws/src/install/control_msgs/include/control_msgs/control_msgs/action/detail/joint_trajectory__rosidl_typesupport_introspection_c.h
[12.687s] -- Up-to-date: /home/mcr2/ros2_ws/src/install/control_msgs/include/control_msgs/control_msgs/action/detail/point_head__type_support.c
[12.687s] -- Up-to-date: /home/mcr2/ros2_ws/src/install/control_msgs/include/control_msgs/control_msgs/action/detail/follow_joint_trajectory__rosidl_typesupport_introspection_c.h
[12.691s] -- Up-to-date: /home/mcr2/ros2_ws/src/install/control_msgs/include/control_msgs/control_msgs/action/detail/gripper_command__type_support.c
[12.692s] -- Up-to-date: /home/mcr2/ros2_ws/src/install/control_msgs/include/control_msgs/control_msgs/action/detail/gripper_command__rosidl_typesupport_introspection_c.h
[12.693s] -- Up-to-date: /home/mcr2/ros2_ws/src/install/control_msgs/include/control_msgs/control_msgs/action/detail/single_joint_position__type_support.c
[12.693s] -- Up-to-date: /home/mcr2/ros2_ws/src/install/control_msgs/include/control_msgs/control_msgs/action/detail/single_joint_position__rosidl_typesupport_introspection_c.h
[12.694s] -- Up-to-date: /home/mcr2/ros2_ws/src/install/control_msgs/include/control_msgs/control_msgs/action/detail/follow_joint_trajectory__type_support.c
[12.694s] -- Up-to-date: /home/mcr2/ros2_ws/src/install/control_msgs/include/control_msgs/control_msgs/action/detail/joint_trajectory__type_support.c
[12.694s] -- Up-to-date: /home/mcr2/ros2_ws/src/install/control_msgs/include/control_msgs/control_msgs/action/detail/point_head__rosidl_typesupport_introspection_c.h
[12.694s] -- Up-to-date: /home/mcr2/ros2_ws/src/install/control_msgs/include/control_msgs/control_msgs/srv
[12.695s] -- Up-to-date: /home/mcr2/ros2_ws/src/install/control_msgs/include/control_msgs/control_msgs/srv/detail
[12.695s] -- Up-to-date: /home/mcr2/ros2_ws/src/install/control_msgs/include/control_msgs/control_msgs/srv/detail/query_trajectory_state__rosidl_typesupport_introspection_c.h
[12.695s] -- Up-to-date: /home/mcr2/ros2_ws/src/install/control_msgs/include/control_msgs/control_msgs/srv/detail/query_trajectory_state__type_support.c
[12.695s] -- Up-to-date: /home/mcr2/ros2_ws/src/install/control_msgs/include/control_msgs/control_msgs/srv/detail/query_calibration_state__rosidl_typesupport_introspection_c.h
[12.695s] -- Up-to-date: /home/mcr2/ros2_ws/src/install/control_msgs/include/control_msgs/control_msgs/srv/detail/query_calibration_state__type_support.c
[12.695s] -- Up-to-date: /home/mcr2/ros2_ws/src/install/control_msgs/include/control_msgs/control_msgs/msg
[12.696s] -- Up-to-date: /home/mcr2/ros2_ws/src/install/control_msgs/include/control_msgs/control_msgs/msg/rosidl_typesupport_introspection_c__visibility_control.h
[12.696s] -- Up-to-date: /home/mcr2/ros2_ws/src/install/control_msgs/include/control_msgs/control_msgs/msg/detail
[12.696s] -- Up-to-date: /home/mcr2/ros2_ws/src/install/control_msgs/include/control_msgs/control_msgs/msg/detail/admittance_controller_state__type_support.c
[12.696s] -- Up-to-date: /home/mcr2/ros2_ws/src/install/control_msgs/include/control_msgs/control_msgs/msg/detail/joint_controller_state__type_support.c
[12.696s] -- Up-to-date: /home/mcr2/ros2_ws/src/install/control_msgs/include/control_msgs/control_msgs/msg/detail/interface_value__type_support.c
[12.696s] -- Up-to-date: /home/mcr2/ros2_ws/src/install/control_msgs/include/control_msgs/control_msgs/msg/detail/joint_tolerance__type_support.c
[12.696s] -- Up-to-date: /home/mcr2/ros2_ws/src/install/control_msgs/include/control_msgs/control_msgs/msg/detail/joint_component_tolerance__type_support.c
[12.697s] -- Up-to-date: /home/mcr2/ros2_ws/src/install/control_msgs/include/control_msgs/control_msgs/msg/detail/joint_jog__rosidl_typesupport_introspection_c.h
[12.697s] -- Up-to-date: /home/mcr2/ros2_ws/src/install/control_msgs/include/control_msgs/control_msgs/msg/detail/interface_value__rosidl_typesupport_introspection_c.h
[12.697s] -- Up-to-date: /home/mcr2/ros2_ws/src/install/control_msgs/include/control_msgs/control_msgs/msg/detail/mecanum_drive_controller_state__type_support.c
[12.697s] -- Up-to-date: /home/mcr2/ros2_ws/src/install/control_msgs/include/control_msgs/control_msgs/msg/detail/joint_tolerance__rosidl_typesupport_introspection_c.h
[12.697s] -- Up-to-date: /home/mcr2/ros2_ws/src/install/control_msgs/include/control_msgs/control_msgs/msg/detail/dynamic_joint_state__type_support.c
[12.697s] -- Up-to-date: /home/mcr2/ros2_ws/src/install/control_msgs/include/control_msgs/control_msgs/msg/detail/mecanum_drive_controller_state__rosidl_typesupport_introspection_c.h
[12.698s] -- Up-to-date: /home/mcr2/ros2_ws/src/install/control_msgs/include/control_msgs/control_msgs/msg/detail/gripper_command__type_support.c
[12.698s] -- Up-to-date: /home/mcr2/ros2_ws/src/install/control_msgs/include/control_msgs/control_msgs/msg/detail/gripper_command__rosidl_typesupport_introspection_c.h
[12.698s] -- Up-to-date: /home/mcr2/ros2_ws/src/install/control_msgs/include/control_msgs/control_msgs/msg/detail/dynamic_joint_state__rosidl_typesupport_introspection_c.h
[12.698s] -- Up-to-date: /home/mcr2/ros2_ws/src/install/control_msgs/include/control_msgs/control_msgs/msg/detail/joint_controller_state__rosidl_typesupport_introspection_c.h
[12.698s] -- Up-to-date: /home/mcr2/ros2_ws/src/install/control_msgs/include/control_msgs/control_msgs/msg/detail/joint_jog__type_support.c
[12.698s] -- Up-to-date: /home/mcr2/ros2_ws/src/install/control_msgs/include/control_msgs/control_msgs/msg/detail/pid_state__rosidl_typesupport_introspection_c.h
[12.699s] -- Up-to-date: /home/mcr2/ros2_ws/src/install/control_msgs/include/control_msgs/control_msgs/msg/detail/joint_trajectory_controller_state__rosidl_typesupport_introspection_c.h
[12.699s] -- Up-to-date: /home/mcr2/ros2_ws/src/install/control_msgs/include/control_msgs/control_msgs/msg/detail/joint_trajectory_controller_state__type_support.c
[12.699s] -- Up-to-date: /home/mcr2/ros2_ws/src/install/control_msgs/include/control_msgs/control_msgs/msg/detail/steering_controller_status__type_support.c
[12.699s] -- Up-to-date: /home/mcr2/ros2_ws/src/install/control_msgs/include/control_msgs/control_msgs/msg/detail/pid_state__type_support.c
[12.699s] -- Up-to-date: /home/mcr2/ros2_ws/src/install/control_msgs/include/control_msgs/control_msgs/msg/detail/steering_controller_status__rosidl_typesupport_introspection_c.h
[12.699s] -- Up-to-date: /home/mcr2/ros2_ws/src/install/control_msgs/include/control_msgs/control_msgs/msg/detail/joint_component_tolerance__rosidl_typesupport_introspection_c.h
[12.700s] -- Up-to-date: /home/mcr2/ros2_ws/src/install/control_msgs/include/control_msgs/control_msgs/msg/detail/admittance_controller_state__rosidl_typesupport_introspection_c.h
[12.700s] -- Up-to-date: /home/mcr2/ros2_ws/src/install/control_msgs/lib/libcontrol_msgs__rosidl_typesupport_introspection_c.so
[12.700s] -- Up-to-date: /home/mcr2/ros2_ws/src/install/control_msgs/lib/libcontrol_msgs__rosidl_typesupport_c.so
[12.700s] -- Up-to-date: /home/mcr2/ros2_ws/src/install/control_msgs/include/control_msgs/control_msgs
[12.700s] -- Up-to-date: /home/mcr2/ros2_ws/src/install/control_msgs/include/control_msgs/control_msgs/action
[12.700s] -- Up-to-date: /home/mcr2/ros2_ws/src/install/control_msgs/include/control_msgs/control_msgs/action/detail
[12.700s] -- Up-to-date: /home/mcr2/ros2_ws/src/install/control_msgs/include/control_msgs/control_msgs/action/detail/single_joint_position__type_support.cpp
[12.701s] -- Up-to-date: /home/mcr2/ros2_ws/src/install/control_msgs/include/control_msgs/control_msgs/action/detail/joint_trajectory__rosidl_typesupport_introspection_cpp.hpp
[12.701s] -- Up-to-date: /home/mcr2/ros2_ws/src/install/control_msgs/include/control_msgs/control_msgs/action/detail/gripper_command__rosidl_typesupport_introspection_cpp.hpp
[12.701s] -- Up-to-date: /home/mcr2/ros2_ws/src/install/control_msgs/include/control_msgs/control_msgs/action/detail/follow_joint_trajectory__type_support.cpp
[12.701s] -- Up-to-date: /home/mcr2/ros2_ws/src/install/control_msgs/include/control_msgs/control_msgs/action/detail/gripper_command__type_support.cpp
[12.701s] -- Up-to-date: /home/mcr2/ros2_ws/src/install/control_msgs/include/control_msgs/control_msgs/action/detail/point_head__rosidl_typesupport_introspection_cpp.hpp
[12.701s] -- Up-to-date: /home/mcr2/ros2_ws/src/install/control_msgs/include/control_msgs/control_msgs/action/detail/single_joint_position__rosidl_typesupport_introspection_cpp.hpp
[12.702s] -- Up-to-date: /home/mcr2/ros2_ws/src/install/control_msgs/include/control_msgs/control_msgs/action/detail/joint_trajectory__type_support.cpp
[12.702s] -- Up-to-date: /home/mcr2/ros2_ws/src/install/control_msgs/include/control_msgs/control_msgs/action/detail/point_head__type_support.cpp
[12.702s] -- Up-to-date: /home/mcr2/ros2_ws/src/install/control_msgs/include/control_msgs/control_msgs/action/detail/follow_joint_trajectory__rosidl_typesupport_introspection_cpp.hpp
[12.702s] -- Up-to-date: /home/mcr2/ros2_ws/src/install/control_msgs/include/control_msgs/control_msgs/srv
[12.702s] -- Up-to-date: /home/mcr2/ros2_ws/src/install/control_msgs/include/control_msgs/control_msgs/srv/detail
[12.702s] -- Up-to-date: /home/mcr2/ros2_ws/src/install/control_msgs/include/control_msgs/control_msgs/srv/detail/query_trajectory_state__type_support.cpp
[12.702s] -- Up-to-date: /home/mcr2/ros2_ws/src/install/control_msgs/include/control_msgs/control_msgs/srv/detail/query_calibration_state__rosidl_typesupport_introspection_cpp.hpp
[12.703s] -- Up-to-date: /home/mcr2/ros2_ws/src/install/control_msgs/include/control_msgs/control_msgs/srv/detail/query_trajectory_state__rosidl_typesupport_introspection_cpp.hpp
[12.707s] -- Up-to-date: /home/mcr2/ros2_ws/src/install/control_msgs/include/control_msgs/control_msgs/srv/detail/query_calibration_state__type_support.cpp
[12.707s] -- Up-to-date: /home/mcr2/ros2_ws/src/install/control_msgs/include/control_msgs/control_msgs/msg
[12.708s] -- Up-to-date: /home/mcr2/ros2_ws/src/install/control_msgs/include/control_msgs/control_msgs/msg/detail
[12.708s] -- Up-to-date: /home/mcr2/ros2_ws/src/install/control_msgs/include/control_msgs/control_msgs/msg/detail/mecanum_drive_controller_state__type_support.cpp
[12.708s] -- Up-to-date: /home/mcr2/ros2_ws/src/install/control_msgs/include/control_msgs/control_msgs/msg/detail/gripper_command__rosidl_typesupport_introspection_cpp.hpp
[12.708s] -- Up-to-date: /home/mcr2/ros2_ws/src/install/control_msgs/include/control_msgs/control_msgs/msg/detail/joint_controller_state__rosidl_typesupport_introspection_cpp.hpp
[12.708s] -- Up-to-date: /home/mcr2/ros2_ws/src/install/control_msgs/include/control_msgs/control_msgs/msg/detail/joint_tolerance__type_support.cpp
[12.708s] -- Up-to-date: /home/mcr2/ros2_ws/src/install/control_msgs/include/control_msgs/control_msgs/msg/detail/steering_controller_status__rosidl_typesupport_introspection_cpp.hpp
[12.709s] -- Up-to-date: /home/mcr2/ros2_ws/src/install/control_msgs/include/control_msgs/control_msgs/msg/detail/joint_controller_state__type_support.cpp
[12.709s] -- Up-to-date: /home/mcr2/ros2_ws/src/install/control_msgs/include/control_msgs/control_msgs/msg/detail/joint_trajectory_controller_state__rosidl_typesupport_introspection_cpp.hpp
[12.709s] -- Up-to-date: /home/mcr2/ros2_ws/src/install/control_msgs/include/control_msgs/control_msgs/msg/detail/admittance_controller_state__rosidl_typesupport_introspection_cpp.hpp
[12.709s] -- Up-to-date: /home/mcr2/ros2_ws/src/install/control_msgs/include/control_msgs/control_msgs/msg/detail/gripper_command__type_support.cpp
[12.709s] -- Up-to-date: /home/mcr2/ros2_ws/src/install/control_msgs/include/control_msgs/control_msgs/msg/detail/mecanum_drive_controller_state__rosidl_typesupport_introspection_cpp.hpp
[12.709s] -- Up-to-date: /home/mcr2/ros2_ws/src/install/control_msgs/include/control_msgs/control_msgs/msg/detail/joint_tolerance__rosidl_typesupport_introspection_cpp.hpp
[12.709s] -- Up-to-date: /home/mcr2/ros2_ws/src/install/control_msgs/include/control_msgs/control_msgs/msg/detail/joint_trajectory_controller_state__type_support.cpp
[12.710s] -- Up-to-date: /home/mcr2/ros2_ws/src/install/control_msgs/include/control_msgs/control_msgs/msg/detail/joint_jog__rosidl_typesupport_introspection_cpp.hpp
[12.710s] -- Up-to-date: /home/mcr2/ros2_ws/src/install/control_msgs/include/control_msgs/control_msgs/msg/detail/dynamic_joint_state__rosidl_typesupport_introspection_cpp.hpp
[12.710s] -- Up-to-date: /home/mcr2/ros2_ws/src/install/control_msgs/include/control_msgs/control_msgs/msg/detail/joint_component_tolerance__rosidl_typesupport_introspection_cpp.hpp
[12.710s] -- Up-to-date: /home/mcr2/ros2_ws/src/install/control_msgs/include/control_msgs/control_msgs/msg/detail/admittance_controller_state__type_support.cpp
[12.710s] -- Up-to-date: /home/mcr2/ros2_ws/src/install/control_msgs/include/control_msgs/control_msgs/msg/detail/steering_controller_status__type_support.cpp
[12.710s] -- Up-to-date: /home/mcr2/ros2_ws/src/install/control_msgs/include/control_msgs/control_msgs/msg/detail/interface_value__rosidl_typesupport_introspection_cpp.hpp
[12.711s] -- Up-to-date: /home/mcr2/ros2_ws/src/install/control_msgs/include/control_msgs/control_msgs/msg/detail/joint_jog__type_support.cpp
[12.711s] -- Up-to-date: /home/mcr2/ros2_ws/src/install/control_msgs/include/control_msgs/control_msgs/msg/detail/pid_state__type_support.cpp
[12.711s] -- Up-to-date: /home/mcr2/ros2_ws/src/install/control_msgs/include/control_msgs/control_msgs/msg/detail/interface_value__type_support.cpp
[12.711s] -- Up-to-date: /home/mcr2/ros2_ws/src/install/control_msgs/include/control_msgs/control_msgs/msg/detail/dynamic_joint_state__type_support.cpp
[12.711s] -- Up-to-date: /home/mcr2/ros2_ws/src/install/control_msgs/include/control_msgs/control_msgs/msg/detail/pid_state__rosidl_typesupport_introspection_cpp.hpp
[12.711s] -- Up-to-date: /home/mcr2/ros2_ws/src/install/control_msgs/include/control_msgs/control_msgs/msg/detail/joint_component_tolerance__type_support.cpp
[12.712s] -- Up-to-date: /home/mcr2/ros2_ws/src/install/control_msgs/lib/libcontrol_msgs__rosidl_typesupport_introspection_cpp.so
[12.712s] -- Up-to-date: /home/mcr2/ros2_ws/src/install/control_msgs/lib/libcontrol_msgs__rosidl_typesupport_cpp.so
[12.712s] -- Up-to-date: /home/mcr2/ros2_ws/src/install/control_msgs/share/control_msgs/environment/pythonpath.sh
[12.712s] -- Up-to-date: /home/mcr2/ros2_ws/src/install/control_msgs/share/control_msgs/environment/pythonpath.dsv
[12.712s] -- Up-to-date: /home/mcr2/ros2_ws/src/install/control_msgs/local/lib/python3.10/dist-packages/control_msgs-4.4.0-py3.10.egg-info
[12.712s] -- Installing: /home/mcr2/ros2_ws/src/install/control_msgs/local/lib/python3.10/dist-packages/control_msgs-4.4.0-py3.10.egg-info/PKG-INFO
[12.713s] -- Installing: /home/mcr2/ros2_ws/src/install/control_msgs/local/lib/python3.10/dist-packages/control_msgs-4.4.0-py3.10.egg-info/top_level.txt
[12.713s] -- Installing: /home/mcr2/ros2_ws/src/install/control_msgs/local/lib/python3.10/dist-packages/control_msgs-4.4.0-py3.10.egg-info/SOURCES.txt
[12.713s] -- Installing: /home/mcr2/ros2_ws/src/install/control_msgs/local/lib/python3.10/dist-packages/control_msgs-4.4.0-py3.10.egg-info/dependency_links.txt
[12.713s] -- Up-to-date: /home/mcr2/ros2_ws/src/install/control_msgs/local/lib/python3.10/dist-packages/control_msgs
[12.713s] -- Up-to-date: /home/mcr2/ros2_ws/src/install/control_msgs/local/lib/python3.10/dist-packages/control_msgs/action
[12.713s] -- Up-to-date: /home/mcr2/ros2_ws/src/install/control_msgs/local/lib/python3.10/dist-packages/control_msgs/action/_gripper_command_s.c
[12.713s] -- Up-to-date: /home/mcr2/ros2_ws/src/install/control_msgs/local/lib/python3.10/dist-packages/control_msgs/action/_single_joint_position.py
[12.714s] -- Up-to-date: /home/mcr2/ros2_ws/src/install/control_msgs/local/lib/python3.10/dist-packages/control_msgs/action/_joint_trajectory_s.c
[12.714s] -- Up-to-date: /home/mcr2/ros2_ws/src/install/control_msgs/local/lib/python3.10/dist-packages/control_msgs/action/_gripper_command.py
[12.714s] -- Up-to-date: /home/mcr2/ros2_ws/src/install/control_msgs/local/lib/python3.10/dist-packages/control_msgs/action/_point_head_s.c
[12.714s] -- Up-to-date: /home/mcr2/ros2_ws/src/install/control_msgs/local/lib/python3.10/dist-packages/control_msgs/action/_point_head.py
[12.714s] -- Up-to-date: /home/mcr2/ros2_ws/src/install/control_msgs/local/lib/python3.10/dist-packages/control_msgs/action/_follow_joint_trajectory_s.c
[12.714s] -- Up-to-date: /home/mcr2/ros2_ws/src/install/control_msgs/local/lib/python3.10/dist-packages/control_msgs/action/_follow_joint_trajectory.py
[12.715s] -- Up-to-date: /home/mcr2/ros2_ws/src/install/control_msgs/local/lib/python3.10/dist-packages/control_msgs/action/_single_joint_position_s.c
[12.715s] -- Up-to-date: /home/mcr2/ros2_ws/src/install/control_msgs/local/lib/python3.10/dist-packages/control_msgs/action/_joint_trajectory.py
[12.715s] -- Up-to-date: /home/mcr2/ros2_ws/src/install/control_msgs/local/lib/python3.10/dist-packages/control_msgs/action/__init__.py
[12.715s] -- Up-to-date: /home/mcr2/ros2_ws/src/install/control_msgs/local/lib/python3.10/dist-packages/control_msgs/srv
[12.715s] -- Up-to-date: /home/mcr2/ros2_ws/src/install/control_msgs/local/lib/python3.10/dist-packages/control_msgs/srv/_query_calibration_state.py
[12.715s] -- Up-to-date: /home/mcr2/ros2_ws/src/install/control_msgs/local/lib/python3.10/dist-packages/control_msgs/srv/_query_calibration_state_s.c
[12.716s] -- Up-to-date: /home/mcr2/ros2_ws/src/install/control_msgs/local/lib/python3.10/dist-packages/control_msgs/srv/_query_trajectory_state.py
[12.716s] -- Up-to-date: /home/mcr2/ros2_ws/src/install/control_msgs/local/lib/python3.10/dist-packages/control_msgs/srv/__init__.py
[12.716s] -- Up-to-date: /home/mcr2/ros2_ws/src/install/control_msgs/local/lib/python3.10/dist-packages/control_msgs/srv/_query_trajectory_state_s.c
[12.716s] -- Up-to-date: /home/mcr2/ros2_ws/src/install/control_msgs/local/lib/python3.10/dist-packages/control_msgs/control_msgs_s__rosidl_typesupport_c.cpython-310-x86_64-linux-gnu.so
[12.716s] -- Up-to-date: /home/mcr2/ros2_ws/src/install/control_msgs/local/lib/python3.10/dist-packages/control_msgs/_control_msgs_s.ep.rosidl_typesupport_c.c
[12.716s] -- Up-to-date: /home/mcr2/ros2_ws/src/install/control_msgs/local/lib/python3.10/dist-packages/control_msgs/control_msgs_s__rosidl_typesupport_fastrtps_c.cpython-310-x86_64-linux-gnu.so
[12.717s] -- Up-to-date: /home/mcr2/ros2_ws/src/install/control_msgs/local/lib/python3.10/dist-packages/control_msgs/_control_msgs_s.ep.rosidl_typesupport_introspection_c.c
[12.717s] -- Up-to-date: /home/mcr2/ros2_ws/src/install/control_msgs/local/lib/python3.10/dist-packages/control_msgs/msg
[12.717s] -- Up-to-date: /home/mcr2/ros2_ws/src/install/control_msgs/local/lib/python3.10/dist-packages/control_msgs/msg/_admittance_controller_state_s.c
[12.717s] -- Up-to-date: /home/mcr2/ros2_ws/src/install/control_msgs/local/lib/python3.10/dist-packages/control_msgs/msg/_joint_jog.py
[12.717s] -- Up-to-date: /home/mcr2/ros2_ws/src/install/control_msgs/local/lib/python3.10/dist-packages/control_msgs/msg/_gripper_command_s.c
[12.717s] -- Up-to-date: /home/mcr2/ros2_ws/src/install/control_msgs/local/lib/python3.10/dist-packages/control_msgs/msg/_steering_controller_status_s.c
[12.718s] -- Up-to-date: /home/mcr2/ros2_ws/src/install/control_msgs/local/lib/python3.10/dist-packages/control_msgs/msg/_joint_controller_state.py
[12.718s] -- Up-to-date: /home/mcr2/ros2_ws/src/install/control_msgs/local/lib/python3.10/dist-packages/control_msgs/msg/_joint_tolerance.py
[12.718s] -- Up-to-date: /home/mcr2/ros2_ws/src/install/control_msgs/local/lib/python3.10/dist-packages/control_msgs/msg/_interface_value.py
[12.718s] -- Up-to-date: /home/mcr2/ros2_ws/src/install/control_msgs/local/lib/python3.10/dist-packages/control_msgs/msg/_gripper_command.py
[12.718s] -- Up-to-date: /home/mcr2/ros2_ws/src/install/control_msgs/local/lib/python3.10/dist-packages/control_msgs/msg/_dynamic_joint_state.py
[12.718s] -- Up-to-date: /home/mcr2/ros2_ws/src/install/control_msgs/local/lib/python3.10/dist-packages/control_msgs/msg/_mecanum_drive_controller_state_s.c
[12.719s] -- Up-to-date: /home/mcr2/ros2_ws/src/install/control_msgs/local/lib/python3.10/dist-packages/control_msgs/msg/_joint_component_tolerance.py
[12.719s] -- Up-to-date: /home/mcr2/ros2_ws/src/install/control_msgs/local/lib/python3.10/dist-packages/control_msgs/msg/_interface_value_s.c
[12.719s] -- Up-to-date: /home/mcr2/ros2_ws/src/install/control_msgs/local/lib/python3.10/dist-packages/control_msgs/msg/_joint_component_tolerance_s.c
[12.719s] -- Up-to-date: /home/mcr2/ros2_ws/src/install/control_msgs/local/lib/python3.10/dist-packages/control_msgs/msg/_mecanum_drive_controller_state.py
[12.720s] -- Up-to-date: /home/mcr2/ros2_ws/src/install/control_msgs/local/lib/python3.10/dist-packages/control_msgs/msg/_joint_trajectory_controller_state_s.c
[12.720s] -- Up-to-date: /home/mcr2/ros2_ws/src/install/control_msgs/local/lib/python3.10/dist-packages/control_msgs/msg/_pid_state_s.c
[12.720s] -- Up-to-date: /home/mcr2/ros2_ws/src/install/control_msgs/local/lib/python3.10/dist-packages/control_msgs/msg/_joint_trajectory_controller_state.py
[12.720s] -- Up-to-date: /home/mcr2/ros2_ws/src/install/control_msgs/local/lib/python3.10/dist-packages/control_msgs/msg/_pid_state.py
[12.720s] -- Up-to-date: /home/mcr2/ros2_ws/src/install/control_msgs/local/lib/python3.10/dist-packages/control_msgs/msg/_joint_jog_s.c
[12.721s] -- Up-to-date: /home/mcr2/ros2_ws/src/install/control_msgs/local/lib/python3.10/dist-packages/control_msgs/msg/_admittance_controller_state.py
[12.721s] -- Up-to-date: /home/mcr2/ros2_ws/src/install/control_msgs/local/lib/python3.10/dist-packages/control_msgs/msg/_joint_tolerance_s.c
[12.721s] -- Up-to-date: /home/mcr2/ros2_ws/src/install/control_msgs/local/lib/python3.10/dist-packages/control_msgs/msg/_steering_controller_status.py
[12.721s] -- Up-to-date: /home/mcr2/ros2_ws/src/install/control_msgs/local/lib/python3.10/dist-packages/control_msgs/msg/_dynamic_joint_state_s.c
[12.721s] -- Up-to-date: /home/mcr2/ros2_ws/src/install/control_msgs/local/lib/python3.10/dist-packages/control_msgs/msg/__init__.py
[12.721s] -- Up-to-date: /home/mcr2/ros2_ws/src/install/control_msgs/local/lib/python3.10/dist-packages/control_msgs/msg/_joint_controller_state_s.c
[12.722s] -- Up-to-date: /home/mcr2/ros2_ws/src/install/control_msgs/local/lib/python3.10/dist-packages/control_msgs/control_msgs_s__rosidl_typesupport_introspection_c.cpython-310-x86_64-linux-gnu.so
[12.722s] -- Up-to-date: /home/mcr2/ros2_ws/src/install/control_msgs/local/lib/python3.10/dist-packages/control_msgs/_control_msgs_s.ep.rosidl_typesupport_fastrtps_c.c
[12.722s] -- Up-to-date: /home/mcr2/ros2_ws/src/install/control_msgs/local/lib/python3.10/dist-packages/control_msgs/libcontrol_msgs__rosidl_generator_py.so
[12.722s] -- Up-to-date: /home/mcr2/ros2_ws/src/install/control_msgs/local/lib/python3.10/dist-packages/control_msgs/__init__.py
[13.066s] Listing '/home/mcr2/ros2_ws/src/install/control_msgs/local/lib/python3.10/dist-packages/control_msgs'...
[13.067s] Listing '/home/mcr2/ros2_ws/src/install/control_msgs/local/lib/python3.10/dist-packages/control_msgs/action'...
[13.068s] Listing '/home/mcr2/ros2_ws/src/install/control_msgs/local/lib/python3.10/dist-packages/control_msgs/msg'...
[13.069s] Listing '/home/mcr2/ros2_ws/src/install/control_msgs/local/lib/python3.10/dist-packages/control_msgs/srv'...
[13.073s] -- Up-to-date: /home/mcr2/ros2_ws/src/install/control_msgs/local/lib/python3.10/dist-packages/control_msgs/control_msgs_s__rosidl_typesupport_fastrtps_c.cpython-310-x86_64-linux-gnu.so
[13.084s] -- Up-to-date: /home/mcr2/ros2_ws/src/install/control_msgs/local/lib/python3.10/dist-packages/control_msgs/control_msgs_s__rosidl_typesupport_introspection_c.cpython-310-x86_64-linux-gnu.so
[13.141s] -- Up-to-date: /home/mcr2/ros2_ws/src/install/control_msgs/local/lib/python3.10/dist-packages/control_msgs/control_msgs_s__rosidl_typesupport_c.cpython-310-x86_64-linux-gnu.so
[13.142s] -- Up-to-date: /home/mcr2/ros2_ws/src/install/control_msgs/lib/libcontrol_msgs__rosidl_generator_py.so
[13.143s] -- Up-to-date: /home/mcr2/ros2_ws/src/install/control_msgs/share/control_msgs/action/FollowJointTrajectory.idl
[13.143s] -- Up-to-date: /home/mcr2/ros2_ws/src/install/control_msgs/share/control_msgs/action/GripperCommand.idl
[13.143s] -- Up-to-date: /home/mcr2/ros2_ws/src/install/control_msgs/share/control_msgs/action/JointTrajectory.idl
[13.143s] -- Up-to-date: /home/mcr2/ros2_ws/src/install/control_msgs/share/control_msgs/action/PointHead.idl
[13.144s] -- Up-to-date: /home/mcr2/ros2_ws/src/install/control_msgs/share/control_msgs/action/SingleJointPosition.idl
[13.144s] -- Up-to-date: /home/mcr2/ros2_ws/src/install/control_msgs/share/control_msgs/msg/AdmittanceControllerState.idl
[13.144s] -- Up-to-date: /home/mcr2/ros2_ws/src/install/control_msgs/share/control_msgs/msg/DynamicJointState.idl
[13.144s] -- Up-to-date: /home/mcr2/ros2_ws/src/install/control_msgs/share/control_msgs/msg/GripperCommand.idl
[13.160s] -- Up-to-date: /home/mcr2/ros2_ws/src/install/control_msgs/share/control_msgs/msg/InterfaceValue.idl
[13.160s] -- Up-to-date: /home/mcr2/ros2_ws/src/install/control_msgs/share/control_msgs/msg/JointComponentTolerance.idl
[13.161s] -- Up-to-date: /home/mcr2/ros2_ws/src/install/control_msgs/share/control_msgs/msg/JointControllerState.idl
[13.161s] -- Up-to-date: /home/mcr2/ros2_ws/src/install/control_msgs/share/control_msgs/msg/JointJog.idl
[13.161s] -- Up-to-date: /home/mcr2/ros2_ws/src/install/control_msgs/share/control_msgs/msg/JointTolerance.idl
[13.161s] -- Up-to-date: /home/mcr2/ros2_ws/src/install/control_msgs/share/control_msgs/msg/JointTrajectoryControllerState.idl
[13.162s] -- Up-to-date: /home/mcr2/ros2_ws/src/install/control_msgs/share/control_msgs/msg/MecanumDriveControllerState.idl
[13.190s] -- Up-to-date: /home/mcr2/ros2_ws/src/install/control_msgs/share/control_msgs/msg/PidState.idl
[13.190s] -- Up-to-date: /home/mcr2/ros2_ws/src/install/control_msgs/share/control_msgs/msg/SteeringControllerStatus.idl
[13.191s] -- Up-to-date: /home/mcr2/ros2_ws/src/install/control_msgs/share/control_msgs/srv/QueryCalibrationState.idl
[13.191s] -- Up-to-date: /home/mcr2/ros2_ws/src/install/control_msgs/share/control_msgs/srv/QueryTrajectoryState.idl
[13.191s] -- Up-to-date: /home/mcr2/ros2_ws/src/install/control_msgs/share/control_msgs/action/FollowJointTrajectory.action
[13.191s] -- Up-to-date: /home/mcr2/ros2_ws/src/install/control_msgs/share/control_msgs/action/GripperCommand.action
[13.192s] -- Up-to-date: /home/mcr2/ros2_ws/src/install/control_msgs/share/control_msgs/action/JointTrajectory.action
[13.192s] -- Up-to-date: /home/mcr2/ros2_ws/src/install/control_msgs/share/control_msgs/action/PointHead.action
[13.192s] -- Up-to-date: /home/mcr2/ros2_ws/src/install/control_msgs/share/control_msgs/action/SingleJointPosition.action
[13.192s] -- Up-to-date: /home/mcr2/ros2_ws/src/install/control_msgs/share/control_msgs/msg/AdmittanceControllerState.msg
[13.192s] -- Up-to-date: /home/mcr2/ros2_ws/src/install/control_msgs/share/control_msgs/msg/DynamicJointState.msg
[13.193s] -- Up-to-date: /home/mcr2/ros2_ws/src/install/control_msgs/share/control_msgs/msg/GripperCommand.msg
[13.193s] -- Up-to-date: /home/mcr2/ros2_ws/src/install/control_msgs/share/control_msgs/msg/InterfaceValue.msg
[13.227s] -- Up-to-date: /home/mcr2/ros2_ws/src/install/control_msgs/share/control_msgs/msg/JointComponentTolerance.msg
[13.228s] -- Up-to-date: /home/mcr2/ros2_ws/src/install/control_msgs/share/control_msgs/msg/JointControllerState.msg
[13.228s] -- Up-to-date: /home/mcr2/ros2_ws/src/install/control_msgs/share/control_msgs/msg/JointJog.msg
[13.228s] -- Up-to-date: /home/mcr2/ros2_ws/src/install/control_msgs/share/control_msgs/msg/JointTolerance.msg
[13.229s] -- Up-to-date: /home/mcr2/ros2_ws/src/install/control_msgs/share/control_msgs/msg/JointTrajectoryControllerState.msg
[13.229s] -- Up-to-date: /home/mcr2/ros2_ws/src/install/control_msgs/share/control_msgs/msg/MecanumDriveControllerState.msg
[13.229s] -- Up-to-date: /home/mcr2/ros2_ws/src/install/control_msgs/share/control_msgs/msg/PidState.msg
[13.229s] -- Up-to-date: /home/mcr2/ros2_ws/src/install/control_msgs/share/control_msgs/msg/SteeringControllerStatus.msg
[13.229s] -- Up-to-date: /home/mcr2/ros2_ws/src/install/control_msgs/share/control_msgs/srv/QueryCalibrationState.srv
[13.230s] -- Up-to-date: /home/mcr2/ros2_ws/src/install/control_msgs/share/control_msgs/srv/QueryCalibrationState_Request.msg
[13.230s] -- Up-to-date: /home/mcr2/ros2_ws/src/install/control_msgs/share/control_msgs/srv/QueryCalibrationState_Response.msg
[13.230s] -- Up-to-date: /home/mcr2/ros2_ws/src/install/control_msgs/share/control_msgs/srv/QueryTrajectoryState.srv
[13.230s] -- Up-to-date: /home/mcr2/ros2_ws/src/install/control_msgs/share/control_msgs/srv/QueryTrajectoryState_Request.msg
[13.231s] -- Up-to-date: /home/mcr2/ros2_ws/src/install/control_msgs/share/control_msgs/srv/QueryTrajectoryState_Response.msg
[13.231s] -- Up-to-date: /home/mcr2/ros2_ws/src/install/control_msgs/share/ament_index/resource_index/package_run_dependencies/control_msgs
[13.231s] -- Up-to-date: /home/mcr2/ros2_ws/src/install/control_msgs/share/ament_index/resource_index/parent_prefix_path/control_msgs
[13.231s] -- Up-to-date: /home/mcr2/ros2_ws/src/install/control_msgs/share/control_msgs/environment/ament_prefix_path.sh
[13.231s] -- Up-to-date: /home/mcr2/ros2_ws/src/install/control_msgs/share/control_msgs/environment/ament_prefix_path.dsv
[13.232s] -- Up-to-date: /home/mcr2/ros2_ws/src/install/control_msgs/share/control_msgs/environment/path.sh
[13.258s] -- Up-to-date: /home/mcr2/ros2_ws/src/install/control_msgs/share/control_msgs/environment/path.dsv
[13.259s] -- Up-to-date: /home/mcr2/ros2_ws/src/install/control_msgs/share/control_msgs/local_setup.bash
[13.260s] -- Up-to-date: /home/mcr2/ros2_ws/src/install/control_msgs/share/control_msgs/local_setup.sh
[13.260s] -- Up-to-date: /home/mcr2/ros2_ws/src/install/control_msgs/share/control_msgs/local_setup.zsh
[13.260s] -- Up-to-date: /home/mcr2/ros2_ws/src/install/control_msgs/share/control_msgs/local_setup.dsv
[13.261s] -- Installing: /home/mcr2/ros2_ws/src/install/control_msgs/share/control_msgs/package.dsv
[13.261s] -- Up-to-date: /home/mcr2/ros2_ws/src/install/control_msgs/share/ament_index/resource_index/packages/control_msgs
[13.261s] -- Up-to-date: /home/mcr2/ros2_ws/src/install/control_msgs/share/control_msgs/cmake/export_control_msgs__rosidl_generator_cExport.cmake
[13.261s] -- Up-to-date: /home/mcr2/ros2_ws/src/install/control_msgs/share/control_msgs/cmake/export_control_msgs__rosidl_generator_cExport-noconfig.cmake
[13.262s] -- Up-to-date: /home/mcr2/ros2_ws/src/install/control_msgs/share/control_msgs/cmake/export_control_msgs__rosidl_typesupport_fastrtps_cExport.cmake
[13.262s] -- Up-to-date: /home/mcr2/ros2_ws/src/install/control_msgs/share/control_msgs/cmake/export_control_msgs__rosidl_typesupport_fastrtps_cExport-noconfig.cmake
[13.262s] -- Up-to-date: /home/mcr2/ros2_ws/src/install/control_msgs/share/control_msgs/cmake/export_control_msgs__rosidl_generator_cppExport.cmake
[13.262s] -- Up-to-date: /home/mcr2/ros2_ws/src/install/control_msgs/share/control_msgs/cmake/export_control_msgs__rosidl_typesupport_fastrtps_cppExport.cmake
[13.311s] -- Up-to-date: /home/mcr2/ros2_ws/src/install/control_msgs/share/control_msgs/cmake/export_control_msgs__rosidl_typesupport_fastrtps_cppExport-noconfig.cmake
[13.312s] -- Up-to-date: /home/mcr2/ros2_ws/src/install/control_msgs/share/control_msgs/cmake/control_msgs__rosidl_typesupport_introspection_cExport.cmake
[13.312s] -- Up-to-date: /home/mcr2/ros2_ws/src/install/control_msgs/share/control_msgs/cmake/control_msgs__rosidl_typesupport_introspection_cExport-noconfig.cmake
[13.312s] -- Up-to-date: /home/mcr2/ros2_ws/src/install/control_msgs/share/control_msgs/cmake/control_msgs__rosidl_typesupport_cExport.cmake
[13.312s] -- Up-to-date: /home/mcr2/ros2_ws/src/install/control_msgs/share/control_msgs/cmake/control_msgs__rosidl_typesupport_cExport-noconfig.cmake
[13.313s] -- Up-to-date: /home/mcr2/ros2_ws/src/install/control_msgs/share/control_msgs/cmake/control_msgs__rosidl_typesupport_introspection_cppExport.cmake
[13.313s] -- Up-to-date: /home/mcr2/ros2_ws/src/install/control_msgs/share/control_msgs/cmake/control_msgs__rosidl_typesupport_introspection_cppExport-noconfig.cmake
[13.314s] -- Up-to-date: /home/mcr2/ros2_ws/src/install/control_msgs/share/control_msgs/cmake/control_msgs__rosidl_typesupport_cppExport.cmake
[13.316s] -- Up-to-date: /home/mcr2/ros2_ws/src/install/control_msgs/share/control_msgs/cmake/control_msgs__rosidl_typesupport_cppExport-noconfig.cmake
[13.317s] -- Up-to-date: /home/mcr2/ros2_ws/src/install/control_msgs/share/control_msgs/cmake/export_control_msgs__rosidl_generator_pyExport.cmake
[13.320s] -- Up-to-date: /home/mcr2/ros2_ws/src/install/control_msgs/share/control_msgs/cmake/export_control_msgs__rosidl_generator_pyExport-noconfig.cmake
[13.322s] -- Up-to-date: /home/mcr2/ros2_ws/src/install/control_msgs/share/control_msgs/cmake/rosidl_cmake-extras.cmake
[13.322s] -- Up-to-date: /home/mcr2/ros2_ws/src/install/control_msgs/share/control_msgs/cmake/ament_cmake_export_dependencies-extras.cmake
[13.323s] -- Up-to-date: /home/mcr2/ros2_ws/src/install/control_msgs/share/control_msgs/cmake/ament_cmake_export_include_directories-extras.cmake
[13.323s] -- Up-to-date: /home/mcr2/ros2_ws/src/install/control_msgs/share/control_msgs/cmake/ament_cmake_export_libraries-extras.cmake
[13.323s] -- Up-to-date: /home/mcr2/ros2_ws/src/install/control_msgs/share/control_msgs/cmake/ament_cmake_export_targets-extras.cmake
[13.324s] -- Up-to-date: /home/mcr2/ros2_ws/src/install/control_msgs/share/control_msgs/cmake/rosidl_cmake_export_typesupport_targets-extras.cmake
[13.324s] -- Up-to-date: /home/mcr2/ros2_ws/src/install/control_msgs/share/control_msgs/cmake/rosidl_cmake_export_typesupport_libraries-extras.cmake
[13.324s] -- Up-to-date: /home/mcr2/ros2_ws/src/install/control_msgs/share/control_msgs/cmake/control_msgsConfig.cmake
[13.324s] -- Up-to-date: /home/mcr2/ros2_ws/src/install/control_msgs/share/control_msgs/cmake/control_msgsConfig-version.cmake
[13.325s] -- Up-to-date: /home/mcr2/ros2_ws/src/install/control_msgs/share/control_msgs/package.xml
[13.327s] Invoked command in '/home/mcr2/ros2_ws/src/build/control_msgs' returned '0': CMAKE_PREFIX_PATH=${CMAKE_PREFIX_PATH}:/opt/ros/humble /usr/bin/cmake --install /home/mcr2/ros2_ws/src/build/control_msgs
