[0.641s] Invoking command in '/home/mcr2/ros2_ws/src/build/controller_manager_msgs': CMAKE_PREFIX_PATH=${CMAKE_PREFIX_PATH}:/opt/ros/humble /usr/bin/cmake --build /home/mcr2/ros2_ws/src/build/controller_manager_msgs -- -j4 -l4
[1.217s] [35m[1mConsolidate compiler generated dependencies of target controller_manager_msgs__rosidl_generator_c[0m
[1.285s] [  0%] Built target controller_manager_msgs__cpp
[1.401s] [ 12%] Built target controller_manager_msgs__rosidl_generator_c
[1.615s] [35m[1mConsolidate compiler generated dependencies of target controller_manager_msgs__rosidl_typesupport_fastrtps_cpp[0m
[1.743s] [ 12%] Built target ament_cmake_python_copy_controller_manager_msgs
[2.026s] [ 24%] Built target controller_manager_msgs__rosidl_typesupport_fastrtps_cpp
[2.028s] [35m[1mConsolidate compiler generated dependencies of target controller_manager_msgs__rosidl_typesupport_introspection_cpp[0m
[2.183s] [35m[1mConsolidate compiler generated dependencies of target controller_manager_msgs__rosidl_typesupport_fastrtps_c[0m
[2.186s] [ 36%] Built target controller_manager_msgs__rosidl_typesupport_introspection_cpp
[2.361s] [35m[1mConsolidate compiler generated dependencies of target controller_manager_msgs__rosidl_typesupport_introspection_c[0m
[2.446s] [ 48%] Built target controller_manager_msgs__rosidl_typesupport_fastrtps_c
[2.472s] [ 60%] Built target controller_manager_msgs__rosidl_typesupport_introspection_c
[3.560s] running egg_info
[3.561s] writing controller_manager_msgs.egg-info/PKG-INFO
[3.561s] writing dependency_links to controller_manager_msgs.egg-info/dependency_links.txt
[3.571s] writing top-level names to controller_manager_msgs.egg-info/top_level.txt
[3.590s] reading manifest file 'controller_manager_msgs.egg-info/SOURCES.txt'
[3.591s] writing manifest file 'controller_manager_msgs.egg-info/SOURCES.txt'
[3.755s] [ 60%] Built target ament_cmake_python_build_controller_manager_msgs_egg
[3.861s] [35m[1mConsolidate compiler generated dependencies of target controller_manager_msgs__rosidl_typesupport_c[0m
[3.931s] [ 72%] Built target controller_manager_msgs__rosidl_typesupport_c
[4.059s] [35m[1mConsolidate compiler generated dependencies of target controller_manager_msgs__rosidl_typesupport_cpp[0m
[4.157s] [ 84%] Built target controller_manager_msgs__rosidl_typesupport_cpp
[4.368s] [ 84%] Built target controller_manager_msgs
[4.549s] [ 85%] Built target controller_manager_msgs__py
[4.673s] [35m[1mConsolidate compiler generated dependencies of target controller_manager_msgs__rosidl_generator_py[0m
[4.939s] [ 96%] Built target controller_manager_msgs__rosidl_generator_py
[5.019s] [35m[1mConsolidate compiler generated dependencies of target controller_manager_msgs__rosidl_typesupport_fastrtps_c__pyext[0m
[5.078s] [ 97%] Built target controller_manager_msgs__rosidl_typesupport_fastrtps_c__pyext
[5.162s] [35m[1mConsolidate compiler generated dependencies of target controller_manager_msgs__rosidl_typesupport_c__pyext[0m
[5.233s] [ 98%] Built target controller_manager_msgs__rosidl_typesupport_c__pyext
[5.312s] [35m[1mConsolidate compiler generated dependencies of target controller_manager_msgs__rosidl_typesupport_introspection_c__pyext[0m
[5.364s] [100%] Built target controller_manager_msgs__rosidl_typesupport_introspection_c__pyext
[5.902s] Invoked command in '/home/mcr2/ros2_ws/src/build/controller_manager_msgs' returned '0': CMAKE_PREFIX_PATH=${CMAKE_PREFIX_PATH}:/opt/ros/humble /usr/bin/cmake --build /home/mcr2/ros2_ws/src/build/controller_manager_msgs -- -j4 -l4
[8.739s] Invoking command in '/home/mcr2/ros2_ws/src/build/controller_manager_msgs': CMAKE_PREFIX_PATH=${CMAKE_PREFIX_PATH}:/opt/ros/humble /usr/bin/cmake --install /home/mcr2/ros2_ws/src/build/controller_manager_msgs
[8.791s] -- Install configuration: ""
[8.792s] -- Up-to-date: /home/mcr2/ros2_ws/src/install/controller_manager_msgs/share/ament_index/resource_index/rosidl_interfaces/controller_manager_msgs
[8.792s] -- Up-to-date: /home/mcr2/ros2_ws/src/install/controller_manager_msgs/include/controller_manager_msgs/controller_manager_msgs
[8.793s] -- Up-to-date: /home/mcr2/ros2_ws/src/install/controller_manager_msgs/include/controller_manager_msgs/controller_manager_msgs/srv
[8.793s] -- Up-to-date: /home/mcr2/ros2_ws/src/install/controller_manager_msgs/include/controller_manager_msgs/controller_manager_msgs/srv/reload_controller_libraries.h
[8.793s] -- Up-to-date: /home/mcr2/ros2_ws/src/install/controller_manager_msgs/include/controller_manager_msgs/controller_manager_msgs/srv/set_hardware_component_state.h
[8.793s] -- Up-to-date: /home/mcr2/ros2_ws/src/install/controller_manager_msgs/include/controller_manager_msgs/controller_manager_msgs/srv/list_controller_types.h
[8.793s] -- Up-to-date: /home/mcr2/ros2_ws/src/install/controller_manager_msgs/include/controller_manager_msgs/controller_manager_msgs/srv/configure_controller.h
[8.793s] -- Up-to-date: /home/mcr2/ros2_ws/src/install/controller_manager_msgs/include/controller_manager_msgs/controller_manager_msgs/srv/switch_controller.h
[8.794s] -- Up-to-date: /home/mcr2/ros2_ws/src/install/controller_manager_msgs/include/controller_manager_msgs/controller_manager_msgs/srv/unload_controller.h
[8.794s] -- Up-to-date: /home/mcr2/ros2_ws/src/install/controller_manager_msgs/include/controller_manager_msgs/controller_manager_msgs/srv/detail
[8.794s] -- Up-to-date: /home/mcr2/ros2_ws/src/install/controller_manager_msgs/include/controller_manager_msgs/controller_manager_msgs/srv/detail/reload_controller_libraries__functions.c
[8.794s] -- Up-to-date: /home/mcr2/ros2_ws/src/install/controller_manager_msgs/include/controller_manager_msgs/controller_manager_msgs/srv/detail/list_hardware_interfaces__functions.c
[8.794s] -- Up-to-date: /home/mcr2/ros2_ws/src/install/controller_manager_msgs/include/controller_manager_msgs/controller_manager_msgs/srv/detail/configure_controller__functions.h
[8.794s] -- Up-to-date: /home/mcr2/ros2_ws/src/install/controller_manager_msgs/include/controller_manager_msgs/controller_manager_msgs/srv/detail/load_controller__functions.h
[8.795s] -- Up-to-date: /home/mcr2/ros2_ws/src/install/controller_manager_msgs/include/controller_manager_msgs/controller_manager_msgs/srv/detail/set_hardware_component_state__functions.h
[8.795s] -- Up-to-date: /home/mcr2/ros2_ws/src/install/controller_manager_msgs/include/controller_manager_msgs/controller_manager_msgs/srv/detail/unload_controller__type_support.h
[8.795s] -- Up-to-date: /home/mcr2/ros2_ws/src/install/controller_manager_msgs/include/controller_manager_msgs/controller_manager_msgs/srv/detail/reload_controller_libraries__functions.h
[8.795s] -- Up-to-date: /home/mcr2/ros2_ws/src/install/controller_manager_msgs/include/controller_manager_msgs/controller_manager_msgs/srv/detail/list_hardware_components__functions.c
[8.795s] -- Up-to-date: /home/mcr2/ros2_ws/src/install/controller_manager_msgs/include/controller_manager_msgs/controller_manager_msgs/srv/detail/list_controller_types__type_support.h
[8.795s] -- Up-to-date: /home/mcr2/ros2_ws/src/install/controller_manager_msgs/include/controller_manager_msgs/controller_manager_msgs/srv/detail/list_hardware_components__functions.h
[8.796s] -- Up-to-date: /home/mcr2/ros2_ws/src/install/controller_manager_msgs/include/controller_manager_msgs/controller_manager_msgs/srv/detail/set_hardware_component_state__type_support.h
[8.796s] -- Up-to-date: /home/mcr2/ros2_ws/src/install/controller_manager_msgs/include/controller_manager_msgs/controller_manager_msgs/srv/detail/switch_controller__type_support.h
[8.796s] -- Up-to-date: /home/mcr2/ros2_ws/src/install/controller_manager_msgs/include/controller_manager_msgs/controller_manager_msgs/srv/detail/load_controller__struct.h
[8.796s] -- Up-to-date: /home/mcr2/ros2_ws/src/install/controller_manager_msgs/include/controller_manager_msgs/controller_manager_msgs/srv/detail/configure_controller__struct.h
[8.796s] -- Up-to-date: /home/mcr2/ros2_ws/src/install/controller_manager_msgs/include/controller_manager_msgs/controller_manager_msgs/srv/detail/list_hardware_interfaces__functions.h
[8.796s] -- Up-to-date: /home/mcr2/ros2_ws/src/install/controller_manager_msgs/include/controller_manager_msgs/controller_manager_msgs/srv/detail/unload_controller__struct.h
[8.797s] -- Up-to-date: /home/mcr2/ros2_ws/src/install/controller_manager_msgs/include/controller_manager_msgs/controller_manager_msgs/srv/detail/list_controller_types__functions.c
[8.797s] -- Up-to-date: /home/mcr2/ros2_ws/src/install/controller_manager_msgs/include/controller_manager_msgs/controller_manager_msgs/srv/detail/list_controller_types__functions.h
[8.797s] -- Up-to-date: /home/mcr2/ros2_ws/src/install/controller_manager_msgs/include/controller_manager_msgs/controller_manager_msgs/srv/detail/list_controllers__type_support.h
[8.801s] -- Up-to-date: /home/mcr2/ros2_ws/src/install/controller_manager_msgs/include/controller_manager_msgs/controller_manager_msgs/srv/detail/list_controllers__struct.h
[8.801s] -- Up-to-date: /home/mcr2/ros2_ws/src/install/controller_manager_msgs/include/controller_manager_msgs/controller_manager_msgs/srv/detail/list_hardware_components__struct.h
[8.810s] -- Up-to-date: /home/mcr2/ros2_ws/src/install/controller_manager_msgs/include/controller_manager_msgs/controller_manager_msgs/srv/detail/list_controllers__functions.h
[8.811s] -- Up-to-date: /home/mcr2/ros2_ws/src/install/controller_manager_msgs/include/controller_manager_msgs/controller_manager_msgs/srv/detail/load_controller__functions.c
[8.811s] -- Up-to-date: /home/mcr2/ros2_ws/src/install/controller_manager_msgs/include/controller_manager_msgs/controller_manager_msgs/srv/detail/switch_controller__functions.h
[8.811s] -- Up-to-date: /home/mcr2/ros2_ws/src/install/controller_manager_msgs/include/controller_manager_msgs/controller_manager_msgs/srv/detail/list_controllers__functions.c
[8.812s] -- Up-to-date: /home/mcr2/ros2_ws/src/install/controller_manager_msgs/include/controller_manager_msgs/controller_manager_msgs/srv/detail/unload_controller__functions.h
[8.812s] -- Up-to-date: /home/mcr2/ros2_ws/src/install/controller_manager_msgs/include/controller_manager_msgs/controller_manager_msgs/srv/detail/list_controller_types__struct.h
[8.812s] -- Up-to-date: /home/mcr2/ros2_ws/src/install/controller_manager_msgs/include/controller_manager_msgs/controller_manager_msgs/srv/detail/list_hardware_components__type_support.h
[8.812s] -- Up-to-date: /home/mcr2/ros2_ws/src/install/controller_manager_msgs/include/controller_manager_msgs/controller_manager_msgs/srv/detail/switch_controller__functions.c
[8.814s] -- Up-to-date: /home/mcr2/ros2_ws/src/install/controller_manager_msgs/include/controller_manager_msgs/controller_manager_msgs/srv/detail/set_hardware_component_state__struct.h
[8.814s] -- Up-to-date: /home/mcr2/ros2_ws/src/install/controller_manager_msgs/include/controller_manager_msgs/controller_manager_msgs/srv/detail/configure_controller__functions.c
[8.815s] -- Up-to-date: /home/mcr2/ros2_ws/src/install/controller_manager_msgs/include/controller_manager_msgs/controller_manager_msgs/srv/detail/reload_controller_libraries__type_support.h
[8.815s] -- Up-to-date: /home/mcr2/ros2_ws/src/install/controller_manager_msgs/include/controller_manager_msgs/controller_manager_msgs/srv/detail/configure_controller__type_support.h
[8.815s] -- Up-to-date: /home/mcr2/ros2_ws/src/install/controller_manager_msgs/include/controller_manager_msgs/controller_manager_msgs/srv/detail/load_controller__type_support.h
[8.816s] -- Up-to-date: /home/mcr2/ros2_ws/src/install/controller_manager_msgs/include/controller_manager_msgs/controller_manager_msgs/srv/detail/unload_controller__functions.c
[8.816s] -- Up-to-date: /home/mcr2/ros2_ws/src/install/controller_manager_msgs/include/controller_manager_msgs/controller_manager_msgs/srv/detail/list_hardware_interfaces__struct.h
[8.816s] -- Up-to-date: /home/mcr2/ros2_ws/src/install/controller_manager_msgs/include/controller_manager_msgs/controller_manager_msgs/srv/detail/reload_controller_libraries__struct.h
[8.816s] -- Up-to-date: /home/mcr2/ros2_ws/src/install/controller_manager_msgs/include/controller_manager_msgs/controller_manager_msgs/srv/detail/set_hardware_component_state__functions.c
[8.817s] -- Up-to-date: /home/mcr2/ros2_ws/src/install/controller_manager_msgs/include/controller_manager_msgs/controller_manager_msgs/srv/detail/list_hardware_interfaces__type_support.h
[8.817s] -- Up-to-date: /home/mcr2/ros2_ws/src/install/controller_manager_msgs/include/controller_manager_msgs/controller_manager_msgs/srv/detail/switch_controller__struct.h
[8.817s] -- Up-to-date: /home/mcr2/ros2_ws/src/install/controller_manager_msgs/include/controller_manager_msgs/controller_manager_msgs/srv/list_hardware_components.h
[8.817s] -- Up-to-date: /home/mcr2/ros2_ws/src/install/controller_manager_msgs/include/controller_manager_msgs/controller_manager_msgs/srv/list_controllers.h
[8.818s] -- Up-to-date: /home/mcr2/ros2_ws/src/install/controller_manager_msgs/include/controller_manager_msgs/controller_manager_msgs/srv/list_hardware_interfaces.h
[8.818s] -- Up-to-date: /home/mcr2/ros2_ws/src/install/controller_manager_msgs/include/controller_manager_msgs/controller_manager_msgs/srv/load_controller.h
[8.818s] -- Up-to-date: /home/mcr2/ros2_ws/src/install/controller_manager_msgs/include/controller_manager_msgs/controller_manager_msgs/msg
[8.818s] -- Up-to-date: /home/mcr2/ros2_ws/src/install/controller_manager_msgs/include/controller_manager_msgs/controller_manager_msgs/msg/controller_state.h
[8.819s] -- Up-to-date: /home/mcr2/ros2_ws/src/install/controller_manager_msgs/include/controller_manager_msgs/controller_manager_msgs/msg/hardware_interface.h
[8.819s] -- Up-to-date: /home/mcr2/ros2_ws/src/install/controller_manager_msgs/include/controller_manager_msgs/controller_manager_msgs/msg/chain_connection.h
[8.819s] -- Up-to-date: /home/mcr2/ros2_ws/src/install/controller_manager_msgs/include/controller_manager_msgs/controller_manager_msgs/msg/detail
[8.819s] -- Up-to-date: /home/mcr2/ros2_ws/src/install/controller_manager_msgs/include/controller_manager_msgs/controller_manager_msgs/msg/detail/controller_state__functions.c
[8.820s] -- Up-to-date: /home/mcr2/ros2_ws/src/install/controller_manager_msgs/include/controller_manager_msgs/controller_manager_msgs/msg/detail/hardware_component_state__functions.c
[8.820s] -- Up-to-date: /home/mcr2/ros2_ws/src/install/controller_manager_msgs/include/controller_manager_msgs/controller_manager_msgs/msg/detail/chain_connection__struct.h
[8.820s] -- Up-to-date: /home/mcr2/ros2_ws/src/install/controller_manager_msgs/include/controller_manager_msgs/controller_manager_msgs/msg/detail/chain_connection__functions.c
[8.820s] -- Up-to-date: /home/mcr2/ros2_ws/src/install/controller_manager_msgs/include/controller_manager_msgs/controller_manager_msgs/msg/detail/chain_connection__type_support.h
[8.821s] -- Up-to-date: /home/mcr2/ros2_ws/src/install/controller_manager_msgs/include/controller_manager_msgs/controller_manager_msgs/msg/detail/controller_state__functions.h
[8.821s] -- Up-to-date: /home/mcr2/ros2_ws/src/install/controller_manager_msgs/include/controller_manager_msgs/controller_manager_msgs/msg/detail/controller_state__type_support.h
[8.821s] -- Up-to-date: /home/mcr2/ros2_ws/src/install/controller_manager_msgs/include/controller_manager_msgs/controller_manager_msgs/msg/detail/hardware_interface__functions.c
[8.821s] -- Up-to-date: /home/mcr2/ros2_ws/src/install/controller_manager_msgs/include/controller_manager_msgs/controller_manager_msgs/msg/detail/hardware_component_state__struct.h
[8.822s] -- Up-to-date: /home/mcr2/ros2_ws/src/install/controller_manager_msgs/include/controller_manager_msgs/controller_manager_msgs/msg/detail/hardware_interface__struct.h
[8.822s] -- Up-to-date: /home/mcr2/ros2_ws/src/install/controller_manager_msgs/include/controller_manager_msgs/controller_manager_msgs/msg/detail/chain_connection__functions.h
[8.822s] -- Up-to-date: /home/mcr2/ros2_ws/src/install/controller_manager_msgs/include/controller_manager_msgs/controller_manager_msgs/msg/detail/hardware_interface__functions.h
[8.822s] -- Up-to-date: /home/mcr2/ros2_ws/src/install/controller_manager_msgs/include/controller_manager_msgs/controller_manager_msgs/msg/detail/hardware_component_state__functions.h
[8.823s] -- Up-to-date: /home/mcr2/ros2_ws/src/install/controller_manager_msgs/include/controller_manager_msgs/controller_manager_msgs/msg/detail/hardware_interface__type_support.h
[8.834s] -- Up-to-date: /home/mcr2/ros2_ws/src/install/controller_manager_msgs/include/controller_manager_msgs/controller_manager_msgs/msg/detail/controller_state__struct.h
[8.848s] -- Up-to-date: /home/mcr2/ros2_ws/src/install/controller_manager_msgs/include/controller_manager_msgs/controller_manager_msgs/msg/detail/hardware_component_state__type_support.h
[8.848s] -- Up-to-date: /home/mcr2/ros2_ws/src/install/controller_manager_msgs/include/controller_manager_msgs/controller_manager_msgs/msg/hardware_component_state.h
[8.848s] -- Up-to-date: /home/mcr2/ros2_ws/src/install/controller_manager_msgs/include/controller_manager_msgs/controller_manager_msgs/msg/rosidl_generator_c__visibility_control.h
[8.848s] -- Up-to-date: /home/mcr2/ros2_ws/src/install/controller_manager_msgs/share/controller_manager_msgs/environment/library_path.sh
[8.848s] -- Up-to-date: /home/mcr2/ros2_ws/src/install/controller_manager_msgs/share/controller_manager_msgs/environment/library_path.dsv
[8.849s] -- Up-to-date: /home/mcr2/ros2_ws/src/install/controller_manager_msgs/lib/libcontroller_manager_msgs__rosidl_generator_c.so
[8.849s] -- Up-to-date: /home/mcr2/ros2_ws/src/install/controller_manager_msgs/include/controller_manager_msgs/controller_manager_msgs
[8.849s] -- Up-to-date: /home/mcr2/ros2_ws/src/install/controller_manager_msgs/include/controller_manager_msgs/controller_manager_msgs/srv
[8.849s] -- Up-to-date: /home/mcr2/ros2_ws/src/install/controller_manager_msgs/include/controller_manager_msgs/controller_manager_msgs/srv/detail
[8.856s] -- Up-to-date: /home/mcr2/ros2_ws/src/install/controller_manager_msgs/include/controller_manager_msgs/controller_manager_msgs/srv/detail/list_hardware_components__rosidl_typesupport_fastrtps_c.h
[8.857s] -- Up-to-date: /home/mcr2/ros2_ws/src/install/controller_manager_msgs/include/controller_manager_msgs/controller_manager_msgs/srv/detail/load_controller__rosidl_typesupport_fastrtps_c.h
[8.857s] -- Up-to-date: /home/mcr2/ros2_ws/src/install/controller_manager_msgs/include/controller_manager_msgs/controller_manager_msgs/srv/detail/configure_controller__rosidl_typesupport_fastrtps_c.h
[8.858s] -- Up-to-date: /home/mcr2/ros2_ws/src/install/controller_manager_msgs/include/controller_manager_msgs/controller_manager_msgs/srv/detail/switch_controller__rosidl_typesupport_fastrtps_c.h
[8.858s] -- Up-to-date: /home/mcr2/ros2_ws/src/install/controller_manager_msgs/include/controller_manager_msgs/controller_manager_msgs/srv/detail/list_controller_types__rosidl_typesupport_fastrtps_c.h
[8.858s] -- Up-to-date: /home/mcr2/ros2_ws/src/install/controller_manager_msgs/include/controller_manager_msgs/controller_manager_msgs/srv/detail/list_controllers__rosidl_typesupport_fastrtps_c.h
[8.859s] -- Up-to-date: /home/mcr2/ros2_ws/src/install/controller_manager_msgs/include/controller_manager_msgs/controller_manager_msgs/srv/detail/list_hardware_interfaces__rosidl_typesupport_fastrtps_c.h
[8.860s] -- Up-to-date: /home/mcr2/ros2_ws/src/install/controller_manager_msgs/include/controller_manager_msgs/controller_manager_msgs/srv/detail/set_hardware_component_state__rosidl_typesupport_fastrtps_c.h
[8.861s] -- Up-to-date: /home/mcr2/ros2_ws/src/install/controller_manager_msgs/include/controller_manager_msgs/controller_manager_msgs/srv/detail/reload_controller_libraries__rosidl_typesupport_fastrtps_c.h
[8.862s] -- Up-to-date: /home/mcr2/ros2_ws/src/install/controller_manager_msgs/include/controller_manager_msgs/controller_manager_msgs/srv/detail/unload_controller__rosidl_typesupport_fastrtps_c.h
[8.862s] -- Up-to-date: /home/mcr2/ros2_ws/src/install/controller_manager_msgs/include/controller_manager_msgs/controller_manager_msgs/msg
[8.863s] -- Up-to-date: /home/mcr2/ros2_ws/src/install/controller_manager_msgs/include/controller_manager_msgs/controller_manager_msgs/msg/rosidl_typesupport_fastrtps_c__visibility_control.h
[8.863s] -- Up-to-date: /home/mcr2/ros2_ws/src/install/controller_manager_msgs/include/controller_manager_msgs/controller_manager_msgs/msg/detail
[8.864s] -- Up-to-date: /home/mcr2/ros2_ws/src/install/controller_manager_msgs/include/controller_manager_msgs/controller_manager_msgs/msg/detail/controller_state__rosidl_typesupport_fastrtps_c.h
[8.864s] -- Up-to-date: /home/mcr2/ros2_ws/src/install/controller_manager_msgs/include/controller_manager_msgs/controller_manager_msgs/msg/detail/hardware_component_state__rosidl_typesupport_fastrtps_c.h
[8.864s] -- Up-to-date: /home/mcr2/ros2_ws/src/install/controller_manager_msgs/include/controller_manager_msgs/controller_manager_msgs/msg/detail/chain_connection__rosidl_typesupport_fastrtps_c.h
[8.864s] -- Up-to-date: /home/mcr2/ros2_ws/src/install/controller_manager_msgs/include/controller_manager_msgs/controller_manager_msgs/msg/detail/hardware_interface__rosidl_typesupport_fastrtps_c.h
[8.865s] -- Up-to-date: /home/mcr2/ros2_ws/src/install/controller_manager_msgs/lib/libcontroller_manager_msgs__rosidl_typesupport_fastrtps_c.so
[8.866s] -- Up-to-date: /home/mcr2/ros2_ws/src/install/controller_manager_msgs/include/controller_manager_msgs/controller_manager_msgs
[8.867s] -- Up-to-date: /home/mcr2/ros2_ws/src/install/controller_manager_msgs/include/controller_manager_msgs/controller_manager_msgs/srv
[8.867s] -- Up-to-date: /home/mcr2/ros2_ws/src/install/controller_manager_msgs/include/controller_manager_msgs/controller_manager_msgs/srv/load_controller.hpp
[8.868s] -- Up-to-date: /home/mcr2/ros2_ws/src/install/controller_manager_msgs/include/controller_manager_msgs/controller_manager_msgs/srv/list_hardware_interfaces.hpp
[8.891s] -- Up-to-date: /home/mcr2/ros2_ws/src/install/controller_manager_msgs/include/controller_manager_msgs/controller_manager_msgs/srv/unload_controller.hpp
[8.891s] -- Up-to-date: /home/mcr2/ros2_ws/src/install/controller_manager_msgs/include/controller_manager_msgs/controller_manager_msgs/srv/switch_controller.hpp
[8.892s] -- Up-to-date: /home/mcr2/ros2_ws/src/install/controller_manager_msgs/include/controller_manager_msgs/controller_manager_msgs/srv/reload_controller_libraries.hpp
[8.892s] -- Up-to-date: /home/mcr2/ros2_ws/src/install/controller_manager_msgs/include/controller_manager_msgs/controller_manager_msgs/srv/configure_controller.hpp
[8.892s] -- Up-to-date: /home/mcr2/ros2_ws/src/install/controller_manager_msgs/include/controller_manager_msgs/controller_manager_msgs/srv/set_hardware_component_state.hpp
[8.893s] -- Up-to-date: /home/mcr2/ros2_ws/src/install/controller_manager_msgs/include/controller_manager_msgs/controller_manager_msgs/srv/detail
[8.893s] -- Up-to-date: /home/mcr2/ros2_ws/src/install/controller_manager_msgs/include/controller_manager_msgs/controller_manager_msgs/srv/detail/reload_controller_libraries__builder.hpp
[8.900s] -- Up-to-date: /home/mcr2/ros2_ws/src/install/controller_manager_msgs/include/controller_manager_msgs/controller_manager_msgs/srv/detail/load_controller__traits.hpp
[8.901s] -- Up-to-date: /home/mcr2/ros2_ws/src/install/controller_manager_msgs/include/controller_manager_msgs/controller_manager_msgs/srv/detail/list_hardware_components__traits.hpp
[8.901s] -- Up-to-date: /home/mcr2/ros2_ws/src/install/controller_manager_msgs/include/controller_manager_msgs/controller_manager_msgs/srv/detail/list_controller_types__traits.hpp
[8.901s] -- Up-to-date: /home/mcr2/ros2_ws/src/install/controller_manager_msgs/include/controller_manager_msgs/controller_manager_msgs/srv/detail/reload_controller_libraries__struct.hpp
[8.902s] -- Up-to-date: /home/mcr2/ros2_ws/src/install/controller_manager_msgs/include/controller_manager_msgs/controller_manager_msgs/srv/detail/list_hardware_interfaces__traits.hpp
[8.903s] -- Up-to-date: /home/mcr2/ros2_ws/src/install/controller_manager_msgs/include/controller_manager_msgs/controller_manager_msgs/srv/detail/unload_controller__traits.hpp
[8.903s] -- Up-to-date: /home/mcr2/ros2_ws/src/install/controller_manager_msgs/include/controller_manager_msgs/controller_manager_msgs/srv/detail/switch_controller__traits.hpp
[8.903s] -- Up-to-date: /home/mcr2/ros2_ws/src/install/controller_manager_msgs/include/controller_manager_msgs/controller_manager_msgs/srv/detail/list_controllers__struct.hpp
[8.904s] -- Up-to-date: /home/mcr2/ros2_ws/src/install/controller_manager_msgs/include/controller_manager_msgs/controller_manager_msgs/srv/detail/set_hardware_component_state__builder.hpp
[8.904s] -- Up-to-date: /home/mcr2/ros2_ws/src/install/controller_manager_msgs/include/controller_manager_msgs/controller_manager_msgs/srv/detail/set_hardware_component_state__struct.hpp
[8.904s] -- Up-to-date: /home/mcr2/ros2_ws/src/install/controller_manager_msgs/include/controller_manager_msgs/controller_manager_msgs/srv/detail/load_controller__builder.hpp
[8.904s] -- Up-to-date: /home/mcr2/ros2_ws/src/install/controller_manager_msgs/include/controller_manager_msgs/controller_manager_msgs/srv/detail/list_controllers__traits.hpp
[8.904s] -- Up-to-date: /home/mcr2/ros2_ws/src/install/controller_manager_msgs/include/controller_manager_msgs/controller_manager_msgs/srv/detail/set_hardware_component_state__traits.hpp
[8.905s] -- Up-to-date: /home/mcr2/ros2_ws/src/install/controller_manager_msgs/include/controller_manager_msgs/controller_manager_msgs/srv/detail/configure_controller__builder.hpp
[8.905s] -- Up-to-date: /home/mcr2/ros2_ws/src/install/controller_manager_msgs/include/controller_manager_msgs/controller_manager_msgs/srv/detail/list_hardware_interfaces__builder.hpp
[8.905s] -- Up-to-date: /home/mcr2/ros2_ws/src/install/controller_manager_msgs/include/controller_manager_msgs/controller_manager_msgs/srv/detail/list_hardware_components__builder.hpp
[8.905s] -- Up-to-date: /home/mcr2/ros2_ws/src/install/controller_manager_msgs/include/controller_manager_msgs/controller_manager_msgs/srv/detail/configure_controller__traits.hpp
[8.906s] -- Up-to-date: /home/mcr2/ros2_ws/src/install/controller_manager_msgs/include/controller_manager_msgs/controller_manager_msgs/srv/detail/unload_controller__struct.hpp
[8.907s] -- Up-to-date: /home/mcr2/ros2_ws/src/install/controller_manager_msgs/include/controller_manager_msgs/controller_manager_msgs/srv/detail/configure_controller__struct.hpp
[8.907s] -- Up-to-date: /home/mcr2/ros2_ws/src/install/controller_manager_msgs/include/controller_manager_msgs/controller_manager_msgs/srv/detail/unload_controller__builder.hpp
[8.911s] -- Up-to-date: /home/mcr2/ros2_ws/src/install/controller_manager_msgs/include/controller_manager_msgs/controller_manager_msgs/srv/detail/load_controller__struct.hpp
[8.912s] -- Up-to-date: /home/mcr2/ros2_ws/src/install/controller_manager_msgs/include/controller_manager_msgs/controller_manager_msgs/srv/detail/list_controllers__builder.hpp
[8.912s] -- Up-to-date: /home/mcr2/ros2_ws/src/install/controller_manager_msgs/include/controller_manager_msgs/controller_manager_msgs/srv/detail/list_hardware_components__struct.hpp
[8.912s] -- Up-to-date: /home/mcr2/ros2_ws/src/install/controller_manager_msgs/include/controller_manager_msgs/controller_manager_msgs/srv/detail/list_controller_types__struct.hpp
[8.913s] -- Up-to-date: /home/mcr2/ros2_ws/src/install/controller_manager_msgs/include/controller_manager_msgs/controller_manager_msgs/srv/detail/switch_controller__struct.hpp
[8.914s] -- Up-to-date: /home/mcr2/ros2_ws/src/install/controller_manager_msgs/include/controller_manager_msgs/controller_manager_msgs/srv/detail/reload_controller_libraries__traits.hpp
[8.915s] -- Up-to-date: /home/mcr2/ros2_ws/src/install/controller_manager_msgs/include/controller_manager_msgs/controller_manager_msgs/srv/detail/list_hardware_interfaces__struct.hpp
[8.916s] -- Up-to-date: /home/mcr2/ros2_ws/src/install/controller_manager_msgs/include/controller_manager_msgs/controller_manager_msgs/srv/detail/list_controller_types__builder.hpp
[8.916s] -- Up-to-date: /home/mcr2/ros2_ws/src/install/controller_manager_msgs/include/controller_manager_msgs/controller_manager_msgs/srv/detail/switch_controller__builder.hpp
[8.917s] -- Up-to-date: /home/mcr2/ros2_ws/src/install/controller_manager_msgs/include/controller_manager_msgs/controller_manager_msgs/srv/list_controllers.hpp
[8.917s] -- Up-to-date: /home/mcr2/ros2_ws/src/install/controller_manager_msgs/include/controller_manager_msgs/controller_manager_msgs/srv/list_controller_types.hpp
[8.917s] -- Up-to-date: /home/mcr2/ros2_ws/src/install/controller_manager_msgs/include/controller_manager_msgs/controller_manager_msgs/srv/list_hardware_components.hpp
[8.917s] -- Up-to-date: /home/mcr2/ros2_ws/src/install/controller_manager_msgs/include/controller_manager_msgs/controller_manager_msgs/msg
[8.918s] -- Up-to-date: /home/mcr2/ros2_ws/src/install/controller_manager_msgs/include/controller_manager_msgs/controller_manager_msgs/msg/hardware_interface.hpp
[8.919s] -- Up-to-date: /home/mcr2/ros2_ws/src/install/controller_manager_msgs/include/controller_manager_msgs/controller_manager_msgs/msg/controller_state.hpp
[8.919s] -- Up-to-date: /home/mcr2/ros2_ws/src/install/controller_manager_msgs/include/controller_manager_msgs/controller_manager_msgs/msg/detail
[8.919s] -- Up-to-date: /home/mcr2/ros2_ws/src/install/controller_manager_msgs/include/controller_manager_msgs/controller_manager_msgs/msg/detail/hardware_interface__struct.hpp
[8.919s] -- Up-to-date: /home/mcr2/ros2_ws/src/install/controller_manager_msgs/include/controller_manager_msgs/controller_manager_msgs/msg/detail/chain_connection__builder.hpp
[8.920s] -- Up-to-date: /home/mcr2/ros2_ws/src/install/controller_manager_msgs/include/controller_manager_msgs/controller_manager_msgs/msg/detail/controller_state__traits.hpp
[8.920s] -- Up-to-date: /home/mcr2/ros2_ws/src/install/controller_manager_msgs/include/controller_manager_msgs/controller_manager_msgs/msg/detail/hardware_component_state__struct.hpp
[8.920s] -- Up-to-date: /home/mcr2/ros2_ws/src/install/controller_manager_msgs/include/controller_manager_msgs/controller_manager_msgs/msg/detail/chain_connection__traits.hpp
[8.920s] -- Up-to-date: /home/mcr2/ros2_ws/src/install/controller_manager_msgs/include/controller_manager_msgs/controller_manager_msgs/msg/detail/controller_state__builder.hpp
[8.920s] -- Up-to-date: /home/mcr2/ros2_ws/src/install/controller_manager_msgs/include/controller_manager_msgs/controller_manager_msgs/msg/detail/hardware_interface__builder.hpp
[8.920s] -- Up-to-date: /home/mcr2/ros2_ws/src/install/controller_manager_msgs/include/controller_manager_msgs/controller_manager_msgs/msg/detail/chain_connection__struct.hpp
[8.921s] -- Up-to-date: /home/mcr2/ros2_ws/src/install/controller_manager_msgs/include/controller_manager_msgs/controller_manager_msgs/msg/detail/hardware_interface__traits.hpp
[8.921s] -- Up-to-date: /home/mcr2/ros2_ws/src/install/controller_manager_msgs/include/controller_manager_msgs/controller_manager_msgs/msg/detail/hardware_component_state__builder.hpp
[8.921s] -- Up-to-date: /home/mcr2/ros2_ws/src/install/controller_manager_msgs/include/controller_manager_msgs/controller_manager_msgs/msg/detail/controller_state__struct.hpp
[8.921s] -- Up-to-date: /home/mcr2/ros2_ws/src/install/controller_manager_msgs/include/controller_manager_msgs/controller_manager_msgs/msg/detail/hardware_component_state__traits.hpp
[8.921s] -- Up-to-date: /home/mcr2/ros2_ws/src/install/controller_manager_msgs/include/controller_manager_msgs/controller_manager_msgs/msg/hardware_component_state.hpp
[8.921s] -- Up-to-date: /home/mcr2/ros2_ws/src/install/controller_manager_msgs/include/controller_manager_msgs/controller_manager_msgs/msg/chain_connection.hpp
[8.922s] -- Up-to-date: /home/mcr2/ros2_ws/src/install/controller_manager_msgs/include/controller_manager_msgs/controller_manager_msgs
[8.922s] -- Up-to-date: /home/mcr2/ros2_ws/src/install/controller_manager_msgs/include/controller_manager_msgs/controller_manager_msgs/srv
[8.922s] -- Up-to-date: /home/mcr2/ros2_ws/src/install/controller_manager_msgs/include/controller_manager_msgs/controller_manager_msgs/srv/detail
[8.922s] -- Up-to-date: /home/mcr2/ros2_ws/src/install/controller_manager_msgs/include/controller_manager_msgs/controller_manager_msgs/srv/detail/unload_controller__rosidl_typesupport_fastrtps_cpp.hpp
[8.922s] -- Up-to-date: /home/mcr2/ros2_ws/src/install/controller_manager_msgs/include/controller_manager_msgs/controller_manager_msgs/srv/detail/set_hardware_component_state__rosidl_typesupport_fastrtps_cpp.hpp
[8.923s] -- Up-to-date: /home/mcr2/ros2_ws/src/install/controller_manager_msgs/include/controller_manager_msgs/controller_manager_msgs/srv/detail/reload_controller_libraries__rosidl_typesupport_fastrtps_cpp.hpp
[8.923s] -- Up-to-date: /home/mcr2/ros2_ws/src/install/controller_manager_msgs/include/controller_manager_msgs/controller_manager_msgs/srv/detail/list_hardware_components__rosidl_typesupport_fastrtps_cpp.hpp
[8.923s] -- Up-to-date: /home/mcr2/ros2_ws/src/install/controller_manager_msgs/include/controller_manager_msgs/controller_manager_msgs/srv/detail/dds_fastrtps
[8.923s] -- Up-to-date: /home/mcr2/ros2_ws/src/install/controller_manager_msgs/include/controller_manager_msgs/controller_manager_msgs/srv/detail/list_controllers__rosidl_typesupport_fastrtps_cpp.hpp
[8.923s] -- Up-to-date: /home/mcr2/ros2_ws/src/install/controller_manager_msgs/include/controller_manager_msgs/controller_manager_msgs/srv/detail/load_controller__rosidl_typesupport_fastrtps_cpp.hpp
[8.924s] -- Up-to-date: /home/mcr2/ros2_ws/src/install/controller_manager_msgs/include/controller_manager_msgs/controller_manager_msgs/srv/detail/switch_controller__rosidl_typesupport_fastrtps_cpp.hpp
[8.924s] -- Up-to-date: /home/mcr2/ros2_ws/src/install/controller_manager_msgs/include/controller_manager_msgs/controller_manager_msgs/srv/detail/list_controller_types__rosidl_typesupport_fastrtps_cpp.hpp
[8.924s] -- Up-to-date: /home/mcr2/ros2_ws/src/install/controller_manager_msgs/include/controller_manager_msgs/controller_manager_msgs/srv/detail/configure_controller__rosidl_typesupport_fastrtps_cpp.hpp
[8.924s] -- Up-to-date: /home/mcr2/ros2_ws/src/install/controller_manager_msgs/include/controller_manager_msgs/controller_manager_msgs/srv/detail/list_hardware_interfaces__rosidl_typesupport_fastrtps_cpp.hpp
[8.924s] -- Up-to-date: /home/mcr2/ros2_ws/src/install/controller_manager_msgs/include/controller_manager_msgs/controller_manager_msgs/msg
[8.924s] -- Up-to-date: /home/mcr2/ros2_ws/src/install/controller_manager_msgs/include/controller_manager_msgs/controller_manager_msgs/msg/rosidl_typesupport_fastrtps_cpp__visibility_control.h
[8.925s] -- Up-to-date: /home/mcr2/ros2_ws/src/install/controller_manager_msgs/include/controller_manager_msgs/controller_manager_msgs/msg/detail
[8.925s] -- Up-to-date: /home/mcr2/ros2_ws/src/install/controller_manager_msgs/include/controller_manager_msgs/controller_manager_msgs/msg/detail/chain_connection__rosidl_typesupport_fastrtps_cpp.hpp
[8.925s] -- Up-to-date: /home/mcr2/ros2_ws/src/install/controller_manager_msgs/include/controller_manager_msgs/controller_manager_msgs/msg/detail/controller_state__rosidl_typesupport_fastrtps_cpp.hpp
[8.925s] -- Up-to-date: /home/mcr2/ros2_ws/src/install/controller_manager_msgs/include/controller_manager_msgs/controller_manager_msgs/msg/detail/hardware_component_state__rosidl_typesupport_fastrtps_cpp.hpp
[8.925s] -- Up-to-date: /home/mcr2/ros2_ws/src/install/controller_manager_msgs/include/controller_manager_msgs/controller_manager_msgs/msg/detail/dds_fastrtps
[8.926s] -- Up-to-date: /home/mcr2/ros2_ws/src/install/controller_manager_msgs/include/controller_manager_msgs/controller_manager_msgs/msg/detail/hardware_interface__rosidl_typesupport_fastrtps_cpp.hpp
[8.926s] -- Up-to-date: /home/mcr2/ros2_ws/src/install/controller_manager_msgs/lib/libcontroller_manager_msgs__rosidl_typesupport_fastrtps_cpp.so
[8.926s] -- Up-to-date: /home/mcr2/ros2_ws/src/install/controller_manager_msgs/include/controller_manager_msgs/controller_manager_msgs
[8.927s] -- Up-to-date: /home/mcr2/ros2_ws/src/install/controller_manager_msgs/include/controller_manager_msgs/controller_manager_msgs/srv
[8.927s] -- Up-to-date: /home/mcr2/ros2_ws/src/install/controller_manager_msgs/include/controller_manager_msgs/controller_manager_msgs/srv/detail
[8.927s] -- Up-to-date: /home/mcr2/ros2_ws/src/install/controller_manager_msgs/include/controller_manager_msgs/controller_manager_msgs/srv/detail/unload_controller__type_support.c
[8.928s] -- Up-to-date: /home/mcr2/ros2_ws/src/install/controller_manager_msgs/include/controller_manager_msgs/controller_manager_msgs/srv/detail/list_controllers__rosidl_typesupport_introspection_c.h
[8.928s] -- Up-to-date: /home/mcr2/ros2_ws/src/install/controller_manager_msgs/include/controller_manager_msgs/controller_manager_msgs/srv/detail/switch_controller__type_support.c
[8.928s] -- Up-to-date: /home/mcr2/ros2_ws/src/install/controller_manager_msgs/include/controller_manager_msgs/controller_manager_msgs/srv/detail/list_controller_types__rosidl_typesupport_introspection_c.h
[8.931s] -- Up-to-date: /home/mcr2/ros2_ws/src/install/controller_manager_msgs/include/controller_manager_msgs/controller_manager_msgs/srv/detail/list_controllers__type_support.c
[8.932s] -- Up-to-date: /home/mcr2/ros2_ws/src/install/controller_manager_msgs/include/controller_manager_msgs/controller_manager_msgs/srv/detail/load_controller__rosidl_typesupport_introspection_c.h
[8.932s] -- Up-to-date: /home/mcr2/ros2_ws/src/install/controller_manager_msgs/include/controller_manager_msgs/controller_manager_msgs/srv/detail/switch_controller__rosidl_typesupport_introspection_c.h
[8.932s] -- Up-to-date: /home/mcr2/ros2_ws/src/install/controller_manager_msgs/include/controller_manager_msgs/controller_manager_msgs/srv/detail/set_hardware_component_state__rosidl_typesupport_introspection_c.h
[8.932s] -- Up-to-date: /home/mcr2/ros2_ws/src/install/controller_manager_msgs/include/controller_manager_msgs/controller_manager_msgs/srv/detail/list_hardware_components__rosidl_typesupport_introspection_c.h
[8.933s] -- Up-to-date: /home/mcr2/ros2_ws/src/install/controller_manager_msgs/include/controller_manager_msgs/controller_manager_msgs/srv/detail/load_controller__type_support.c
[8.933s] -- Up-to-date: /home/mcr2/ros2_ws/src/install/controller_manager_msgs/include/controller_manager_msgs/controller_manager_msgs/srv/detail/list_controller_types__type_support.c
[8.944s] -- Up-to-date: /home/mcr2/ros2_ws/src/install/controller_manager_msgs/include/controller_manager_msgs/controller_manager_msgs/srv/detail/set_hardware_component_state__type_support.c
[8.947s] -- Up-to-date: /home/mcr2/ros2_ws/src/install/controller_manager_msgs/include/controller_manager_msgs/controller_manager_msgs/srv/detail/list_hardware_interfaces__rosidl_typesupport_introspection_c.h
[8.947s] -- Up-to-date: /home/mcr2/ros2_ws/src/install/controller_manager_msgs/include/controller_manager_msgs/controller_manager_msgs/srv/detail/configure_controller__rosidl_typesupport_introspection_c.h
[8.947s] -- Up-to-date: /home/mcr2/ros2_ws/src/install/controller_manager_msgs/include/controller_manager_msgs/controller_manager_msgs/srv/detail/unload_controller__rosidl_typesupport_introspection_c.h
[8.947s] -- Up-to-date: /home/mcr2/ros2_ws/src/install/controller_manager_msgs/include/controller_manager_msgs/controller_manager_msgs/srv/detail/list_hardware_components__type_support.c
[8.948s] -- Up-to-date: /home/mcr2/ros2_ws/src/install/controller_manager_msgs/include/controller_manager_msgs/controller_manager_msgs/srv/detail/reload_controller_libraries__rosidl_typesupport_introspection_c.h
[8.948s] -- Up-to-date: /home/mcr2/ros2_ws/src/install/controller_manager_msgs/include/controller_manager_msgs/controller_manager_msgs/srv/detail/configure_controller__type_support.c
[8.948s] -- Up-to-date: /home/mcr2/ros2_ws/src/install/controller_manager_msgs/include/controller_manager_msgs/controller_manager_msgs/srv/detail/list_hardware_interfaces__type_support.c
[8.949s] -- Up-to-date: /home/mcr2/ros2_ws/src/install/controller_manager_msgs/include/controller_manager_msgs/controller_manager_msgs/srv/detail/reload_controller_libraries__type_support.c
[8.949s] -- Up-to-date: /home/mcr2/ros2_ws/src/install/controller_manager_msgs/include/controller_manager_msgs/controller_manager_msgs/msg
[8.950s] -- Up-to-date: /home/mcr2/ros2_ws/src/install/controller_manager_msgs/include/controller_manager_msgs/controller_manager_msgs/msg/rosidl_typesupport_introspection_c__visibility_control.h
[8.950s] -- Up-to-date: /home/mcr2/ros2_ws/src/install/controller_manager_msgs/include/controller_manager_msgs/controller_manager_msgs/msg/detail
[8.950s] -- Up-to-date: /home/mcr2/ros2_ws/src/install/controller_manager_msgs/include/controller_manager_msgs/controller_manager_msgs/msg/detail/controller_state__type_support.c
[8.951s] -- Up-to-date: /home/mcr2/ros2_ws/src/install/controller_manager_msgs/include/controller_manager_msgs/controller_manager_msgs/msg/detail/chain_connection__type_support.c
[8.951s] -- Up-to-date: /home/mcr2/ros2_ws/src/install/controller_manager_msgs/include/controller_manager_msgs/controller_manager_msgs/msg/detail/hardware_component_state__type_support.c
[8.951s] -- Up-to-date: /home/mcr2/ros2_ws/src/install/controller_manager_msgs/include/controller_manager_msgs/controller_manager_msgs/msg/detail/chain_connection__rosidl_typesupport_introspection_c.h
[8.951s] -- Up-to-date: /home/mcr2/ros2_ws/src/install/controller_manager_msgs/include/controller_manager_msgs/controller_manager_msgs/msg/detail/hardware_interface__type_support.c
[8.951s] -- Up-to-date: /home/mcr2/ros2_ws/src/install/controller_manager_msgs/include/controller_manager_msgs/controller_manager_msgs/msg/detail/hardware_component_state__rosidl_typesupport_introspection_c.h
[8.952s] -- Up-to-date: /home/mcr2/ros2_ws/src/install/controller_manager_msgs/include/controller_manager_msgs/controller_manager_msgs/msg/detail/controller_state__rosidl_typesupport_introspection_c.h
[8.952s] -- Up-to-date: /home/mcr2/ros2_ws/src/install/controller_manager_msgs/include/controller_manager_msgs/controller_manager_msgs/msg/detail/hardware_interface__rosidl_typesupport_introspection_c.h
[8.952s] -- Up-to-date: /home/mcr2/ros2_ws/src/install/controller_manager_msgs/lib/libcontroller_manager_msgs__rosidl_typesupport_introspection_c.so
[8.952s] -- Up-to-date: /home/mcr2/ros2_ws/src/install/controller_manager_msgs/lib/libcontroller_manager_msgs__rosidl_typesupport_c.so
[8.952s] -- Up-to-date: /home/mcr2/ros2_ws/src/install/controller_manager_msgs/include/controller_manager_msgs/controller_manager_msgs
[8.952s] -- Up-to-date: /home/mcr2/ros2_ws/src/install/controller_manager_msgs/include/controller_manager_msgs/controller_manager_msgs/srv
[8.953s] -- Up-to-date: /home/mcr2/ros2_ws/src/install/controller_manager_msgs/include/controller_manager_msgs/controller_manager_msgs/srv/detail
[8.953s] -- Up-to-date: /home/mcr2/ros2_ws/src/install/controller_manager_msgs/include/controller_manager_msgs/controller_manager_msgs/srv/detail/configure_controller__rosidl_typesupport_introspection_cpp.hpp
[8.953s] -- Up-to-date: /home/mcr2/ros2_ws/src/install/controller_manager_msgs/include/controller_manager_msgs/controller_manager_msgs/srv/detail/list_hardware_interfaces__rosidl_typesupport_introspection_cpp.hpp
[8.953s] -- Up-to-date: /home/mcr2/ros2_ws/src/install/controller_manager_msgs/include/controller_manager_msgs/controller_manager_msgs/srv/detail/list_controller_types__rosidl_typesupport_introspection_cpp.hpp
[8.953s] -- Up-to-date: /home/mcr2/ros2_ws/src/install/controller_manager_msgs/include/controller_manager_msgs/controller_manager_msgs/srv/detail/list_hardware_components__type_support.cpp
[8.954s] -- Up-to-date: /home/mcr2/ros2_ws/src/install/controller_manager_msgs/include/controller_manager_msgs/controller_manager_msgs/srv/detail/unload_controller__type_support.cpp
[8.954s] -- Up-to-date: /home/mcr2/ros2_ws/src/install/controller_manager_msgs/include/controller_manager_msgs/controller_manager_msgs/srv/detail/list_hardware_interfaces__type_support.cpp
[8.954s] -- Up-to-date: /home/mcr2/ros2_ws/src/install/controller_manager_msgs/include/controller_manager_msgs/controller_manager_msgs/srv/detail/list_hardware_components__rosidl_typesupport_introspection_cpp.hpp
[8.954s] -- Up-to-date: /home/mcr2/ros2_ws/src/install/controller_manager_msgs/include/controller_manager_msgs/controller_manager_msgs/srv/detail/reload_controller_libraries__rosidl_typesupport_introspection_cpp.hpp
[8.954s] -- Up-to-date: /home/mcr2/ros2_ws/src/install/controller_manager_msgs/include/controller_manager_msgs/controller_manager_msgs/srv/detail/list_controllers__rosidl_typesupport_introspection_cpp.hpp
[8.954s] -- Up-to-date: /home/mcr2/ros2_ws/src/install/controller_manager_msgs/include/controller_manager_msgs/controller_manager_msgs/srv/detail/list_controller_types__type_support.cpp
[8.955s] -- Up-to-date: /home/mcr2/ros2_ws/src/install/controller_manager_msgs/include/controller_manager_msgs/controller_manager_msgs/srv/detail/switch_controller__type_support.cpp
[8.955s] -- Up-to-date: /home/mcr2/ros2_ws/src/install/controller_manager_msgs/include/controller_manager_msgs/controller_manager_msgs/srv/detail/switch_controller__rosidl_typesupport_introspection_cpp.hpp
[8.955s] -- Up-to-date: /home/mcr2/ros2_ws/src/install/controller_manager_msgs/include/controller_manager_msgs/controller_manager_msgs/srv/detail/unload_controller__rosidl_typesupport_introspection_cpp.hpp
[8.955s] -- Up-to-date: /home/mcr2/ros2_ws/src/install/controller_manager_msgs/include/controller_manager_msgs/controller_manager_msgs/srv/detail/set_hardware_component_state__type_support.cpp
[8.955s] -- Up-to-date: /home/mcr2/ros2_ws/src/install/controller_manager_msgs/include/controller_manager_msgs/controller_manager_msgs/srv/detail/configure_controller__type_support.cpp
[8.956s] -- Up-to-date: /home/mcr2/ros2_ws/src/install/controller_manager_msgs/include/controller_manager_msgs/controller_manager_msgs/srv/detail/list_controllers__type_support.cpp
[8.956s] -- Up-to-date: /home/mcr2/ros2_ws/src/install/controller_manager_msgs/include/controller_manager_msgs/controller_manager_msgs/srv/detail/load_controller__type_support.cpp
[8.956s] -- Up-to-date: /home/mcr2/ros2_ws/src/install/controller_manager_msgs/include/controller_manager_msgs/controller_manager_msgs/srv/detail/load_controller__rosidl_typesupport_introspection_cpp.hpp
[8.956s] -- Up-to-date: /home/mcr2/ros2_ws/src/install/controller_manager_msgs/include/controller_manager_msgs/controller_manager_msgs/srv/detail/set_hardware_component_state__rosidl_typesupport_introspection_cpp.hpp
[8.956s] -- Up-to-date: /home/mcr2/ros2_ws/src/install/controller_manager_msgs/include/controller_manager_msgs/controller_manager_msgs/srv/detail/reload_controller_libraries__type_support.cpp
[8.956s] -- Up-to-date: /home/mcr2/ros2_ws/src/install/controller_manager_msgs/include/controller_manager_msgs/controller_manager_msgs/msg
[8.957s] -- Up-to-date: /home/mcr2/ros2_ws/src/install/controller_manager_msgs/include/controller_manager_msgs/controller_manager_msgs/msg/detail
[8.957s] -- Up-to-date: /home/mcr2/ros2_ws/src/install/controller_manager_msgs/include/controller_manager_msgs/controller_manager_msgs/msg/detail/chain_connection__rosidl_typesupport_introspection_cpp.hpp
[8.957s] -- Up-to-date: /home/mcr2/ros2_ws/src/install/controller_manager_msgs/include/controller_manager_msgs/controller_manager_msgs/msg/detail/controller_state__rosidl_typesupport_introspection_cpp.hpp
[8.957s] -- Up-to-date: /home/mcr2/ros2_ws/src/install/controller_manager_msgs/include/controller_manager_msgs/controller_manager_msgs/msg/detail/chain_connection__type_support.cpp
[8.957s] -- Up-to-date: /home/mcr2/ros2_ws/src/install/controller_manager_msgs/include/controller_manager_msgs/controller_manager_msgs/msg/detail/hardware_component_state__type_support.cpp
[8.958s] -- Up-to-date: /home/mcr2/ros2_ws/src/install/controller_manager_msgs/include/controller_manager_msgs/controller_manager_msgs/msg/detail/hardware_interface__rosidl_typesupport_introspection_cpp.hpp
[8.958s] -- Up-to-date: /home/mcr2/ros2_ws/src/install/controller_manager_msgs/include/controller_manager_msgs/controller_manager_msgs/msg/detail/hardware_interface__type_support.cpp
[8.958s] -- Up-to-date: /home/mcr2/ros2_ws/src/install/controller_manager_msgs/include/controller_manager_msgs/controller_manager_msgs/msg/detail/hardware_component_state__rosidl_typesupport_introspection_cpp.hpp
[8.958s] -- Up-to-date: /home/mcr2/ros2_ws/src/install/controller_manager_msgs/include/controller_manager_msgs/controller_manager_msgs/msg/detail/controller_state__type_support.cpp
[8.958s] -- Up-to-date: /home/mcr2/ros2_ws/src/install/controller_manager_msgs/lib/libcontroller_manager_msgs__rosidl_typesupport_introspection_cpp.so
[8.958s] -- Up-to-date: /home/mcr2/ros2_ws/src/install/controller_manager_msgs/lib/libcontroller_manager_msgs__rosidl_typesupport_cpp.so
[8.959s] -- Up-to-date: /home/mcr2/ros2_ws/src/install/controller_manager_msgs/share/controller_manager_msgs/environment/pythonpath.sh
[8.959s] -- Up-to-date: /home/mcr2/ros2_ws/src/install/controller_manager_msgs/share/controller_manager_msgs/environment/pythonpath.dsv
[8.966s] -- Up-to-date: /home/mcr2/ros2_ws/src/install/controller_manager_msgs/local/lib/python3.10/dist-packages/controller_manager_msgs-2.40.0-py3.10.egg-info
[8.966s] -- Installing: /home/mcr2/ros2_ws/src/install/controller_manager_msgs/local/lib/python3.10/dist-packages/controller_manager_msgs-2.40.0-py3.10.egg-info/PKG-INFO
[8.971s] -- Installing: /home/mcr2/ros2_ws/src/install/controller_manager_msgs/local/lib/python3.10/dist-packages/controller_manager_msgs-2.40.0-py3.10.egg-info/top_level.txt
[8.980s] -- Installing: /home/mcr2/ros2_ws/src/install/controller_manager_msgs/local/lib/python3.10/dist-packages/controller_manager_msgs-2.40.0-py3.10.egg-info/SOURCES.txt
[8.983s] -- Installing: /home/mcr2/ros2_ws/src/install/controller_manager_msgs/local/lib/python3.10/dist-packages/controller_manager_msgs-2.40.0-py3.10.egg-info/dependency_links.txt
[8.988s] -- Up-to-date: /home/mcr2/ros2_ws/src/install/controller_manager_msgs/local/lib/python3.10/dist-packages/controller_manager_msgs
[8.988s] -- Up-to-date: /home/mcr2/ros2_ws/src/install/controller_manager_msgs/local/lib/python3.10/dist-packages/controller_manager_msgs/_controller_manager_msgs_s.ep.rosidl_typesupport_introspection_c.c
[8.993s] -- Up-to-date: /home/mcr2/ros2_ws/src/install/controller_manager_msgs/local/lib/python3.10/dist-packages/controller_manager_msgs/srv
[8.997s] -- Up-to-date: /home/mcr2/ros2_ws/src/install/controller_manager_msgs/local/lib/python3.10/dist-packages/controller_manager_msgs/srv/_list_controllers_s.c
[8.997s] -- Up-to-date: /home/mcr2/ros2_ws/src/install/controller_manager_msgs/local/lib/python3.10/dist-packages/controller_manager_msgs/srv/_switch_controller_s.c
[8.997s] -- Up-to-date: /home/mcr2/ros2_ws/src/install/controller_manager_msgs/local/lib/python3.10/dist-packages/controller_manager_msgs/srv/_load_controller.py
[9.004s] -- Up-to-date: /home/mcr2/ros2_ws/src/install/controller_manager_msgs/local/lib/python3.10/dist-packages/controller_manager_msgs/srv/_set_hardware_component_state_s.c
[9.005s] -- Up-to-date: /home/mcr2/ros2_ws/src/install/controller_manager_msgs/local/lib/python3.10/dist-packages/controller_manager_msgs/srv/_switch_controller.py
[9.008s] -- Up-to-date: /home/mcr2/ros2_ws/src/install/controller_manager_msgs/local/lib/python3.10/dist-packages/controller_manager_msgs/srv/_list_hardware_components.py
[9.009s] -- Up-to-date: /home/mcr2/ros2_ws/src/install/controller_manager_msgs/local/lib/python3.10/dist-packages/controller_manager_msgs/srv/_unload_controller.py
[9.013s] -- Up-to-date: /home/mcr2/ros2_ws/src/install/controller_manager_msgs/local/lib/python3.10/dist-packages/controller_manager_msgs/srv/_reload_controller_libraries_s.c
[9.019s] -- Up-to-date: /home/mcr2/ros2_ws/src/install/controller_manager_msgs/local/lib/python3.10/dist-packages/controller_manager_msgs/srv/_configure_controller_s.c
[9.020s] -- Up-to-date: /home/mcr2/ros2_ws/src/install/controller_manager_msgs/local/lib/python3.10/dist-packages/controller_manager_msgs/srv/_unload_controller_s.c
[9.026s] -- Up-to-date: /home/mcr2/ros2_ws/src/install/controller_manager_msgs/local/lib/python3.10/dist-packages/controller_manager_msgs/srv/_list_hardware_interfaces_s.c
[9.036s] -- Up-to-date: /home/mcr2/ros2_ws/src/install/controller_manager_msgs/local/lib/python3.10/dist-packages/controller_manager_msgs/srv/_set_hardware_component_state.py
[9.037s] -- Up-to-date: /home/mcr2/ros2_ws/src/install/controller_manager_msgs/local/lib/python3.10/dist-packages/controller_manager_msgs/srv/_list_controller_types.py
[9.039s] -- Up-to-date: /home/mcr2/ros2_ws/src/install/controller_manager_msgs/local/lib/python3.10/dist-packages/controller_manager_msgs/srv/_list_hardware_interfaces.py
[9.039s] -- Up-to-date: /home/mcr2/ros2_ws/src/install/controller_manager_msgs/local/lib/python3.10/dist-packages/controller_manager_msgs/srv/_configure_controller.py
[9.041s] -- Up-to-date: /home/mcr2/ros2_ws/src/install/controller_manager_msgs/local/lib/python3.10/dist-packages/controller_manager_msgs/srv/_list_controllers.py
[9.041s] -- Up-to-date: /home/mcr2/ros2_ws/src/install/controller_manager_msgs/local/lib/python3.10/dist-packages/controller_manager_msgs/srv/_load_controller_s.c
[9.041s] -- Up-to-date: /home/mcr2/ros2_ws/src/install/controller_manager_msgs/local/lib/python3.10/dist-packages/controller_manager_msgs/srv/_reload_controller_libraries.py
[9.041s] -- Up-to-date: /home/mcr2/ros2_ws/src/install/controller_manager_msgs/local/lib/python3.10/dist-packages/controller_manager_msgs/srv/_list_hardware_components_s.c
[9.041s] -- Up-to-date: /home/mcr2/ros2_ws/src/install/controller_manager_msgs/local/lib/python3.10/dist-packages/controller_manager_msgs/srv/_list_controller_types_s.c
[9.041s] -- Up-to-date: /home/mcr2/ros2_ws/src/install/controller_manager_msgs/local/lib/python3.10/dist-packages/controller_manager_msgs/srv/__init__.py
[9.053s] -- Up-to-date: /home/mcr2/ros2_ws/src/install/controller_manager_msgs/local/lib/python3.10/dist-packages/controller_manager_msgs/libcontroller_manager_msgs__rosidl_generator_py.so
[9.060s] -- Up-to-date: /home/mcr2/ros2_ws/src/install/controller_manager_msgs/local/lib/python3.10/dist-packages/controller_manager_msgs/controller_manager_msgs_s__rosidl_typesupport_c.cpython-310-x86_64-linux-gnu.so
[9.074s] -- Up-to-date: /home/mcr2/ros2_ws/src/install/controller_manager_msgs/local/lib/python3.10/dist-packages/controller_manager_msgs/controller_manager_msgs_s__rosidl_typesupport_fastrtps_c.cpython-310-x86_64-linux-gnu.so
[9.074s] -- Up-to-date: /home/mcr2/ros2_ws/src/install/controller_manager_msgs/local/lib/python3.10/dist-packages/controller_manager_msgs/controller_manager_msgs_s__rosidl_typesupport_introspection_c.cpython-310-x86_64-linux-gnu.so
[9.075s] -- Up-to-date: /home/mcr2/ros2_ws/src/install/controller_manager_msgs/local/lib/python3.10/dist-packages/controller_manager_msgs/_controller_manager_msgs_s.ep.rosidl_typesupport_c.c
[9.075s] -- Up-to-date: /home/mcr2/ros2_ws/src/install/controller_manager_msgs/local/lib/python3.10/dist-packages/controller_manager_msgs/msg
[9.075s] -- Up-to-date: /home/mcr2/ros2_ws/src/install/controller_manager_msgs/local/lib/python3.10/dist-packages/controller_manager_msgs/msg/_controller_state.py
[9.085s] -- Up-to-date: /home/mcr2/ros2_ws/src/install/controller_manager_msgs/local/lib/python3.10/dist-packages/controller_manager_msgs/msg/_hardware_component_state.py
[9.088s] -- Up-to-date: /home/mcr2/ros2_ws/src/install/controller_manager_msgs/local/lib/python3.10/dist-packages/controller_manager_msgs/msg/_chain_connection_s.c
[9.094s] -- Up-to-date: /home/mcr2/ros2_ws/src/install/controller_manager_msgs/local/lib/python3.10/dist-packages/controller_manager_msgs/msg/_controller_state_s.c
[9.096s] -- Up-to-date: /home/mcr2/ros2_ws/src/install/controller_manager_msgs/local/lib/python3.10/dist-packages/controller_manager_msgs/msg/_hardware_component_state_s.c
[9.097s] -- Up-to-date: /home/mcr2/ros2_ws/src/install/controller_manager_msgs/local/lib/python3.10/dist-packages/controller_manager_msgs/msg/_chain_connection.py
[9.099s] -- Up-to-date: /home/mcr2/ros2_ws/src/install/controller_manager_msgs/local/lib/python3.10/dist-packages/controller_manager_msgs/msg/__init__.py
[9.100s] -- Up-to-date: /home/mcr2/ros2_ws/src/install/controller_manager_msgs/local/lib/python3.10/dist-packages/controller_manager_msgs/msg/_hardware_interface.py
[9.112s] -- Up-to-date: /home/mcr2/ros2_ws/src/install/controller_manager_msgs/local/lib/python3.10/dist-packages/controller_manager_msgs/msg/_hardware_interface_s.c
[9.113s] -- Up-to-date: /home/mcr2/ros2_ws/src/install/controller_manager_msgs/local/lib/python3.10/dist-packages/controller_manager_msgs/_controller_manager_msgs_s.ep.rosidl_typesupport_fastrtps_c.c
[9.114s] -- Up-to-date: /home/mcr2/ros2_ws/src/install/controller_manager_msgs/local/lib/python3.10/dist-packages/controller_manager_msgs/__init__.py
[9.311s] Listing '/home/mcr2/ros2_ws/src/install/controller_manager_msgs/local/lib/python3.10/dist-packages/controller_manager_msgs'...
[9.311s] Listing '/home/mcr2/ros2_ws/src/install/controller_manager_msgs/local/lib/python3.10/dist-packages/controller_manager_msgs/msg'...
[9.311s] Listing '/home/mcr2/ros2_ws/src/install/controller_manager_msgs/local/lib/python3.10/dist-packages/controller_manager_msgs/srv'...
[9.330s] -- Up-to-date: /home/mcr2/ros2_ws/src/install/controller_manager_msgs/local/lib/python3.10/dist-packages/controller_manager_msgs/controller_manager_msgs_s__rosidl_typesupport_fastrtps_c.cpython-310-x86_64-linux-gnu.so
[9.341s] -- Up-to-date: /home/mcr2/ros2_ws/src/install/controller_manager_msgs/local/lib/python3.10/dist-packages/controller_manager_msgs/controller_manager_msgs_s__rosidl_typesupport_introspection_c.cpython-310-x86_64-linux-gnu.so
[9.349s] -- Up-to-date: /home/mcr2/ros2_ws/src/install/controller_manager_msgs/local/lib/python3.10/dist-packages/controller_manager_msgs/controller_manager_msgs_s__rosidl_typesupport_c.cpython-310-x86_64-linux-gnu.so
[9.362s] -- Up-to-date: /home/mcr2/ros2_ws/src/install/controller_manager_msgs/lib/libcontroller_manager_msgs__rosidl_generator_py.so
[9.364s] -- Up-to-date: /home/mcr2/ros2_ws/src/install/controller_manager_msgs/share/controller_manager_msgs/msg/ControllerState.idl
[9.365s] -- Up-to-date: /home/mcr2/ros2_ws/src/install/controller_manager_msgs/share/controller_manager_msgs/msg/ChainConnection.idl
[9.367s] -- Up-to-date: /home/mcr2/ros2_ws/src/install/controller_manager_msgs/share/controller_manager_msgs/msg/HardwareComponentState.idl
[9.371s] -- Up-to-date: /home/mcr2/ros2_ws/src/install/controller_manager_msgs/share/controller_manager_msgs/msg/HardwareInterface.idl
[9.376s] -- Up-to-date: /home/mcr2/ros2_ws/src/install/controller_manager_msgs/share/controller_manager_msgs/srv/ConfigureController.idl
[9.376s] -- Up-to-date: /home/mcr2/ros2_ws/src/install/controller_manager_msgs/share/controller_manager_msgs/srv/ListControllers.idl
[9.378s] -- Up-to-date: /home/mcr2/ros2_ws/src/install/controller_manager_msgs/share/controller_manager_msgs/srv/ListControllerTypes.idl
[9.380s] -- Up-to-date: /home/mcr2/ros2_ws/src/install/controller_manager_msgs/share/controller_manager_msgs/srv/ListHardwareComponents.idl
[9.381s] -- Up-to-date: /home/mcr2/ros2_ws/src/install/controller_manager_msgs/share/controller_manager_msgs/srv/ListHardwareInterfaces.idl
[9.381s] -- Up-to-date: /home/mcr2/ros2_ws/src/install/controller_manager_msgs/share/controller_manager_msgs/srv/LoadController.idl
[9.382s] -- Up-to-date: /home/mcr2/ros2_ws/src/install/controller_manager_msgs/share/controller_manager_msgs/srv/ReloadControllerLibraries.idl
[9.382s] -- Up-to-date: /home/mcr2/ros2_ws/src/install/controller_manager_msgs/share/controller_manager_msgs/srv/SetHardwareComponentState.idl
[9.382s] -- Up-to-date: /home/mcr2/ros2_ws/src/install/controller_manager_msgs/share/controller_manager_msgs/srv/SwitchController.idl
[9.382s] -- Up-to-date: /home/mcr2/ros2_ws/src/install/controller_manager_msgs/share/controller_manager_msgs/srv/UnloadController.idl
[9.384s] -- Up-to-date: /home/mcr2/ros2_ws/src/install/controller_manager_msgs/share/controller_manager_msgs/msg/ControllerState.msg
[9.384s] -- Up-to-date: /home/mcr2/ros2_ws/src/install/controller_manager_msgs/share/controller_manager_msgs/msg/ChainConnection.msg
[9.384s] -- Up-to-date: /home/mcr2/ros2_ws/src/install/controller_manager_msgs/share/controller_manager_msgs/msg/HardwareComponentState.msg
[9.385s] -- Up-to-date: /home/mcr2/ros2_ws/src/install/controller_manager_msgs/share/controller_manager_msgs/msg/HardwareInterface.msg
[9.389s] -- Up-to-date: /home/mcr2/ros2_ws/src/install/controller_manager_msgs/share/controller_manager_msgs/srv/ConfigureController.srv
[9.390s] -- Up-to-date: /home/mcr2/ros2_ws/src/install/controller_manager_msgs/share/controller_manager_msgs/srv/ConfigureController_Request.msg
[9.391s] -- Up-to-date: /home/mcr2/ros2_ws/src/install/controller_manager_msgs/share/controller_manager_msgs/srv/ConfigureController_Response.msg
[9.398s] -- Up-to-date: /home/mcr2/ros2_ws/src/install/controller_manager_msgs/share/controller_manager_msgs/srv/ListControllers.srv
[9.399s] -- Up-to-date: /home/mcr2/ros2_ws/src/install/controller_manager_msgs/share/controller_manager_msgs/srv/ListControllers_Request.msg
[9.400s] -- Up-to-date: /home/mcr2/ros2_ws/src/install/controller_manager_msgs/share/controller_manager_msgs/srv/ListControllers_Response.msg
[9.401s] -- Up-to-date: /home/mcr2/ros2_ws/src/install/controller_manager_msgs/share/controller_manager_msgs/srv/ListControllerTypes.srv
[9.402s] -- Up-to-date: /home/mcr2/ros2_ws/src/install/controller_manager_msgs/share/controller_manager_msgs/srv/ListControllerTypes_Request.msg
[9.403s] -- Up-to-date: /home/mcr2/ros2_ws/src/install/controller_manager_msgs/share/controller_manager_msgs/srv/ListControllerTypes_Response.msg
[9.404s] -- Up-to-date: /home/mcr2/ros2_ws/src/install/controller_manager_msgs/share/controller_manager_msgs/srv/ListHardwareComponents.srv
[9.407s] -- Up-to-date: /home/mcr2/ros2_ws/src/install/controller_manager_msgs/share/controller_manager_msgs/srv/ListHardwareComponents_Request.msg
[9.407s] -- Up-to-date: /home/mcr2/ros2_ws/src/install/controller_manager_msgs/share/controller_manager_msgs/srv/ListHardwareComponents_Response.msg
[9.407s] -- Up-to-date: /home/mcr2/ros2_ws/src/install/controller_manager_msgs/share/controller_manager_msgs/srv/ListHardwareInterfaces.srv
[9.408s] -- Up-to-date: /home/mcr2/ros2_ws/src/install/controller_manager_msgs/share/controller_manager_msgs/srv/ListHardwareInterfaces_Request.msg
[9.408s] -- Up-to-date: /home/mcr2/ros2_ws/src/install/controller_manager_msgs/share/controller_manager_msgs/srv/ListHardwareInterfaces_Response.msg
[9.408s] -- Up-to-date: /home/mcr2/ros2_ws/src/install/controller_manager_msgs/share/controller_manager_msgs/srv/LoadController.srv
[9.408s] -- Up-to-date: /home/mcr2/ros2_ws/src/install/controller_manager_msgs/share/controller_manager_msgs/srv/LoadController_Request.msg
[9.415s] -- Up-to-date: /home/mcr2/ros2_ws/src/install/controller_manager_msgs/share/controller_manager_msgs/srv/LoadController_Response.msg
[9.415s] -- Up-to-date: /home/mcr2/ros2_ws/src/install/controller_manager_msgs/share/controller_manager_msgs/srv/ReloadControllerLibraries.srv
[9.415s] -- Up-to-date: /home/mcr2/ros2_ws/src/install/controller_manager_msgs/share/controller_manager_msgs/srv/ReloadControllerLibraries_Request.msg
[9.469s] -- Up-to-date: /home/mcr2/ros2_ws/src/install/controller_manager_msgs/share/controller_manager_msgs/srv/ReloadControllerLibraries_Response.msg
[9.469s] -- Up-to-date: /home/mcr2/ros2_ws/src/install/controller_manager_msgs/share/controller_manager_msgs/srv/SetHardwareComponentState.srv
[9.470s] -- Up-to-date: /home/mcr2/ros2_ws/src/install/controller_manager_msgs/share/controller_manager_msgs/srv/SetHardwareComponentState_Request.msg
[9.470s] -- Up-to-date: /home/mcr2/ros2_ws/src/install/controller_manager_msgs/share/controller_manager_msgs/srv/SetHardwareComponentState_Response.msg
[9.556s] -- Up-to-date: /home/mcr2/ros2_ws/src/install/controller_manager_msgs/share/controller_manager_msgs/srv/SwitchController.srv
[9.651s] -- Up-to-date: /home/mcr2/ros2_ws/src/install/controller_manager_msgs/share/controller_manager_msgs/srv/SwitchController_Request.msg
[9.651s] -- Up-to-date: /home/mcr2/ros2_ws/src/install/controller_manager_msgs/share/controller_manager_msgs/srv/SwitchController_Response.msg
[9.652s] -- Up-to-date: /home/mcr2/ros2_ws/src/install/controller_manager_msgs/share/controller_manager_msgs/srv/UnloadController.srv
[9.653s] -- Up-to-date: /home/mcr2/ros2_ws/src/install/controller_manager_msgs/share/controller_manager_msgs/srv/UnloadController_Request.msg
[9.653s] -- Up-to-date: /home/mcr2/ros2_ws/src/install/controller_manager_msgs/share/controller_manager_msgs/srv/UnloadController_Response.msg
[9.653s] -- Up-to-date: /home/mcr2/ros2_ws/src/install/controller_manager_msgs/share/ament_index/resource_index/package_run_dependencies/controller_manager_msgs
[9.654s] -- Up-to-date: /home/mcr2/ros2_ws/src/install/controller_manager_msgs/share/ament_index/resource_index/parent_prefix_path/controller_manager_msgs
[9.654s] -- Up-to-date: /home/mcr2/ros2_ws/src/install/controller_manager_msgs/share/controller_manager_msgs/environment/ament_prefix_path.sh
[9.654s] -- Up-to-date: /home/mcr2/ros2_ws/src/install/controller_manager_msgs/share/controller_manager_msgs/environment/ament_prefix_path.dsv
[9.664s] -- Up-to-date: /home/mcr2/ros2_ws/src/install/controller_manager_msgs/share/controller_manager_msgs/environment/path.sh
[9.892s] -- Up-to-date: /home/mcr2/ros2_ws/src/install/controller_manager_msgs/share/controller_manager_msgs/environment/path.dsv
[9.892s] -- Up-to-date: /home/mcr2/ros2_ws/src/install/controller_manager_msgs/share/controller_manager_msgs/local_setup.bash
[9.893s] -- Up-to-date: /home/mcr2/ros2_ws/src/install/controller_manager_msgs/share/controller_manager_msgs/local_setup.sh
[9.894s] -- Up-to-date: /home/mcr2/ros2_ws/src/install/controller_manager_msgs/share/controller_manager_msgs/local_setup.zsh
[9.894s] -- Up-to-date: /home/mcr2/ros2_ws/src/install/controller_manager_msgs/share/controller_manager_msgs/local_setup.dsv
[9.895s] -- Installing: /home/mcr2/ros2_ws/src/install/controller_manager_msgs/share/controller_manager_msgs/package.dsv
[9.903s] -- Up-to-date: /home/mcr2/ros2_ws/src/install/controller_manager_msgs/share/ament_index/resource_index/packages/controller_manager_msgs
[9.924s] -- Up-to-date: /home/mcr2/ros2_ws/src/install/controller_manager_msgs/share/controller_manager_msgs/cmake/export_controller_manager_msgs__rosidl_generator_cExport.cmake
[9.954s] -- Up-to-date: /home/mcr2/ros2_ws/src/install/controller_manager_msgs/share/controller_manager_msgs/cmake/export_controller_manager_msgs__rosidl_generator_cExport-noconfig.cmake
[9.962s] -- Up-to-date: /home/mcr2/ros2_ws/src/install/controller_manager_msgs/share/controller_manager_msgs/cmake/export_controller_manager_msgs__rosidl_typesupport_fastrtps_cExport.cmake
[9.963s] -- Up-to-date: /home/mcr2/ros2_ws/src/install/controller_manager_msgs/share/controller_manager_msgs/cmake/export_controller_manager_msgs__rosidl_typesupport_fastrtps_cExport-noconfig.cmake
[9.963s] -- Up-to-date: /home/mcr2/ros2_ws/src/install/controller_manager_msgs/share/controller_manager_msgs/cmake/export_controller_manager_msgs__rosidl_generator_cppExport.cmake
[9.963s] -- Up-to-date: /home/mcr2/ros2_ws/src/install/controller_manager_msgs/share/controller_manager_msgs/cmake/export_controller_manager_msgs__rosidl_typesupport_fastrtps_cppExport.cmake
[9.964s] -- Up-to-date: /home/mcr2/ros2_ws/src/install/controller_manager_msgs/share/controller_manager_msgs/cmake/export_controller_manager_msgs__rosidl_typesupport_fastrtps_cppExport-noconfig.cmake
[9.964s] -- Up-to-date: /home/mcr2/ros2_ws/src/install/controller_manager_msgs/share/controller_manager_msgs/cmake/controller_manager_msgs__rosidl_typesupport_introspection_cExport.cmake
[9.964s] -- Up-to-date: /home/mcr2/ros2_ws/src/install/controller_manager_msgs/share/controller_manager_msgs/cmake/controller_manager_msgs__rosidl_typesupport_introspection_cExport-noconfig.cmake
[9.965s] -- Up-to-date: /home/mcr2/ros2_ws/src/install/controller_manager_msgs/share/controller_manager_msgs/cmake/controller_manager_msgs__rosidl_typesupport_cExport.cmake
[9.967s] -- Up-to-date: /home/mcr2/ros2_ws/src/install/controller_manager_msgs/share/controller_manager_msgs/cmake/controller_manager_msgs__rosidl_typesupport_cExport-noconfig.cmake
[9.967s] -- Up-to-date: /home/mcr2/ros2_ws/src/install/controller_manager_msgs/share/controller_manager_msgs/cmake/controller_manager_msgs__rosidl_typesupport_introspection_cppExport.cmake
[9.967s] -- Up-to-date: /home/mcr2/ros2_ws/src/install/controller_manager_msgs/share/controller_manager_msgs/cmake/controller_manager_msgs__rosidl_typesupport_introspection_cppExport-noconfig.cmake
[9.985s] -- Up-to-date: /home/mcr2/ros2_ws/src/install/controller_manager_msgs/share/controller_manager_msgs/cmake/controller_manager_msgs__rosidl_typesupport_cppExport.cmake
[10.002s] -- Up-to-date: /home/mcr2/ros2_ws/src/install/controller_manager_msgs/share/controller_manager_msgs/cmake/controller_manager_msgs__rosidl_typesupport_cppExport-noconfig.cmake
[10.015s] -- Up-to-date: /home/mcr2/ros2_ws/src/install/controller_manager_msgs/share/controller_manager_msgs/cmake/export_controller_manager_msgs__rosidl_generator_pyExport.cmake
[10.015s] -- Up-to-date: /home/mcr2/ros2_ws/src/install/controller_manager_msgs/share/controller_manager_msgs/cmake/export_controller_manager_msgs__rosidl_generator_pyExport-noconfig.cmake
[10.015s] -- Up-to-date: /home/mcr2/ros2_ws/src/install/controller_manager_msgs/share/controller_manager_msgs/cmake/rosidl_cmake-extras.cmake
[10.015s] -- Up-to-date: /home/mcr2/ros2_ws/src/install/controller_manager_msgs/share/controller_manager_msgs/cmake/ament_cmake_export_dependencies-extras.cmake
[10.016s] -- Up-to-date: /home/mcr2/ros2_ws/src/install/controller_manager_msgs/share/controller_manager_msgs/cmake/ament_cmake_export_include_directories-extras.cmake
[10.016s] -- Up-to-date: /home/mcr2/ros2_ws/src/install/controller_manager_msgs/share/controller_manager_msgs/cmake/ament_cmake_export_libraries-extras.cmake
[10.016s] -- Up-to-date: /home/mcr2/ros2_ws/src/install/controller_manager_msgs/share/controller_manager_msgs/cmake/ament_cmake_export_targets-extras.cmake
[10.016s] -- Up-to-date: /home/mcr2/ros2_ws/src/install/controller_manager_msgs/share/controller_manager_msgs/cmake/rosidl_cmake_export_typesupport_targets-extras.cmake
[10.016s] -- Up-to-date: /home/mcr2/ros2_ws/src/install/controller_manager_msgs/share/controller_manager_msgs/cmake/rosidl_cmake_export_typesupport_libraries-extras.cmake
[10.016s] -- Up-to-date: /home/mcr2/ros2_ws/src/install/controller_manager_msgs/share/controller_manager_msgs/cmake/controller_manager_msgsConfig.cmake
[10.017s] -- Up-to-date: /home/mcr2/ros2_ws/src/install/controller_manager_msgs/share/controller_manager_msgs/cmake/controller_manager_msgsConfig-version.cmake
[10.017s] -- Up-to-date: /home/mcr2/ros2_ws/src/install/controller_manager_msgs/share/controller_manager_msgs/package.xml
[10.483s] Invoked command in '/home/mcr2/ros2_ws/src/build/controller_manager_msgs' returned '0': CMAKE_PREFIX_PATH=${CMAKE_PREFIX_PATH}:/opt/ros/humble /usr/bin/cmake --install /home/mcr2/ros2_ws/src/build/controller_manager_msgs
