[3.459s] Invoking command in '/home/mcr2/ros2_ws/src/ros-controls/ros2_control/ros2controlcli': AMENT_PREFIX_PATH=/home/mcr2/ros2_ws/src/install/controller_manager:/home/mcr2/ros2_ws/src/install/controller_interface:/home/mcr2/ros2_ws/src/install/hardware_interface:/home/mcr2/ros2_ws/src/install/ros2_control_test_assets:/home/mcr2/ros2_ws/src/install/realtime_tools:/home/mcr2/ros2_ws/src/install/controller_manager_msgs:/home/mcr2/ros2_ws/src/install/control_msgs:${AMENT_PREFIX_PATH} CMAKE_PREFIX_PATH=/home/mcr2/ros2_ws/src/install/controller_manager:/home/mcr2/ros2_ws/src/install/controller_interface:/home/mcr2/ros2_ws/src/install/hardware_interface:/home/mcr2/ros2_ws/src/install/ros2_control_test_assets:/home/mcr2/ros2_ws/src/install/realtime_tools:/home/mcr2/ros2_ws/src/install/controller_manager_msgs:/home/mcr2/ros2_ws/src/install/control_msgs:${CMAKE_PREFIX_PATH} LD_LIBRARY_PATH=/home/mcr2/ros2_ws/src/install/controller_manager/lib:/home/mcr2/ros2_ws/src/install/controller_interface/lib:/home/mcr2/ros2_ws/src/install/hardware_interface/lib:/home/mcr2/ros2_ws/src/install/realtime_tools/lib:/home/mcr2/ros2_ws/src/install/controller_manager_msgs/lib:/home/mcr2/ros2_ws/src/install/control_msgs/lib:${LD_LIBRARY_PATH} PYTHONPATH=/home/mcr2/ros2_ws/src/build/ros2controlcli/prefix_override:/home/mcr2/ros2_ws/src/install/ros2controlcli/lib/python3.10/site-packages:/home/mcr2/ros2_ws/src/install/controller_manager/local/lib/python3.10/dist-packages:/home/mcr2/ros2_ws/src/install/controller_manager_msgs/local/lib/python3.10/dist-packages:/home/mcr2/ros2_ws/src/install/control_msgs/local/lib/python3.10/dist-packages:${PYTHONPATH} /usr/bin/python3 setup.py egg_info --egg-base ../../../build/ros2controlcli build --build-base /home/mcr2/ros2_ws/src/build/ros2controlcli/build install --record /home/mcr2/ros2_ws/src/build/ros2controlcli/install.log --single-version-externally-managed
[4.557s] running egg_info
[4.559s] creating ../../../build/ros2controlcli/ros2controlcli.egg-info
[4.559s] writing ../../../build/ros2controlcli/ros2controlcli.egg-info/PKG-INFO
[4.560s] writing dependency_links to ../../../build/ros2controlcli/ros2controlcli.egg-info/dependency_links.txt
[4.561s] writing entry points to ../../../build/ros2controlcli/ros2controlcli.egg-info/entry_points.txt
[4.562s] writing requirements to ../../../build/ros2controlcli/ros2controlcli.egg-info/requires.txt
[4.562s] writing top-level names to ../../../build/ros2controlcli/ros2controlcli.egg-info/top_level.txt
[4.562s] writing manifest file '../../../build/ros2controlcli/ros2controlcli.egg-info/SOURCES.txt'
[4.568s] reading manifest file '../../../build/ros2controlcli/ros2controlcli.egg-info/SOURCES.txt'
[4.571s] writing manifest file '../../../build/ros2controlcli/ros2controlcli.egg-info/SOURCES.txt'
[4.572s] running build
[4.572s] running build_py
[4.572s] creating /home/mcr2/ros2_ws/src/build/ros2controlcli/build
[4.573s] creating /home/mcr2/ros2_ws/src/build/ros2controlcli/build/lib
[4.573s] creating /home/mcr2/ros2_ws/src/build/ros2controlcli/build/lib/ros2controlcli
[4.573s] copying ros2controlcli/__init__.py -> /home/mcr2/ros2_ws/src/build/ros2controlcli/build/lib/ros2controlcli
[4.574s] creating /home/mcr2/ros2_ws/src/build/ros2controlcli/build/lib/ros2controlcli/verb
[4.574s] copying ros2controlcli/verb/view_controller_chains.py -> /home/mcr2/ros2_ws/src/build/ros2controlcli/build/lib/ros2controlcli/verb
[4.585s] copying ros2controlcli/verb/unload_controller.py -> /home/mcr2/ros2_ws/src/build/ros2controlcli/build/lib/ros2controlcli/verb
[4.588s] copying ros2controlcli/verb/load_controller.py -> /home/mcr2/ros2_ws/src/build/ros2controlcli/build/lib/ros2controlcli/verb
[4.589s] copying ros2controlcli/verb/set_controller_state.py -> /home/mcr2/ros2_ws/src/build/ros2controlcli/build/lib/ros2controlcli/verb
[4.600s] copying ros2controlcli/verb/reload_controller_libraries.py -> /home/mcr2/ros2_ws/src/build/ros2controlcli/build/lib/ros2controlcli/verb
[4.604s] copying ros2controlcli/verb/list_controller_types.py -> /home/mcr2/ros2_ws/src/build/ros2controlcli/build/lib/ros2controlcli/verb
[4.605s] copying ros2controlcli/verb/list_controllers.py -> /home/mcr2/ros2_ws/src/build/ros2controlcli/build/lib/ros2controlcli/verb
[4.606s] copying ros2controlcli/verb/list_hardware_components.py -> /home/mcr2/ros2_ws/src/build/ros2controlcli/build/lib/ros2controlcli/verb
[4.607s] copying ros2controlcli/verb/list_hardware_interfaces.py -> /home/mcr2/ros2_ws/src/build/ros2controlcli/build/lib/ros2controlcli/verb
[4.609s] copying ros2controlcli/verb/switch_controllers.py -> /home/mcr2/ros2_ws/src/build/ros2controlcli/build/lib/ros2controlcli/verb
[4.610s] copying ros2controlcli/verb/__init__.py -> /home/mcr2/ros2_ws/src/build/ros2controlcli/build/lib/ros2controlcli/verb
[4.610s] creating /home/mcr2/ros2_ws/src/build/ros2controlcli/build/lib/ros2controlcli/api
[4.611s] copying ros2controlcli/api/__init__.py -> /home/mcr2/ros2_ws/src/build/ros2controlcli/build/lib/ros2controlcli/api
[4.612s] creating /home/mcr2/ros2_ws/src/build/ros2controlcli/build/lib/ros2controlcli/command
[4.613s] copying ros2controlcli/command/control.py -> /home/mcr2/ros2_ws/src/build/ros2controlcli/build/lib/ros2controlcli/command
[4.613s] copying ros2controlcli/command/__init__.py -> /home/mcr2/ros2_ws/src/build/ros2controlcli/build/lib/ros2controlcli/command
[4.615s] running install
[4.616s] /usr/lib/python3/dist-packages/setuptools/command/install.py:34: SetuptoolsDeprecationWarning: setup.py install is deprecated. Use build and pip and other standards-based tools.
[4.616s]   warnings.warn(
[4.617s] running install_lib
[4.619s] creating /home/mcr2/ros2_ws/src/install/ros2controlcli/lib/python3.10/site-packages/ros2controlcli
[4.619s] creating /home/mcr2/ros2_ws/src/install/ros2controlcli/lib/python3.10/site-packages/ros2controlcli/verb
[4.620s] copying /home/mcr2/ros2_ws/src/build/ros2controlcli/build/lib/ros2controlcli/verb/view_controller_chains.py -> /home/mcr2/ros2_ws/src/install/ros2controlcli/lib/python3.10/site-packages/ros2controlcli/verb
[4.620s] copying /home/mcr2/ros2_ws/src/build/ros2controlcli/build/lib/ros2controlcli/verb/unload_controller.py -> /home/mcr2/ros2_ws/src/install/ros2controlcli/lib/python3.10/site-packages/ros2controlcli/verb
[4.621s] copying /home/mcr2/ros2_ws/src/build/ros2controlcli/build/lib/ros2controlcli/verb/load_controller.py -> /home/mcr2/ros2_ws/src/install/ros2controlcli/lib/python3.10/site-packages/ros2controlcli/verb
[4.621s] copying /home/mcr2/ros2_ws/src/build/ros2controlcli/build/lib/ros2controlcli/verb/set_controller_state.py -> /home/mcr2/ros2_ws/src/install/ros2controlcli/lib/python3.10/site-packages/ros2controlcli/verb
[4.621s] copying /home/mcr2/ros2_ws/src/build/ros2controlcli/build/lib/ros2controlcli/verb/reload_controller_libraries.py -> /home/mcr2/ros2_ws/src/install/ros2controlcli/lib/python3.10/site-packages/ros2controlcli/verb
[4.622s] copying /home/mcr2/ros2_ws/src/build/ros2controlcli/build/lib/ros2controlcli/verb/list_controller_types.py -> /home/mcr2/ros2_ws/src/install/ros2controlcli/lib/python3.10/site-packages/ros2controlcli/verb
[4.622s] copying /home/mcr2/ros2_ws/src/build/ros2controlcli/build/lib/ros2controlcli/verb/list_controllers.py -> /home/mcr2/ros2_ws/src/install/ros2controlcli/lib/python3.10/site-packages/ros2controlcli/verb
[4.623s] copying /home/mcr2/ros2_ws/src/build/ros2controlcli/build/lib/ros2controlcli/verb/list_hardware_components.py -> /home/mcr2/ros2_ws/src/install/ros2controlcli/lib/python3.10/site-packages/ros2controlcli/verb
[4.623s] copying /home/mcr2/ros2_ws/src/build/ros2controlcli/build/lib/ros2controlcli/verb/list_hardware_interfaces.py -> /home/mcr2/ros2_ws/src/install/ros2controlcli/lib/python3.10/site-packages/ros2controlcli/verb
[4.624s] copying /home/mcr2/ros2_ws/src/build/ros2controlcli/build/lib/ros2controlcli/verb/switch_controllers.py -> /home/mcr2/ros2_ws/src/install/ros2controlcli/lib/python3.10/site-packages/ros2controlcli/verb
[4.624s] copying /home/mcr2/ros2_ws/src/build/ros2controlcli/build/lib/ros2controlcli/verb/__init__.py -> /home/mcr2/ros2_ws/src/install/ros2controlcli/lib/python3.10/site-packages/ros2controlcli/verb
[4.625s] creating /home/mcr2/ros2_ws/src/install/ros2controlcli/lib/python3.10/site-packages/ros2controlcli/api
[4.625s] copying /home/mcr2/ros2_ws/src/build/ros2controlcli/build/lib/ros2controlcli/api/__init__.py -> /home/mcr2/ros2_ws/src/install/ros2controlcli/lib/python3.10/site-packages/ros2controlcli/api
[4.625s] creating /home/mcr2/ros2_ws/src/install/ros2controlcli/lib/python3.10/site-packages/ros2controlcli/command
[4.626s] copying /home/mcr2/ros2_ws/src/build/ros2controlcli/build/lib/ros2controlcli/command/control.py -> /home/mcr2/ros2_ws/src/install/ros2controlcli/lib/python3.10/site-packages/ros2controlcli/command
[4.626s] copying /home/mcr2/ros2_ws/src/build/ros2controlcli/build/lib/ros2controlcli/command/__init__.py -> /home/mcr2/ros2_ws/src/install/ros2controlcli/lib/python3.10/site-packages/ros2controlcli/command
[4.626s] copying /home/mcr2/ros2_ws/src/build/ros2controlcli/build/lib/ros2controlcli/__init__.py -> /home/mcr2/ros2_ws/src/install/ros2controlcli/lib/python3.10/site-packages/ros2controlcli
[4.628s] byte-compiling /home/mcr2/ros2_ws/src/install/ros2controlcli/lib/python3.10/site-packages/ros2controlcli/verb/view_controller_chains.py to view_controller_chains.cpython-310.pyc
[4.632s] byte-compiling /home/mcr2/ros2_ws/src/install/ros2controlcli/lib/python3.10/site-packages/ros2controlcli/verb/unload_controller.py to unload_controller.cpython-310.pyc
[4.633s] byte-compiling /home/mcr2/ros2_ws/src/install/ros2controlcli/lib/python3.10/site-packages/ros2controlcli/verb/load_controller.py to load_controller.cpython-310.pyc
[4.634s] byte-compiling /home/mcr2/ros2_ws/src/install/ros2controlcli/lib/python3.10/site-packages/ros2controlcli/verb/set_controller_state.py to set_controller_state.cpython-310.pyc
[4.637s] byte-compiling /home/mcr2/ros2_ws/src/install/ros2controlcli/lib/python3.10/site-packages/ros2controlcli/verb/reload_controller_libraries.py to reload_controller_libraries.cpython-310.pyc
[4.638s] byte-compiling /home/mcr2/ros2_ws/src/install/ros2controlcli/lib/python3.10/site-packages/ros2controlcli/verb/list_controller_types.py to list_controller_types.cpython-310.pyc
[4.639s] byte-compiling /home/mcr2/ros2_ws/src/install/ros2controlcli/lib/python3.10/site-packages/ros2controlcli/verb/list_controllers.py to list_controllers.cpython-310.pyc
[4.641s] byte-compiling /home/mcr2/ros2_ws/src/install/ros2controlcli/lib/python3.10/site-packages/ros2controlcli/verb/list_hardware_components.py to list_hardware_components.cpython-310.pyc
[4.643s] byte-compiling /home/mcr2/ros2_ws/src/install/ros2controlcli/lib/python3.10/site-packages/ros2controlcli/verb/list_hardware_interfaces.py to list_hardware_interfaces.cpython-310.pyc
[4.645s] byte-compiling /home/mcr2/ros2_ws/src/install/ros2controlcli/lib/python3.10/site-packages/ros2controlcli/verb/switch_controllers.py to switch_controllers.cpython-310.pyc
[4.647s] byte-compiling /home/mcr2/ros2_ws/src/install/ros2controlcli/lib/python3.10/site-packages/ros2controlcli/verb/__init__.py to __init__.cpython-310.pyc
[4.647s] byte-compiling /home/mcr2/ros2_ws/src/install/ros2controlcli/lib/python3.10/site-packages/ros2controlcli/api/__init__.py to __init__.cpython-310.pyc
[4.649s] byte-compiling /home/mcr2/ros2_ws/src/install/ros2controlcli/lib/python3.10/site-packages/ros2controlcli/command/control.py to control.cpython-310.pyc
[4.650s] byte-compiling /home/mcr2/ros2_ws/src/install/ros2controlcli/lib/python3.10/site-packages/ros2controlcli/command/__init__.py to __init__.cpython-310.pyc
[4.651s] byte-compiling /home/mcr2/ros2_ws/src/install/ros2controlcli/lib/python3.10/site-packages/ros2controlcli/__init__.py to __init__.cpython-310.pyc
[4.651s] running install_data
[4.653s] copying package.xml -> /home/mcr2/ros2_ws/src/install/ros2controlcli/share/ros2controlcli
[4.655s] creating /home/mcr2/ros2_ws/src/install/ros2controlcli/share/ament_index
[4.655s] creating /home/mcr2/ros2_ws/src/install/ros2controlcli/share/ament_index/resource_index
[4.655s] creating /home/mcr2/ros2_ws/src/install/ros2controlcli/share/ament_index/resource_index/packages
[4.656s] copying resource/ros2controlcli -> /home/mcr2/ros2_ws/src/install/ros2controlcli/share/ament_index/resource_index/packages
[4.656s] running install_egg_info
[4.660s] Copying ../../../build/ros2controlcli/ros2controlcli.egg-info to /home/mcr2/ros2_ws/src/install/ros2controlcli/lib/python3.10/site-packages/ros2controlcli-2.40.0-py3.10.egg-info
[4.663s] running install_scripts
[4.738s] writing list of installed files to '/home/mcr2/ros2_ws/src/build/ros2controlcli/install.log'
[4.829s] Invoked command in '/home/mcr2/ros2_ws/src/ros-controls/ros2_control/ros2controlcli' returned '0': AMENT_PREFIX_PATH=/home/mcr2/ros2_ws/src/install/controller_manager:/home/mcr2/ros2_ws/src/install/controller_interface:/home/mcr2/ros2_ws/src/install/hardware_interface:/home/mcr2/ros2_ws/src/install/ros2_control_test_assets:/home/mcr2/ros2_ws/src/install/realtime_tools:/home/mcr2/ros2_ws/src/install/controller_manager_msgs:/home/mcr2/ros2_ws/src/install/control_msgs:${AMENT_PREFIX_PATH} CMAKE_PREFIX_PATH=/home/mcr2/ros2_ws/src/install/controller_manager:/home/mcr2/ros2_ws/src/install/controller_interface:/home/mcr2/ros2_ws/src/install/hardware_interface:/home/mcr2/ros2_ws/src/install/ros2_control_test_assets:/home/mcr2/ros2_ws/src/install/realtime_tools:/home/mcr2/ros2_ws/src/install/controller_manager_msgs:/home/mcr2/ros2_ws/src/install/control_msgs:${CMAKE_PREFIX_PATH} LD_LIBRARY_PATH=/home/mcr2/ros2_ws/src/install/controller_manager/lib:/home/mcr2/ros2_ws/src/install/controller_interface/lib:/home/mcr2/ros2_ws/src/install/hardware_interface/lib:/home/mcr2/ros2_ws/src/install/realtime_tools/lib:/home/mcr2/ros2_ws/src/install/controller_manager_msgs/lib:/home/mcr2/ros2_ws/src/install/control_msgs/lib:${LD_LIBRARY_PATH} PYTHONPATH=/home/mcr2/ros2_ws/src/build/ros2controlcli/prefix_override:/home/mcr2/ros2_ws/src/install/ros2controlcli/lib/python3.10/site-packages:/home/mcr2/ros2_ws/src/install/controller_manager/local/lib/python3.10/dist-packages:/home/mcr2/ros2_ws/src/install/controller_manager_msgs/local/lib/python3.10/dist-packages:/home/mcr2/ros2_ws/src/install/control_msgs/local/lib/python3.10/dist-packages:${PYTHONPATH} /usr/bin/python3 setup.py egg_info --egg-base ../../../build/ros2controlcli build --build-base /home/mcr2/ros2_ws/src/build/ros2controlcli/build install --record /home/mcr2/ros2_ws/src/build/ros2controlcli/install.log --single-version-externally-managed
