[2.844s] Invoking command in '/home/mcr2/ros2_ws/src/basic_comms': PYTHONPATH=/home/mcr2/ros2_ws/src/build/basic_comms/prefix_override:/home/mcr2/ros2_ws/src/install/basic_comms/lib/python3.10/site-packages:${PYTHONPATH} /usr/bin/python3 setup.py egg_info --egg-base ../build/basic_comms build --build-base /home/mcr2/ros2_ws/src/build/basic_comms/build install --record /home/mcr2/ros2_ws/src/build/basic_comms/install.log --single-version-externally-managed
[3.697s] running egg_info
[3.709s] creating ../build/basic_comms/basic_comms.egg-info
[3.711s] writing ../build/basic_comms/basic_comms.egg-info/PKG-INFO
[3.712s] writing dependency_links to ../build/basic_comms/basic_comms.egg-info/dependency_links.txt
[3.712s] writing entry points to ../build/basic_comms/basic_comms.egg-info/entry_points.txt
[3.713s] writing requirements to ../build/basic_comms/basic_comms.egg-info/requires.txt
[3.713s] writing top-level names to ../build/basic_comms/basic_comms.egg-info/top_level.txt
[3.713s] writing manifest file '../build/basic_comms/basic_comms.egg-info/SOURCES.txt'
[3.718s] reading manifest file '../build/basic_comms/basic_comms.egg-info/SOURCES.txt'
[3.720s] writing manifest file '../build/basic_comms/basic_comms.egg-info/SOURCES.txt'
[3.721s] running build
[3.722s] running build_py
[3.722s] creating /home/mcr2/ros2_ws/src/build/basic_comms/build
[3.723s] creating /home/mcr2/ros2_ws/src/build/basic_comms/build/lib
[3.723s] creating /home/mcr2/ros2_ws/src/build/basic_comms/build/lib/basic_comms
[3.723s] copying basic_comms/talker.py -> /home/mcr2/ros2_ws/src/build/basic_comms/build/lib/basic_comms
[3.724s] copying basic_comms/listener.py -> /home/mcr2/ros2_ws/src/build/basic_comms/build/lib/basic_comms
[3.726s] copying basic_comms/__init__.py -> /home/mcr2/ros2_ws/src/build/basic_comms/build/lib/basic_comms
[3.727s] running install
[3.727s] /usr/lib/python3/dist-packages/setuptools/command/install.py:34: SetuptoolsDeprecationWarning: setup.py install is deprecated. Use build and pip and other standards-based tools.
[3.727s]   warnings.warn(
[3.729s] running install_lib
[3.732s] creating /home/mcr2/ros2_ws/src/install/basic_comms/lib/python3.10/site-packages/basic_comms
[3.733s] copying /home/mcr2/ros2_ws/src/build/basic_comms/build/lib/basic_comms/talker.py -> /home/mcr2/ros2_ws/src/install/basic_comms/lib/python3.10/site-packages/basic_comms
[3.733s] copying /home/mcr2/ros2_ws/src/build/basic_comms/build/lib/basic_comms/listener.py -> /home/mcr2/ros2_ws/src/install/basic_comms/lib/python3.10/site-packages/basic_comms
[3.733s] copying /home/mcr2/ros2_ws/src/build/basic_comms/build/lib/basic_comms/__init__.py -> /home/mcr2/ros2_ws/src/install/basic_comms/lib/python3.10/site-packages/basic_comms
[3.734s] byte-compiling /home/mcr2/ros2_ws/src/install/basic_comms/lib/python3.10/site-packages/basic_comms/talker.py to talker.cpython-310.pyc
[3.736s] byte-compiling /home/mcr2/ros2_ws/src/install/basic_comms/lib/python3.10/site-packages/basic_comms/listener.py to listener.cpython-310.pyc
[3.737s] byte-compiling /home/mcr2/ros2_ws/src/install/basic_comms/lib/python3.10/site-packages/basic_comms/__init__.py to __init__.cpython-310.pyc
[3.737s] running install_data
[3.739s] creating /home/mcr2/ros2_ws/src/install/basic_comms/share/ament_index
[3.739s] creating /home/mcr2/ros2_ws/src/install/basic_comms/share/ament_index/resource_index
[3.740s] creating /home/mcr2/ros2_ws/src/install/basic_comms/share/ament_index/resource_index/packages
[3.740s] copying resource/basic_comms -> /home/mcr2/ros2_ws/src/install/basic_comms/share/ament_index/resource_index/packages
[3.740s] copying package.xml -> /home/mcr2/ros2_ws/src/install/basic_comms/share/basic_comms
[3.740s] running install_egg_info
[3.745s] Copying ../build/basic_comms/basic_comms.egg-info to /home/mcr2/ros2_ws/src/install/basic_comms/lib/python3.10/site-packages/basic_comms-0.0.0-py3.10.egg-info
[3.747s] running install_scripts
[3.871s] Installing listener script to /home/mcr2/ros2_ws/src/install/basic_comms/lib/basic_comms
[3.871s] Installing talker script to /home/mcr2/ros2_ws/src/install/basic_comms/lib/basic_comms
[3.871s] writing list of installed files to '/home/mcr2/ros2_ws/src/build/basic_comms/install.log'
[3.908s] Invoked command in '/home/mcr2/ros2_ws/src/basic_comms' returned '0': PYTHONPATH=/home/mcr2/ros2_ws/src/build/basic_comms/prefix_override:/home/mcr2/ros2_ws/src/install/basic_comms/lib/python3.10/site-packages:${PYTHONPATH} /usr/bin/python3 setup.py egg_info --egg-base ../build/basic_comms build --build-base /home/mcr2/ros2_ws/src/build/basic_comms/build install --record /home/mcr2/ros2_ws/src/build/basic_comms/install.log --single-version-externally-managed
