[0.962s] Invoking command in '/home/mcr2/ros2_ws/src/build/control_msgs': CMAKE_PREFIX_PATH=${CMAKE_PREFIX_PATH}:/home/mcr2/ros2_ws/src/install/sphere_msgs:/home/mcr2/ros2_ws/src/install/signal_decomposition:/home/mcr2/ros2_ws/src/install/rqt_joint_trajectory_controller:/home/mcr2/ros2_ws/src/install/rqt_controller_manager:/home/mcr2/ros2_ws/src/install/ros2controlcli:/home/mcr2/ros2_ws/src/install/ros2_controllers_test_nodes:/home/mcr2/ros2_ws/src/install/courseworks:/home/mcr2/ros2_ws/src/install/basic_comms:/home/mcr2/ros2_ws/src/install/basic_comm_params:/opt/ros/humble /usr/bin/cmake --build /home/mcr2/ros2_ws/src/build/control_msgs -- -j4 -l4
[1.902s] [  0%] Built target control_msgs__cpp
[1.978s] [ 12%] Built target control_msgs__rosidl_generator_c
[2.074s] [ 12%] Built target ament_cmake_python_copy_control_msgs
[2.880s] [ 24%] Built target control_msgs__rosidl_typesupport_cpp
[2.963s] [ 36%] Built target control_msgs__rosidl_typesupport_fastrtps_cpp
[2.999s] [ 48%] Built target control_msgs__rosidl_typesupport_introspection_cpp
[3.355s] [ 60%] Built target control_msgs__rosidl_typesupport_fastrtps_c
[3.644s] [ 72%] Built target control_msgs__rosidl_typesupport_introspection_c
[3.771s] [ 84%] Built target control_msgs__rosidl_typesupport_c
[4.151s] [ 84%] Built target control_msgs
[4.559s] [ 85%] Built target control_msgs__py
[5.164s] [ 96%] Built target control_msgs__rosidl_generator_py
[5.740s] [ 97%] Built target control_msgs__rosidl_typesupport_fastrtps_c__pyext
[5.758s] [ 99%] Built target control_msgs__rosidl_typesupport_introspection_c__pyext
[5.924s] [100%] Built target control_msgs__rosidl_typesupport_c__pyext
[5.924s] running egg_info
[5.925s] writing control_msgs.egg-info/PKG-INFO
[5.925s] writing dependency_links to control_msgs.egg-info/dependency_links.txt
[5.926s] writing top-level names to control_msgs.egg-info/top_level.txt
[5.963s] reading manifest file 'control_msgs.egg-info/SOURCES.txt'
[5.963s] writing manifest file 'control_msgs.egg-info/SOURCES.txt'
[6.136s] [100%] Built target ament_cmake_python_build_control_msgs_egg
[6.328s] Invoked command in '/home/mcr2/ros2_ws/src/build/control_msgs' returned '0': CMAKE_PREFIX_PATH=${CMAKE_PREFIX_PATH}:/home/mcr2/ros2_ws/src/install/sphere_msgs:/home/mcr2/ros2_ws/src/install/signal_decomposition:/home/mcr2/ros2_ws/src/install/rqt_joint_trajectory_controller:/home/mcr2/ros2_ws/src/install/rqt_controller_manager:/home/mcr2/ros2_ws/src/install/ros2controlcli:/home/mcr2/ros2_ws/src/install/ros2_controllers_test_nodes:/home/mcr2/ros2_ws/src/install/courseworks:/home/mcr2/ros2_ws/src/install/basic_comms:/home/mcr2/ros2_ws/src/install/basic_comm_params:/opt/ros/humble /usr/bin/cmake --build /home/mcr2/ros2_ws/src/build/control_msgs -- -j4 -l4
[14.036s] Invoking command in '/home/mcr2/ros2_ws/src/build/control_msgs': CMAKE_PREFIX_PATH=${CMAKE_PREFIX_PATH}:/home/mcr2/ros2_ws/src/install/sphere_msgs:/home/mcr2/ros2_ws/src/install/signal_decomposition:/home/mcr2/ros2_ws/src/install/rqt_joint_trajectory_controller:/home/mcr2/ros2_ws/src/install/rqt_controller_manager:/home/mcr2/ros2_ws/src/install/ros2controlcli:/home/mcr2/ros2_ws/src/install/ros2_controllers_test_nodes:/home/mcr2/ros2_ws/src/install/courseworks:/home/mcr2/ros2_ws/src/install/basic_comms:/home/mcr2/ros2_ws/src/install/basic_comm_params:/opt/ros/humble /usr/bin/cmake --install /home/mcr2/ros2_ws/src/build/control_msgs
[14.115s] -- Install configuration: ""
[14.122s] -- Up-to-date: /home/mcr2/ros2_ws/src/install/control_msgs/share/ament_index/resource_index/rosidl_interfaces/control_msgs
[14.124s] -- Up-to-date: /home/mcr2/ros2_ws/src/install/control_msgs/include/control_msgs/control_msgs
[14.125s] -- Up-to-date: /home/mcr2/ros2_ws/src/install/control_msgs/include/control_msgs/control_msgs/action
[14.125s] -- Up-to-date: /home/mcr2/ros2_ws/src/install/control_msgs/include/control_msgs/control_msgs/action/joint_trajectory.h
[14.126s] -- Up-to-date: /home/mcr2/ros2_ws/src/install/control_msgs/include/control_msgs/control_msgs/action/detail
[14.126s] -- Up-to-date: /home/mcr2/ros2_ws/src/install/control_msgs/include/control_msgs/control_msgs/action/detail/point_head__struct.h
[14.127s] -- Up-to-date: /home/mcr2/ros2_ws/src/install/control_msgs/include/control_msgs/control_msgs/action/detail/point_head__functions.h
[14.128s] -- Up-to-date: /home/mcr2/ros2_ws/src/install/control_msgs/include/control_msgs/control_msgs/action/detail/joint_trajectory__struct.h
[14.129s] -- Up-to-date: /home/mcr2/ros2_ws/src/install/control_msgs/include/control_msgs/control_msgs/action/detail/single_joint_position__type_support.h
[14.131s] -- Up-to-date: /home/mcr2/ros2_ws/src/install/control_msgs/include/control_msgs/control_msgs/action/detail/gripper_command__type_support.h
[14.141s] -- Up-to-date: /home/mcr2/ros2_ws/src/install/control_msgs/include/control_msgs/control_msgs/action/detail/follow_joint_trajectory__struct.h
[14.152s] -- Up-to-date: /home/mcr2/ros2_ws/src/install/control_msgs/include/control_msgs/control_msgs/action/detail/point_head__functions.c
[14.152s] -- Up-to-date: /home/mcr2/ros2_ws/src/install/control_msgs/include/control_msgs/control_msgs/action/detail/single_joint_position__functions.h
[14.154s] -- Up-to-date: /home/mcr2/ros2_ws/src/install/control_msgs/include/control_msgs/control_msgs/action/detail/follow_joint_trajectory__type_support.h
[14.155s] -- Up-to-date: /home/mcr2/ros2_ws/src/install/control_msgs/include/control_msgs/control_msgs/action/detail/joint_trajectory__functions.h
[14.155s] -- Up-to-date: /home/mcr2/ros2_ws/src/install/control_msgs/include/control_msgs/control_msgs/action/detail/joint_trajectory__type_support.h
[14.156s] -- Up-to-date: /home/mcr2/ros2_ws/src/install/control_msgs/include/control_msgs/control_msgs/action/detail/gripper_command__struct.h
[14.157s] -- Up-to-date: /home/mcr2/ros2_ws/src/install/control_msgs/include/control_msgs/control_msgs/action/detail/gripper_command__functions.h
[14.157s] -- Up-to-date: /home/mcr2/ros2_ws/src/install/control_msgs/include/control_msgs/control_msgs/action/detail/joint_trajectory__functions.c
[14.157s] -- Up-to-date: /home/mcr2/ros2_ws/src/install/control_msgs/include/control_msgs/control_msgs/action/detail/follow_joint_trajectory__functions.h
[14.161s] -- Up-to-date: /home/mcr2/ros2_ws/src/install/control_msgs/include/control_msgs/control_msgs/action/detail/gripper_command__functions.c
[14.161s] -- Up-to-date: /home/mcr2/ros2_ws/src/install/control_msgs/include/control_msgs/control_msgs/action/detail/single_joint_position__functions.c
[14.161s] -- Up-to-date: /home/mcr2/ros2_ws/src/install/control_msgs/include/control_msgs/control_msgs/action/detail/follow_joint_trajectory__functions.c
[14.162s] -- Up-to-date: /home/mcr2/ros2_ws/src/install/control_msgs/include/control_msgs/control_msgs/action/detail/single_joint_position__struct.h
[14.162s] -- Up-to-date: /home/mcr2/ros2_ws/src/install/control_msgs/include/control_msgs/control_msgs/action/detail/point_head__type_support.h
[14.163s] -- Up-to-date: /home/mcr2/ros2_ws/src/install/control_msgs/include/control_msgs/control_msgs/action/single_joint_position.h
[14.163s] -- Up-to-date: /home/mcr2/ros2_ws/src/install/control_msgs/include/control_msgs/control_msgs/action/gripper_command.h
[14.163s] -- Up-to-date: /home/mcr2/ros2_ws/src/install/control_msgs/include/control_msgs/control_msgs/action/point_head.h
[14.163s] -- Up-to-date: /home/mcr2/ros2_ws/src/install/control_msgs/include/control_msgs/control_msgs/action/follow_joint_trajectory.h
[14.164s] -- Up-to-date: /home/mcr2/ros2_ws/src/install/control_msgs/include/control_msgs/control_msgs/srv
[14.164s] -- Up-to-date: /home/mcr2/ros2_ws/src/install/control_msgs/include/control_msgs/control_msgs/srv/query_trajectory_state.h
[14.164s] -- Up-to-date: /home/mcr2/ros2_ws/src/install/control_msgs/include/control_msgs/control_msgs/srv/detail
[14.167s] -- Up-to-date: /home/mcr2/ros2_ws/src/install/control_msgs/include/control_msgs/control_msgs/srv/detail/query_calibration_state__functions.c
[14.168s] -- Up-to-date: /home/mcr2/ros2_ws/src/install/control_msgs/include/control_msgs/control_msgs/srv/detail/query_trajectory_state__type_support.h
[14.168s] -- Up-to-date: /home/mcr2/ros2_ws/src/install/control_msgs/include/control_msgs/control_msgs/srv/detail/query_trajectory_state__functions.h
[14.168s] -- Up-to-date: /home/mcr2/ros2_ws/src/install/control_msgs/include/control_msgs/control_msgs/srv/detail/query_trajectory_state__struct.h
[14.168s] -- Up-to-date: /home/mcr2/ros2_ws/src/install/control_msgs/include/control_msgs/control_msgs/srv/detail/query_trajectory_state__functions.c
[14.168s] -- Up-to-date: /home/mcr2/ros2_ws/src/install/control_msgs/include/control_msgs/control_msgs/srv/detail/query_calibration_state__struct.h
[14.169s] -- Up-to-date: /home/mcr2/ros2_ws/src/install/control_msgs/include/control_msgs/control_msgs/srv/detail/query_calibration_state__type_support.h
[14.169s] -- Up-to-date: /home/mcr2/ros2_ws/src/install/control_msgs/include/control_msgs/control_msgs/srv/detail/query_calibration_state__functions.h
[14.169s] -- Up-to-date: /home/mcr2/ros2_ws/src/install/control_msgs/include/control_msgs/control_msgs/srv/query_calibration_state.h
[14.169s] -- Up-to-date: /home/mcr2/ros2_ws/src/install/control_msgs/include/control_msgs/control_msgs/msg
[14.169s] -- Up-to-date: /home/mcr2/ros2_ws/src/install/control_msgs/include/control_msgs/control_msgs/msg/pid_state.h
[14.169s] -- Up-to-date: /home/mcr2/ros2_ws/src/install/control_msgs/include/control_msgs/control_msgs/msg/joint_tolerance.h
[14.169s] -- Up-to-date: /home/mcr2/ros2_ws/src/install/control_msgs/include/control_msgs/control_msgs/msg/joint_trajectory_controller_state.h
[14.170s] -- Up-to-date: /home/mcr2/ros2_ws/src/install/control_msgs/include/control_msgs/control_msgs/msg/joint_component_tolerance.h
[14.170s] -- Up-to-date: /home/mcr2/ros2_ws/src/install/control_msgs/include/control_msgs/control_msgs/msg/dynamic_joint_state.h
[14.170s] -- Up-to-date: /home/mcr2/ros2_ws/src/install/control_msgs/include/control_msgs/control_msgs/msg/joint_jog.h
[14.170s] -- Up-to-date: /home/mcr2/ros2_ws/src/install/control_msgs/include/control_msgs/control_msgs/msg/admittance_controller_state.h
[14.170s] -- Up-to-date: /home/mcr2/ros2_ws/src/install/control_msgs/include/control_msgs/control_msgs/msg/steering_controller_status.h
[14.170s] -- Up-to-date: /home/mcr2/ros2_ws/src/install/control_msgs/include/control_msgs/control_msgs/msg/joint_controller_state.h
[14.170s] -- Up-to-date: /home/mcr2/ros2_ws/src/install/control_msgs/include/control_msgs/control_msgs/msg/detail
[14.171s] -- Up-to-date: /home/mcr2/ros2_ws/src/install/control_msgs/include/control_msgs/control_msgs/msg/detail/mecanum_drive_controller_state__functions.h
[14.171s] -- Up-to-date: /home/mcr2/ros2_ws/src/install/control_msgs/include/control_msgs/control_msgs/msg/detail/joint_tolerance__struct.h
[14.171s] -- Up-to-date: /home/mcr2/ros2_ws/src/install/control_msgs/include/control_msgs/control_msgs/msg/detail/interface_value__functions.c
[14.171s] -- Up-to-date: /home/mcr2/ros2_ws/src/install/control_msgs/include/control_msgs/control_msgs/msg/detail/joint_controller_state__struct.h
[14.171s] -- Up-to-date: /home/mcr2/ros2_ws/src/install/control_msgs/include/control_msgs/control_msgs/msg/detail/joint_component_tolerance__functions.h
[14.171s] -- Up-to-date: /home/mcr2/ros2_ws/src/install/control_msgs/include/control_msgs/control_msgs/msg/detail/interface_value__functions.h
[14.172s] -- Up-to-date: /home/mcr2/ros2_ws/src/install/control_msgs/include/control_msgs/control_msgs/msg/detail/steering_controller_status__functions.c
[14.172s] -- Up-to-date: /home/mcr2/ros2_ws/src/install/control_msgs/include/control_msgs/control_msgs/msg/detail/joint_tolerance__functions.h
[14.172s] -- Up-to-date: /home/mcr2/ros2_ws/src/install/control_msgs/include/control_msgs/control_msgs/msg/detail/joint_trajectory_controller_state__struct.h
[14.172s] -- Up-to-date: /home/mcr2/ros2_ws/src/install/control_msgs/include/control_msgs/control_msgs/msg/detail/joint_jog__struct.h
[14.172s] -- Up-to-date: /home/mcr2/ros2_ws/src/install/control_msgs/include/control_msgs/control_msgs/msg/detail/gripper_command__type_support.h
[14.172s] -- Up-to-date: /home/mcr2/ros2_ws/src/install/control_msgs/include/control_msgs/control_msgs/msg/detail/admittance_controller_state__functions.h
[14.172s] -- Up-to-date: /home/mcr2/ros2_ws/src/install/control_msgs/include/control_msgs/control_msgs/msg/detail/mecanum_drive_controller_state__type_support.h
[14.173s] -- Up-to-date: /home/mcr2/ros2_ws/src/install/control_msgs/include/control_msgs/control_msgs/msg/detail/joint_tolerance__functions.c
[14.173s] -- Up-to-date: /home/mcr2/ros2_ws/src/install/control_msgs/include/control_msgs/control_msgs/msg/detail/joint_trajectory_controller_state__functions.c
[14.173s] -- Up-to-date: /home/mcr2/ros2_ws/src/install/control_msgs/include/control_msgs/control_msgs/msg/detail/admittance_controller_state__type_support.h
[14.173s] -- Up-to-date: /home/mcr2/ros2_ws/src/install/control_msgs/include/control_msgs/control_msgs/msg/detail/mecanum_drive_controller_state__struct.h
[14.173s] -- Up-to-date: /home/mcr2/ros2_ws/src/install/control_msgs/include/control_msgs/control_msgs/msg/detail/pid_state__functions.c
[14.173s] -- Up-to-date: /home/mcr2/ros2_ws/src/install/control_msgs/include/control_msgs/control_msgs/msg/detail/joint_jog__functions.h
[14.173s] -- Up-to-date: /home/mcr2/ros2_ws/src/install/control_msgs/include/control_msgs/control_msgs/msg/detail/interface_value__type_support.h
[14.174s] -- Up-to-date: /home/mcr2/ros2_ws/src/install/control_msgs/include/control_msgs/control_msgs/msg/detail/dynamic_joint_state__functions.c
[14.174s] -- Up-to-date: /home/mcr2/ros2_ws/src/install/control_msgs/include/control_msgs/control_msgs/msg/detail/pid_state__functions.h
[14.174s] -- Up-to-date: /home/mcr2/ros2_ws/src/install/control_msgs/include/control_msgs/control_msgs/msg/detail/joint_controller_state__type_support.h
[14.174s] -- Up-to-date: /home/mcr2/ros2_ws/src/install/control_msgs/include/control_msgs/control_msgs/msg/detail/mecanum_drive_controller_state__functions.c
[14.174s] -- Up-to-date: /home/mcr2/ros2_ws/src/install/control_msgs/include/control_msgs/control_msgs/msg/detail/steering_controller_status__type_support.h
[14.174s] -- Up-to-date: /home/mcr2/ros2_ws/src/install/control_msgs/include/control_msgs/control_msgs/msg/detail/joint_trajectory_controller_state__functions.h
[14.174s] -- Up-to-date: /home/mcr2/ros2_ws/src/install/control_msgs/include/control_msgs/control_msgs/msg/detail/admittance_controller_state__functions.c
[14.175s] -- Up-to-date: /home/mcr2/ros2_ws/src/install/control_msgs/include/control_msgs/control_msgs/msg/detail/joint_component_tolerance__struct.h
[14.175s] -- Up-to-date: /home/mcr2/ros2_ws/src/install/control_msgs/include/control_msgs/control_msgs/msg/detail/dynamic_joint_state__type_support.h
[14.175s] -- Up-to-date: /home/mcr2/ros2_ws/src/install/control_msgs/include/control_msgs/control_msgs/msg/detail/steering_controller_status__functions.h
[14.175s] -- Up-to-date: /home/mcr2/ros2_ws/src/install/control_msgs/include/control_msgs/control_msgs/msg/detail/gripper_command__struct.h
[14.175s] -- Up-to-date: /home/mcr2/ros2_ws/src/install/control_msgs/include/control_msgs/control_msgs/msg/detail/interface_value__struct.h
[14.175s] -- Up-to-date: /home/mcr2/ros2_ws/src/install/control_msgs/include/control_msgs/control_msgs/msg/detail/joint_tolerance__type_support.h
[14.176s] -- Up-to-date: /home/mcr2/ros2_ws/src/install/control_msgs/include/control_msgs/control_msgs/msg/detail/joint_controller_state__functions.c
[14.176s] -- Up-to-date: /home/mcr2/ros2_ws/src/install/control_msgs/include/control_msgs/control_msgs/msg/detail/dynamic_joint_state__functions.h
[14.176s] -- Up-to-date: /home/mcr2/ros2_ws/src/install/control_msgs/include/control_msgs/control_msgs/msg/detail/admittance_controller_state__struct.h
[14.176s] -- Up-to-date: /home/mcr2/ros2_ws/src/install/control_msgs/include/control_msgs/control_msgs/msg/detail/pid_state__struct.h
[14.176s] -- Up-to-date: /home/mcr2/ros2_ws/src/install/control_msgs/include/control_msgs/control_msgs/msg/detail/gripper_command__functions.h
[14.176s] -- Up-to-date: /home/mcr2/ros2_ws/src/install/control_msgs/include/control_msgs/control_msgs/msg/detail/joint_component_tolerance__functions.c
[14.176s] -- Up-to-date: /home/mcr2/ros2_ws/src/install/control_msgs/include/control_msgs/control_msgs/msg/detail/gripper_command__functions.c
[14.177s] -- Up-to-date: /home/mcr2/ros2_ws/src/install/control_msgs/include/control_msgs/control_msgs/msg/detail/joint_jog__type_support.h
[14.177s] -- Up-to-date: /home/mcr2/ros2_ws/src/install/control_msgs/include/control_msgs/control_msgs/msg/detail/joint_controller_state__functions.h
[14.177s] -- Up-to-date: /home/mcr2/ros2_ws/src/install/control_msgs/include/control_msgs/control_msgs/msg/detail/joint_jog__functions.c
[14.177s] -- Up-to-date: /home/mcr2/ros2_ws/src/install/control_msgs/include/control_msgs/control_msgs/msg/detail/joint_component_tolerance__type_support.h
[14.177s] -- Up-to-date: /home/mcr2/ros2_ws/src/install/control_msgs/include/control_msgs/control_msgs/msg/detail/dynamic_joint_state__struct.h
[14.177s] -- Up-to-date: /home/mcr2/ros2_ws/src/install/control_msgs/include/control_msgs/control_msgs/msg/detail/steering_controller_status__struct.h
[14.177s] -- Up-to-date: /home/mcr2/ros2_ws/src/install/control_msgs/include/control_msgs/control_msgs/msg/detail/pid_state__type_support.h
[14.178s] -- Up-to-date: /home/mcr2/ros2_ws/src/install/control_msgs/include/control_msgs/control_msgs/msg/detail/joint_trajectory_controller_state__type_support.h
[14.178s] -- Up-to-date: /home/mcr2/ros2_ws/src/install/control_msgs/include/control_msgs/control_msgs/msg/gripper_command.h
[14.178s] -- Up-to-date: /home/mcr2/ros2_ws/src/install/control_msgs/include/control_msgs/control_msgs/msg/rosidl_generator_c__visibility_control.h
[14.178s] -- Up-to-date: /home/mcr2/ros2_ws/src/install/control_msgs/include/control_msgs/control_msgs/msg/mecanum_drive_controller_state.h
[14.178s] -- Up-to-date: /home/mcr2/ros2_ws/src/install/control_msgs/include/control_msgs/control_msgs/msg/interface_value.h
[14.178s] -- Up-to-date: /home/mcr2/ros2_ws/src/install/control_msgs/share/control_msgs/environment/library_path.sh
[14.178s] -- Up-to-date: /home/mcr2/ros2_ws/src/install/control_msgs/share/control_msgs/environment/library_path.dsv
[14.178s] -- Up-to-date: /home/mcr2/ros2_ws/src/install/control_msgs/lib/libcontrol_msgs__rosidl_generator_c.so
[14.179s] -- Up-to-date: /home/mcr2/ros2_ws/src/install/control_msgs/include/control_msgs/control_msgs
[14.179s] -- Up-to-date: /home/mcr2/ros2_ws/src/install/control_msgs/include/control_msgs/control_msgs/action
[14.179s] -- Up-to-date: /home/mcr2/ros2_ws/src/install/control_msgs/include/control_msgs/control_msgs/action/detail
[14.179s] -- Up-to-date: /home/mcr2/ros2_ws/src/install/control_msgs/include/control_msgs/control_msgs/action/detail/point_head__rosidl_typesupport_fastrtps_c.h
[14.179s] -- Up-to-date: /home/mcr2/ros2_ws/src/install/control_msgs/include/control_msgs/control_msgs/action/detail/follow_joint_trajectory__rosidl_typesupport_fastrtps_c.h
[14.179s] -- Up-to-date: /home/mcr2/ros2_ws/src/install/control_msgs/include/control_msgs/control_msgs/action/detail/joint_trajectory__rosidl_typesupport_fastrtps_c.h
[14.179s] -- Up-to-date: /home/mcr2/ros2_ws/src/install/control_msgs/include/control_msgs/control_msgs/action/detail/single_joint_position__rosidl_typesupport_fastrtps_c.h
[14.180s] -- Up-to-date: /home/mcr2/ros2_ws/src/install/control_msgs/include/control_msgs/control_msgs/action/detail/gripper_command__rosidl_typesupport_fastrtps_c.h
[14.180s] -- Up-to-date: /home/mcr2/ros2_ws/src/install/control_msgs/include/control_msgs/control_msgs/srv
[14.180s] -- Up-to-date: /home/mcr2/ros2_ws/src/install/control_msgs/include/control_msgs/control_msgs/srv/detail
[14.180s] -- Up-to-date: /home/mcr2/ros2_ws/src/install/control_msgs/include/control_msgs/control_msgs/srv/detail/query_calibration_state__rosidl_typesupport_fastrtps_c.h
[14.197s] -- Up-to-date: /home/mcr2/ros2_ws/src/install/control_msgs/include/control_msgs/control_msgs/srv/detail/query_trajectory_state__rosidl_typesupport_fastrtps_c.h
[14.198s] -- Up-to-date: /home/mcr2/ros2_ws/src/install/control_msgs/include/control_msgs/control_msgs/msg
[14.198s] -- Up-to-date: /home/mcr2/ros2_ws/src/install/control_msgs/include/control_msgs/control_msgs/msg/rosidl_typesupport_fastrtps_c__visibility_control.h
[14.198s] -- Up-to-date: /home/mcr2/ros2_ws/src/install/control_msgs/include/control_msgs/control_msgs/msg/detail
[14.199s] -- Up-to-date: /home/mcr2/ros2_ws/src/install/control_msgs/include/control_msgs/control_msgs/msg/detail/admittance_controller_state__rosidl_typesupport_fastrtps_c.h
[14.199s] -- Up-to-date: /home/mcr2/ros2_ws/src/install/control_msgs/include/control_msgs/control_msgs/msg/detail/joint_controller_state__rosidl_typesupport_fastrtps_c.h
[14.199s] -- Up-to-date: /home/mcr2/ros2_ws/src/install/control_msgs/include/control_msgs/control_msgs/msg/detail/dynamic_joint_state__rosidl_typesupport_fastrtps_c.h
[14.200s] -- Up-to-date: /home/mcr2/ros2_ws/src/install/control_msgs/include/control_msgs/control_msgs/msg/detail/joint_tolerance__rosidl_typesupport_fastrtps_c.h
[14.200s] -- Up-to-date: /home/mcr2/ros2_ws/src/install/control_msgs/include/control_msgs/control_msgs/msg/detail/mecanum_drive_controller_state__rosidl_typesupport_fastrtps_c.h
[14.200s] -- Up-to-date: /home/mcr2/ros2_ws/src/install/control_msgs/include/control_msgs/control_msgs/msg/detail/pid_state__rosidl_typesupport_fastrtps_c.h
[14.200s] -- Up-to-date: /home/mcr2/ros2_ws/src/install/control_msgs/include/control_msgs/control_msgs/msg/detail/joint_component_tolerance__rosidl_typesupport_fastrtps_c.h
[14.200s] -- Up-to-date: /home/mcr2/ros2_ws/src/install/control_msgs/include/control_msgs/control_msgs/msg/detail/steering_controller_status__rosidl_typesupport_fastrtps_c.h
[14.201s] -- Up-to-date: /home/mcr2/ros2_ws/src/install/control_msgs/include/control_msgs/control_msgs/msg/detail/interface_value__rosidl_typesupport_fastrtps_c.h
[14.201s] -- Up-to-date: /home/mcr2/ros2_ws/src/install/control_msgs/include/control_msgs/control_msgs/msg/detail/gripper_command__rosidl_typesupport_fastrtps_c.h
[14.201s] -- Up-to-date: /home/mcr2/ros2_ws/src/install/control_msgs/include/control_msgs/control_msgs/msg/detail/joint_trajectory_controller_state__rosidl_typesupport_fastrtps_c.h
[14.201s] -- Up-to-date: /home/mcr2/ros2_ws/src/install/control_msgs/include/control_msgs/control_msgs/msg/detail/joint_jog__rosidl_typesupport_fastrtps_c.h
[14.201s] -- Up-to-date: /home/mcr2/ros2_ws/src/install/control_msgs/lib/libcontrol_msgs__rosidl_typesupport_fastrtps_c.so
[14.201s] -- Up-to-date: /home/mcr2/ros2_ws/src/install/control_msgs/include/control_msgs/control_msgs
[14.202s] -- Up-to-date: /home/mcr2/ros2_ws/src/install/control_msgs/include/control_msgs/control_msgs/action
[14.202s] -- Up-to-date: /home/mcr2/ros2_ws/src/install/control_msgs/include/control_msgs/control_msgs/action/joint_trajectory.hpp
[14.202s] -- Up-to-date: /home/mcr2/ros2_ws/src/install/control_msgs/include/control_msgs/control_msgs/action/follow_joint_trajectory.hpp
[14.202s] -- Up-to-date: /home/mcr2/ros2_ws/src/install/control_msgs/include/control_msgs/control_msgs/action/point_head.hpp
[14.202s] -- Up-to-date: /home/mcr2/ros2_ws/src/install/control_msgs/include/control_msgs/control_msgs/action/gripper_command.hpp
[14.202s] -- Up-to-date: /home/mcr2/ros2_ws/src/install/control_msgs/include/control_msgs/control_msgs/action/detail
[14.203s] -- Up-to-date: /home/mcr2/ros2_ws/src/install/control_msgs/include/control_msgs/control_msgs/action/detail/single_joint_position__struct.hpp
[14.203s] -- Up-to-date: /home/mcr2/ros2_ws/src/install/control_msgs/include/control_msgs/control_msgs/action/detail/joint_trajectory__builder.hpp
[14.231s] -- Up-to-date: /home/mcr2/ros2_ws/src/install/control_msgs/include/control_msgs/control_msgs/action/detail/point_head__traits.hpp
[14.232s] -- Up-to-date: /home/mcr2/ros2_ws/src/install/control_msgs/include/control_msgs/control_msgs/action/detail/gripper_command__traits.hpp
[14.232s] -- Up-to-date: /home/mcr2/ros2_ws/src/install/control_msgs/include/control_msgs/control_msgs/action/detail/single_joint_position__builder.hpp
[14.232s] -- Up-to-date: /home/mcr2/ros2_ws/src/install/control_msgs/include/control_msgs/control_msgs/action/detail/joint_trajectory__struct.hpp
[14.232s] -- Up-to-date: /home/mcr2/ros2_ws/src/install/control_msgs/include/control_msgs/control_msgs/action/detail/point_head__builder.hpp
[14.233s] -- Up-to-date: /home/mcr2/ros2_ws/src/install/control_msgs/include/control_msgs/control_msgs/action/detail/follow_joint_trajectory__builder.hpp
[14.233s] -- Up-to-date: /home/mcr2/ros2_ws/src/install/control_msgs/include/control_msgs/control_msgs/action/detail/follow_joint_trajectory__traits.hpp
[14.233s] -- Up-to-date: /home/mcr2/ros2_ws/src/install/control_msgs/include/control_msgs/control_msgs/action/detail/follow_joint_trajectory__struct.hpp
[14.233s] -- Up-to-date: /home/mcr2/ros2_ws/src/install/control_msgs/include/control_msgs/control_msgs/action/detail/point_head__struct.hpp
[14.233s] -- Up-to-date: /home/mcr2/ros2_ws/src/install/control_msgs/include/control_msgs/control_msgs/action/detail/gripper_command__struct.hpp
[14.233s] -- Up-to-date: /home/mcr2/ros2_ws/src/install/control_msgs/include/control_msgs/control_msgs/action/detail/gripper_command__builder.hpp
[14.234s] -- Up-to-date: /home/mcr2/ros2_ws/src/install/control_msgs/include/control_msgs/control_msgs/action/detail/joint_trajectory__traits.hpp
[14.234s] -- Up-to-date: /home/mcr2/ros2_ws/src/install/control_msgs/include/control_msgs/control_msgs/action/detail/single_joint_position__traits.hpp
[14.234s] -- Up-to-date: /home/mcr2/ros2_ws/src/install/control_msgs/include/control_msgs/control_msgs/action/single_joint_position.hpp
[14.234s] -- Up-to-date: /home/mcr2/ros2_ws/src/install/control_msgs/include/control_msgs/control_msgs/srv
[14.234s] -- Up-to-date: /home/mcr2/ros2_ws/src/install/control_msgs/include/control_msgs/control_msgs/srv/query_trajectory_state.hpp
[14.234s] -- Up-to-date: /home/mcr2/ros2_ws/src/install/control_msgs/include/control_msgs/control_msgs/srv/query_calibration_state.hpp
[14.234s] -- Up-to-date: /home/mcr2/ros2_ws/src/install/control_msgs/include/control_msgs/control_msgs/srv/detail
[14.234s] -- Up-to-date: /home/mcr2/ros2_ws/src/install/control_msgs/include/control_msgs/control_msgs/srv/detail/query_calibration_state__traits.hpp
[14.235s] -- Up-to-date: /home/mcr2/ros2_ws/src/install/control_msgs/include/control_msgs/control_msgs/srv/detail/query_trajectory_state__builder.hpp
[14.235s] -- Up-to-date: /home/mcr2/ros2_ws/src/install/control_msgs/include/control_msgs/control_msgs/srv/detail/query_calibration_state__struct.hpp
[14.235s] -- Up-to-date: /home/mcr2/ros2_ws/src/install/control_msgs/include/control_msgs/control_msgs/srv/detail/query_trajectory_state__struct.hpp
[14.235s] -- Up-to-date: /home/mcr2/ros2_ws/src/install/control_msgs/include/control_msgs/control_msgs/srv/detail/query_trajectory_state__traits.hpp
[14.235s] -- Up-to-date: /home/mcr2/ros2_ws/src/install/control_msgs/include/control_msgs/control_msgs/srv/detail/query_calibration_state__builder.hpp
[14.235s] -- Up-to-date: /home/mcr2/ros2_ws/src/install/control_msgs/include/control_msgs/control_msgs/msg
[14.235s] -- Up-to-date: /home/mcr2/ros2_ws/src/install/control_msgs/include/control_msgs/control_msgs/msg/joint_controller_state.hpp
[14.236s] -- Up-to-date: /home/mcr2/ros2_ws/src/install/control_msgs/include/control_msgs/control_msgs/msg/joint_tolerance.hpp
[14.236s] -- Up-to-date: /home/mcr2/ros2_ws/src/install/control_msgs/include/control_msgs/control_msgs/msg/joint_component_tolerance.hpp
[14.236s] -- Up-to-date: /home/mcr2/ros2_ws/src/install/control_msgs/include/control_msgs/control_msgs/msg/gripper_command.hpp
[14.236s] -- Up-to-date: /home/mcr2/ros2_ws/src/install/control_msgs/include/control_msgs/control_msgs/msg/mecanum_drive_controller_state.hpp
[14.236s] -- Up-to-date: /home/mcr2/ros2_ws/src/install/control_msgs/include/control_msgs/control_msgs/msg/dynamic_joint_state.hpp
[14.236s] -- Up-to-date: /home/mcr2/ros2_ws/src/install/control_msgs/include/control_msgs/control_msgs/msg/interface_value.hpp
[14.237s] -- Up-to-date: /home/mcr2/ros2_ws/src/install/control_msgs/include/control_msgs/control_msgs/msg/detail
[14.237s] -- Up-to-date: /home/mcr2/ros2_ws/src/install/control_msgs/include/control_msgs/control_msgs/msg/detail/mecanum_drive_controller_state__struct.hpp
[14.242s] -- Up-to-date: /home/mcr2/ros2_ws/src/install/control_msgs/include/control_msgs/control_msgs/msg/detail/steering_controller_status__traits.hpp
[14.243s] -- Up-to-date: /home/mcr2/ros2_ws/src/install/control_msgs/include/control_msgs/control_msgs/msg/detail/pid_state__builder.hpp
[14.243s] -- Up-to-date: /home/mcr2/ros2_ws/src/install/control_msgs/include/control_msgs/control_msgs/msg/detail/joint_component_tolerance__traits.hpp
[14.243s] -- Up-to-date: /home/mcr2/ros2_ws/src/install/control_msgs/include/control_msgs/control_msgs/msg/detail/dynamic_joint_state__struct.hpp
[14.243s] -- Up-to-date: /home/mcr2/ros2_ws/src/install/control_msgs/include/control_msgs/control_msgs/msg/detail/joint_jog__struct.hpp
[14.244s] -- Up-to-date: /home/mcr2/ros2_ws/src/install/control_msgs/include/control_msgs/control_msgs/msg/detail/interface_value__struct.hpp
[14.244s] -- Up-to-date: /home/mcr2/ros2_ws/src/install/control_msgs/include/control_msgs/control_msgs/msg/detail/dynamic_joint_state__builder.hpp
[14.244s] -- Up-to-date: /home/mcr2/ros2_ws/src/install/control_msgs/include/control_msgs/control_msgs/msg/detail/pid_state__struct.hpp
[14.244s] -- Up-to-date: /home/mcr2/ros2_ws/src/install/control_msgs/include/control_msgs/control_msgs/msg/detail/joint_trajectory_controller_state__builder.hpp
[14.245s] -- Up-to-date: /home/mcr2/ros2_ws/src/install/control_msgs/include/control_msgs/control_msgs/msg/detail/gripper_command__traits.hpp
[14.245s] -- Up-to-date: /home/mcr2/ros2_ws/src/install/control_msgs/include/control_msgs/control_msgs/msg/detail/mecanum_drive_controller_state__traits.hpp
[14.245s] -- Up-to-date: /home/mcr2/ros2_ws/src/install/control_msgs/include/control_msgs/control_msgs/msg/detail/steering_controller_status__struct.hpp
[14.246s] -- Up-to-date: /home/mcr2/ros2_ws/src/install/control_msgs/include/control_msgs/control_msgs/msg/detail/joint_trajectory_controller_state__traits.hpp
[14.246s] -- Up-to-date: /home/mcr2/ros2_ws/src/install/control_msgs/include/control_msgs/control_msgs/msg/detail/dynamic_joint_state__traits.hpp
[14.246s] -- Up-to-date: /home/mcr2/ros2_ws/src/install/control_msgs/include/control_msgs/control_msgs/msg/detail/joint_jog__traits.hpp
[14.246s] -- Up-to-date: /home/mcr2/ros2_ws/src/install/control_msgs/include/control_msgs/control_msgs/msg/detail/admittance_controller_state__traits.hpp
[14.247s] -- Up-to-date: /home/mcr2/ros2_ws/src/install/control_msgs/include/control_msgs/control_msgs/msg/detail/joint_jog__builder.hpp
[14.247s] -- Up-to-date: /home/mcr2/ros2_ws/src/install/control_msgs/include/control_msgs/control_msgs/msg/detail/joint_component_tolerance__struct.hpp
[14.247s] -- Up-to-date: /home/mcr2/ros2_ws/src/install/control_msgs/include/control_msgs/control_msgs/msg/detail/admittance_controller_state__struct.hpp
[14.247s] -- Up-to-date: /home/mcr2/ros2_ws/src/install/control_msgs/include/control_msgs/control_msgs/msg/detail/joint_tolerance__struct.hpp
[14.247s] -- Up-to-date: /home/mcr2/ros2_ws/src/install/control_msgs/include/control_msgs/control_msgs/msg/detail/interface_value__traits.hpp
[14.247s] -- Up-to-date: /home/mcr2/ros2_ws/src/install/control_msgs/include/control_msgs/control_msgs/msg/detail/joint_controller_state__traits.hpp
[14.248s] -- Up-to-date: /home/mcr2/ros2_ws/src/install/control_msgs/include/control_msgs/control_msgs/msg/detail/joint_controller_state__builder.hpp
[14.248s] -- Up-to-date: /home/mcr2/ros2_ws/src/install/control_msgs/include/control_msgs/control_msgs/msg/detail/steering_controller_status__builder.hpp
[14.248s] -- Up-to-date: /home/mcr2/ros2_ws/src/install/control_msgs/include/control_msgs/control_msgs/msg/detail/gripper_command__struct.hpp
[14.268s] -- Up-to-date: /home/mcr2/ros2_ws/src/install/control_msgs/include/control_msgs/control_msgs/msg/detail/joint_trajectory_controller_state__struct.hpp
[14.268s] -- Up-to-date: /home/mcr2/ros2_ws/src/install/control_msgs/include/control_msgs/control_msgs/msg/detail/mecanum_drive_controller_state__builder.hpp
[14.269s] -- Up-to-date: /home/mcr2/ros2_ws/src/install/control_msgs/include/control_msgs/control_msgs/msg/detail/interface_value__builder.hpp
[14.269s] -- Up-to-date: /home/mcr2/ros2_ws/src/install/control_msgs/include/control_msgs/control_msgs/msg/detail/joint_tolerance__builder.hpp
[14.269s] -- Up-to-date: /home/mcr2/ros2_ws/src/install/control_msgs/include/control_msgs/control_msgs/msg/detail/gripper_command__builder.hpp
[14.269s] -- Up-to-date: /home/mcr2/ros2_ws/src/install/control_msgs/include/control_msgs/control_msgs/msg/detail/joint_tolerance__traits.hpp
[14.270s] -- Up-to-date: /home/mcr2/ros2_ws/src/install/control_msgs/include/control_msgs/control_msgs/msg/detail/joint_controller_state__struct.hpp
[14.270s] -- Up-to-date: /home/mcr2/ros2_ws/src/install/control_msgs/include/control_msgs/control_msgs/msg/detail/joint_component_tolerance__builder.hpp
[14.271s] -- Up-to-date: /home/mcr2/ros2_ws/src/install/control_msgs/include/control_msgs/control_msgs/msg/detail/admittance_controller_state__builder.hpp
[14.271s] -- Up-to-date: /home/mcr2/ros2_ws/src/install/control_msgs/include/control_msgs/control_msgs/msg/detail/pid_state__traits.hpp
[14.271s] -- Up-to-date: /home/mcr2/ros2_ws/src/install/control_msgs/include/control_msgs/control_msgs/msg/joint_trajectory_controller_state.hpp
[14.271s] -- Up-to-date: /home/mcr2/ros2_ws/src/install/control_msgs/include/control_msgs/control_msgs/msg/steering_controller_status.hpp
[14.272s] -- Up-to-date: /home/mcr2/ros2_ws/src/install/control_msgs/include/control_msgs/control_msgs/msg/pid_state.hpp
[14.272s] -- Up-to-date: /home/mcr2/ros2_ws/src/install/control_msgs/include/control_msgs/control_msgs/msg/joint_jog.hpp
[14.272s] -- Up-to-date: /home/mcr2/ros2_ws/src/install/control_msgs/include/control_msgs/control_msgs/msg/admittance_controller_state.hpp
[14.273s] -- Up-to-date: /home/mcr2/ros2_ws/src/install/control_msgs/include/control_msgs/control_msgs
[14.274s] -- Up-to-date: /home/mcr2/ros2_ws/src/install/control_msgs/include/control_msgs/control_msgs/action
[14.274s] -- Up-to-date: /home/mcr2/ros2_ws/src/install/control_msgs/include/control_msgs/control_msgs/action/detail
[14.274s] -- Up-to-date: /home/mcr2/ros2_ws/src/install/control_msgs/include/control_msgs/control_msgs/action/detail/gripper_command__rosidl_typesupport_fastrtps_cpp.hpp
[14.275s] -- Up-to-date: /home/mcr2/ros2_ws/src/install/control_msgs/include/control_msgs/control_msgs/action/detail/dds_fastrtps
[14.275s] -- Up-to-date: /home/mcr2/ros2_ws/src/install/control_msgs/include/control_msgs/control_msgs/action/detail/single_joint_position__rosidl_typesupport_fastrtps_cpp.hpp
[14.276s] -- Up-to-date: /home/mcr2/ros2_ws/src/install/control_msgs/include/control_msgs/control_msgs/action/detail/follow_joint_trajectory__rosidl_typesupport_fastrtps_cpp.hpp
[14.276s] -- Up-to-date: /home/mcr2/ros2_ws/src/install/control_msgs/include/control_msgs/control_msgs/action/detail/joint_trajectory__rosidl_typesupport_fastrtps_cpp.hpp
[14.276s] -- Up-to-date: /home/mcr2/ros2_ws/src/install/control_msgs/include/control_msgs/control_msgs/action/detail/point_head__rosidl_typesupport_fastrtps_cpp.hpp
[14.276s] -- Up-to-date: /home/mcr2/ros2_ws/src/install/control_msgs/include/control_msgs/control_msgs/srv
[14.276s] -- Up-to-date: /home/mcr2/ros2_ws/src/install/control_msgs/include/control_msgs/control_msgs/srv/detail
[14.276s] -- Up-to-date: /home/mcr2/ros2_ws/src/install/control_msgs/include/control_msgs/control_msgs/srv/detail/dds_fastrtps
[14.276s] -- Up-to-date: /home/mcr2/ros2_ws/src/install/control_msgs/include/control_msgs/control_msgs/srv/detail/query_calibration_state__rosidl_typesupport_fastrtps_cpp.hpp
[14.277s] -- Up-to-date: /home/mcr2/ros2_ws/src/install/control_msgs/include/control_msgs/control_msgs/srv/detail/query_trajectory_state__rosidl_typesupport_fastrtps_cpp.hpp
[14.277s] -- Up-to-date: /home/mcr2/ros2_ws/src/install/control_msgs/include/control_msgs/control_msgs/msg
[14.277s] -- Up-to-date: /home/mcr2/ros2_ws/src/install/control_msgs/include/control_msgs/control_msgs/msg/rosidl_typesupport_fastrtps_cpp__visibility_control.h
[14.278s] -- Up-to-date: /home/mcr2/ros2_ws/src/install/control_msgs/include/control_msgs/control_msgs/msg/detail
[14.280s] -- Up-to-date: /home/mcr2/ros2_ws/src/install/control_msgs/include/control_msgs/control_msgs/msg/detail/gripper_command__rosidl_typesupport_fastrtps_cpp.hpp
[14.280s] -- Up-to-date: /home/mcr2/ros2_ws/src/install/control_msgs/include/control_msgs/control_msgs/msg/detail/joint_component_tolerance__rosidl_typesupport_fastrtps_cpp.hpp
[14.280s] -- Up-to-date: /home/mcr2/ros2_ws/src/install/control_msgs/include/control_msgs/control_msgs/msg/detail/dynamic_joint_state__rosidl_typesupport_fastrtps_cpp.hpp
[14.281s] -- Up-to-date: /home/mcr2/ros2_ws/src/install/control_msgs/include/control_msgs/control_msgs/msg/detail/steering_controller_status__rosidl_typesupport_fastrtps_cpp.hpp
[14.281s] -- Up-to-date: /home/mcr2/ros2_ws/src/install/control_msgs/include/control_msgs/control_msgs/msg/detail/joint_tolerance__rosidl_typesupport_fastrtps_cpp.hpp
[14.281s] -- Up-to-date: /home/mcr2/ros2_ws/src/install/control_msgs/include/control_msgs/control_msgs/msg/detail/dds_fastrtps
[14.281s] -- Up-to-date: /home/mcr2/ros2_ws/src/install/control_msgs/include/control_msgs/control_msgs/msg/detail/interface_value__rosidl_typesupport_fastrtps_cpp.hpp
[14.282s] -- Up-to-date: /home/mcr2/ros2_ws/src/install/control_msgs/include/control_msgs/control_msgs/msg/detail/mecanum_drive_controller_state__rosidl_typesupport_fastrtps_cpp.hpp
[14.282s] -- Up-to-date: /home/mcr2/ros2_ws/src/install/control_msgs/include/control_msgs/control_msgs/msg/detail/joint_controller_state__rosidl_typesupport_fastrtps_cpp.hpp
[14.282s] -- Up-to-date: /home/mcr2/ros2_ws/src/install/control_msgs/include/control_msgs/control_msgs/msg/detail/pid_state__rosidl_typesupport_fastrtps_cpp.hpp
[14.282s] -- Up-to-date: /home/mcr2/ros2_ws/src/install/control_msgs/include/control_msgs/control_msgs/msg/detail/admittance_controller_state__rosidl_typesupport_fastrtps_cpp.hpp
[14.283s] -- Up-to-date: /home/mcr2/ros2_ws/src/install/control_msgs/include/control_msgs/control_msgs/msg/detail/joint_jog__rosidl_typesupport_fastrtps_cpp.hpp
[14.283s] -- Up-to-date: /home/mcr2/ros2_ws/src/install/control_msgs/include/control_msgs/control_msgs/msg/detail/joint_trajectory_controller_state__rosidl_typesupport_fastrtps_cpp.hpp
[14.283s] -- Up-to-date: /home/mcr2/ros2_ws/src/install/control_msgs/lib/libcontrol_msgs__rosidl_typesupport_fastrtps_cpp.so
[14.283s] -- Up-to-date: /home/mcr2/ros2_ws/src/install/control_msgs/include/control_msgs/control_msgs
[14.284s] -- Up-to-date: /home/mcr2/ros2_ws/src/install/control_msgs/include/control_msgs/control_msgs/action
[14.284s] -- Up-to-date: /home/mcr2/ros2_ws/src/install/control_msgs/include/control_msgs/control_msgs/action/detail
[14.284s] -- Up-to-date: /home/mcr2/ros2_ws/src/install/control_msgs/include/control_msgs/control_msgs/action/detail/joint_trajectory__rosidl_typesupport_introspection_c.h
[14.284s] -- Up-to-date: /home/mcr2/ros2_ws/src/install/control_msgs/include/control_msgs/control_msgs/action/detail/point_head__type_support.c
[14.285s] -- Up-to-date: /home/mcr2/ros2_ws/src/install/control_msgs/include/control_msgs/control_msgs/action/detail/follow_joint_trajectory__rosidl_typesupport_introspection_c.h
[14.285s] -- Up-to-date: /home/mcr2/ros2_ws/src/install/control_msgs/include/control_msgs/control_msgs/action/detail/gripper_command__type_support.c
[14.285s] -- Up-to-date: /home/mcr2/ros2_ws/src/install/control_msgs/include/control_msgs/control_msgs/action/detail/gripper_command__rosidl_typesupport_introspection_c.h
[14.285s] -- Up-to-date: /home/mcr2/ros2_ws/src/install/control_msgs/include/control_msgs/control_msgs/action/detail/single_joint_position__type_support.c
[14.289s] -- Up-to-date: /home/mcr2/ros2_ws/src/install/control_msgs/include/control_msgs/control_msgs/action/detail/single_joint_position__rosidl_typesupport_introspection_c.h
[14.298s] -- Up-to-date: /home/mcr2/ros2_ws/src/install/control_msgs/include/control_msgs/control_msgs/action/detail/follow_joint_trajectory__type_support.c
[14.298s] -- Up-to-date: /home/mcr2/ros2_ws/src/install/control_msgs/include/control_msgs/control_msgs/action/detail/joint_trajectory__type_support.c
[14.298s] -- Up-to-date: /home/mcr2/ros2_ws/src/install/control_msgs/include/control_msgs/control_msgs/action/detail/point_head__rosidl_typesupport_introspection_c.h
[14.298s] -- Up-to-date: /home/mcr2/ros2_ws/src/install/control_msgs/include/control_msgs/control_msgs/srv
[14.299s] -- Up-to-date: /home/mcr2/ros2_ws/src/install/control_msgs/include/control_msgs/control_msgs/srv/detail
[14.299s] -- Up-to-date: /home/mcr2/ros2_ws/src/install/control_msgs/include/control_msgs/control_msgs/srv/detail/query_trajectory_state__rosidl_typesupport_introspection_c.h
[14.299s] -- Up-to-date: /home/mcr2/ros2_ws/src/install/control_msgs/include/control_msgs/control_msgs/srv/detail/query_trajectory_state__type_support.c
[14.299s] -- Up-to-date: /home/mcr2/ros2_ws/src/install/control_msgs/include/control_msgs/control_msgs/srv/detail/query_calibration_state__rosidl_typesupport_introspection_c.h
[14.300s] -- Up-to-date: /home/mcr2/ros2_ws/src/install/control_msgs/include/control_msgs/control_msgs/srv/detail/query_calibration_state__type_support.c
[14.300s] -- Up-to-date: /home/mcr2/ros2_ws/src/install/control_msgs/include/control_msgs/control_msgs/msg
[14.300s] -- Up-to-date: /home/mcr2/ros2_ws/src/install/control_msgs/include/control_msgs/control_msgs/msg/rosidl_typesupport_introspection_c__visibility_control.h
[14.300s] -- Up-to-date: /home/mcr2/ros2_ws/src/install/control_msgs/include/control_msgs/control_msgs/msg/detail
[14.301s] -- Up-to-date: /home/mcr2/ros2_ws/src/install/control_msgs/include/control_msgs/control_msgs/msg/detail/admittance_controller_state__type_support.c
[14.301s] -- Up-to-date: /home/mcr2/ros2_ws/src/install/control_msgs/include/control_msgs/control_msgs/msg/detail/joint_controller_state__type_support.c
[14.301s] -- Up-to-date: /home/mcr2/ros2_ws/src/install/control_msgs/include/control_msgs/control_msgs/msg/detail/interface_value__type_support.c
[14.301s] -- Up-to-date: /home/mcr2/ros2_ws/src/install/control_msgs/include/control_msgs/control_msgs/msg/detail/joint_tolerance__type_support.c
[14.302s] -- Up-to-date: /home/mcr2/ros2_ws/src/install/control_msgs/include/control_msgs/control_msgs/msg/detail/joint_component_tolerance__type_support.c
[14.302s] -- Up-to-date: /home/mcr2/ros2_ws/src/install/control_msgs/include/control_msgs/control_msgs/msg/detail/joint_jog__rosidl_typesupport_introspection_c.h
[14.302s] -- Up-to-date: /home/mcr2/ros2_ws/src/install/control_msgs/include/control_msgs/control_msgs/msg/detail/interface_value__rosidl_typesupport_introspection_c.h
[14.302s] -- Up-to-date: /home/mcr2/ros2_ws/src/install/control_msgs/include/control_msgs/control_msgs/msg/detail/mecanum_drive_controller_state__type_support.c
[14.303s] -- Up-to-date: /home/mcr2/ros2_ws/src/install/control_msgs/include/control_msgs/control_msgs/msg/detail/joint_tolerance__rosidl_typesupport_introspection_c.h
[14.303s] -- Up-to-date: /home/mcr2/ros2_ws/src/install/control_msgs/include/control_msgs/control_msgs/msg/detail/dynamic_joint_state__type_support.c
[14.314s] -- Up-to-date: /home/mcr2/ros2_ws/src/install/control_msgs/include/control_msgs/control_msgs/msg/detail/mecanum_drive_controller_state__rosidl_typesupport_introspection_c.h
[14.314s] -- Up-to-date: /home/mcr2/ros2_ws/src/install/control_msgs/include/control_msgs/control_msgs/msg/detail/gripper_command__type_support.c
[14.314s] -- Up-to-date: /home/mcr2/ros2_ws/src/install/control_msgs/include/control_msgs/control_msgs/msg/detail/gripper_command__rosidl_typesupport_introspection_c.h
[14.314s] -- Up-to-date: /home/mcr2/ros2_ws/src/install/control_msgs/include/control_msgs/control_msgs/msg/detail/dynamic_joint_state__rosidl_typesupport_introspection_c.h
[14.317s] -- Up-to-date: /home/mcr2/ros2_ws/src/install/control_msgs/include/control_msgs/control_msgs/msg/detail/joint_controller_state__rosidl_typesupport_introspection_c.h
[14.317s] -- Up-to-date: /home/mcr2/ros2_ws/src/install/control_msgs/include/control_msgs/control_msgs/msg/detail/joint_jog__type_support.c
[14.318s] -- Up-to-date: /home/mcr2/ros2_ws/src/install/control_msgs/include/control_msgs/control_msgs/msg/detail/pid_state__rosidl_typesupport_introspection_c.h
[14.319s] -- Up-to-date: /home/mcr2/ros2_ws/src/install/control_msgs/include/control_msgs/control_msgs/msg/detail/joint_trajectory_controller_state__rosidl_typesupport_introspection_c.h
[14.319s] -- Up-to-date: /home/mcr2/ros2_ws/src/install/control_msgs/include/control_msgs/control_msgs/msg/detail/joint_trajectory_controller_state__type_support.c
[14.319s] -- Up-to-date: /home/mcr2/ros2_ws/src/install/control_msgs/include/control_msgs/control_msgs/msg/detail/steering_controller_status__type_support.c
[14.319s] -- Up-to-date: /home/mcr2/ros2_ws/src/install/control_msgs/include/control_msgs/control_msgs/msg/detail/pid_state__type_support.c
[14.319s] -- Up-to-date: /home/mcr2/ros2_ws/src/install/control_msgs/include/control_msgs/control_msgs/msg/detail/steering_controller_status__rosidl_typesupport_introspection_c.h
[14.319s] -- Up-to-date: /home/mcr2/ros2_ws/src/install/control_msgs/include/control_msgs/control_msgs/msg/detail/joint_component_tolerance__rosidl_typesupport_introspection_c.h
[14.320s] -- Up-to-date: /home/mcr2/ros2_ws/src/install/control_msgs/include/control_msgs/control_msgs/msg/detail/admittance_controller_state__rosidl_typesupport_introspection_c.h
[14.320s] -- Up-to-date: /home/mcr2/ros2_ws/src/install/control_msgs/lib/libcontrol_msgs__rosidl_typesupport_introspection_c.so
[14.320s] -- Up-to-date: /home/mcr2/ros2_ws/src/install/control_msgs/lib/libcontrol_msgs__rosidl_typesupport_c.so
[14.320s] -- Up-to-date: /home/mcr2/ros2_ws/src/install/control_msgs/include/control_msgs/control_msgs
[14.321s] -- Up-to-date: /home/mcr2/ros2_ws/src/install/control_msgs/include/control_msgs/control_msgs/action
[14.321s] -- Up-to-date: /home/mcr2/ros2_ws/src/install/control_msgs/include/control_msgs/control_msgs/action/detail
[14.321s] -- Up-to-date: /home/mcr2/ros2_ws/src/install/control_msgs/include/control_msgs/control_msgs/action/detail/single_joint_position__type_support.cpp
[14.321s] -- Up-to-date: /home/mcr2/ros2_ws/src/install/control_msgs/include/control_msgs/control_msgs/action/detail/joint_trajectory__rosidl_typesupport_introspection_cpp.hpp
[14.329s] -- Up-to-date: /home/mcr2/ros2_ws/src/install/control_msgs/include/control_msgs/control_msgs/action/detail/gripper_command__rosidl_typesupport_introspection_cpp.hpp
[14.329s] -- Up-to-date: /home/mcr2/ros2_ws/src/install/control_msgs/include/control_msgs/control_msgs/action/detail/follow_joint_trajectory__type_support.cpp
[14.329s] -- Up-to-date: /home/mcr2/ros2_ws/src/install/control_msgs/include/control_msgs/control_msgs/action/detail/gripper_command__type_support.cpp
[14.329s] -- Up-to-date: /home/mcr2/ros2_ws/src/install/control_msgs/include/control_msgs/control_msgs/action/detail/point_head__rosidl_typesupport_introspection_cpp.hpp
[14.330s] -- Up-to-date: /home/mcr2/ros2_ws/src/install/control_msgs/include/control_msgs/control_msgs/action/detail/single_joint_position__rosidl_typesupport_introspection_cpp.hpp
[14.330s] -- Up-to-date: /home/mcr2/ros2_ws/src/install/control_msgs/include/control_msgs/control_msgs/action/detail/joint_trajectory__type_support.cpp
[14.330s] -- Up-to-date: /home/mcr2/ros2_ws/src/install/control_msgs/include/control_msgs/control_msgs/action/detail/point_head__type_support.cpp
[14.330s] -- Up-to-date: /home/mcr2/ros2_ws/src/install/control_msgs/include/control_msgs/control_msgs/action/detail/follow_joint_trajectory__rosidl_typesupport_introspection_cpp.hpp
[14.330s] -- Up-to-date: /home/mcr2/ros2_ws/src/install/control_msgs/include/control_msgs/control_msgs/srv
[14.331s] -- Up-to-date: /home/mcr2/ros2_ws/src/install/control_msgs/include/control_msgs/control_msgs/srv/detail
[14.331s] -- Up-to-date: /home/mcr2/ros2_ws/src/install/control_msgs/include/control_msgs/control_msgs/srv/detail/query_trajectory_state__type_support.cpp
[14.331s] -- Up-to-date: /home/mcr2/ros2_ws/src/install/control_msgs/include/control_msgs/control_msgs/srv/detail/query_calibration_state__rosidl_typesupport_introspection_cpp.hpp
[14.331s] -- Up-to-date: /home/mcr2/ros2_ws/src/install/control_msgs/include/control_msgs/control_msgs/srv/detail/query_trajectory_state__rosidl_typesupport_introspection_cpp.hpp
[14.331s] -- Up-to-date: /home/mcr2/ros2_ws/src/install/control_msgs/include/control_msgs/control_msgs/srv/detail/query_calibration_state__type_support.cpp
[14.334s] -- Up-to-date: /home/mcr2/ros2_ws/src/install/control_msgs/include/control_msgs/control_msgs/msg
[14.335s] -- Up-to-date: /home/mcr2/ros2_ws/src/install/control_msgs/include/control_msgs/control_msgs/msg/detail
[14.335s] -- Up-to-date: /home/mcr2/ros2_ws/src/install/control_msgs/include/control_msgs/control_msgs/msg/detail/mecanum_drive_controller_state__type_support.cpp
[14.335s] -- Up-to-date: /home/mcr2/ros2_ws/src/install/control_msgs/include/control_msgs/control_msgs/msg/detail/gripper_command__rosidl_typesupport_introspection_cpp.hpp
[14.335s] -- Up-to-date: /home/mcr2/ros2_ws/src/install/control_msgs/include/control_msgs/control_msgs/msg/detail/joint_controller_state__rosidl_typesupport_introspection_cpp.hpp
[14.335s] -- Up-to-date: /home/mcr2/ros2_ws/src/install/control_msgs/include/control_msgs/control_msgs/msg/detail/joint_tolerance__type_support.cpp
[14.336s] -- Up-to-date: /home/mcr2/ros2_ws/src/install/control_msgs/include/control_msgs/control_msgs/msg/detail/steering_controller_status__rosidl_typesupport_introspection_cpp.hpp
[14.336s] -- Up-to-date: /home/mcr2/ros2_ws/src/install/control_msgs/include/control_msgs/control_msgs/msg/detail/joint_controller_state__type_support.cpp
[14.336s] -- Up-to-date: /home/mcr2/ros2_ws/src/install/control_msgs/include/control_msgs/control_msgs/msg/detail/joint_trajectory_controller_state__rosidl_typesupport_introspection_cpp.hpp
[14.336s] -- Up-to-date: /home/mcr2/ros2_ws/src/install/control_msgs/include/control_msgs/control_msgs/msg/detail/admittance_controller_state__rosidl_typesupport_introspection_cpp.hpp
[14.337s] -- Up-to-date: /home/mcr2/ros2_ws/src/install/control_msgs/include/control_msgs/control_msgs/msg/detail/gripper_command__type_support.cpp
[14.337s] -- Up-to-date: /home/mcr2/ros2_ws/src/install/control_msgs/include/control_msgs/control_msgs/msg/detail/mecanum_drive_controller_state__rosidl_typesupport_introspection_cpp.hpp
[14.337s] -- Up-to-date: /home/mcr2/ros2_ws/src/install/control_msgs/include/control_msgs/control_msgs/msg/detail/joint_tolerance__rosidl_typesupport_introspection_cpp.hpp
[14.338s] -- Up-to-date: /home/mcr2/ros2_ws/src/install/control_msgs/include/control_msgs/control_msgs/msg/detail/joint_trajectory_controller_state__type_support.cpp
[14.338s] -- Up-to-date: /home/mcr2/ros2_ws/src/install/control_msgs/include/control_msgs/control_msgs/msg/detail/joint_jog__rosidl_typesupport_introspection_cpp.hpp
[14.338s] -- Up-to-date: /home/mcr2/ros2_ws/src/install/control_msgs/include/control_msgs/control_msgs/msg/detail/dynamic_joint_state__rosidl_typesupport_introspection_cpp.hpp
[14.338s] -- Up-to-date: /home/mcr2/ros2_ws/src/install/control_msgs/include/control_msgs/control_msgs/msg/detail/joint_component_tolerance__rosidl_typesupport_introspection_cpp.hpp
[14.339s] -- Up-to-date: /home/mcr2/ros2_ws/src/install/control_msgs/include/control_msgs/control_msgs/msg/detail/admittance_controller_state__type_support.cpp
[14.339s] -- Up-to-date: /home/mcr2/ros2_ws/src/install/control_msgs/include/control_msgs/control_msgs/msg/detail/steering_controller_status__type_support.cpp
[14.339s] -- Up-to-date: /home/mcr2/ros2_ws/src/install/control_msgs/include/control_msgs/control_msgs/msg/detail/interface_value__rosidl_typesupport_introspection_cpp.hpp
[14.339s] -- Up-to-date: /home/mcr2/ros2_ws/src/install/control_msgs/include/control_msgs/control_msgs/msg/detail/joint_jog__type_support.cpp
[14.340s] -- Up-to-date: /home/mcr2/ros2_ws/src/install/control_msgs/include/control_msgs/control_msgs/msg/detail/pid_state__type_support.cpp
[14.341s] -- Up-to-date: /home/mcr2/ros2_ws/src/install/control_msgs/include/control_msgs/control_msgs/msg/detail/interface_value__type_support.cpp
[14.343s] -- Up-to-date: /home/mcr2/ros2_ws/src/install/control_msgs/include/control_msgs/control_msgs/msg/detail/dynamic_joint_state__type_support.cpp
[14.345s] -- Up-to-date: /home/mcr2/ros2_ws/src/install/control_msgs/include/control_msgs/control_msgs/msg/detail/pid_state__rosidl_typesupport_introspection_cpp.hpp
[14.346s] -- Up-to-date: /home/mcr2/ros2_ws/src/install/control_msgs/include/control_msgs/control_msgs/msg/detail/joint_component_tolerance__type_support.cpp
[14.347s] -- Up-to-date: /home/mcr2/ros2_ws/src/install/control_msgs/lib/libcontrol_msgs__rosidl_typesupport_introspection_cpp.so
[14.349s] -- Up-to-date: /home/mcr2/ros2_ws/src/install/control_msgs/lib/libcontrol_msgs__rosidl_typesupport_cpp.so
[14.350s] -- Up-to-date: /home/mcr2/ros2_ws/src/install/control_msgs/share/control_msgs/environment/pythonpath.sh
[14.352s] -- Up-to-date: /home/mcr2/ros2_ws/src/install/control_msgs/share/control_msgs/environment/pythonpath.dsv
[14.355s] -- Up-to-date: /home/mcr2/ros2_ws/src/install/control_msgs/local/lib/python3.10/dist-packages/control_msgs-4.4.0-py3.10.egg-info
[14.357s] -- Installing: /home/mcr2/ros2_ws/src/install/control_msgs/local/lib/python3.10/dist-packages/control_msgs-4.4.0-py3.10.egg-info/PKG-INFO
[14.358s] -- Installing: /home/mcr2/ros2_ws/src/install/control_msgs/local/lib/python3.10/dist-packages/control_msgs-4.4.0-py3.10.egg-info/top_level.txt
[14.361s] -- Installing: /home/mcr2/ros2_ws/src/install/control_msgs/local/lib/python3.10/dist-packages/control_msgs-4.4.0-py3.10.egg-info/SOURCES.txt
[14.362s] -- Installing: /home/mcr2/ros2_ws/src/install/control_msgs/local/lib/python3.10/dist-packages/control_msgs-4.4.0-py3.10.egg-info/dependency_links.txt
[14.363s] -- Up-to-date: /home/mcr2/ros2_ws/src/install/control_msgs/local/lib/python3.10/dist-packages/control_msgs
[14.365s] -- Up-to-date: /home/mcr2/ros2_ws/src/install/control_msgs/local/lib/python3.10/dist-packages/control_msgs/action
[14.366s] -- Up-to-date: /home/mcr2/ros2_ws/src/install/control_msgs/local/lib/python3.10/dist-packages/control_msgs/action/_gripper_command_s.c
[14.372s] -- Up-to-date: /home/mcr2/ros2_ws/src/install/control_msgs/local/lib/python3.10/dist-packages/control_msgs/action/_single_joint_position.py
[14.391s] -- Up-to-date: /home/mcr2/ros2_ws/src/install/control_msgs/local/lib/python3.10/dist-packages/control_msgs/action/_joint_trajectory_s.c
[14.391s] -- Up-to-date: /home/mcr2/ros2_ws/src/install/control_msgs/local/lib/python3.10/dist-packages/control_msgs/action/_gripper_command.py
[14.391s] -- Up-to-date: /home/mcr2/ros2_ws/src/install/control_msgs/local/lib/python3.10/dist-packages/control_msgs/action/_point_head_s.c
[14.392s] -- Up-to-date: /home/mcr2/ros2_ws/src/install/control_msgs/local/lib/python3.10/dist-packages/control_msgs/action/_point_head.py
[14.392s] -- Up-to-date: /home/mcr2/ros2_ws/src/install/control_msgs/local/lib/python3.10/dist-packages/control_msgs/action/_follow_joint_trajectory_s.c
[14.392s] -- Up-to-date: /home/mcr2/ros2_ws/src/install/control_msgs/local/lib/python3.10/dist-packages/control_msgs/action/_follow_joint_trajectory.py
[14.392s] -- Up-to-date: /home/mcr2/ros2_ws/src/install/control_msgs/local/lib/python3.10/dist-packages/control_msgs/action/_single_joint_position_s.c
[14.393s] -- Up-to-date: /home/mcr2/ros2_ws/src/install/control_msgs/local/lib/python3.10/dist-packages/control_msgs/action/_joint_trajectory.py
[14.393s] -- Up-to-date: /home/mcr2/ros2_ws/src/install/control_msgs/local/lib/python3.10/dist-packages/control_msgs/action/__init__.py
[14.393s] -- Up-to-date: /home/mcr2/ros2_ws/src/install/control_msgs/local/lib/python3.10/dist-packages/control_msgs/srv
[14.393s] -- Up-to-date: /home/mcr2/ros2_ws/src/install/control_msgs/local/lib/python3.10/dist-packages/control_msgs/srv/_query_calibration_state.py
[14.394s] -- Up-to-date: /home/mcr2/ros2_ws/src/install/control_msgs/local/lib/python3.10/dist-packages/control_msgs/srv/_query_calibration_state_s.c
[14.394s] -- Up-to-date: /home/mcr2/ros2_ws/src/install/control_msgs/local/lib/python3.10/dist-packages/control_msgs/srv/_query_trajectory_state.py
[14.394s] -- Up-to-date: /home/mcr2/ros2_ws/src/install/control_msgs/local/lib/python3.10/dist-packages/control_msgs/srv/__init__.py
[14.394s] -- Up-to-date: /home/mcr2/ros2_ws/src/install/control_msgs/local/lib/python3.10/dist-packages/control_msgs/srv/_query_trajectory_state_s.c
[14.395s] -- Up-to-date: /home/mcr2/ros2_ws/src/install/control_msgs/local/lib/python3.10/dist-packages/control_msgs/control_msgs_s__rosidl_typesupport_c.cpython-310-x86_64-linux-gnu.so
[14.395s] -- Up-to-date: /home/mcr2/ros2_ws/src/install/control_msgs/local/lib/python3.10/dist-packages/control_msgs/_control_msgs_s.ep.rosidl_typesupport_c.c
[14.395s] -- Up-to-date: /home/mcr2/ros2_ws/src/install/control_msgs/local/lib/python3.10/dist-packages/control_msgs/control_msgs_s__rosidl_typesupport_fastrtps_c.cpython-310-x86_64-linux-gnu.so
[14.395s] -- Up-to-date: /home/mcr2/ros2_ws/src/install/control_msgs/local/lib/python3.10/dist-packages/control_msgs/_control_msgs_s.ep.rosidl_typesupport_introspection_c.c
[14.396s] -- Up-to-date: /home/mcr2/ros2_ws/src/install/control_msgs/local/lib/python3.10/dist-packages/control_msgs/msg
[14.396s] -- Up-to-date: /home/mcr2/ros2_ws/src/install/control_msgs/local/lib/python3.10/dist-packages/control_msgs/msg/_admittance_controller_state_s.c
[14.396s] -- Up-to-date: /home/mcr2/ros2_ws/src/install/control_msgs/local/lib/python3.10/dist-packages/control_msgs/msg/_joint_jog.py
[14.396s] -- Up-to-date: /home/mcr2/ros2_ws/src/install/control_msgs/local/lib/python3.10/dist-packages/control_msgs/msg/_gripper_command_s.c
[14.399s] -- Up-to-date: /home/mcr2/ros2_ws/src/install/control_msgs/local/lib/python3.10/dist-packages/control_msgs/msg/_steering_controller_status_s.c
[14.400s] -- Up-to-date: /home/mcr2/ros2_ws/src/install/control_msgs/local/lib/python3.10/dist-packages/control_msgs/msg/_joint_controller_state.py
[14.400s] -- Up-to-date: /home/mcr2/ros2_ws/src/install/control_msgs/local/lib/python3.10/dist-packages/control_msgs/msg/_joint_tolerance.py
[14.401s] -- Up-to-date: /home/mcr2/ros2_ws/src/install/control_msgs/local/lib/python3.10/dist-packages/control_msgs/msg/_interface_value.py
[14.401s] -- Up-to-date: /home/mcr2/ros2_ws/src/install/control_msgs/local/lib/python3.10/dist-packages/control_msgs/msg/_gripper_command.py
[14.401s] -- Up-to-date: /home/mcr2/ros2_ws/src/install/control_msgs/local/lib/python3.10/dist-packages/control_msgs/msg/_dynamic_joint_state.py
[14.402s] -- Up-to-date: /home/mcr2/ros2_ws/src/install/control_msgs/local/lib/python3.10/dist-packages/control_msgs/msg/_mecanum_drive_controller_state_s.c
[14.402s] -- Up-to-date: /home/mcr2/ros2_ws/src/install/control_msgs/local/lib/python3.10/dist-packages/control_msgs/msg/_joint_component_tolerance.py
[14.403s] -- Up-to-date: /home/mcr2/ros2_ws/src/install/control_msgs/local/lib/python3.10/dist-packages/control_msgs/msg/_interface_value_s.c
[14.403s] -- Up-to-date: /home/mcr2/ros2_ws/src/install/control_msgs/local/lib/python3.10/dist-packages/control_msgs/msg/_joint_component_tolerance_s.c
[14.403s] -- Up-to-date: /home/mcr2/ros2_ws/src/install/control_msgs/local/lib/python3.10/dist-packages/control_msgs/msg/_mecanum_drive_controller_state.py
[14.403s] -- Up-to-date: /home/mcr2/ros2_ws/src/install/control_msgs/local/lib/python3.10/dist-packages/control_msgs/msg/_joint_trajectory_controller_state_s.c
[14.403s] -- Up-to-date: /home/mcr2/ros2_ws/src/install/control_msgs/local/lib/python3.10/dist-packages/control_msgs/msg/_pid_state_s.c
[14.404s] -- Up-to-date: /home/mcr2/ros2_ws/src/install/control_msgs/local/lib/python3.10/dist-packages/control_msgs/msg/_joint_trajectory_controller_state.py
[14.404s] -- Up-to-date: /home/mcr2/ros2_ws/src/install/control_msgs/local/lib/python3.10/dist-packages/control_msgs/msg/_pid_state.py
[14.404s] -- Up-to-date: /home/mcr2/ros2_ws/src/install/control_msgs/local/lib/python3.10/dist-packages/control_msgs/msg/_joint_jog_s.c
[14.404s] -- Up-to-date: /home/mcr2/ros2_ws/src/install/control_msgs/local/lib/python3.10/dist-packages/control_msgs/msg/_admittance_controller_state.py
[14.404s] -- Up-to-date: /home/mcr2/ros2_ws/src/install/control_msgs/local/lib/python3.10/dist-packages/control_msgs/msg/_joint_tolerance_s.c
[14.404s] -- Up-to-date: /home/mcr2/ros2_ws/src/install/control_msgs/local/lib/python3.10/dist-packages/control_msgs/msg/_steering_controller_status.py
[14.405s] -- Up-to-date: /home/mcr2/ros2_ws/src/install/control_msgs/local/lib/python3.10/dist-packages/control_msgs/msg/_dynamic_joint_state_s.c
[14.405s] -- Up-to-date: /home/mcr2/ros2_ws/src/install/control_msgs/local/lib/python3.10/dist-packages/control_msgs/msg/__init__.py
[14.405s] -- Up-to-date: /home/mcr2/ros2_ws/src/install/control_msgs/local/lib/python3.10/dist-packages/control_msgs/msg/_joint_controller_state_s.c
[14.405s] -- Up-to-date: /home/mcr2/ros2_ws/src/install/control_msgs/local/lib/python3.10/dist-packages/control_msgs/control_msgs_s__rosidl_typesupport_introspection_c.cpython-310-x86_64-linux-gnu.so
[14.405s] -- Up-to-date: /home/mcr2/ros2_ws/src/install/control_msgs/local/lib/python3.10/dist-packages/control_msgs/_control_msgs_s.ep.rosidl_typesupport_fastrtps_c.c
[14.406s] -- Up-to-date: /home/mcr2/ros2_ws/src/install/control_msgs/local/lib/python3.10/dist-packages/control_msgs/libcontrol_msgs__rosidl_generator_py.so
[14.406s] -- Up-to-date: /home/mcr2/ros2_ws/src/install/control_msgs/local/lib/python3.10/dist-packages/control_msgs/__init__.py
[14.686s] Listing '/home/mcr2/ros2_ws/src/install/control_msgs/local/lib/python3.10/dist-packages/control_msgs'...
[14.686s] Listing '/home/mcr2/ros2_ws/src/install/control_msgs/local/lib/python3.10/dist-packages/control_msgs/action'...
[14.686s] Listing '/home/mcr2/ros2_ws/src/install/control_msgs/local/lib/python3.10/dist-packages/control_msgs/msg'...
[14.687s] Listing '/home/mcr2/ros2_ws/src/install/control_msgs/local/lib/python3.10/dist-packages/control_msgs/srv'...
[14.731s] -- Up-to-date: /home/mcr2/ros2_ws/src/install/control_msgs/local/lib/python3.10/dist-packages/control_msgs/control_msgs_s__rosidl_typesupport_fastrtps_c.cpython-310-x86_64-linux-gnu.so
[14.732s] -- Up-to-date: /home/mcr2/ros2_ws/src/install/control_msgs/local/lib/python3.10/dist-packages/control_msgs/control_msgs_s__rosidl_typesupport_introspection_c.cpython-310-x86_64-linux-gnu.so
[14.733s] -- Up-to-date: /home/mcr2/ros2_ws/src/install/control_msgs/local/lib/python3.10/dist-packages/control_msgs/control_msgs_s__rosidl_typesupport_c.cpython-310-x86_64-linux-gnu.so
[14.733s] -- Up-to-date: /home/mcr2/ros2_ws/src/install/control_msgs/lib/libcontrol_msgs__rosidl_generator_py.so
[14.733s] -- Up-to-date: /home/mcr2/ros2_ws/src/install/control_msgs/share/control_msgs/action/FollowJointTrajectory.idl
[14.734s] -- Up-to-date: /home/mcr2/ros2_ws/src/install/control_msgs/share/control_msgs/action/GripperCommand.idl
[14.734s] -- Up-to-date: /home/mcr2/ros2_ws/src/install/control_msgs/share/control_msgs/action/JointTrajectory.idl
[14.735s] -- Up-to-date: /home/mcr2/ros2_ws/src/install/control_msgs/share/control_msgs/action/PointHead.idl
[14.735s] -- Up-to-date: /home/mcr2/ros2_ws/src/install/control_msgs/share/control_msgs/action/SingleJointPosition.idl
[14.735s] -- Up-to-date: /home/mcr2/ros2_ws/src/install/control_msgs/share/control_msgs/msg/AdmittanceControllerState.idl
[14.736s] -- Up-to-date: /home/mcr2/ros2_ws/src/install/control_msgs/share/control_msgs/msg/DynamicJointState.idl
[14.737s] -- Up-to-date: /home/mcr2/ros2_ws/src/install/control_msgs/share/control_msgs/msg/GripperCommand.idl
[14.737s] -- Up-to-date: /home/mcr2/ros2_ws/src/install/control_msgs/share/control_msgs/msg/InterfaceValue.idl
[14.740s] -- Up-to-date: /home/mcr2/ros2_ws/src/install/control_msgs/share/control_msgs/msg/JointComponentTolerance.idl
[14.740s] -- Up-to-date: /home/mcr2/ros2_ws/src/install/control_msgs/share/control_msgs/msg/JointControllerState.idl
[14.741s] -- Up-to-date: /home/mcr2/ros2_ws/src/install/control_msgs/share/control_msgs/msg/JointJog.idl
[14.741s] -- Up-to-date: /home/mcr2/ros2_ws/src/install/control_msgs/share/control_msgs/msg/JointTolerance.idl
[14.742s] -- Up-to-date: /home/mcr2/ros2_ws/src/install/control_msgs/share/control_msgs/msg/JointTrajectoryControllerState.idl
[14.742s] -- Up-to-date: /home/mcr2/ros2_ws/src/install/control_msgs/share/control_msgs/msg/MecanumDriveControllerState.idl
[14.743s] -- Up-to-date: /home/mcr2/ros2_ws/src/install/control_msgs/share/control_msgs/msg/PidState.idl
[14.743s] -- Up-to-date: /home/mcr2/ros2_ws/src/install/control_msgs/share/control_msgs/msg/SteeringControllerStatus.idl
[14.744s] -- Up-to-date: /home/mcr2/ros2_ws/src/install/control_msgs/share/control_msgs/srv/QueryCalibrationState.idl
[14.744s] -- Up-to-date: /home/mcr2/ros2_ws/src/install/control_msgs/share/control_msgs/srv/QueryTrajectoryState.idl
[14.744s] -- Up-to-date: /home/mcr2/ros2_ws/src/install/control_msgs/share/control_msgs/action/FollowJointTrajectory.action
[14.744s] -- Up-to-date: /home/mcr2/ros2_ws/src/install/control_msgs/share/control_msgs/action/GripperCommand.action
[14.751s] -- Up-to-date: /home/mcr2/ros2_ws/src/install/control_msgs/share/control_msgs/action/JointTrajectory.action
[14.752s] -- Up-to-date: /home/mcr2/ros2_ws/src/install/control_msgs/share/control_msgs/action/PointHead.action
[14.753s] -- Up-to-date: /home/mcr2/ros2_ws/src/install/control_msgs/share/control_msgs/action/SingleJointPosition.action
[14.754s] -- Up-to-date: /home/mcr2/ros2_ws/src/install/control_msgs/share/control_msgs/msg/AdmittanceControllerState.msg
[14.759s] -- Up-to-date: /home/mcr2/ros2_ws/src/install/control_msgs/share/control_msgs/msg/DynamicJointState.msg
[14.760s] -- Up-to-date: /home/mcr2/ros2_ws/src/install/control_msgs/share/control_msgs/msg/GripperCommand.msg
[14.761s] -- Up-to-date: /home/mcr2/ros2_ws/src/install/control_msgs/share/control_msgs/msg/InterfaceValue.msg
[14.763s] -- Up-to-date: /home/mcr2/ros2_ws/src/install/control_msgs/share/control_msgs/msg/JointComponentTolerance.msg
[14.764s] -- Up-to-date: /home/mcr2/ros2_ws/src/install/control_msgs/share/control_msgs/msg/JointControllerState.msg
[14.764s] -- Up-to-date: /home/mcr2/ros2_ws/src/install/control_msgs/share/control_msgs/msg/JointJog.msg
[14.765s] -- Up-to-date: /home/mcr2/ros2_ws/src/install/control_msgs/share/control_msgs/msg/JointTolerance.msg
[14.768s] -- Up-to-date: /home/mcr2/ros2_ws/src/install/control_msgs/share/control_msgs/msg/JointTrajectoryControllerState.msg
[14.768s] -- Up-to-date: /home/mcr2/ros2_ws/src/install/control_msgs/share/control_msgs/msg/MecanumDriveControllerState.msg
[14.772s] -- Up-to-date: /home/mcr2/ros2_ws/src/install/control_msgs/share/control_msgs/msg/PidState.msg
[14.773s] -- Up-to-date: /home/mcr2/ros2_ws/src/install/control_msgs/share/control_msgs/msg/SteeringControllerStatus.msg
[14.774s] -- Up-to-date: /home/mcr2/ros2_ws/src/install/control_msgs/share/control_msgs/srv/QueryCalibrationState.srv
[14.774s] -- Up-to-date: /home/mcr2/ros2_ws/src/install/control_msgs/share/control_msgs/srv/QueryCalibrationState_Request.msg
[14.774s] -- Up-to-date: /home/mcr2/ros2_ws/src/install/control_msgs/share/control_msgs/srv/QueryCalibrationState_Response.msg
[14.774s] -- Up-to-date: /home/mcr2/ros2_ws/src/install/control_msgs/share/control_msgs/srv/QueryTrajectoryState.srv
[14.774s] -- Up-to-date: /home/mcr2/ros2_ws/src/install/control_msgs/share/control_msgs/srv/QueryTrajectoryState_Request.msg
[14.788s] -- Up-to-date: /home/mcr2/ros2_ws/src/install/control_msgs/share/control_msgs/srv/QueryTrajectoryState_Response.msg
[14.789s] -- Up-to-date: /home/mcr2/ros2_ws/src/install/control_msgs/share/ament_index/resource_index/package_run_dependencies/control_msgs
[14.789s] -- Up-to-date: /home/mcr2/ros2_ws/src/install/control_msgs/share/ament_index/resource_index/parent_prefix_path/control_msgs
[14.790s] -- Up-to-date: /home/mcr2/ros2_ws/src/install/control_msgs/share/control_msgs/environment/ament_prefix_path.sh
[14.790s] -- Up-to-date: /home/mcr2/ros2_ws/src/install/control_msgs/share/control_msgs/environment/ament_prefix_path.dsv
[14.815s] -- Up-to-date: /home/mcr2/ros2_ws/src/install/control_msgs/share/control_msgs/environment/path.sh
[14.817s] -- Up-to-date: /home/mcr2/ros2_ws/src/install/control_msgs/share/control_msgs/environment/path.dsv
[14.818s] -- Up-to-date: /home/mcr2/ros2_ws/src/install/control_msgs/share/control_msgs/local_setup.bash
[14.818s] -- Up-to-date: /home/mcr2/ros2_ws/src/install/control_msgs/share/control_msgs/local_setup.sh
[14.819s] -- Up-to-date: /home/mcr2/ros2_ws/src/install/control_msgs/share/control_msgs/local_setup.zsh
[14.819s] -- Up-to-date: /home/mcr2/ros2_ws/src/install/control_msgs/share/control_msgs/local_setup.dsv
[14.819s] -- Installing: /home/mcr2/ros2_ws/src/install/control_msgs/share/control_msgs/package.dsv
[14.819s] -- Up-to-date: /home/mcr2/ros2_ws/src/install/control_msgs/share/ament_index/resource_index/packages/control_msgs
[14.820s] -- Up-to-date: /home/mcr2/ros2_ws/src/install/control_msgs/share/control_msgs/cmake/export_control_msgs__rosidl_generator_cExport.cmake
[14.820s] -- Up-to-date: /home/mcr2/ros2_ws/src/install/control_msgs/share/control_msgs/cmake/export_control_msgs__rosidl_generator_cExport-noconfig.cmake
[14.820s] -- Up-to-date: /home/mcr2/ros2_ws/src/install/control_msgs/share/control_msgs/cmake/export_control_msgs__rosidl_typesupport_fastrtps_cExport.cmake
[14.821s] -- Up-to-date: /home/mcr2/ros2_ws/src/install/control_msgs/share/control_msgs/cmake/export_control_msgs__rosidl_typesupport_fastrtps_cExport-noconfig.cmake
[14.821s] -- Up-to-date: /home/mcr2/ros2_ws/src/install/control_msgs/share/control_msgs/cmake/export_control_msgs__rosidl_generator_cppExport.cmake
[14.825s] -- Up-to-date: /home/mcr2/ros2_ws/src/install/control_msgs/share/control_msgs/cmake/export_control_msgs__rosidl_typesupport_fastrtps_cppExport.cmake
[14.826s] -- Up-to-date: /home/mcr2/ros2_ws/src/install/control_msgs/share/control_msgs/cmake/export_control_msgs__rosidl_typesupport_fastrtps_cppExport-noconfig.cmake
[14.830s] -- Up-to-date: /home/mcr2/ros2_ws/src/install/control_msgs/share/control_msgs/cmake/control_msgs__rosidl_typesupport_introspection_cExport.cmake
[14.842s] -- Up-to-date: /home/mcr2/ros2_ws/src/install/control_msgs/share/control_msgs/cmake/control_msgs__rosidl_typesupport_introspection_cExport-noconfig.cmake
[14.875s] -- Up-to-date: /home/mcr2/ros2_ws/src/install/control_msgs/share/control_msgs/cmake/control_msgs__rosidl_typesupport_cExport.cmake
[14.875s] -- Up-to-date: /home/mcr2/ros2_ws/src/install/control_msgs/share/control_msgs/cmake/control_msgs__rosidl_typesupport_cExport-noconfig.cmake
[14.876s] -- Up-to-date: /home/mcr2/ros2_ws/src/install/control_msgs/share/control_msgs/cmake/control_msgs__rosidl_typesupport_introspection_cppExport.cmake
[14.876s] -- Up-to-date: /home/mcr2/ros2_ws/src/install/control_msgs/share/control_msgs/cmake/control_msgs__rosidl_typesupport_introspection_cppExport-noconfig.cmake
[14.876s] -- Up-to-date: /home/mcr2/ros2_ws/src/install/control_msgs/share/control_msgs/cmake/control_msgs__rosidl_typesupport_cppExport.cmake
[14.876s] -- Up-to-date: /home/mcr2/ros2_ws/src/install/control_msgs/share/control_msgs/cmake/control_msgs__rosidl_typesupport_cppExport-noconfig.cmake
[14.877s] -- Up-to-date: /home/mcr2/ros2_ws/src/install/control_msgs/share/control_msgs/cmake/export_control_msgs__rosidl_generator_pyExport.cmake
[14.877s] -- Up-to-date: /home/mcr2/ros2_ws/src/install/control_msgs/share/control_msgs/cmake/export_control_msgs__rosidl_generator_pyExport-noconfig.cmake
[14.877s] -- Up-to-date: /home/mcr2/ros2_ws/src/install/control_msgs/share/control_msgs/cmake/rosidl_cmake-extras.cmake
[14.878s] -- Up-to-date: /home/mcr2/ros2_ws/src/install/control_msgs/share/control_msgs/cmake/ament_cmake_export_dependencies-extras.cmake
[14.878s] -- Up-to-date: /home/mcr2/ros2_ws/src/install/control_msgs/share/control_msgs/cmake/ament_cmake_export_include_directories-extras.cmake
[14.878s] -- Up-to-date: /home/mcr2/ros2_ws/src/install/control_msgs/share/control_msgs/cmake/ament_cmake_export_libraries-extras.cmake
[14.878s] -- Up-to-date: /home/mcr2/ros2_ws/src/install/control_msgs/share/control_msgs/cmake/ament_cmake_export_targets-extras.cmake
[14.878s] -- Up-to-date: /home/mcr2/ros2_ws/src/install/control_msgs/share/control_msgs/cmake/rosidl_cmake_export_typesupport_targets-extras.cmake
[14.879s] -- Up-to-date: /home/mcr2/ros2_ws/src/install/control_msgs/share/control_msgs/cmake/rosidl_cmake_export_typesupport_libraries-extras.cmake
[14.880s] -- Up-to-date: /home/mcr2/ros2_ws/src/install/control_msgs/share/control_msgs/cmake/control_msgsConfig.cmake
[14.880s] -- Up-to-date: /home/mcr2/ros2_ws/src/install/control_msgs/share/control_msgs/cmake/control_msgsConfig-version.cmake
[14.898s] -- Up-to-date: /home/mcr2/ros2_ws/src/install/control_msgs/share/control_msgs/package.xml
[14.956s] Invoked command in '/home/mcr2/ros2_ws/src/build/control_msgs' returned '0': CMAKE_PREFIX_PATH=${CMAKE_PREFIX_PATH}:/home/mcr2/ros2_ws/src/install/sphere_msgs:/home/mcr2/ros2_ws/src/install/signal_decomposition:/home/mcr2/ros2_ws/src/install/rqt_joint_trajectory_controller:/home/mcr2/ros2_ws/src/install/rqt_controller_manager:/home/mcr2/ros2_ws/src/install/ros2controlcli:/home/mcr2/ros2_ws/src/install/ros2_controllers_test_nodes:/home/mcr2/ros2_ws/src/install/courseworks:/home/mcr2/ros2_ws/src/install/basic_comms:/home/mcr2/ros2_ws/src/install/basic_comm_params:/opt/ros/humble /usr/bin/cmake --install /home/mcr2/ros2_ws/src/build/control_msgs
