[2.297s] Invoking command in '/home/mcr2/ros2_ws/src/build/kinematics_interface_kdl': AMENT_PREFIX_PATH=/home/mcr2/ros2_ws/src/install/ros2_control_test_assets:/home/mcr2/ros2_ws/src/install/kinematics_interface:${AMENT_PREFIX_PATH} CMAKE_PREFIX_PATH=/home/mcr2/ros2_ws/src/install/ros2_control_test_assets:/home/mcr2/ros2_ws/src/install/kinematics_interface:/home/mcr2/ros2_utilities_ws/install/ros_ign_interfaces:/home/mcr2/ros2_utilities_ws/install/ros_ign:/home/mcr2/ros2_utilities_ws/install/ros_ign_image:/home/mcr2/ros2_utilities_ws/install/ros_ign_gazebo_demos:/home/mcr2/ros2_utilities_ws/install/ros_ign_gazebo:/home/mcr2/ros2_utilities_ws/install/ros_ign_bridge:/home/mcr2/ros2_utilities_ws/install/ros_gz:/home/mcr2/ros2_utilities_ws/install/ros_gz_sim_demos:/home/mcr2/ros2_utilities_ws/install/ros_gz_sim:/home/mcr2/ros2_utilities_ws/install/ros_gz_image:/home/mcr2/ros2_utilities_ws/install/ros_gz_bridge:/home/mcr2/ros2_utilities_ws/install/ros_gz_interfaces:/home/mcr2/ros2_utilities_ws/install/micro_ros_setup:/home/mcr2/ros2_utilities_ws/install/micro_ros_agent:/home/mcr2/ros2_utilities_ws/install/micro_ros_msgs:/home/mcr2/ros2_utilities_ws/install/aruco_ros:/home/mcr2/ros2_utilities_ws/install/aruco_msgs:/home/mcr2/ros2_utilities_ws/install/aruco:/opt/ros/humble LD_LIBRARY_PATH=/home/mcr2/ros2_ws/src/install/kinematics_interface/lib:${LD_LIBRARY_PATH} /usr/bin/cmake --build /home/mcr2/ros2_ws/src/build/kinematics_interface_kdl -- -j4 -l4
[2.827s] [35m[1mConsolidate compiler generated dependencies of target kinematics_interface_kdl[0m
[3.004s] [ 22%] Built target kinematics_interface_kdl
[3.127s] [35m[1mConsolidate compiler generated dependencies of target gmock[0m
[3.227s] [ 55%] Built target gmock
[3.333s] [35m[1mConsolidate compiler generated dependencies of target gmock_main[0m
[3.475s] [ 77%] Built target gmock_main
[3.565s] [35m[1mConsolidate compiler generated dependencies of target test_kinematics_interface_kdl[0m
[3.822s] [100%] Built target test_kinematics_interface_kdl
[6.541s] Invoked command in '/home/mcr2/ros2_ws/src/build/kinematics_interface_kdl' returned '0': AMENT_PREFIX_PATH=/home/mcr2/ros2_ws/src/install/ros2_control_test_assets:/home/mcr2/ros2_ws/src/install/kinematics_interface:${AMENT_PREFIX_PATH} CMAKE_PREFIX_PATH=/home/mcr2/ros2_ws/src/install/ros2_control_test_assets:/home/mcr2/ros2_ws/src/install/kinematics_interface:/home/mcr2/ros2_utilities_ws/install/ros_ign_interfaces:/home/mcr2/ros2_utilities_ws/install/ros_ign:/home/mcr2/ros2_utilities_ws/install/ros_ign_image:/home/mcr2/ros2_utilities_ws/install/ros_ign_gazebo_demos:/home/mcr2/ros2_utilities_ws/install/ros_ign_gazebo:/home/mcr2/ros2_utilities_ws/install/ros_ign_bridge:/home/mcr2/ros2_utilities_ws/install/ros_gz:/home/mcr2/ros2_utilities_ws/install/ros_gz_sim_demos:/home/mcr2/ros2_utilities_ws/install/ros_gz_sim:/home/mcr2/ros2_utilities_ws/install/ros_gz_image:/home/mcr2/ros2_utilities_ws/install/ros_gz_bridge:/home/mcr2/ros2_utilities_ws/install/ros_gz_interfaces:/home/mcr2/ros2_utilities_ws/install/micro_ros_setup:/home/mcr2/ros2_utilities_ws/install/micro_ros_agent:/home/mcr2/ros2_utilities_ws/install/micro_ros_msgs:/home/mcr2/ros2_utilities_ws/install/aruco_ros:/home/mcr2/ros2_utilities_ws/install/aruco_msgs:/home/mcr2/ros2_utilities_ws/install/aruco:/opt/ros/humble LD_LIBRARY_PATH=/home/mcr2/ros2_ws/src/install/kinematics_interface/lib:${LD_LIBRARY_PATH} /usr/bin/cmake --build /home/mcr2/ros2_ws/src/build/kinematics_interface_kdl -- -j4 -l4
[7.338s] Invoking command in '/home/mcr2/ros2_ws/src/build/kinematics_interface_kdl': AMENT_PREFIX_PATH=/home/mcr2/ros2_ws/src/install/ros2_control_test_assets:/home/mcr2/ros2_ws/src/install/kinematics_interface:${AMENT_PREFIX_PATH} CMAKE_PREFIX_PATH=/home/mcr2/ros2_ws/src/install/ros2_control_test_assets:/home/mcr2/ros2_ws/src/install/kinematics_interface:/home/mcr2/ros2_utilities_ws/install/ros_ign_interfaces:/home/mcr2/ros2_utilities_ws/install/ros_ign:/home/mcr2/ros2_utilities_ws/install/ros_ign_image:/home/mcr2/ros2_utilities_ws/install/ros_ign_gazebo_demos:/home/mcr2/ros2_utilities_ws/install/ros_ign_gazebo:/home/mcr2/ros2_utilities_ws/install/ros_ign_bridge:/home/mcr2/ros2_utilities_ws/install/ros_gz:/home/mcr2/ros2_utilities_ws/install/ros_gz_sim_demos:/home/mcr2/ros2_utilities_ws/install/ros_gz_sim:/home/mcr2/ros2_utilities_ws/install/ros_gz_image:/home/mcr2/ros2_utilities_ws/install/ros_gz_bridge:/home/mcr2/ros2_utilities_ws/install/ros_gz_interfaces:/home/mcr2/ros2_utilities_ws/install/micro_ros_setup:/home/mcr2/ros2_utilities_ws/install/micro_ros_agent:/home/mcr2/ros2_utilities_ws/install/micro_ros_msgs:/home/mcr2/ros2_utilities_ws/install/aruco_ros:/home/mcr2/ros2_utilities_ws/install/aruco_msgs:/home/mcr2/ros2_utilities_ws/install/aruco:/opt/ros/humble LD_LIBRARY_PATH=/home/mcr2/ros2_ws/src/install/kinematics_interface/lib:${LD_LIBRARY_PATH} /usr/bin/cmake --install /home/mcr2/ros2_ws/src/build/kinematics_interface_kdl
[7.428s] -- Install configuration: ""
[7.429s] -- Up-to-date: /home/mcr2/ros2_ws/src/install/kinematics_interface_kdl/share/kinematics_interface_kdl/kinematics_interface_kdl.xml
[7.452s] -- Up-to-date: /home/mcr2/ros2_ws/src/install/kinematics_interface_kdl/include/kinematics_interface_kdl
[7.454s] -- Up-to-date: /home/mcr2/ros2_ws/src/install/kinematics_interface_kdl/include/kinematics_interface_kdl/kinematics_interface_kdl
[7.454s] -- Up-to-date: /home/mcr2/ros2_ws/src/install/kinematics_interface_kdl/include/kinematics_interface_kdl/kinematics_interface_kdl/kinematics_interface_kdl.hpp
[7.475s] -- Up-to-date: /home/mcr2/ros2_ws/src/install/kinematics_interface_kdl/lib/libkinematics_interface_kdl.so
[7.475s] -- Up-to-date: /home/mcr2/ros2_ws/src/install/kinematics_interface_kdl/share/kinematics_interface_kdl/environment/library_path.sh
[7.476s] -- Up-to-date: /home/mcr2/ros2_ws/src/install/kinematics_interface_kdl/share/kinematics_interface_kdl/environment/library_path.dsv
[7.476s] -- Up-to-date: /home/mcr2/ros2_ws/src/install/kinematics_interface_kdl/share/ament_index/resource_index/package_run_dependencies/kinematics_interface_kdl
[7.476s] -- Up-to-date: /home/mcr2/ros2_ws/src/install/kinematics_interface_kdl/share/ament_index/resource_index/parent_prefix_path/kinematics_interface_kdl
[7.476s] -- Up-to-date: /home/mcr2/ros2_ws/src/install/kinematics_interface_kdl/share/kinematics_interface_kdl/environment/ament_prefix_path.sh
[7.477s] -- Up-to-date: /home/mcr2/ros2_ws/src/install/kinematics_interface_kdl/share/kinematics_interface_kdl/environment/ament_prefix_path.dsv
[7.481s] -- Up-to-date: /home/mcr2/ros2_ws/src/install/kinematics_interface_kdl/share/kinematics_interface_kdl/environment/path.sh
[7.482s] -- Up-to-date: /home/mcr2/ros2_ws/src/install/kinematics_interface_kdl/share/kinematics_interface_kdl/environment/path.dsv
[7.482s] -- Up-to-date: /home/mcr2/ros2_ws/src/install/kinematics_interface_kdl/share/kinematics_interface_kdl/local_setup.bash
[7.482s] -- Up-to-date: /home/mcr2/ros2_ws/src/install/kinematics_interface_kdl/share/kinematics_interface_kdl/local_setup.sh
[7.482s] -- Up-to-date: /home/mcr2/ros2_ws/src/install/kinematics_interface_kdl/share/kinematics_interface_kdl/local_setup.zsh
[7.483s] -- Up-to-date: /home/mcr2/ros2_ws/src/install/kinematics_interface_kdl/share/kinematics_interface_kdl/local_setup.dsv
[7.483s] -- Installing: /home/mcr2/ros2_ws/src/install/kinematics_interface_kdl/share/kinematics_interface_kdl/package.dsv
[7.483s] -- Up-to-date: /home/mcr2/ros2_ws/src/install/kinematics_interface_kdl/share/ament_index/resource_index/packages/kinematics_interface_kdl
[7.484s] -- Up-to-date: /home/mcr2/ros2_ws/src/install/kinematics_interface_kdl/share/ament_index/resource_index/kinematics_interface__pluginlib__plugin/kinematics_interface_kdl
[7.484s] -- Up-to-date: /home/mcr2/ros2_ws/src/install/kinematics_interface_kdl/share/kinematics_interface_kdl/cmake/export_kinematics_interface_kdlExport.cmake
[7.485s] -- Up-to-date: /home/mcr2/ros2_ws/src/install/kinematics_interface_kdl/share/kinematics_interface_kdl/cmake/export_kinematics_interface_kdlExport-noconfig.cmake
[7.515s] -- Up-to-date: /home/mcr2/ros2_ws/src/install/kinematics_interface_kdl/share/kinematics_interface_kdl/cmake/ament_cmake_export_targets-extras.cmake
[7.517s] -- Up-to-date: /home/mcr2/ros2_ws/src/install/kinematics_interface_kdl/share/kinematics_interface_kdl/cmake/ament_cmake_export_dependencies-extras.cmake
[7.517s] -- Up-to-date: /home/mcr2/ros2_ws/src/install/kinematics_interface_kdl/share/kinematics_interface_kdl/cmake/kinematics_interface_kdlConfig.cmake
[7.518s] -- Up-to-date: /home/mcr2/ros2_ws/src/install/kinematics_interface_kdl/share/kinematics_interface_kdl/cmake/kinematics_interface_kdlConfig-version.cmake
[7.518s] -- Up-to-date: /home/mcr2/ros2_ws/src/install/kinematics_interface_kdl/share/kinematics_interface_kdl/package.xml
[7.526s] Invoked command in '/home/mcr2/ros2_ws/src/build/kinematics_interface_kdl' returned '0': AMENT_PREFIX_PATH=/home/mcr2/ros2_ws/src/install/ros2_control_test_assets:/home/mcr2/ros2_ws/src/install/kinematics_interface:${AMENT_PREFIX_PATH} CMAKE_PREFIX_PATH=/home/mcr2/ros2_ws/src/install/ros2_control_test_assets:/home/mcr2/ros2_ws/src/install/kinematics_interface:/home/mcr2/ros2_utilities_ws/install/ros_ign_interfaces:/home/mcr2/ros2_utilities_ws/install/ros_ign:/home/mcr2/ros2_utilities_ws/install/ros_ign_image:/home/mcr2/ros2_utilities_ws/install/ros_ign_gazebo_demos:/home/mcr2/ros2_utilities_ws/install/ros_ign_gazebo:/home/mcr2/ros2_utilities_ws/install/ros_ign_bridge:/home/mcr2/ros2_utilities_ws/install/ros_gz:/home/mcr2/ros2_utilities_ws/install/ros_gz_sim_demos:/home/mcr2/ros2_utilities_ws/install/ros_gz_sim:/home/mcr2/ros2_utilities_ws/install/ros_gz_image:/home/mcr2/ros2_utilities_ws/install/ros_gz_bridge:/home/mcr2/ros2_utilities_ws/install/ros_gz_interfaces:/home/mcr2/ros2_utilities_ws/install/micro_ros_setup:/home/mcr2/ros2_utilities_ws/install/micro_ros_agent:/home/mcr2/ros2_utilities_ws/install/micro_ros_msgs:/home/mcr2/ros2_utilities_ws/install/aruco_ros:/home/mcr2/ros2_utilities_ws/install/aruco_msgs:/home/mcr2/ros2_utilities_ws/install/aruco:/opt/ros/humble LD_LIBRARY_PATH=/home/mcr2/ros2_ws/src/install/kinematics_interface/lib:${LD_LIBRARY_PATH} /usr/bin/cmake --install /home/mcr2/ros2_ws/src/build/kinematics_interface_kdl
