[0.438s] Invoking command in '/home/mcr2/ros2_ws/src/build/hardware_interface': AMENT_PREFIX_PATH=/home/mcr2/ros2_ws/src/install/ros2_control_test_assets:/home/mcr2/ros2_ws/src/install/control_msgs:${AMENT_PREFIX_PATH} CMAKE_PREFIX_PATH=/home/mcr2/ros2_ws/src/install/ros2_control_test_assets:/home/mcr2/ros2_ws/src/install/control_msgs:/home/mcr2/ros2_utilities_ws/install/ros_ign_interfaces:/home/mcr2/ros2_utilities_ws/install/ros_ign:/home/mcr2/ros2_utilities_ws/install/ros_ign_image:/home/mcr2/ros2_utilities_ws/install/ros_ign_gazebo_demos:/home/mcr2/ros2_utilities_ws/install/ros_ign_gazebo:/home/mcr2/ros2_utilities_ws/install/ros_ign_bridge:/home/mcr2/ros2_utilities_ws/install/ros_gz:/home/mcr2/ros2_utilities_ws/install/ros_gz_sim_demos:/home/mcr2/ros2_utilities_ws/install/ros_gz_sim:/home/mcr2/ros2_utilities_ws/install/ros_gz_image:/home/mcr2/ros2_utilities_ws/install/ros_gz_bridge:/home/mcr2/ros2_utilities_ws/install/ros_gz_interfaces:/home/mcr2/ros2_utilities_ws/install/micro_ros_setup:/home/mcr2/ros2_utilities_ws/install/micro_ros_agent:/home/mcr2/ros2_utilities_ws/install/micro_ros_msgs:/home/mcr2/ros2_utilities_ws/install/aruco_ros:/home/mcr2/ros2_utilities_ws/install/aruco_msgs:/home/mcr2/ros2_utilities_ws/install/aruco:/opt/ros/humble LD_LIBRARY_PATH=/home/mcr2/ros2_ws/src/install/control_msgs/lib:${LD_LIBRARY_PATH} PYTHONPATH=/home/mcr2/ros2_ws/src/install/control_msgs/local/lib/python3.10/dist-packages:${PYTHONPATH} /usr/bin/cmake --build /home/mcr2/ros2_ws/src/build/hardware_interface -- -j4 -l4
[1.089s] [35m[1mConsolidate compiler generated dependencies of target hardware_interface[0m
[1.274s] [ 20%] Built target hardware_interface
[1.650s] [35m[1mConsolidate compiler generated dependencies of target gmock[0m
[1.865s] [ 29%] Built target gmock
[2.159s] [35m[1mConsolidate compiler generated dependencies of target fake_components[0m
[2.223s] [ 38%] Built target fake_components
[2.404s] [35m[1mConsolidate compiler generated dependencies of target test_hardware_components[0m
[2.645s] [ 52%] Built target test_hardware_components
[2.772s] [35m[1mConsolidate compiler generated dependencies of target mock_components[0m
[3.181s] [ 58%] Built target mock_components
[4.073s] [35m[1mConsolidate compiler generated dependencies of target gmock_main[0m
[4.268s] [ 64%] Built target gmock_main
[4.419s] [35m[1mConsolidate compiler generated dependencies of target test_macros[0m
[4.508s] [ 70%] Built target test_macros
[4.693s] [35m[1mConsolidate compiler generated dependencies of target test_component_interfaces[0m
[4.973s] [ 76%] Built target test_component_interfaces
[5.208s] [35m[1mConsolidate compiler generated dependencies of target test_component_parser[0m
[5.421s] [ 82%] Built target test_component_parser
[5.549s] [35m[1mConsolidate compiler generated dependencies of target test_generic_system[0m
[5.731s] [ 88%] Built target test_generic_system
[5.917s] [35m[1mConsolidate compiler generated dependencies of target test_joint_handle[0m
[6.116s] [ 94%] Built target test_joint_handle
[6.330s] [35m[1mConsolidate compiler generated dependencies of target test_inst_hardwares[0m
[6.430s] [100%] Built target test_inst_hardwares
[7.757s] Invoked command in '/home/mcr2/ros2_ws/src/build/hardware_interface' returned '0': AMENT_PREFIX_PATH=/home/mcr2/ros2_ws/src/install/ros2_control_test_assets:/home/mcr2/ros2_ws/src/install/control_msgs:${AMENT_PREFIX_PATH} CMAKE_PREFIX_PATH=/home/mcr2/ros2_ws/src/install/ros2_control_test_assets:/home/mcr2/ros2_ws/src/install/control_msgs:/home/mcr2/ros2_utilities_ws/install/ros_ign_interfaces:/home/mcr2/ros2_utilities_ws/install/ros_ign:/home/mcr2/ros2_utilities_ws/install/ros_ign_image:/home/mcr2/ros2_utilities_ws/install/ros_ign_gazebo_demos:/home/mcr2/ros2_utilities_ws/install/ros_ign_gazebo:/home/mcr2/ros2_utilities_ws/install/ros_ign_bridge:/home/mcr2/ros2_utilities_ws/install/ros_gz:/home/mcr2/ros2_utilities_ws/install/ros_gz_sim_demos:/home/mcr2/ros2_utilities_ws/install/ros_gz_sim:/home/mcr2/ros2_utilities_ws/install/ros_gz_image:/home/mcr2/ros2_utilities_ws/install/ros_gz_bridge:/home/mcr2/ros2_utilities_ws/install/ros_gz_interfaces:/home/mcr2/ros2_utilities_ws/install/micro_ros_setup:/home/mcr2/ros2_utilities_ws/install/micro_ros_agent:/home/mcr2/ros2_utilities_ws/install/micro_ros_msgs:/home/mcr2/ros2_utilities_ws/install/aruco_ros:/home/mcr2/ros2_utilities_ws/install/aruco_msgs:/home/mcr2/ros2_utilities_ws/install/aruco:/opt/ros/humble LD_LIBRARY_PATH=/home/mcr2/ros2_ws/src/install/control_msgs/lib:${LD_LIBRARY_PATH} PYTHONPATH=/home/mcr2/ros2_ws/src/install/control_msgs/local/lib/python3.10/dist-packages:${PYTHONPATH} /usr/bin/cmake --build /home/mcr2/ros2_ws/src/build/hardware_interface -- -j4 -l4
[10.692s] Invoking command in '/home/mcr2/ros2_ws/src/build/hardware_interface': AMENT_PREFIX_PATH=/home/mcr2/ros2_ws/src/install/ros2_control_test_assets:/home/mcr2/ros2_ws/src/install/control_msgs:${AMENT_PREFIX_PATH} CMAKE_PREFIX_PATH=/home/mcr2/ros2_ws/src/install/ros2_control_test_assets:/home/mcr2/ros2_ws/src/install/control_msgs:/home/mcr2/ros2_utilities_ws/install/ros_ign_interfaces:/home/mcr2/ros2_utilities_ws/install/ros_ign:/home/mcr2/ros2_utilities_ws/install/ros_ign_image:/home/mcr2/ros2_utilities_ws/install/ros_ign_gazebo_demos:/home/mcr2/ros2_utilities_ws/install/ros_ign_gazebo:/home/mcr2/ros2_utilities_ws/install/ros_ign_bridge:/home/mcr2/ros2_utilities_ws/install/ros_gz:/home/mcr2/ros2_utilities_ws/install/ros_gz_sim_demos:/home/mcr2/ros2_utilities_ws/install/ros_gz_sim:/home/mcr2/ros2_utilities_ws/install/ros_gz_image:/home/mcr2/ros2_utilities_ws/install/ros_gz_bridge:/home/mcr2/ros2_utilities_ws/install/ros_gz_interfaces:/home/mcr2/ros2_utilities_ws/install/micro_ros_setup:/home/mcr2/ros2_utilities_ws/install/micro_ros_agent:/home/mcr2/ros2_utilities_ws/install/micro_ros_msgs:/home/mcr2/ros2_utilities_ws/install/aruco_ros:/home/mcr2/ros2_utilities_ws/install/aruco_msgs:/home/mcr2/ros2_utilities_ws/install/aruco:/opt/ros/humble LD_LIBRARY_PATH=/home/mcr2/ros2_ws/src/install/control_msgs/lib:${LD_LIBRARY_PATH} PYTHONPATH=/home/mcr2/ros2_ws/src/install/control_msgs/local/lib/python3.10/dist-packages:${PYTHONPATH} /usr/bin/cmake --install /home/mcr2/ros2_ws/src/build/hardware_interface
[10.758s] -- Install configuration: ""
[10.758s] -- Up-to-date: /home/mcr2/ros2_ws/src/install/hardware_interface/share/hardware_interface/mock_components_plugin_description.xml
[10.758s] -- Up-to-date: /home/mcr2/ros2_ws/src/install/hardware_interface/share/hardware_interface/fake_components_plugin_description.xml
[10.758s] -- Up-to-date: /home/mcr2/ros2_ws/src/install/hardware_interface/include
[10.759s] -- Up-to-date: /home/mcr2/ros2_ws/src/install/hardware_interface/include/fake_components
[10.759s] -- Up-to-date: /home/mcr2/ros2_ws/src/install/hardware_interface/include/fake_components/visibility_control.h
[10.759s] -- Up-to-date: /home/mcr2/ros2_ws/src/install/hardware_interface/include/fake_components/generic_system.hpp
[10.759s] -- Up-to-date: /home/mcr2/ros2_ws/src/install/hardware_interface/include/hardware_interface
[10.759s] -- Up-to-date: /home/mcr2/ros2_ws/src/install/hardware_interface/include/hardware_interface/types
[10.760s] -- Up-to-date: /home/mcr2/ros2_ws/src/install/hardware_interface/include/hardware_interface/types/hardware_interface_return_values.hpp
[10.760s] -- Up-to-date: /home/mcr2/ros2_ws/src/install/hardware_interface/include/hardware_interface/types/hardware_interface_type_values.hpp
[10.760s] -- Up-to-date: /home/mcr2/ros2_ws/src/install/hardware_interface/include/hardware_interface/types/lifecycle_state_names.hpp
[10.760s] -- Up-to-date: /home/mcr2/ros2_ws/src/install/hardware_interface/include/hardware_interface/sensor_interface.hpp
[10.760s] -- Up-to-date: /home/mcr2/ros2_ws/src/install/hardware_interface/include/hardware_interface/system_interface.hpp
[10.761s] -- Up-to-date: /home/mcr2/ros2_ws/src/install/hardware_interface/include/hardware_interface/hardware_component_info.hpp
[10.761s] -- Up-to-date: /home/mcr2/ros2_ws/src/install/hardware_interface/include/hardware_interface/sensor.hpp
[10.761s] -- Up-to-date: /home/mcr2/ros2_ws/src/install/hardware_interface/include/hardware_interface/hardware_info.hpp
[10.761s] -- Up-to-date: /home/mcr2/ros2_ws/src/install/hardware_interface/include/hardware_interface/macros.hpp
[10.761s] -- Up-to-date: /home/mcr2/ros2_ws/src/install/hardware_interface/include/hardware_interface/visibility_control.h
[10.761s] -- Up-to-date: /home/mcr2/ros2_ws/src/install/hardware_interface/include/hardware_interface/component_parser.hpp
[10.762s] -- Up-to-date: /home/mcr2/ros2_ws/src/install/hardware_interface/include/hardware_interface/controller_info.hpp
[10.762s] -- Up-to-date: /home/mcr2/ros2_ws/src/install/hardware_interface/include/hardware_interface/resource_manager.hpp
[10.762s] -- Up-to-date: /home/mcr2/ros2_ws/src/install/hardware_interface/include/hardware_interface/handle.hpp
[10.762s] -- Up-to-date: /home/mcr2/ros2_ws/src/install/hardware_interface/include/hardware_interface/loaned_command_interface.hpp
[10.762s] -- Up-to-date: /home/mcr2/ros2_ws/src/install/hardware_interface/include/hardware_interface/system.hpp
[10.763s] -- Up-to-date: /home/mcr2/ros2_ws/src/install/hardware_interface/include/hardware_interface/actuator.hpp
[10.763s] -- Up-to-date: /home/mcr2/ros2_ws/src/install/hardware_interface/include/hardware_interface/actuator_interface.hpp
[10.771s] -- Up-to-date: /home/mcr2/ros2_ws/src/install/hardware_interface/include/hardware_interface/loaned_state_interface.hpp
[10.771s] -- Up-to-date: /home/mcr2/ros2_ws/src/install/hardware_interface/include/hardware_interface/lexical_casts.hpp
[10.771s] -- Up-to-date: /home/mcr2/ros2_ws/src/install/hardware_interface/include/mock_components
[10.772s] -- Up-to-date: /home/mcr2/ros2_ws/src/install/hardware_interface/include/mock_components/visibility_control.h
[10.776s] -- Up-to-date: /home/mcr2/ros2_ws/src/install/hardware_interface/include/mock_components/generic_system.hpp
[10.796s] -- Up-to-date: /home/mcr2/ros2_ws/src/install/hardware_interface/lib/libfake_components.so
[10.797s] -- Up-to-date: /home/mcr2/ros2_ws/src/install/hardware_interface/lib/libmock_components.so
[10.797s] -- Up-to-date: /home/mcr2/ros2_ws/src/install/hardware_interface/lib/libhardware_interface.so
[10.797s] -- Up-to-date: /home/mcr2/ros2_ws/src/install/hardware_interface/lib/libtest_hardware_components.so
[10.798s] -- Up-to-date: /home/mcr2/ros2_ws/src/install/hardware_interface/share/hardware_interface/test/test_hardware_components/test_hardware_components.xml
[10.798s] -- Up-to-date: /home/mcr2/ros2_ws/src/install/hardware_interface/share/hardware_interface/environment/library_path.sh
[10.798s] -- Up-to-date: /home/mcr2/ros2_ws/src/install/hardware_interface/share/hardware_interface/environment/library_path.dsv
[10.798s] -- Up-to-date: /home/mcr2/ros2_ws/src/install/hardware_interface/share/ament_index/resource_index/package_run_dependencies/hardware_interface
[10.799s] -- Up-to-date: /home/mcr2/ros2_ws/src/install/hardware_interface/share/ament_index/resource_index/parent_prefix_path/hardware_interface
[10.799s] -- Up-to-date: /home/mcr2/ros2_ws/src/install/hardware_interface/share/hardware_interface/environment/ament_prefix_path.sh
[10.799s] -- Up-to-date: /home/mcr2/ros2_ws/src/install/hardware_interface/share/hardware_interface/environment/ament_prefix_path.dsv
[10.799s] -- Up-to-date: /home/mcr2/ros2_ws/src/install/hardware_interface/share/hardware_interface/environment/path.sh
[10.800s] -- Up-to-date: /home/mcr2/ros2_ws/src/install/hardware_interface/share/hardware_interface/environment/path.dsv
[10.800s] -- Up-to-date: /home/mcr2/ros2_ws/src/install/hardware_interface/share/hardware_interface/local_setup.bash
[10.800s] -- Up-to-date: /home/mcr2/ros2_ws/src/install/hardware_interface/share/hardware_interface/local_setup.sh
[10.801s] -- Up-to-date: /home/mcr2/ros2_ws/src/install/hardware_interface/share/hardware_interface/local_setup.zsh
[10.801s] -- Up-to-date: /home/mcr2/ros2_ws/src/install/hardware_interface/share/hardware_interface/local_setup.dsv
[10.801s] -- Installing: /home/mcr2/ros2_ws/src/install/hardware_interface/share/hardware_interface/package.dsv
[10.816s] -- Up-to-date: /home/mcr2/ros2_ws/src/install/hardware_interface/share/ament_index/resource_index/packages/hardware_interface
[10.817s] -- Up-to-date: /home/mcr2/ros2_ws/src/install/hardware_interface/share/ament_index/resource_index/hardware_interface__pluginlib__plugin/hardware_interface
[10.830s] -- Up-to-date: /home/mcr2/ros2_ws/src/install/hardware_interface/share/hardware_interface/cmake/ament_cmake_export_include_directories-extras.cmake
[10.830s] -- Up-to-date: /home/mcr2/ros2_ws/src/install/hardware_interface/share/hardware_interface/cmake/ament_cmake_export_libraries-extras.cmake
[10.831s] -- Up-to-date: /home/mcr2/ros2_ws/src/install/hardware_interface/share/hardware_interface/cmake/ament_cmake_export_dependencies-extras.cmake
[10.832s] -- Up-to-date: /home/mcr2/ros2_ws/src/install/hardware_interface/share/hardware_interface/cmake/hardware_interfaceConfig.cmake
[10.832s] -- Up-to-date: /home/mcr2/ros2_ws/src/install/hardware_interface/share/hardware_interface/cmake/hardware_interfaceConfig-version.cmake
[10.832s] -- Up-to-date: /home/mcr2/ros2_ws/src/install/hardware_interface/share/hardware_interface/package.xml
[12.322s] Invoked command in '/home/mcr2/ros2_ws/src/build/hardware_interface' returned '0': AMENT_PREFIX_PATH=/home/mcr2/ros2_ws/src/install/ros2_control_test_assets:/home/mcr2/ros2_ws/src/install/control_msgs:${AMENT_PREFIX_PATH} CMAKE_PREFIX_PATH=/home/mcr2/ros2_ws/src/install/ros2_control_test_assets:/home/mcr2/ros2_ws/src/install/control_msgs:/home/mcr2/ros2_utilities_ws/install/ros_ign_interfaces:/home/mcr2/ros2_utilities_ws/install/ros_ign:/home/mcr2/ros2_utilities_ws/install/ros_ign_image:/home/mcr2/ros2_utilities_ws/install/ros_ign_gazebo_demos:/home/mcr2/ros2_utilities_ws/install/ros_ign_gazebo:/home/mcr2/ros2_utilities_ws/install/ros_ign_bridge:/home/mcr2/ros2_utilities_ws/install/ros_gz:/home/mcr2/ros2_utilities_ws/install/ros_gz_sim_demos:/home/mcr2/ros2_utilities_ws/install/ros_gz_sim:/home/mcr2/ros2_utilities_ws/install/ros_gz_image:/home/mcr2/ros2_utilities_ws/install/ros_gz_bridge:/home/mcr2/ros2_utilities_ws/install/ros_gz_interfaces:/home/mcr2/ros2_utilities_ws/install/micro_ros_setup:/home/mcr2/ros2_utilities_ws/install/micro_ros_agent:/home/mcr2/ros2_utilities_ws/install/micro_ros_msgs:/home/mcr2/ros2_utilities_ws/install/aruco_ros:/home/mcr2/ros2_utilities_ws/install/aruco_msgs:/home/mcr2/ros2_utilities_ws/install/aruco:/opt/ros/humble LD_LIBRARY_PATH=/home/mcr2/ros2_ws/src/install/control_msgs/lib:${LD_LIBRARY_PATH} PYTHONPATH=/home/mcr2/ros2_ws/src/install/control_msgs/local/lib/python3.10/dist-packages:${PYTHONPATH} /usr/bin/cmake --install /home/mcr2/ros2_ws/src/build/hardware_interface
