[0.512s] Invoking command in '/home/mcr2/ros2_ws/src/build/range_sensor_broadcaster': AMENT_PREFIX_PATH=/home/mcr2/ros2_ws/src/install/controller_manager:/home/mcr2/ros2_ws/src/install/hardware_interface_testing:/home/mcr2/ros2_ws/src/install/controller_interface:/home/mcr2/ros2_ws/src/install/hardware_interface:/home/mcr2/ros2_ws/src/install/ros2_control_test_assets:/home/mcr2/ros2_ws/src/install/realtime_tools:/home/mcr2/ros2_ws/src/install/controller_manager_msgs:/home/mcr2/ros2_ws/src/install/control_msgs:${AMENT_PREFIX_PATH} CMAKE_PREFIX_PATH=/home/mcr2/ros2_ws/src/install/controller_manager:/home/mcr2/ros2_ws/src/install/hardware_interface_testing:/home/mcr2/ros2_ws/src/install/controller_interface:/home/mcr2/ros2_ws/src/install/hardware_interface:/home/mcr2/ros2_ws/src/install/ros2_control_test_assets:/home/mcr2/ros2_ws/src/install/realtime_tools:/home/mcr2/ros2_ws/src/install/controller_manager_msgs:/home/mcr2/ros2_ws/src/install/control_msgs:/home/mcr2/ros2_utilities_ws/install/ros_ign_interfaces:/home/mcr2/ros2_utilities_ws/install/ros_ign:/home/mcr2/ros2_utilities_ws/install/ros_ign_image:/home/mcr2/ros2_utilities_ws/install/ros_ign_gazebo_demos:/home/mcr2/ros2_utilities_ws/install/ros_ign_gazebo:/home/mcr2/ros2_utilities_ws/install/ros_ign_bridge:/home/mcr2/ros2_utilities_ws/install/ros_gz:/home/mcr2/ros2_utilities_ws/install/ros_gz_sim_demos:/home/mcr2/ros2_utilities_ws/install/ros_gz_sim:/home/mcr2/ros2_utilities_ws/install/ros_gz_image:/home/mcr2/ros2_utilities_ws/install/ros_gz_bridge:/home/mcr2/ros2_utilities_ws/install/ros_gz_interfaces:/home/mcr2/ros2_utilities_ws/install/micro_ros_setup:/home/mcr2/ros2_utilities_ws/install/micro_ros_agent:/home/mcr2/ros2_utilities_ws/install/micro_ros_msgs:/home/mcr2/ros2_utilities_ws/install/aruco_ros:/home/mcr2/ros2_utilities_ws/install/aruco_msgs:/home/mcr2/ros2_utilities_ws/install/aruco:/opt/ros/humble LD_LIBRARY_PATH=/home/mcr2/ros2_ws/src/install/controller_manager/lib:/home/mcr2/ros2_ws/src/install/hardware_interface_testing/lib:/home/mcr2/ros2_ws/src/install/controller_interface/lib:/home/mcr2/ros2_ws/src/install/hardware_interface/lib:/home/mcr2/ros2_ws/src/install/realtime_tools/lib:/home/mcr2/ros2_ws/src/install/controller_manager_msgs/lib:/home/mcr2/ros2_ws/src/install/control_msgs/lib:${LD_LIBRARY_PATH} PYTHONPATH=/home/mcr2/ros2_ws/src/install/controller_manager/local/lib/python3.10/dist-packages:/home/mcr2/ros2_ws/src/install/controller_manager_msgs/local/lib/python3.10/dist-packages:/home/mcr2/ros2_ws/src/install/control_msgs/local/lib/python3.10/dist-packages:${PYTHONPATH} /usr/bin/cmake /home/mcr2/ros2_ws/src/ros-controls/ros2_controllers/range_sensor_broadcaster -DCMAKE_INSTALL_PREFIX=/home/mcr2/ros2_ws/src/install/range_sensor_broadcaster
[0.795s] -- The C compiler identification is GNU 11.4.0
[1.073s] -- The CXX compiler identification is GNU 11.4.0
[1.099s] -- Detecting C compiler ABI info
[1.477s] -- Detecting C compiler ABI info - done
[1.504s] -- Check for working C compiler: /usr/bin/cc - skipped
[1.505s] -- Detecting C compile features
[1.506s] -- Detecting C compile features - done
[1.515s] -- Detecting CXX compiler ABI info
[1.929s] -- Detecting CXX compiler ABI info - done
[1.964s] -- Check for working CXX compiler: /usr/bin/c++ - skipped
[1.965s] -- Detecting CXX compile features
[1.968s] -- Detecting CXX compile features - done
[1.986s] -- Found ament_cmake: 1.3.8 (/opt/ros/humble/share/ament_cmake/cmake)
[2.736s] -- Found Python3: /usr/bin/python3 (found version "3.10.12") found components: Interpreter 
[3.339s] -- Found backward_ros: 1.0.2 (/opt/ros/humble/share/backward_ros/cmake)
[3.363s] -- Found libdw: /usr/lib/x86_64-linux-gnu/libdw.so  
[3.394s] -- Could NOT find libbfd (missing: LIBBFD_LIBRARY LIBBFD_INCLUDE_DIR) 
[3.412s] -- BACKWARD_HAS_UNWIND=1
[3.412s] -- BACKWARD_HAS_BACKTRACE=0
[3.413s] -- BACKWARD_HAS_BACKTRACE_SYMBOL=0
[3.413s] -- BACKWARD_HAS_DW=1
[3.413s] -- BACKWARD_HAS_BFD=0
[3.414s] -- Found Backward: /opt/ros/humble/share/backward_ros/cmake  
[3.426s] -- Found controller_interface: 2.40.0 (/home/mcr2/ros2_ws/src/install/controller_interface/share/controller_interface/cmake)
[3.760s] -- Found rosidl_generator_c: 3.1.5 (/opt/ros/humble/share/rosidl_generator_c/cmake)
[3.818s] -- Found rosidl_adapter: 3.1.5 (/opt/ros/humble/share/rosidl_adapter/cmake)
[3.941s] -- Found rosidl_generator_cpp: 3.1.5 (/opt/ros/humble/share/rosidl_generator_cpp/cmake)
[4.048s] -- Using all available rosidl_typesupport_c: rosidl_typesupport_fastrtps_c;rosidl_typesupport_introspection_c
[4.177s] -- Using all available rosidl_typesupport_cpp: rosidl_typesupport_fastrtps_cpp;rosidl_typesupport_introspection_cpp
[7.333s] -- Found rmw_implementation_cmake: 6.1.1 (/opt/ros/humble/share/rmw_implementation_cmake/cmake)
[7.361s] -- Found rmw_fastrtps_cpp: 6.2.6 (/opt/ros/humble/share/rmw_fastrtps_cpp/cmake)
[7.560s] -- Found TinyXML2 via Config file: TinyXML2_DIR-NOTFOUND
[7.893s] -- Found OpenSSL: /usr/lib/x86_64-linux-gnu/libcrypto.so (found version "3.0.2")  
[7.906s] -- Found TinyXML2 via Config file: TinyXML2_DIR-NOTFOUND
[7.968s] -- Found FastRTPS: /opt/ros/humble/include  
[7.997s] -- Found TinyXML2 via Config file: TinyXML2_DIR-NOTFOUND
[8.065s] -- Found TinyXML2 via Config file: TinyXML2_DIR-NOTFOUND
[8.114s] -- Using RMW implementation 'rmw_fastrtps_cpp' as default
[8.218s] -- Looking for pthread.h
[8.741s] -- Looking for pthread.h - found
[8.743s] -- Performing Test CMAKE_HAVE_LIBC_PTHREAD
[9.245s] -- Performing Test CMAKE_HAVE_LIBC_PTHREAD - Success
[9.265s] -- Found Threads: TRUE  
[10.568s] -- Found generate_parameter_library: 0.3.7 (/opt/ros/humble/share/generate_parameter_library/cmake)
[10.640s] -- Found parameter_traits: 0.3.7 (/opt/ros/humble/share/parameter_traits/cmake)
[10.872s] -- Found realtime_tools: 2.5.0 (/home/mcr2/ros2_ws/src/install/realtime_tools/share/realtime_tools/cmake)
[12.128s] -- Found ament_cmake_gmock: 1.3.8 (/opt/ros/humble/share/ament_cmake_gmock/cmake)
[12.130s] -- Found controller_manager: 2.40.0 (/home/mcr2/ros2_ws/src/install/controller_manager/share/controller_manager/cmake)
[13.215s] -- Found ros2_control_test_assets: 2.40.0 (/home/mcr2/ros2_ws/src/install/ros2_control_test_assets/share/ros2_control_test_assets/cmake)
[13.234s] -- Found gmock sources under '/opt/ros/humble/src/gmock_vendor': C++ tests using 'Google Mock' will be built
[13.288s] -- Found ament_cmake_gtest: 1.3.8 (/opt/ros/humble/share/ament_cmake_gtest/cmake)
[13.292s] -- Found gtest sources under '/opt/ros/humble/src/gtest_vendor': C++ tests using 'Google Test' will be built
[15.999s] -- Found gmock sources under '/opt/ros/humble/src/gmock_vendor': C++ tests using 'Google Mock' will be built
[15.999s] -- Found ament_cmake_gtest: 1.3.8 (/opt/ros/humble/share/ament_cmake_gtest/cmake)
[16.014s] -- Found gtest sources under '/opt/ros/humble/src/gtest_vendor': C++ tests using 'Google Test' will be built
[16.653s] -- Configuring done
[17.167s] -- Generating done
[17.176s] -- Build files have been written to: /home/mcr2/ros2_ws/src/build/range_sensor_broadcaster
[17.247s] Invoked command in '/home/mcr2/ros2_ws/src/build/range_sensor_broadcaster' returned '0': AMENT_PREFIX_PATH=/home/mcr2/ros2_ws/src/install/controller_manager:/home/mcr2/ros2_ws/src/install/hardware_interface_testing:/home/mcr2/ros2_ws/src/install/controller_interface:/home/mcr2/ros2_ws/src/install/hardware_interface:/home/mcr2/ros2_ws/src/install/ros2_control_test_assets:/home/mcr2/ros2_ws/src/install/realtime_tools:/home/mcr2/ros2_ws/src/install/controller_manager_msgs:/home/mcr2/ros2_ws/src/install/control_msgs:${AMENT_PREFIX_PATH} CMAKE_PREFIX_PATH=/home/mcr2/ros2_ws/src/install/controller_manager:/home/mcr2/ros2_ws/src/install/hardware_interface_testing:/home/mcr2/ros2_ws/src/install/controller_interface:/home/mcr2/ros2_ws/src/install/hardware_interface:/home/mcr2/ros2_ws/src/install/ros2_control_test_assets:/home/mcr2/ros2_ws/src/install/realtime_tools:/home/mcr2/ros2_ws/src/install/controller_manager_msgs:/home/mcr2/ros2_ws/src/install/control_msgs:/home/mcr2/ros2_utilities_ws/install/ros_ign_interfaces:/home/mcr2/ros2_utilities_ws/install/ros_ign:/home/mcr2/ros2_utilities_ws/install/ros_ign_image:/home/mcr2/ros2_utilities_ws/install/ros_ign_gazebo_demos:/home/mcr2/ros2_utilities_ws/install/ros_ign_gazebo:/home/mcr2/ros2_utilities_ws/install/ros_ign_bridge:/home/mcr2/ros2_utilities_ws/install/ros_gz:/home/mcr2/ros2_utilities_ws/install/ros_gz_sim_demos:/home/mcr2/ros2_utilities_ws/install/ros_gz_sim:/home/mcr2/ros2_utilities_ws/install/ros_gz_image:/home/mcr2/ros2_utilities_ws/install/ros_gz_bridge:/home/mcr2/ros2_utilities_ws/install/ros_gz_interfaces:/home/mcr2/ros2_utilities_ws/install/micro_ros_setup:/home/mcr2/ros2_utilities_ws/install/micro_ros_agent:/home/mcr2/ros2_utilities_ws/install/micro_ros_msgs:/home/mcr2/ros2_utilities_ws/install/aruco_ros:/home/mcr2/ros2_utilities_ws/install/aruco_msgs:/home/mcr2/ros2_utilities_ws/install/aruco:/opt/ros/humble LD_LIBRARY_PATH=/home/mcr2/ros2_ws/src/install/controller_manager/lib:/home/mcr2/ros2_ws/src/install/hardware_interface_testing/lib:/home/mcr2/ros2_ws/src/install/controller_interface/lib:/home/mcr2/ros2_ws/src/install/hardware_interface/lib:/home/mcr2/ros2_ws/src/install/realtime_tools/lib:/home/mcr2/ros2_ws/src/install/controller_manager_msgs/lib:/home/mcr2/ros2_ws/src/install/control_msgs/lib:${LD_LIBRARY_PATH} PYTHONPATH=/home/mcr2/ros2_ws/src/install/controller_manager/local/lib/python3.10/dist-packages:/home/mcr2/ros2_ws/src/install/controller_manager_msgs/local/lib/python3.10/dist-packages:/home/mcr2/ros2_ws/src/install/control_msgs/local/lib/python3.10/dist-packages:${PYTHONPATH} /usr/bin/cmake /home/mcr2/ros2_ws/src/ros-controls/ros2_controllers/range_sensor_broadcaster -DCMAKE_INSTALL_PREFIX=/home/mcr2/ros2_ws/src/install/range_sensor_broadcaster
[17.252s] Invoking command in '/home/mcr2/ros2_ws/src/build/range_sensor_broadcaster': AMENT_PREFIX_PATH=/home/mcr2/ros2_ws/src/install/controller_manager:/home/mcr2/ros2_ws/src/install/hardware_interface_testing:/home/mcr2/ros2_ws/src/install/controller_interface:/home/mcr2/ros2_ws/src/install/hardware_interface:/home/mcr2/ros2_ws/src/install/ros2_control_test_assets:/home/mcr2/ros2_ws/src/install/realtime_tools:/home/mcr2/ros2_ws/src/install/controller_manager_msgs:/home/mcr2/ros2_ws/src/install/control_msgs:${AMENT_PREFIX_PATH} CMAKE_PREFIX_PATH=/home/mcr2/ros2_ws/src/install/controller_manager:/home/mcr2/ros2_ws/src/install/hardware_interface_testing:/home/mcr2/ros2_ws/src/install/controller_interface:/home/mcr2/ros2_ws/src/install/hardware_interface:/home/mcr2/ros2_ws/src/install/ros2_control_test_assets:/home/mcr2/ros2_ws/src/install/realtime_tools:/home/mcr2/ros2_ws/src/install/controller_manager_msgs:/home/mcr2/ros2_ws/src/install/control_msgs:/home/mcr2/ros2_utilities_ws/install/ros_ign_interfaces:/home/mcr2/ros2_utilities_ws/install/ros_ign:/home/mcr2/ros2_utilities_ws/install/ros_ign_image:/home/mcr2/ros2_utilities_ws/install/ros_ign_gazebo_demos:/home/mcr2/ros2_utilities_ws/install/ros_ign_gazebo:/home/mcr2/ros2_utilities_ws/install/ros_ign_bridge:/home/mcr2/ros2_utilities_ws/install/ros_gz:/home/mcr2/ros2_utilities_ws/install/ros_gz_sim_demos:/home/mcr2/ros2_utilities_ws/install/ros_gz_sim:/home/mcr2/ros2_utilities_ws/install/ros_gz_image:/home/mcr2/ros2_utilities_ws/install/ros_gz_bridge:/home/mcr2/ros2_utilities_ws/install/ros_gz_interfaces:/home/mcr2/ros2_utilities_ws/install/micro_ros_setup:/home/mcr2/ros2_utilities_ws/install/micro_ros_agent:/home/mcr2/ros2_utilities_ws/install/micro_ros_msgs:/home/mcr2/ros2_utilities_ws/install/aruco_ros:/home/mcr2/ros2_utilities_ws/install/aruco_msgs:/home/mcr2/ros2_utilities_ws/install/aruco:/opt/ros/humble LD_LIBRARY_PATH=/home/mcr2/ros2_ws/src/install/controller_manager/lib:/home/mcr2/ros2_ws/src/install/hardware_interface_testing/lib:/home/mcr2/ros2_ws/src/install/controller_interface/lib:/home/mcr2/ros2_ws/src/install/hardware_interface/lib:/home/mcr2/ros2_ws/src/install/realtime_tools/lib:/home/mcr2/ros2_ws/src/install/controller_manager_msgs/lib:/home/mcr2/ros2_ws/src/install/control_msgs/lib:${LD_LIBRARY_PATH} PYTHONPATH=/home/mcr2/ros2_ws/src/install/controller_manager/local/lib/python3.10/dist-packages:/home/mcr2/ros2_ws/src/install/controller_manager_msgs/local/lib/python3.10/dist-packages:/home/mcr2/ros2_ws/src/install/control_msgs/local/lib/python3.10/dist-packages:${PYTHONPATH} /usr/bin/cmake --build /home/mcr2/ros2_ws/src/build/range_sensor_broadcaster -- -j4 -l4
[17.557s] [ 10%] [34m[1mRunning `/opt/ros/humble/bin/generate_parameter_library_cpp /home/mcr2/ros2_ws/src/build/range_sensor_broadcaster/range_sensor_broadcaster_parameters/include//range_sensor_broadcaster_parameters.hpp /home/mcr2/ros2_ws/src/ros-controls/ros2_controllers/range_sensor_broadcaster/src/range_sensor_broadcaster_parameters.yaml `[0m
[18.634s] [ 10%] Built target range_sensor_broadcaster_parameters
[18.791s] [ 20%] [32mBuilding CXX object gmock/CMakeFiles/gmock.dir/opt/ros/humble/src/gtest_vendor/src/gtest-all.cc.o[0m
[33.010s] [ 30%] [32mBuilding CXX object gmock/CMakeFiles/gmock.dir/src/gmock-all.cc.o[0m
[42.931s] [ 40%] [32m[1mLinking CXX static library libgmock.a[0m
[43.524s] [ 40%] Built target gmock
[43.676s] [ 50%] [32mBuilding CXX object CMakeFiles/range_sensor_broadcaster.dir/src/range_sensor_broadcaster.cpp.o[0m
[64.061s] [ 60%] [32m[1mLinking CXX shared library librange_sensor_broadcaster.so[0m
[65.329s] [ 60%] Built target range_sensor_broadcaster
[65.479s] [ 70%] [32mBuilding CXX object CMakeFiles/test_load_range_sensor_broadcaster.dir/test/test_load_range_sensor_broadcaster.cpp.o[0m
[90.531s] [ 80%] [32m[1mLinking CXX executable test_load_range_sensor_broadcaster[0m
[95.724s] [ 80%] Built target test_load_range_sensor_broadcaster
[95.843s] [ 90%] [32mBuilding CXX object CMakeFiles/test_range_sensor_broadcaster.dir/test/test_range_sensor_broadcaster.cpp.o[0m
[144.025s] [100%] [32m[1mLinking CXX executable test_range_sensor_broadcaster[0m
[148.450s] [100%] Built target test_range_sensor_broadcaster
[148.544s] Invoked command in '/home/mcr2/ros2_ws/src/build/range_sensor_broadcaster' returned '0': AMENT_PREFIX_PATH=/home/mcr2/ros2_ws/src/install/controller_manager:/home/mcr2/ros2_ws/src/install/hardware_interface_testing:/home/mcr2/ros2_ws/src/install/controller_interface:/home/mcr2/ros2_ws/src/install/hardware_interface:/home/mcr2/ros2_ws/src/install/ros2_control_test_assets:/home/mcr2/ros2_ws/src/install/realtime_tools:/home/mcr2/ros2_ws/src/install/controller_manager_msgs:/home/mcr2/ros2_ws/src/install/control_msgs:${AMENT_PREFIX_PATH} CMAKE_PREFIX_PATH=/home/mcr2/ros2_ws/src/install/controller_manager:/home/mcr2/ros2_ws/src/install/hardware_interface_testing:/home/mcr2/ros2_ws/src/install/controller_interface:/home/mcr2/ros2_ws/src/install/hardware_interface:/home/mcr2/ros2_ws/src/install/ros2_control_test_assets:/home/mcr2/ros2_ws/src/install/realtime_tools:/home/mcr2/ros2_ws/src/install/controller_manager_msgs:/home/mcr2/ros2_ws/src/install/control_msgs:/home/mcr2/ros2_utilities_ws/install/ros_ign_interfaces:/home/mcr2/ros2_utilities_ws/install/ros_ign:/home/mcr2/ros2_utilities_ws/install/ros_ign_image:/home/mcr2/ros2_utilities_ws/install/ros_ign_gazebo_demos:/home/mcr2/ros2_utilities_ws/install/ros_ign_gazebo:/home/mcr2/ros2_utilities_ws/install/ros_ign_bridge:/home/mcr2/ros2_utilities_ws/install/ros_gz:/home/mcr2/ros2_utilities_ws/install/ros_gz_sim_demos:/home/mcr2/ros2_utilities_ws/install/ros_gz_sim:/home/mcr2/ros2_utilities_ws/install/ros_gz_image:/home/mcr2/ros2_utilities_ws/install/ros_gz_bridge:/home/mcr2/ros2_utilities_ws/install/ros_gz_interfaces:/home/mcr2/ros2_utilities_ws/install/micro_ros_setup:/home/mcr2/ros2_utilities_ws/install/micro_ros_agent:/home/mcr2/ros2_utilities_ws/install/micro_ros_msgs:/home/mcr2/ros2_utilities_ws/install/aruco_ros:/home/mcr2/ros2_utilities_ws/install/aruco_msgs:/home/mcr2/ros2_utilities_ws/install/aruco:/opt/ros/humble LD_LIBRARY_PATH=/home/mcr2/ros2_ws/src/install/controller_manager/lib:/home/mcr2/ros2_ws/src/install/hardware_interface_testing/lib:/home/mcr2/ros2_ws/src/install/controller_interface/lib:/home/mcr2/ros2_ws/src/install/hardware_interface/lib:/home/mcr2/ros2_ws/src/install/realtime_tools/lib:/home/mcr2/ros2_ws/src/install/controller_manager_msgs/lib:/home/mcr2/ros2_ws/src/install/control_msgs/lib:${LD_LIBRARY_PATH} PYTHONPATH=/home/mcr2/ros2_ws/src/install/controller_manager/local/lib/python3.10/dist-packages:/home/mcr2/ros2_ws/src/install/controller_manager_msgs/local/lib/python3.10/dist-packages:/home/mcr2/ros2_ws/src/install/control_msgs/local/lib/python3.10/dist-packages:${PYTHONPATH} /usr/bin/cmake --build /home/mcr2/ros2_ws/src/build/range_sensor_broadcaster -- -j4 -l4
[148.791s] Invoking command in '/home/mcr2/ros2_ws/src/build/range_sensor_broadcaster': AMENT_PREFIX_PATH=/home/mcr2/ros2_ws/src/install/controller_manager:/home/mcr2/ros2_ws/src/install/hardware_interface_testing:/home/mcr2/ros2_ws/src/install/controller_interface:/home/mcr2/ros2_ws/src/install/hardware_interface:/home/mcr2/ros2_ws/src/install/ros2_control_test_assets:/home/mcr2/ros2_ws/src/install/realtime_tools:/home/mcr2/ros2_ws/src/install/controller_manager_msgs:/home/mcr2/ros2_ws/src/install/control_msgs:${AMENT_PREFIX_PATH} CMAKE_PREFIX_PATH=/home/mcr2/ros2_ws/src/install/controller_manager:/home/mcr2/ros2_ws/src/install/hardware_interface_testing:/home/mcr2/ros2_ws/src/install/controller_interface:/home/mcr2/ros2_ws/src/install/hardware_interface:/home/mcr2/ros2_ws/src/install/ros2_control_test_assets:/home/mcr2/ros2_ws/src/install/realtime_tools:/home/mcr2/ros2_ws/src/install/controller_manager_msgs:/home/mcr2/ros2_ws/src/install/control_msgs:/home/mcr2/ros2_utilities_ws/install/ros_ign_interfaces:/home/mcr2/ros2_utilities_ws/install/ros_ign:/home/mcr2/ros2_utilities_ws/install/ros_ign_image:/home/mcr2/ros2_utilities_ws/install/ros_ign_gazebo_demos:/home/mcr2/ros2_utilities_ws/install/ros_ign_gazebo:/home/mcr2/ros2_utilities_ws/install/ros_ign_bridge:/home/mcr2/ros2_utilities_ws/install/ros_gz:/home/mcr2/ros2_utilities_ws/install/ros_gz_sim_demos:/home/mcr2/ros2_utilities_ws/install/ros_gz_sim:/home/mcr2/ros2_utilities_ws/install/ros_gz_image:/home/mcr2/ros2_utilities_ws/install/ros_gz_bridge:/home/mcr2/ros2_utilities_ws/install/ros_gz_interfaces:/home/mcr2/ros2_utilities_ws/install/micro_ros_setup:/home/mcr2/ros2_utilities_ws/install/micro_ros_agent:/home/mcr2/ros2_utilities_ws/install/micro_ros_msgs:/home/mcr2/ros2_utilities_ws/install/aruco_ros:/home/mcr2/ros2_utilities_ws/install/aruco_msgs:/home/mcr2/ros2_utilities_ws/install/aruco:/opt/ros/humble LD_LIBRARY_PATH=/home/mcr2/ros2_ws/src/install/controller_manager/lib:/home/mcr2/ros2_ws/src/install/hardware_interface_testing/lib:/home/mcr2/ros2_ws/src/install/controller_interface/lib:/home/mcr2/ros2_ws/src/install/hardware_interface/lib:/home/mcr2/ros2_ws/src/install/realtime_tools/lib:/home/mcr2/ros2_ws/src/install/controller_manager_msgs/lib:/home/mcr2/ros2_ws/src/install/control_msgs/lib:${LD_LIBRARY_PATH} PYTHONPATH=/home/mcr2/ros2_ws/src/install/controller_manager/local/lib/python3.10/dist-packages:/home/mcr2/ros2_ws/src/install/controller_manager_msgs/local/lib/python3.10/dist-packages:/home/mcr2/ros2_ws/src/install/control_msgs/local/lib/python3.10/dist-packages:${PYTHONPATH} /usr/bin/cmake --install /home/mcr2/ros2_ws/src/build/range_sensor_broadcaster
[148.832s] -- Install configuration: ""
[148.832s] -- Installing: /home/mcr2/ros2_ws/src/install/range_sensor_broadcaster/include/range_sensor_broadcaster_parameters
[148.834s] -- Installing: /home/mcr2/ros2_ws/src/install/range_sensor_broadcaster/include/range_sensor_broadcaster_parameters/range_sensor_broadcaster_parameters.hpp
[148.835s] -- Installing: /home/mcr2/ros2_ws/src/install/range_sensor_broadcaster/share/range_sensor_broadcaster/range_sensor_broadcaster.xml
[148.837s] -- Up-to-date: /home/mcr2/ros2_ws/src/install/range_sensor_broadcaster/include
[148.838s] -- Installing: /home/mcr2/ros2_ws/src/install/range_sensor_broadcaster/include/range_sensor_broadcaster
[148.839s] -- Installing: /home/mcr2/ros2_ws/src/install/range_sensor_broadcaster/include/range_sensor_broadcaster/range_sensor_broadcaster.hpp
[148.839s] -- Installing: /home/mcr2/ros2_ws/src/install/range_sensor_broadcaster/include/range_sensor_broadcaster/visibility_control.h
[148.841s] -- Installing: /home/mcr2/ros2_ws/src/install/range_sensor_broadcaster/lib/librange_sensor_broadcaster.so
[148.852s] -- Set runtime path of "/home/mcr2/ros2_ws/src/install/range_sensor_broadcaster/lib/librange_sensor_broadcaster.so" to ""
[148.853s] -- Installing: /home/mcr2/ros2_ws/src/install/range_sensor_broadcaster/share/range_sensor_broadcaster/environment/library_path.sh
[148.854s] -- Installing: /home/mcr2/ros2_ws/src/install/range_sensor_broadcaster/share/range_sensor_broadcaster/environment/library_path.dsv
[148.855s] -- Installing: /home/mcr2/ros2_ws/src/install/range_sensor_broadcaster/share/ament_index/resource_index/package_run_dependencies/range_sensor_broadcaster
[148.856s] -- Installing: /home/mcr2/ros2_ws/src/install/range_sensor_broadcaster/share/ament_index/resource_index/parent_prefix_path/range_sensor_broadcaster
[148.858s] -- Installing: /home/mcr2/ros2_ws/src/install/range_sensor_broadcaster/share/range_sensor_broadcaster/environment/ament_prefix_path.sh
[148.859s] -- Installing: /home/mcr2/ros2_ws/src/install/range_sensor_broadcaster/share/range_sensor_broadcaster/environment/ament_prefix_path.dsv
[148.865s] -- Installing: /home/mcr2/ros2_ws/src/install/range_sensor_broadcaster/share/range_sensor_broadcaster/environment/path.sh
[148.866s] -- Installing: /home/mcr2/ros2_ws/src/install/range_sensor_broadcaster/share/range_sensor_broadcaster/environment/path.dsv
[148.884s] -- Installing: /home/mcr2/ros2_ws/src/install/range_sensor_broadcaster/share/range_sensor_broadcaster/local_setup.bash
[148.903s] -- Installing: /home/mcr2/ros2_ws/src/install/range_sensor_broadcaster/share/range_sensor_broadcaster/local_setup.sh
[148.905s] -- Installing: /home/mcr2/ros2_ws/src/install/range_sensor_broadcaster/share/range_sensor_broadcaster/local_setup.zsh
[148.906s] -- Installing: /home/mcr2/ros2_ws/src/install/range_sensor_broadcaster/share/range_sensor_broadcaster/local_setup.dsv
[148.908s] -- Installing: /home/mcr2/ros2_ws/src/install/range_sensor_broadcaster/share/range_sensor_broadcaster/package.dsv
[148.909s] -- Installing: /home/mcr2/ros2_ws/src/install/range_sensor_broadcaster/share/ament_index/resource_index/packages/range_sensor_broadcaster
[148.909s] -- Installing: /home/mcr2/ros2_ws/src/install/range_sensor_broadcaster/share/ament_index/resource_index/controller_interface__pluginlib__plugin/range_sensor_broadcaster
[148.910s] -- Installing: /home/mcr2/ros2_ws/src/install/range_sensor_broadcaster/share/range_sensor_broadcaster/cmake/export_range_sensor_broadcasterExport.cmake
[148.910s] -- Installing: /home/mcr2/ros2_ws/src/install/range_sensor_broadcaster/share/range_sensor_broadcaster/cmake/export_range_sensor_broadcasterExport-noconfig.cmake
[148.911s] -- Installing: /home/mcr2/ros2_ws/src/install/range_sensor_broadcaster/share/range_sensor_broadcaster/cmake/ament_cmake_export_targets-extras.cmake
[148.911s] -- Installing: /home/mcr2/ros2_ws/src/install/range_sensor_broadcaster/share/range_sensor_broadcaster/cmake/ament_cmake_export_dependencies-extras.cmake
[148.912s] -- Installing: /home/mcr2/ros2_ws/src/install/range_sensor_broadcaster/share/range_sensor_broadcaster/cmake/range_sensor_broadcasterConfig.cmake
[148.925s] -- Installing: /home/mcr2/ros2_ws/src/install/range_sensor_broadcaster/share/range_sensor_broadcaster/cmake/range_sensor_broadcasterConfig-version.cmake
[148.926s] -- Installing: /home/mcr2/ros2_ws/src/install/range_sensor_broadcaster/share/range_sensor_broadcaster/package.xml
[148.941s] Invoked command in '/home/mcr2/ros2_ws/src/build/range_sensor_broadcaster' returned '0': AMENT_PREFIX_PATH=/home/mcr2/ros2_ws/src/install/controller_manager:/home/mcr2/ros2_ws/src/install/hardware_interface_testing:/home/mcr2/ros2_ws/src/install/controller_interface:/home/mcr2/ros2_ws/src/install/hardware_interface:/home/mcr2/ros2_ws/src/install/ros2_control_test_assets:/home/mcr2/ros2_ws/src/install/realtime_tools:/home/mcr2/ros2_ws/src/install/controller_manager_msgs:/home/mcr2/ros2_ws/src/install/control_msgs:${AMENT_PREFIX_PATH} CMAKE_PREFIX_PATH=/home/mcr2/ros2_ws/src/install/controller_manager:/home/mcr2/ros2_ws/src/install/hardware_interface_testing:/home/mcr2/ros2_ws/src/install/controller_interface:/home/mcr2/ros2_ws/src/install/hardware_interface:/home/mcr2/ros2_ws/src/install/ros2_control_test_assets:/home/mcr2/ros2_ws/src/install/realtime_tools:/home/mcr2/ros2_ws/src/install/controller_manager_msgs:/home/mcr2/ros2_ws/src/install/control_msgs:/home/mcr2/ros2_utilities_ws/install/ros_ign_interfaces:/home/mcr2/ros2_utilities_ws/install/ros_ign:/home/mcr2/ros2_utilities_ws/install/ros_ign_image:/home/mcr2/ros2_utilities_ws/install/ros_ign_gazebo_demos:/home/mcr2/ros2_utilities_ws/install/ros_ign_gazebo:/home/mcr2/ros2_utilities_ws/install/ros_ign_bridge:/home/mcr2/ros2_utilities_ws/install/ros_gz:/home/mcr2/ros2_utilities_ws/install/ros_gz_sim_demos:/home/mcr2/ros2_utilities_ws/install/ros_gz_sim:/home/mcr2/ros2_utilities_ws/install/ros_gz_image:/home/mcr2/ros2_utilities_ws/install/ros_gz_bridge:/home/mcr2/ros2_utilities_ws/install/ros_gz_interfaces:/home/mcr2/ros2_utilities_ws/install/micro_ros_setup:/home/mcr2/ros2_utilities_ws/install/micro_ros_agent:/home/mcr2/ros2_utilities_ws/install/micro_ros_msgs:/home/mcr2/ros2_utilities_ws/install/aruco_ros:/home/mcr2/ros2_utilities_ws/install/aruco_msgs:/home/mcr2/ros2_utilities_ws/install/aruco:/opt/ros/humble LD_LIBRARY_PATH=/home/mcr2/ros2_ws/src/install/controller_manager/lib:/home/mcr2/ros2_ws/src/install/hardware_interface_testing/lib:/home/mcr2/ros2_ws/src/install/controller_interface/lib:/home/mcr2/ros2_ws/src/install/hardware_interface/lib:/home/mcr2/ros2_ws/src/install/realtime_tools/lib:/home/mcr2/ros2_ws/src/install/controller_manager_msgs/lib:/home/mcr2/ros2_ws/src/install/control_msgs/lib:${LD_LIBRARY_PATH} PYTHONPATH=/home/mcr2/ros2_ws/src/install/controller_manager/local/lib/python3.10/dist-packages:/home/mcr2/ros2_ws/src/install/controller_manager_msgs/local/lib/python3.10/dist-packages:/home/mcr2/ros2_ws/src/install/control_msgs/local/lib/python3.10/dist-packages:${PYTHONPATH} /usr/bin/cmake --install /home/mcr2/ros2_ws/src/build/range_sensor_broadcaster
