[0.986s] Invoking command in '/home/mcr2/ros2_ws/src/build/controller_interface': AMENT_PREFIX_PATH=/home/mcr2/ros2_ws/src/install/hardware_interface:/home/mcr2/ros2_ws/src/install/control_msgs:${AMENT_PREFIX_PATH} CMAKE_PREFIX_PATH=/home/mcr2/ros2_ws/src/install/hardware_interface:/home/mcr2/ros2_ws/src/install/control_msgs:/home/mcr2/ros2_utilities_ws/install/ros_ign_interfaces:/home/mcr2/ros2_utilities_ws/install/ros_ign:/home/mcr2/ros2_utilities_ws/install/ros_ign_image:/home/mcr2/ros2_utilities_ws/install/ros_ign_gazebo_demos:/home/mcr2/ros2_utilities_ws/install/ros_ign_gazebo:/home/mcr2/ros2_utilities_ws/install/ros_ign_bridge:/home/mcr2/ros2_utilities_ws/install/ros_gz:/home/mcr2/ros2_utilities_ws/install/ros_gz_sim_demos:/home/mcr2/ros2_utilities_ws/install/ros_gz_sim:/home/mcr2/ros2_utilities_ws/install/ros_gz_image:/home/mcr2/ros2_utilities_ws/install/ros_gz_bridge:/home/mcr2/ros2_utilities_ws/install/ros_gz_interfaces:/home/mcr2/ros2_utilities_ws/install/micro_ros_setup:/home/mcr2/ros2_utilities_ws/install/micro_ros_agent:/home/mcr2/ros2_utilities_ws/install/micro_ros_msgs:/home/mcr2/ros2_utilities_ws/install/aruco_ros:/home/mcr2/ros2_utilities_ws/install/aruco_msgs:/home/mcr2/ros2_utilities_ws/install/aruco:/opt/ros/humble LD_LIBRARY_PATH=/home/mcr2/ros2_ws/src/install/hardware_interface/lib:/home/mcr2/ros2_ws/src/install/control_msgs/lib:${LD_LIBRARY_PATH} PYTHONPATH=/home/mcr2/ros2_ws/src/install/control_msgs/local/lib/python3.10/dist-packages:${PYTHONPATH} /usr/bin/cmake /home/mcr2/ros2_ws/src/ros-controls/ros2_control/controller_interface -DCMAKE_INSTALL_PREFIX=/home/mcr2/ros2_ws/src/install/controller_interface
[1.579s] -- The C compiler identification is GNU 11.4.0
[1.971s] -- The CXX compiler identification is GNU 11.4.0
[2.018s] -- Detecting C compiler ABI info
[2.538s] -- Detecting C compiler ABI info - done
[2.595s] -- Check for working C compiler: /usr/bin/cc - skipped
[2.595s] -- Detecting C compile features
[2.616s] -- Detecting C compile features - done
[2.630s] -- Detecting CXX compiler ABI info
[3.206s] -- Detecting CXX compiler ABI info - done
[3.244s] -- Check for working CXX compiler: /usr/bin/c++ - skipped
[3.303s] -- Detecting CXX compile features
[3.425s] -- Detecting CXX compile features - done
[3.502s] -- Found ament_cmake: 1.3.8 (/opt/ros/humble/share/ament_cmake/cmake)
[4.591s] -- Found Python3: /usr/bin/python3 (found version "3.10.12") found components: Interpreter 
[5.194s] -- Found hardware_interface: 2.40.0 (/home/mcr2/ros2_ws/src/install/hardware_interface/share/hardware_interface/cmake)
[5.557s] -- Found rosidl_generator_c: 3.1.5 (/opt/ros/humble/share/rosidl_generator_c/cmake)
[5.585s] -- Found rosidl_adapter: 3.1.5 (/opt/ros/humble/share/rosidl_adapter/cmake)
[5.661s] -- Found rosidl_generator_cpp: 3.1.5 (/opt/ros/humble/share/rosidl_generator_cpp/cmake)
[5.728s] -- Using all available rosidl_typesupport_c: rosidl_typesupport_fastrtps_c;rosidl_typesupport_introspection_c
[5.837s] -- Using all available rosidl_typesupport_cpp: rosidl_typesupport_fastrtps_cpp;rosidl_typesupport_introspection_cpp
[8.800s] -- Found rmw_implementation_cmake: 6.1.1 (/opt/ros/humble/share/rmw_implementation_cmake/cmake)
[8.842s] -- Found rmw_fastrtps_cpp: 6.2.6 (/opt/ros/humble/share/rmw_fastrtps_cpp/cmake)
[9.109s] -- Found TinyXML2 via Config file: TinyXML2_DIR-NOTFOUND
[9.496s] -- Found OpenSSL: /usr/lib/x86_64-linux-gnu/libcrypto.so (found version "3.0.2")  
[9.538s] -- Found TinyXML2 via Config file: TinyXML2_DIR-NOTFOUND
[9.584s] -- Found FastRTPS: /opt/ros/humble/include  
[9.629s] -- Found TinyXML2 via Config file: TinyXML2_DIR-NOTFOUND
[9.671s] -- Found TinyXML2 via Config file: TinyXML2_DIR-NOTFOUND
[9.712s] -- Using RMW implementation 'rmw_fastrtps_cpp' as default
[9.793s] -- Looking for pthread.h
[10.183s] -- Looking for pthread.h - found
[10.183s] -- Performing Test CMAKE_HAVE_LIBC_PTHREAD
[10.591s] -- Performing Test CMAKE_HAVE_LIBC_PTHREAD - Success
[10.594s] -- Found Threads: TRUE  
[11.483s] -- Found ament_cmake_gmock: 1.3.8 (/opt/ros/humble/share/ament_cmake_gmock/cmake)
[11.502s] -- Found gmock sources under '/opt/ros/humble/src/gmock_vendor': C++ tests using 'Google Mock' will be built
[11.549s] -- Found ament_cmake_gtest: 1.3.8 (/opt/ros/humble/share/ament_cmake_gtest/cmake)
[11.549s] -- Found gtest sources under '/opt/ros/humble/src/gtest_vendor': C++ tests using 'Google Test' will be built
[12.681s] -- Configuring done
[13.316s] -- Generating done
[13.325s] -- Build files have been written to: /home/mcr2/ros2_ws/src/build/controller_interface
[13.403s] Invoked command in '/home/mcr2/ros2_ws/src/build/controller_interface' returned '0': AMENT_PREFIX_PATH=/home/mcr2/ros2_ws/src/install/hardware_interface:/home/mcr2/ros2_ws/src/install/control_msgs:${AMENT_PREFIX_PATH} CMAKE_PREFIX_PATH=/home/mcr2/ros2_ws/src/install/hardware_interface:/home/mcr2/ros2_ws/src/install/control_msgs:/home/mcr2/ros2_utilities_ws/install/ros_ign_interfaces:/home/mcr2/ros2_utilities_ws/install/ros_ign:/home/mcr2/ros2_utilities_ws/install/ros_ign_image:/home/mcr2/ros2_utilities_ws/install/ros_ign_gazebo_demos:/home/mcr2/ros2_utilities_ws/install/ros_ign_gazebo:/home/mcr2/ros2_utilities_ws/install/ros_ign_bridge:/home/mcr2/ros2_utilities_ws/install/ros_gz:/home/mcr2/ros2_utilities_ws/install/ros_gz_sim_demos:/home/mcr2/ros2_utilities_ws/install/ros_gz_sim:/home/mcr2/ros2_utilities_ws/install/ros_gz_image:/home/mcr2/ros2_utilities_ws/install/ros_gz_bridge:/home/mcr2/ros2_utilities_ws/install/ros_gz_interfaces:/home/mcr2/ros2_utilities_ws/install/micro_ros_setup:/home/mcr2/ros2_utilities_ws/install/micro_ros_agent:/home/mcr2/ros2_utilities_ws/install/micro_ros_msgs:/home/mcr2/ros2_utilities_ws/install/aruco_ros:/home/mcr2/ros2_utilities_ws/install/aruco_msgs:/home/mcr2/ros2_utilities_ws/install/aruco:/opt/ros/humble LD_LIBRARY_PATH=/home/mcr2/ros2_ws/src/install/hardware_interface/lib:/home/mcr2/ros2_ws/src/install/control_msgs/lib:${LD_LIBRARY_PATH} PYTHONPATH=/home/mcr2/ros2_ws/src/install/control_msgs/local/lib/python3.10/dist-packages:${PYTHONPATH} /usr/bin/cmake /home/mcr2/ros2_ws/src/ros-controls/ros2_control/controller_interface -DCMAKE_INSTALL_PREFIX=/home/mcr2/ros2_ws/src/install/controller_interface
[13.415s] Invoking command in '/home/mcr2/ros2_ws/src/build/controller_interface': AMENT_PREFIX_PATH=/home/mcr2/ros2_ws/src/install/hardware_interface:/home/mcr2/ros2_ws/src/install/control_msgs:${AMENT_PREFIX_PATH} CMAKE_PREFIX_PATH=/home/mcr2/ros2_ws/src/install/hardware_interface:/home/mcr2/ros2_ws/src/install/control_msgs:/home/mcr2/ros2_utilities_ws/install/ros_ign_interfaces:/home/mcr2/ros2_utilities_ws/install/ros_ign:/home/mcr2/ros2_utilities_ws/install/ros_ign_image:/home/mcr2/ros2_utilities_ws/install/ros_ign_gazebo_demos:/home/mcr2/ros2_utilities_ws/install/ros_ign_gazebo:/home/mcr2/ros2_utilities_ws/install/ros_ign_bridge:/home/mcr2/ros2_utilities_ws/install/ros_gz:/home/mcr2/ros2_utilities_ws/install/ros_gz_sim_demos:/home/mcr2/ros2_utilities_ws/install/ros_gz_sim:/home/mcr2/ros2_utilities_ws/install/ros_gz_image:/home/mcr2/ros2_utilities_ws/install/ros_gz_bridge:/home/mcr2/ros2_utilities_ws/install/ros_gz_interfaces:/home/mcr2/ros2_utilities_ws/install/micro_ros_setup:/home/mcr2/ros2_utilities_ws/install/micro_ros_agent:/home/mcr2/ros2_utilities_ws/install/micro_ros_msgs:/home/mcr2/ros2_utilities_ws/install/aruco_ros:/home/mcr2/ros2_utilities_ws/install/aruco_msgs:/home/mcr2/ros2_utilities_ws/install/aruco:/opt/ros/humble LD_LIBRARY_PATH=/home/mcr2/ros2_ws/src/install/hardware_interface/lib:/home/mcr2/ros2_ws/src/install/control_msgs/lib:${LD_LIBRARY_PATH} PYTHONPATH=/home/mcr2/ros2_ws/src/install/control_msgs/local/lib/python3.10/dist-packages:${PYTHONPATH} /usr/bin/cmake --build /home/mcr2/ros2_ws/src/build/controller_interface -- -j4 -l4
[13.673s] [  4%] [32mBuilding CXX object CMakeFiles/controller_interface.dir/src/controller_interface_base.cpp.o[0m
[28.022s] [  9%] [32mBuilding CXX object CMakeFiles/controller_interface.dir/src/controller_interface.cpp.o[0m
[45.229s] [ 14%] [32mBuilding CXX object CMakeFiles/controller_interface.dir/src/chainable_controller_interface.cpp.o[0m
[60.918s] [ 19%] [32m[1mLinking CXX shared library libcontroller_interface.so[0m
[61.998s] [ 19%] Built target controller_interface
[62.148s] [ 23%] [32mBuilding CXX object gmock/CMakeFiles/gmock.dir/opt/ros/humble/src/gtest_vendor/src/gtest-all.cc.o[0m
[75.961s] [ 28%] [32mBuilding CXX object gmock/CMakeFiles/gmock.dir/src/gmock-all.cc.o[0m
[85.031s] [ 33%] [32m[1mLinking CXX static library libgmock.a[0m
[86.246s] [ 33%] Built target gmock
[86.368s] [ 38%] [32mBuilding CXX object gmock/CMakeFiles/gmock_main.dir/src/gmock_main.cc.o[0m
[93.031s] [ 42%] [32m[1mLinking CXX static library libgmock_main.a[0m
[93.442s] [ 42%] Built target gmock_main
[93.642s] [ 47%] [32mBuilding CXX object CMakeFiles/test_controller_interface.dir/test/test_controller_interface.cpp.o[0m
[106.822s] [ 52%] [32m[1mLinking CXX executable test_controller_interface[0m
[107.813s] [ 52%] Built target test_controller_interface
[107.892s] [ 57%] [32mBuilding CXX object CMakeFiles/test_semantic_component_interface.dir/test/test_semantic_component_interface.cpp.o[0m
[112.404s] [ 61%] [32m[1mLinking CXX executable test_semantic_component_interface[0m
[113.436s] [ 61%] Built target test_semantic_component_interface
[113.511s] [ 66%] [32mBuilding CXX object CMakeFiles/test_force_torque_sensor.dir/test/test_force_torque_sensor.cpp.o[0m
[118.612s] [ 71%] [32m[1mLinking CXX executable test_force_torque_sensor[0m
[119.542s] [ 71%] Built target test_force_torque_sensor
[119.615s] [ 76%] [32mBuilding CXX object CMakeFiles/test_imu_sensor.dir/test/test_imu_sensor.cpp.o[0m
[124.141s] [ 80%] [32m[1mLinking CXX executable test_imu_sensor[0m
[125.134s] [ 80%] Built target test_imu_sensor
[125.212s] [ 85%] [32mBuilding CXX object CMakeFiles/test_chainable_controller_interface.dir/test/test_chainable_controller_interface.cpp.o[0m
[138.192s] [ 90%] [32m[1mLinking CXX executable test_chainable_controller_interface[0m
[139.202s] [ 90%] Built target test_chainable_controller_interface
[139.287s] [ 95%] [32mBuilding CXX object CMakeFiles/test_controller_with_options.dir/test/test_controller_with_options.cpp.o[0m
[149.069s] [100%] [32m[1mLinking CXX executable test_controller_with_options[0m
[150.038s] [100%] Built target test_controller_with_options
[150.104s] Invoked command in '/home/mcr2/ros2_ws/src/build/controller_interface' returned '0': AMENT_PREFIX_PATH=/home/mcr2/ros2_ws/src/install/hardware_interface:/home/mcr2/ros2_ws/src/install/control_msgs:${AMENT_PREFIX_PATH} CMAKE_PREFIX_PATH=/home/mcr2/ros2_ws/src/install/hardware_interface:/home/mcr2/ros2_ws/src/install/control_msgs:/home/mcr2/ros2_utilities_ws/install/ros_ign_interfaces:/home/mcr2/ros2_utilities_ws/install/ros_ign:/home/mcr2/ros2_utilities_ws/install/ros_ign_image:/home/mcr2/ros2_utilities_ws/install/ros_ign_gazebo_demos:/home/mcr2/ros2_utilities_ws/install/ros_ign_gazebo:/home/mcr2/ros2_utilities_ws/install/ros_ign_bridge:/home/mcr2/ros2_utilities_ws/install/ros_gz:/home/mcr2/ros2_utilities_ws/install/ros_gz_sim_demos:/home/mcr2/ros2_utilities_ws/install/ros_gz_sim:/home/mcr2/ros2_utilities_ws/install/ros_gz_image:/home/mcr2/ros2_utilities_ws/install/ros_gz_bridge:/home/mcr2/ros2_utilities_ws/install/ros_gz_interfaces:/home/mcr2/ros2_utilities_ws/install/micro_ros_setup:/home/mcr2/ros2_utilities_ws/install/micro_ros_agent:/home/mcr2/ros2_utilities_ws/install/micro_ros_msgs:/home/mcr2/ros2_utilities_ws/install/aruco_ros:/home/mcr2/ros2_utilities_ws/install/aruco_msgs:/home/mcr2/ros2_utilities_ws/install/aruco:/opt/ros/humble LD_LIBRARY_PATH=/home/mcr2/ros2_ws/src/install/hardware_interface/lib:/home/mcr2/ros2_ws/src/install/control_msgs/lib:${LD_LIBRARY_PATH} PYTHONPATH=/home/mcr2/ros2_ws/src/install/control_msgs/local/lib/python3.10/dist-packages:${PYTHONPATH} /usr/bin/cmake --build /home/mcr2/ros2_ws/src/build/controller_interface -- -j4 -l4
[150.437s] Invoking command in '/home/mcr2/ros2_ws/src/build/controller_interface': AMENT_PREFIX_PATH=/home/mcr2/ros2_ws/src/install/hardware_interface:/home/mcr2/ros2_ws/src/install/control_msgs:${AMENT_PREFIX_PATH} CMAKE_PREFIX_PATH=/home/mcr2/ros2_ws/src/install/hardware_interface:/home/mcr2/ros2_ws/src/install/control_msgs:/home/mcr2/ros2_utilities_ws/install/ros_ign_interfaces:/home/mcr2/ros2_utilities_ws/install/ros_ign:/home/mcr2/ros2_utilities_ws/install/ros_ign_image:/home/mcr2/ros2_utilities_ws/install/ros_ign_gazebo_demos:/home/mcr2/ros2_utilities_ws/install/ros_ign_gazebo:/home/mcr2/ros2_utilities_ws/install/ros_ign_bridge:/home/mcr2/ros2_utilities_ws/install/ros_gz:/home/mcr2/ros2_utilities_ws/install/ros_gz_sim_demos:/home/mcr2/ros2_utilities_ws/install/ros_gz_sim:/home/mcr2/ros2_utilities_ws/install/ros_gz_image:/home/mcr2/ros2_utilities_ws/install/ros_gz_bridge:/home/mcr2/ros2_utilities_ws/install/ros_gz_interfaces:/home/mcr2/ros2_utilities_ws/install/micro_ros_setup:/home/mcr2/ros2_utilities_ws/install/micro_ros_agent:/home/mcr2/ros2_utilities_ws/install/micro_ros_msgs:/home/mcr2/ros2_utilities_ws/install/aruco_ros:/home/mcr2/ros2_utilities_ws/install/aruco_msgs:/home/mcr2/ros2_utilities_ws/install/aruco:/opt/ros/humble LD_LIBRARY_PATH=/home/mcr2/ros2_ws/src/install/hardware_interface/lib:/home/mcr2/ros2_ws/src/install/control_msgs/lib:${LD_LIBRARY_PATH} PYTHONPATH=/home/mcr2/ros2_ws/src/install/control_msgs/local/lib/python3.10/dist-packages:${PYTHONPATH} /usr/bin/cmake --install /home/mcr2/ros2_ws/src/build/controller_interface
[150.512s] -- Install configuration: ""
[150.512s] -- Installing: /home/mcr2/ros2_ws/src/install/controller_interface/include
[150.512s] -- Installing: /home/mcr2/ros2_ws/src/install/controller_interface/include/controller_interface
[150.513s] -- Installing: /home/mcr2/ros2_ws/src/install/controller_interface/include/controller_interface/visibility_control.h
[150.513s] -- Installing: /home/mcr2/ros2_ws/src/install/controller_interface/include/controller_interface/controller_interface_base.hpp
[150.513s] -- Installing: /home/mcr2/ros2_ws/src/install/controller_interface/include/controller_interface/controller_interface.hpp
[150.514s] -- Installing: /home/mcr2/ros2_ws/src/install/controller_interface/include/controller_interface/helpers.hpp
[150.515s] -- Installing: /home/mcr2/ros2_ws/src/install/controller_interface/include/controller_interface/chainable_controller_interface.hpp
[150.515s] -- Installing: /home/mcr2/ros2_ws/src/install/controller_interface/include/semantic_components
[150.515s] -- Installing: /home/mcr2/ros2_ws/src/install/controller_interface/include/semantic_components/force_torque_sensor.hpp
[150.516s] -- Installing: /home/mcr2/ros2_ws/src/install/controller_interface/include/semantic_components/semantic_component_interface.hpp
[150.516s] -- Installing: /home/mcr2/ros2_ws/src/install/controller_interface/include/semantic_components/range_sensor.hpp
[150.518s] -- Installing: /home/mcr2/ros2_ws/src/install/controller_interface/include/semantic_components/imu_sensor.hpp
[150.519s] -- Installing: /home/mcr2/ros2_ws/src/install/controller_interface/lib/libcontroller_interface.so
[150.521s] -- Set runtime path of "/home/mcr2/ros2_ws/src/install/controller_interface/lib/libcontroller_interface.so" to ""
[150.523s] -- Installing: /home/mcr2/ros2_ws/src/install/controller_interface/share/controller_interface/environment/library_path.sh
[150.524s] -- Installing: /home/mcr2/ros2_ws/src/install/controller_interface/share/controller_interface/environment/library_path.dsv
[150.530s] -- Installing: /home/mcr2/ros2_ws/src/install/controller_interface/share/ament_index/resource_index/package_run_dependencies/controller_interface
[150.530s] -- Installing: /home/mcr2/ros2_ws/src/install/controller_interface/share/ament_index/resource_index/parent_prefix_path/controller_interface
[150.531s] -- Installing: /home/mcr2/ros2_ws/src/install/controller_interface/share/controller_interface/environment/ament_prefix_path.sh
[150.531s] -- Installing: /home/mcr2/ros2_ws/src/install/controller_interface/share/controller_interface/environment/ament_prefix_path.dsv
[150.532s] -- Installing: /home/mcr2/ros2_ws/src/install/controller_interface/share/controller_interface/environment/path.sh
[150.533s] -- Installing: /home/mcr2/ros2_ws/src/install/controller_interface/share/controller_interface/environment/path.dsv
[150.542s] -- Installing: /home/mcr2/ros2_ws/src/install/controller_interface/share/controller_interface/local_setup.bash
[150.549s] -- Installing: /home/mcr2/ros2_ws/src/install/controller_interface/share/controller_interface/local_setup.sh
[150.549s] -- Installing: /home/mcr2/ros2_ws/src/install/controller_interface/share/controller_interface/local_setup.zsh
[150.550s] -- Installing: /home/mcr2/ros2_ws/src/install/controller_interface/share/controller_interface/local_setup.dsv
[150.551s] -- Installing: /home/mcr2/ros2_ws/src/install/controller_interface/share/controller_interface/package.dsv
[150.553s] -- Installing: /home/mcr2/ros2_ws/src/install/controller_interface/share/ament_index/resource_index/packages/controller_interface
[150.554s] -- Installing: /home/mcr2/ros2_ws/src/install/controller_interface/share/controller_interface/cmake/ament_cmake_export_dependencies-extras.cmake
[150.554s] -- Installing: /home/mcr2/ros2_ws/src/install/controller_interface/share/controller_interface/cmake/ament_cmake_export_include_directories-extras.cmake
[150.563s] -- Installing: /home/mcr2/ros2_ws/src/install/controller_interface/share/controller_interface/cmake/ament_cmake_export_libraries-extras.cmake
[150.564s] -- Installing: /home/mcr2/ros2_ws/src/install/controller_interface/share/controller_interface/cmake/controller_interfaceConfig.cmake
[150.564s] -- Installing: /home/mcr2/ros2_ws/src/install/controller_interface/share/controller_interface/cmake/controller_interfaceConfig-version.cmake
[150.566s] -- Installing: /home/mcr2/ros2_ws/src/install/controller_interface/share/controller_interface/package.xml
[150.567s] Invoked command in '/home/mcr2/ros2_ws/src/build/controller_interface' returned '0': AMENT_PREFIX_PATH=/home/mcr2/ros2_ws/src/install/hardware_interface:/home/mcr2/ros2_ws/src/install/control_msgs:${AMENT_PREFIX_PATH} CMAKE_PREFIX_PATH=/home/mcr2/ros2_ws/src/install/hardware_interface:/home/mcr2/ros2_ws/src/install/control_msgs:/home/mcr2/ros2_utilities_ws/install/ros_ign_interfaces:/home/mcr2/ros2_utilities_ws/install/ros_ign:/home/mcr2/ros2_utilities_ws/install/ros_ign_image:/home/mcr2/ros2_utilities_ws/install/ros_ign_gazebo_demos:/home/mcr2/ros2_utilities_ws/install/ros_ign_gazebo:/home/mcr2/ros2_utilities_ws/install/ros_ign_bridge:/home/mcr2/ros2_utilities_ws/install/ros_gz:/home/mcr2/ros2_utilities_ws/install/ros_gz_sim_demos:/home/mcr2/ros2_utilities_ws/install/ros_gz_sim:/home/mcr2/ros2_utilities_ws/install/ros_gz_image:/home/mcr2/ros2_utilities_ws/install/ros_gz_bridge:/home/mcr2/ros2_utilities_ws/install/ros_gz_interfaces:/home/mcr2/ros2_utilities_ws/install/micro_ros_setup:/home/mcr2/ros2_utilities_ws/install/micro_ros_agent:/home/mcr2/ros2_utilities_ws/install/micro_ros_msgs:/home/mcr2/ros2_utilities_ws/install/aruco_ros:/home/mcr2/ros2_utilities_ws/install/aruco_msgs:/home/mcr2/ros2_utilities_ws/install/aruco:/opt/ros/humble LD_LIBRARY_PATH=/home/mcr2/ros2_ws/src/install/hardware_interface/lib:/home/mcr2/ros2_ws/src/install/control_msgs/lib:${LD_LIBRARY_PATH} PYTHONPATH=/home/mcr2/ros2_ws/src/install/control_msgs/local/lib/python3.10/dist-packages:${PYTHONPATH} /usr/bin/cmake --install /home/mcr2/ros2_ws/src/build/controller_interface
