[7.589s] Invoking command in '/home/mcr2/ros2_ws/src/ros-controls/ros2_control/rqt_controller_manager': AMENT_PREFIX_PATH=/home/mcr2/ros2_ws/src/install/controller_manager_msgs:${AMENT_PREFIX_PATH} CMAKE_PREFIX_PATH=/home/mcr2/ros2_ws/src/install/controller_manager_msgs:${CMAKE_PREFIX_PATH} LD_LIBRARY_PATH=/home/mcr2/ros2_ws/src/install/controller_manager_msgs/lib:${LD_LIBRARY_PATH} PYTHONPATH=/home/mcr2/ros2_ws/src/build/rqt_controller_manager/prefix_override:/home/mcr2/ros2_ws/src/install/rqt_controller_manager/lib/python3.10/site-packages:/home/mcr2/ros2_ws/src/install/controller_manager_msgs/local/lib/python3.10/dist-packages:${PYTHONPATH} /usr/bin/python3 setup.py egg_info --egg-base ../../../build/rqt_controller_manager build --build-base /home/mcr2/ros2_ws/src/build/rqt_controller_manager/build install --record /home/mcr2/ros2_ws/src/build/rqt_controller_manager/install.log --single-version-externally-managed
[9.367s] running egg_info
[9.367s] writing ../../../build/rqt_controller_manager/rqt_controller_manager.egg-info/PKG-INFO
[9.368s] writing dependency_links to ../../../build/rqt_controller_manager/rqt_controller_manager.egg-info/dependency_links.txt
[9.368s] writing entry points to ../../../build/rqt_controller_manager/rqt_controller_manager.egg-info/entry_points.txt
[9.368s] writing requirements to ../../../build/rqt_controller_manager/rqt_controller_manager.egg-info/requires.txt
[9.369s] writing top-level names to ../../../build/rqt_controller_manager/rqt_controller_manager.egg-info/top_level.txt
[9.436s] reading manifest file '../../../build/rqt_controller_manager/rqt_controller_manager.egg-info/SOURCES.txt'
[9.437s] writing manifest file '../../../build/rqt_controller_manager/rqt_controller_manager.egg-info/SOURCES.txt'
[9.437s] running build
[9.437s] running build_py
[9.438s] running install
[9.438s] running install_lib
[9.438s] running install_data
[9.438s] /usr/lib/python3/dist-packages/setuptools/command/install.py:34: SetuptoolsDeprecationWarning: setup.py install is deprecated. Use build and pip and other standards-based tools.
[9.438s]   warnings.warn(
[9.439s] running install_egg_info
[9.439s] removing '/home/mcr2/ros2_ws/src/install/rqt_controller_manager/lib/python3.10/site-packages/rqt_controller_manager-2.40.0-py3.10.egg-info' (and everything under it)
[9.439s] Copying ../../../build/rqt_controller_manager/rqt_controller_manager.egg-info to /home/mcr2/ros2_ws/src/install/rqt_controller_manager/lib/python3.10/site-packages/rqt_controller_manager-2.40.0-py3.10.egg-info
[9.439s] running install_scripts
[9.527s] Installing rqt_controller_manager script to /home/mcr2/ros2_ws/src/install/rqt_controller_manager/lib/rqt_controller_manager
[9.528s] writing list of installed files to '/home/mcr2/ros2_ws/src/build/rqt_controller_manager/install.log'
[9.700s] Invoked command in '/home/mcr2/ros2_ws/src/ros-controls/ros2_control/rqt_controller_manager' returned '0': AMENT_PREFIX_PATH=/home/mcr2/ros2_ws/src/install/controller_manager_msgs:${AMENT_PREFIX_PATH} CMAKE_PREFIX_PATH=/home/mcr2/ros2_ws/src/install/controller_manager_msgs:${CMAKE_PREFIX_PATH} LD_LIBRARY_PATH=/home/mcr2/ros2_ws/src/install/controller_manager_msgs/lib:${LD_LIBRARY_PATH} PYTHONPATH=/home/mcr2/ros2_ws/src/build/rqt_controller_manager/prefix_override:/home/mcr2/ros2_ws/src/install/rqt_controller_manager/lib/python3.10/site-packages:/home/mcr2/ros2_ws/src/install/controller_manager_msgs/local/lib/python3.10/dist-packages:${PYTHONPATH} /usr/bin/python3 setup.py egg_info --egg-base ../../../build/rqt_controller_manager build --build-base /home/mcr2/ros2_ws/src/build/rqt_controller_manager/build install --record /home/mcr2/ros2_ws/src/build/rqt_controller_manager/install.log --single-version-externally-managed
