[2.167s] Invoking command in '/home/mcr2/ros2_ws/src/build/transmission_interface': AMENT_PREFIX_PATH=/home/mcr2/ros2_ws/src/install/hardware_interface:/home/mcr2/ros2_ws/src/install/control_msgs:${AMENT_PREFIX_PATH} CMAKE_PREFIX_PATH=/home/mcr2/ros2_ws/src/install/hardware_interface:/home/mcr2/ros2_ws/src/install/control_msgs:/home/mcr2/ros2_utilities_ws/install/ros_ign_interfaces:/home/mcr2/ros2_utilities_ws/install/ros_ign:/home/mcr2/ros2_utilities_ws/install/ros_ign_image:/home/mcr2/ros2_utilities_ws/install/ros_ign_gazebo_demos:/home/mcr2/ros2_utilities_ws/install/ros_ign_gazebo:/home/mcr2/ros2_utilities_ws/install/ros_ign_bridge:/home/mcr2/ros2_utilities_ws/install/ros_gz:/home/mcr2/ros2_utilities_ws/install/ros_gz_sim_demos:/home/mcr2/ros2_utilities_ws/install/ros_gz_sim:/home/mcr2/ros2_utilities_ws/install/ros_gz_image:/home/mcr2/ros2_utilities_ws/install/ros_gz_bridge:/home/mcr2/ros2_utilities_ws/install/ros_gz_interfaces:/home/mcr2/ros2_utilities_ws/install/micro_ros_setup:/home/mcr2/ros2_utilities_ws/install/micro_ros_agent:/home/mcr2/ros2_utilities_ws/install/micro_ros_msgs:/home/mcr2/ros2_utilities_ws/install/aruco_ros:/home/mcr2/ros2_utilities_ws/install/aruco_msgs:/home/mcr2/ros2_utilities_ws/install/aruco:/opt/ros/humble LD_LIBRARY_PATH=/home/mcr2/ros2_ws/src/install/hardware_interface/lib:/home/mcr2/ros2_ws/src/install/control_msgs/lib:${LD_LIBRARY_PATH} PYTHONPATH=/home/mcr2/ros2_ws/src/install/control_msgs/local/lib/python3.10/dist-packages:${PYTHONPATH} /usr/bin/cmake --build /home/mcr2/ros2_ws/src/build/transmission_interface -- -j4 -l4
[2.810s] [35m[1mConsolidate compiler generated dependencies of target transmission_interface[0m
[3.186s] [ 17%] Built target transmission_interface
[3.326s] [35m[1mConsolidate compiler generated dependencies of target gmock[0m
[3.518s] [ 30%] Built target gmock
[3.592s] [35m[1mConsolidate compiler generated dependencies of target gmock_main[0m
[3.656s] [ 39%] Built target gmock_main
[3.707s] [35m[1mConsolidate compiler generated dependencies of target test_simple_transmission[0m
[3.799s] [ 47%] Built target test_simple_transmission
[3.894s] [35m[1mConsolidate compiler generated dependencies of target test_simple_transmission_loader[0m
[3.970s] [ 56%] Built target test_simple_transmission_loader
[4.019s] [35m[1mConsolidate compiler generated dependencies of target test_four_bar_linkage_transmission_loader[0m
[4.126s] [ 65%] Built target test_four_bar_linkage_transmission_loader
[4.198s] [35m[1mConsolidate compiler generated dependencies of target test_differential_transmission_loader[0m
[4.266s] [ 73%] Built target test_differential_transmission_loader
[4.410s] [35m[1mConsolidate compiler generated dependencies of target test_utils[0m
[4.595s] [ 82%] Built target test_utils
[4.659s] [35m[1mConsolidate compiler generated dependencies of target test_four_bar_linkage_transmission[0m
[4.873s] [ 91%] Built target test_four_bar_linkage_transmission
[5.052s] [35m[1mConsolidate compiler generated dependencies of target test_differential_transmission[0m
[5.203s] [100%] Built target test_differential_transmission
[5.309s] Invoked command in '/home/mcr2/ros2_ws/src/build/transmission_interface' returned '0': AMENT_PREFIX_PATH=/home/mcr2/ros2_ws/src/install/hardware_interface:/home/mcr2/ros2_ws/src/install/control_msgs:${AMENT_PREFIX_PATH} CMAKE_PREFIX_PATH=/home/mcr2/ros2_ws/src/install/hardware_interface:/home/mcr2/ros2_ws/src/install/control_msgs:/home/mcr2/ros2_utilities_ws/install/ros_ign_interfaces:/home/mcr2/ros2_utilities_ws/install/ros_ign:/home/mcr2/ros2_utilities_ws/install/ros_ign_image:/home/mcr2/ros2_utilities_ws/install/ros_ign_gazebo_demos:/home/mcr2/ros2_utilities_ws/install/ros_ign_gazebo:/home/mcr2/ros2_utilities_ws/install/ros_ign_bridge:/home/mcr2/ros2_utilities_ws/install/ros_gz:/home/mcr2/ros2_utilities_ws/install/ros_gz_sim_demos:/home/mcr2/ros2_utilities_ws/install/ros_gz_sim:/home/mcr2/ros2_utilities_ws/install/ros_gz_image:/home/mcr2/ros2_utilities_ws/install/ros_gz_bridge:/home/mcr2/ros2_utilities_ws/install/ros_gz_interfaces:/home/mcr2/ros2_utilities_ws/install/micro_ros_setup:/home/mcr2/ros2_utilities_ws/install/micro_ros_agent:/home/mcr2/ros2_utilities_ws/install/micro_ros_msgs:/home/mcr2/ros2_utilities_ws/install/aruco_ros:/home/mcr2/ros2_utilities_ws/install/aruco_msgs:/home/mcr2/ros2_utilities_ws/install/aruco:/opt/ros/humble LD_LIBRARY_PATH=/home/mcr2/ros2_ws/src/install/hardware_interface/lib:/home/mcr2/ros2_ws/src/install/control_msgs/lib:${LD_LIBRARY_PATH} PYTHONPATH=/home/mcr2/ros2_ws/src/install/control_msgs/local/lib/python3.10/dist-packages:${PYTHONPATH} /usr/bin/cmake --build /home/mcr2/ros2_ws/src/build/transmission_interface -- -j4 -l4
[6.385s] Invoking command in '/home/mcr2/ros2_ws/src/build/transmission_interface': AMENT_PREFIX_PATH=/home/mcr2/ros2_ws/src/install/hardware_interface:/home/mcr2/ros2_ws/src/install/control_msgs:${AMENT_PREFIX_PATH} CMAKE_PREFIX_PATH=/home/mcr2/ros2_ws/src/install/hardware_interface:/home/mcr2/ros2_ws/src/install/control_msgs:/home/mcr2/ros2_utilities_ws/install/ros_ign_interfaces:/home/mcr2/ros2_utilities_ws/install/ros_ign:/home/mcr2/ros2_utilities_ws/install/ros_ign_image:/home/mcr2/ros2_utilities_ws/install/ros_ign_gazebo_demos:/home/mcr2/ros2_utilities_ws/install/ros_ign_gazebo:/home/mcr2/ros2_utilities_ws/install/ros_ign_bridge:/home/mcr2/ros2_utilities_ws/install/ros_gz:/home/mcr2/ros2_utilities_ws/install/ros_gz_sim_demos:/home/mcr2/ros2_utilities_ws/install/ros_gz_sim:/home/mcr2/ros2_utilities_ws/install/ros_gz_image:/home/mcr2/ros2_utilities_ws/install/ros_gz_bridge:/home/mcr2/ros2_utilities_ws/install/ros_gz_interfaces:/home/mcr2/ros2_utilities_ws/install/micro_ros_setup:/home/mcr2/ros2_utilities_ws/install/micro_ros_agent:/home/mcr2/ros2_utilities_ws/install/micro_ros_msgs:/home/mcr2/ros2_utilities_ws/install/aruco_ros:/home/mcr2/ros2_utilities_ws/install/aruco_msgs:/home/mcr2/ros2_utilities_ws/install/aruco:/opt/ros/humble LD_LIBRARY_PATH=/home/mcr2/ros2_ws/src/install/hardware_interface/lib:/home/mcr2/ros2_ws/src/install/control_msgs/lib:${LD_LIBRARY_PATH} PYTHONPATH=/home/mcr2/ros2_ws/src/install/control_msgs/local/lib/python3.10/dist-packages:${PYTHONPATH} /usr/bin/cmake --install /home/mcr2/ros2_ws/src/build/transmission_interface
[6.415s] -- Install configuration: ""
[6.416s] -- Up-to-date: /home/mcr2/ros2_ws/src/install/transmission_interface/include
[6.416s] -- Up-to-date: /home/mcr2/ros2_ws/src/install/transmission_interface/include/transmission_interface
[6.416s] -- Up-to-date: /home/mcr2/ros2_ws/src/install/transmission_interface/include/transmission_interface/differential_transmission.hpp
[6.416s] -- Up-to-date: /home/mcr2/ros2_ws/src/install/transmission_interface/include/transmission_interface/four_bar_linkage_transmission_loader.hpp
[6.423s] -- Up-to-date: /home/mcr2/ros2_ws/src/install/transmission_interface/include/transmission_interface/transmission.hpp
[6.424s] -- Up-to-date: /home/mcr2/ros2_ws/src/install/transmission_interface/include/transmission_interface/visibility_control.h
[6.424s] -- Up-to-date: /home/mcr2/ros2_ws/src/install/transmission_interface/include/transmission_interface/four_bar_linkage_transmission.hpp
[6.425s] -- Up-to-date: /home/mcr2/ros2_ws/src/install/transmission_interface/include/transmission_interface/simple_transmission_loader.hpp
[6.425s] -- Up-to-date: /home/mcr2/ros2_ws/src/install/transmission_interface/include/transmission_interface/transmission_loader.hpp
[6.425s] -- Up-to-date: /home/mcr2/ros2_ws/src/install/transmission_interface/include/transmission_interface/accessor.hpp
[6.426s] -- Up-to-date: /home/mcr2/ros2_ws/src/install/transmission_interface/include/transmission_interface/exception.hpp
[6.427s] -- Up-to-date: /home/mcr2/ros2_ws/src/install/transmission_interface/include/transmission_interface/handle.hpp
[6.427s] -- Up-to-date: /home/mcr2/ros2_ws/src/install/transmission_interface/include/transmission_interface/simple_transmission.hpp
[6.428s] -- Up-to-date: /home/mcr2/ros2_ws/src/install/transmission_interface/include/transmission_interface/transmission_interface_exception.hpp
[6.428s] -- Up-to-date: /home/mcr2/ros2_ws/src/install/transmission_interface/include/transmission_interface/differential_transmission_loader.hpp
[6.428s] -- Up-to-date: /home/mcr2/ros2_ws/src/install/transmission_interface/share/transmission_interface/ros2_control_plugins.xml
[6.439s] -- Up-to-date: /home/mcr2/ros2_ws/src/install/transmission_interface/lib/libtransmission_interface.so
[6.440s] -- Up-to-date: /home/mcr2/ros2_ws/src/install/transmission_interface/share/transmission_interface/environment/library_path.sh
[6.452s] -- Up-to-date: /home/mcr2/ros2_ws/src/install/transmission_interface/share/transmission_interface/environment/library_path.dsv
[6.452s] -- Up-to-date: /home/mcr2/ros2_ws/src/install/transmission_interface/share/ament_index/resource_index/package_run_dependencies/transmission_interface
[6.453s] -- Up-to-date: /home/mcr2/ros2_ws/src/install/transmission_interface/share/ament_index/resource_index/parent_prefix_path/transmission_interface
[6.453s] -- Up-to-date: /home/mcr2/ros2_ws/src/install/transmission_interface/share/transmission_interface/environment/ament_prefix_path.sh
[6.453s] -- Up-to-date: /home/mcr2/ros2_ws/src/install/transmission_interface/share/transmission_interface/environment/ament_prefix_path.dsv
[6.453s] -- Up-to-date: /home/mcr2/ros2_ws/src/install/transmission_interface/share/transmission_interface/environment/path.sh
[6.453s] -- Up-to-date: /home/mcr2/ros2_ws/src/install/transmission_interface/share/transmission_interface/environment/path.dsv
[6.454s] -- Up-to-date: /home/mcr2/ros2_ws/src/install/transmission_interface/share/transmission_interface/local_setup.bash
[6.454s] -- Up-to-date: /home/mcr2/ros2_ws/src/install/transmission_interface/share/transmission_interface/local_setup.sh
[6.454s] -- Up-to-date: /home/mcr2/ros2_ws/src/install/transmission_interface/share/transmission_interface/local_setup.zsh
[6.454s] -- Up-to-date: /home/mcr2/ros2_ws/src/install/transmission_interface/share/transmission_interface/local_setup.dsv
[6.472s] -- Installing: /home/mcr2/ros2_ws/src/install/transmission_interface/share/transmission_interface/package.dsv
[6.475s] -- Up-to-date: /home/mcr2/ros2_ws/src/install/transmission_interface/share/ament_index/resource_index/packages/transmission_interface
[6.476s] -- Up-to-date: /home/mcr2/ros2_ws/src/install/transmission_interface/share/ament_index/resource_index/transmission_interface__pluginlib__plugin/transmission_interface
[6.478s] -- Up-to-date: /home/mcr2/ros2_ws/src/install/transmission_interface/share/transmission_interface/cmake/ament_cmake_export_include_directories-extras.cmake
[6.479s] -- Up-to-date: /home/mcr2/ros2_ws/src/install/transmission_interface/share/transmission_interface/cmake/ament_cmake_export_dependencies-extras.cmake
[6.479s] -- Up-to-date: /home/mcr2/ros2_ws/src/install/transmission_interface/share/transmission_interface/cmake/ament_cmake_export_libraries-extras.cmake
[6.479s] -- Up-to-date: /home/mcr2/ros2_ws/src/install/transmission_interface/share/transmission_interface/cmake/transmission_interfaceConfig.cmake
[6.480s] -- Up-to-date: /home/mcr2/ros2_ws/src/install/transmission_interface/share/transmission_interface/cmake/transmission_interfaceConfig-version.cmake
[6.491s] -- Up-to-date: /home/mcr2/ros2_ws/src/install/transmission_interface/share/transmission_interface/package.xml
[6.517s] Invoked command in '/home/mcr2/ros2_ws/src/build/transmission_interface' returned '0': AMENT_PREFIX_PATH=/home/mcr2/ros2_ws/src/install/hardware_interface:/home/mcr2/ros2_ws/src/install/control_msgs:${AMENT_PREFIX_PATH} CMAKE_PREFIX_PATH=/home/mcr2/ros2_ws/src/install/hardware_interface:/home/mcr2/ros2_ws/src/install/control_msgs:/home/mcr2/ros2_utilities_ws/install/ros_ign_interfaces:/home/mcr2/ros2_utilities_ws/install/ros_ign:/home/mcr2/ros2_utilities_ws/install/ros_ign_image:/home/mcr2/ros2_utilities_ws/install/ros_ign_gazebo_demos:/home/mcr2/ros2_utilities_ws/install/ros_ign_gazebo:/home/mcr2/ros2_utilities_ws/install/ros_ign_bridge:/home/mcr2/ros2_utilities_ws/install/ros_gz:/home/mcr2/ros2_utilities_ws/install/ros_gz_sim_demos:/home/mcr2/ros2_utilities_ws/install/ros_gz_sim:/home/mcr2/ros2_utilities_ws/install/ros_gz_image:/home/mcr2/ros2_utilities_ws/install/ros_gz_bridge:/home/mcr2/ros2_utilities_ws/install/ros_gz_interfaces:/home/mcr2/ros2_utilities_ws/install/micro_ros_setup:/home/mcr2/ros2_utilities_ws/install/micro_ros_agent:/home/mcr2/ros2_utilities_ws/install/micro_ros_msgs:/home/mcr2/ros2_utilities_ws/install/aruco_ros:/home/mcr2/ros2_utilities_ws/install/aruco_msgs:/home/mcr2/ros2_utilities_ws/install/aruco:/opt/ros/humble LD_LIBRARY_PATH=/home/mcr2/ros2_ws/src/install/hardware_interface/lib:/home/mcr2/ros2_ws/src/install/control_msgs/lib:${LD_LIBRARY_PATH} PYTHONPATH=/home/mcr2/ros2_ws/src/install/control_msgs/local/lib/python3.10/dist-packages:${PYTHONPATH} /usr/bin/cmake --install /home/mcr2/ros2_ws/src/build/transmission_interface
