[0.683s] Invoking command in '/home/mcr2/ros2_ws/src/build/ros2_control_demo_description': CMAKE_PREFIX_PATH=${CMAKE_PREFIX_PATH}:/home/mcr2/ros2_ws/src/install/sphere_msgs:/home/mcr2/ros2_ws/src/install/signal_decomposition:/home/mcr2/ros2_ws/src/install/rqt_joint_trajectory_controller:/home/mcr2/ros2_ws/src/install/rqt_controller_manager:/home/mcr2/ros2_ws/src/install/ros2controlcli:/home/mcr2/ros2_ws/src/install/ros2_controllers_test_nodes:/home/mcr2/ros2_ws/src/install/courseworks:/home/mcr2/ros2_ws/src/install/basic_comms:/home/mcr2/ros2_ws/src/install/basic_comm_params:/opt/ros/humble /usr/bin/cmake --build /home/mcr2/ros2_ws/src/build/ros2_control_demo_description -- -j4 -l4
[1.144s] Invoked command in '/home/mcr2/ros2_ws/src/build/ros2_control_demo_description' returned '0': CMAKE_PREFIX_PATH=${CMAKE_PREFIX_PATH}:/home/mcr2/ros2_ws/src/install/sphere_msgs:/home/mcr2/ros2_ws/src/install/signal_decomposition:/home/mcr2/ros2_ws/src/install/rqt_joint_trajectory_controller:/home/mcr2/ros2_ws/src/install/rqt_controller_manager:/home/mcr2/ros2_ws/src/install/ros2controlcli:/home/mcr2/ros2_ws/src/install/ros2_controllers_test_nodes:/home/mcr2/ros2_ws/src/install/courseworks:/home/mcr2/ros2_ws/src/install/basic_comms:/home/mcr2/ros2_ws/src/install/basic_comm_params:/opt/ros/humble /usr/bin/cmake --build /home/mcr2/ros2_ws/src/build/ros2_control_demo_description -- -j4 -l4
[1.389s] Invoking command in '/home/mcr2/ros2_ws/src/build/ros2_control_demo_description': CMAKE_PREFIX_PATH=${CMAKE_PREFIX_PATH}:/home/mcr2/ros2_ws/src/install/sphere_msgs:/home/mcr2/ros2_ws/src/install/signal_decomposition:/home/mcr2/ros2_ws/src/install/rqt_joint_trajectory_controller:/home/mcr2/ros2_ws/src/install/rqt_controller_manager:/home/mcr2/ros2_ws/src/install/ros2controlcli:/home/mcr2/ros2_ws/src/install/ros2_controllers_test_nodes:/home/mcr2/ros2_ws/src/install/courseworks:/home/mcr2/ros2_ws/src/install/basic_comms:/home/mcr2/ros2_ws/src/install/basic_comm_params:/opt/ros/humble /usr/bin/cmake --install /home/mcr2/ros2_ws/src/build/ros2_control_demo_description
[1.436s] -- Install configuration: ""
[1.437s] -- Up-to-date: /home/mcr2/ros2_ws/src/install/ros2_control_demo_description/share/ros2_control_demo_description/rrbot/urdf
[1.437s] -- Up-to-date: /home/mcr2/ros2_ws/src/install/ros2_control_demo_description/share/ros2_control_demo_description/rrbot/urdf/rrbot.materials.xacro
[1.441s] -- Up-to-date: /home/mcr2/ros2_ws/src/install/ros2_control_demo_description/share/ros2_control_demo_description/rrbot/urdf/rrbot_description.urdf.xacro
[1.442s] -- Up-to-date: /home/mcr2/ros2_ws/src/install/ros2_control_demo_description/share/ros2_control_demo_description/rrbot/rviz
[1.442s] -- Up-to-date: /home/mcr2/ros2_ws/src/install/ros2_control_demo_description/share/ros2_control_demo_description/rrbot/rviz/rrbot.rviz
[1.443s] -- Up-to-date: /home/mcr2/ros2_ws/src/install/ros2_control_demo_description/share/ros2_control_demo_description/diffbot/urdf
[1.443s] -- Up-to-date: /home/mcr2/ros2_ws/src/install/ros2_control_demo_description/share/ros2_control_demo_description/diffbot/urdf/diffbot_description.urdf.xacro
[1.444s] -- Up-to-date: /home/mcr2/ros2_ws/src/install/ros2_control_demo_description/share/ros2_control_demo_description/diffbot/urdf/diffbot.materials.xacro
[1.444s] -- Up-to-date: /home/mcr2/ros2_ws/src/install/ros2_control_demo_description/share/ros2_control_demo_description/diffbot/rviz
[1.444s] -- Up-to-date: /home/mcr2/ros2_ws/src/install/ros2_control_demo_description/share/ros2_control_demo_description/diffbot/rviz/diffbot_view.rviz
[1.445s] -- Up-to-date: /home/mcr2/ros2_ws/src/install/ros2_control_demo_description/share/ros2_control_demo_description/diffbot/rviz/diffbot.rviz
[1.445s] -- Up-to-date: /home/mcr2/ros2_ws/src/install/ros2_control_demo_description/share/ros2_control_demo_description/carlikebot/urdf
[1.445s] -- Up-to-date: /home/mcr2/ros2_ws/src/install/ros2_control_demo_description/share/ros2_control_demo_description/carlikebot/urdf/carlikebot.materials.xacro
[1.445s] -- Up-to-date: /home/mcr2/ros2_ws/src/install/ros2_control_demo_description/share/ros2_control_demo_description/carlikebot/urdf/carlikebot_description.urdf.xacro
[1.445s] -- Up-to-date: /home/mcr2/ros2_ws/src/install/ros2_control_demo_description/share/ros2_control_demo_description/carlikebot/rviz
[1.446s] -- Up-to-date: /home/mcr2/ros2_ws/src/install/ros2_control_demo_description/share/ros2_control_demo_description/carlikebot/rviz/carlikebot_view.rviz
[1.446s] -- Up-to-date: /home/mcr2/ros2_ws/src/install/ros2_control_demo_description/share/ros2_control_demo_description/carlikebot/rviz/carlikebot.rviz
[1.446s] -- Up-to-date: /home/mcr2/ros2_ws/src/install/ros2_control_demo_description/share/ros2_control_demo_description/r6bot/meshes
[1.446s] -- Up-to-date: /home/mcr2/ros2_ws/src/install/ros2_control_demo_description/share/ros2_control_demo_description/r6bot/meshes/collision
[1.446s] -- Up-to-date: /home/mcr2/ros2_ws/src/install/ros2_control_demo_description/share/ros2_control_demo_description/r6bot/meshes/collision/link_3.stl
[1.446s] -- Up-to-date: /home/mcr2/ros2_ws/src/install/ros2_control_demo_description/share/ros2_control_demo_description/r6bot/meshes/collision/link_2.stl
[1.454s] -- Up-to-date: /home/mcr2/ros2_ws/src/install/ros2_control_demo_description/share/ros2_control_demo_description/r6bot/meshes/collision/link_6.stl
[1.455s] -- Up-to-date: /home/mcr2/ros2_ws/src/install/ros2_control_demo_description/share/ros2_control_demo_description/r6bot/meshes/collision/link_1.stl
[1.456s] -- Up-to-date: /home/mcr2/ros2_ws/src/install/ros2_control_demo_description/share/ros2_control_demo_description/r6bot/meshes/collision/link_4.stl
[1.458s] -- Up-to-date: /home/mcr2/ros2_ws/src/install/ros2_control_demo_description/share/ros2_control_demo_description/r6bot/meshes/collision/link_5.stl
[1.459s] -- Up-to-date: /home/mcr2/ros2_ws/src/install/ros2_control_demo_description/share/ros2_control_demo_description/r6bot/meshes/collision/link_0.stl
[1.459s] -- Up-to-date: /home/mcr2/ros2_ws/src/install/ros2_control_demo_description/share/ros2_control_demo_description/r6bot/meshes/visual
[1.460s] -- Up-to-date: /home/mcr2/ros2_ws/src/install/ros2_control_demo_description/share/ros2_control_demo_description/r6bot/meshes/visual/link_0.dae
[1.460s] -- Up-to-date: /home/mcr2/ros2_ws/src/install/ros2_control_demo_description/share/ros2_control_demo_description/r6bot/meshes/visual/link_4.dae
[1.461s] -- Up-to-date: /home/mcr2/ros2_ws/src/install/ros2_control_demo_description/share/ros2_control_demo_description/r6bot/meshes/visual/link_5.dae
[1.466s] -- Up-to-date: /home/mcr2/ros2_ws/src/install/ros2_control_demo_description/share/ros2_control_demo_description/r6bot/meshes/visual/link_2.dae
[1.469s] -- Up-to-date: /home/mcr2/ros2_ws/src/install/ros2_control_demo_description/share/ros2_control_demo_description/r6bot/meshes/visual/link_3.dae
[1.469s] -- Up-to-date: /home/mcr2/ros2_ws/src/install/ros2_control_demo_description/share/ros2_control_demo_description/r6bot/meshes/visual/link_6.dae
[1.470s] -- Up-to-date: /home/mcr2/ros2_ws/src/install/ros2_control_demo_description/share/ros2_control_demo_description/r6bot/meshes/visual/link_1.dae
[1.470s] -- Up-to-date: /home/mcr2/ros2_ws/src/install/ros2_control_demo_description/share/ros2_control_demo_description/r6bot/srdf
[1.470s] -- Up-to-date: /home/mcr2/ros2_ws/src/install/ros2_control_demo_description/share/ros2_control_demo_description/r6bot/srdf/r6bot.srdf
[1.471s] -- Up-to-date: /home/mcr2/ros2_ws/src/install/ros2_control_demo_description/share/ros2_control_demo_description/r6bot/urdf
[1.471s] -- Up-to-date: /home/mcr2/ros2_ws/src/install/ros2_control_demo_description/share/ros2_control_demo_description/r6bot/urdf/inc
[1.471s] -- Up-to-date: /home/mcr2/ros2_ws/src/install/ros2_control_demo_description/share/ros2_control_demo_description/r6bot/urdf/inc/create_link.xacro
[1.472s] -- Up-to-date: /home/mcr2/ros2_ws/src/install/ros2_control_demo_description/share/ros2_control_demo_description/r6bot/urdf/r6bot_description.urdf.xacro
[1.472s] -- Up-to-date: /home/mcr2/ros2_ws/src/install/ros2_control_demo_description/share/ros2_control_demo_description/r6bot/rviz
[1.472s] -- Up-to-date: /home/mcr2/ros2_ws/src/install/ros2_control_demo_description/share/ros2_control_demo_description/r6bot/rviz/view_robot.rviz
[1.473s] -- Up-to-date: /home/mcr2/ros2_ws/src/install/ros2_control_demo_description/share/ament_index/resource_index/package_run_dependencies/ros2_control_demo_description
[1.473s] -- Up-to-date: /home/mcr2/ros2_ws/src/install/ros2_control_demo_description/share/ament_index/resource_index/parent_prefix_path/ros2_control_demo_description
[1.473s] -- Up-to-date: /home/mcr2/ros2_ws/src/install/ros2_control_demo_description/share/ros2_control_demo_description/environment/ament_prefix_path.sh
[1.473s] -- Up-to-date: /home/mcr2/ros2_ws/src/install/ros2_control_demo_description/share/ros2_control_demo_description/environment/ament_prefix_path.dsv
[1.474s] -- Up-to-date: /home/mcr2/ros2_ws/src/install/ros2_control_demo_description/share/ros2_control_demo_description/environment/path.sh
[1.474s] -- Up-to-date: /home/mcr2/ros2_ws/src/install/ros2_control_demo_description/share/ros2_control_demo_description/environment/path.dsv
[1.474s] -- Up-to-date: /home/mcr2/ros2_ws/src/install/ros2_control_demo_description/share/ros2_control_demo_description/local_setup.bash
[1.474s] -- Up-to-date: /home/mcr2/ros2_ws/src/install/ros2_control_demo_description/share/ros2_control_demo_description/local_setup.sh
[1.475s] -- Up-to-date: /home/mcr2/ros2_ws/src/install/ros2_control_demo_description/share/ros2_control_demo_description/local_setup.zsh
[1.475s] -- Up-to-date: /home/mcr2/ros2_ws/src/install/ros2_control_demo_description/share/ros2_control_demo_description/local_setup.dsv
[1.475s] -- Installing: /home/mcr2/ros2_ws/src/install/ros2_control_demo_description/share/ros2_control_demo_description/package.dsv
[1.475s] -- Up-to-date: /home/mcr2/ros2_ws/src/install/ros2_control_demo_description/share/ament_index/resource_index/packages/ros2_control_demo_description
[1.475s] -- Up-to-date: /home/mcr2/ros2_ws/src/install/ros2_control_demo_description/share/ros2_control_demo_description/cmake/ros2_control_demo_descriptionConfig.cmake
[1.476s] -- Up-to-date: /home/mcr2/ros2_ws/src/install/ros2_control_demo_description/share/ros2_control_demo_description/cmake/ros2_control_demo_descriptionConfig-version.cmake
[1.476s] -- Up-to-date: /home/mcr2/ros2_ws/src/install/ros2_control_demo_description/share/ros2_control_demo_description/package.xml
[1.485s] Invoked command in '/home/mcr2/ros2_ws/src/build/ros2_control_demo_description' returned '0': CMAKE_PREFIX_PATH=${CMAKE_PREFIX_PATH}:/home/mcr2/ros2_ws/src/install/sphere_msgs:/home/mcr2/ros2_ws/src/install/signal_decomposition:/home/mcr2/ros2_ws/src/install/rqt_joint_trajectory_controller:/home/mcr2/ros2_ws/src/install/rqt_controller_manager:/home/mcr2/ros2_ws/src/install/ros2controlcli:/home/mcr2/ros2_ws/src/install/ros2_controllers_test_nodes:/home/mcr2/ros2_ws/src/install/courseworks:/home/mcr2/ros2_ws/src/install/basic_comms:/home/mcr2/ros2_ws/src/install/basic_comm_params:/opt/ros/humble /usr/bin/cmake --install /home/mcr2/ros2_ws/src/build/ros2_control_demo_description
