[0.514s] Invoking command in '/home/mcr2/ros2_ws/src/build/joint_limits': CMAKE_PREFIX_PATH=${CMAKE_PREFIX_PATH}:/home/mcr2/ros2_ws/src/install/sphere_msgs:/home/mcr2/ros2_ws/src/install/signal_decomposition:/home/mcr2/ros2_ws/src/install/rqt_joint_trajectory_controller:/home/mcr2/ros2_ws/src/install/rqt_controller_manager:/home/mcr2/ros2_ws/src/install/ros2controlcli:/home/mcr2/ros2_ws/src/install/ros2_controllers_test_nodes:/home/mcr2/ros2_ws/src/install/courseworks:/home/mcr2/ros2_ws/src/install/basic_comms:/home/mcr2/ros2_ws/src/install/basic_comm_params:/opt/ros/humble /usr/bin/cmake --build /home/mcr2/ros2_ws/src/build/joint_limits -- -j4 -l4
[1.052s] [ 33%] Built target gtest_main
[1.065s] [ 66%] Built target gtest
[1.266s] [100%] Built target joint_limits_rosparam_test
[1.515s] Invoked command in '/home/mcr2/ros2_ws/src/build/joint_limits' returned '0': CMAKE_PREFIX_PATH=${CMAKE_PREFIX_PATH}:/home/mcr2/ros2_ws/src/install/sphere_msgs:/home/mcr2/ros2_ws/src/install/signal_decomposition:/home/mcr2/ros2_ws/src/install/rqt_joint_trajectory_controller:/home/mcr2/ros2_ws/src/install/rqt_controller_manager:/home/mcr2/ros2_ws/src/install/ros2controlcli:/home/mcr2/ros2_ws/src/install/ros2_controllers_test_nodes:/home/mcr2/ros2_ws/src/install/courseworks:/home/mcr2/ros2_ws/src/install/basic_comms:/home/mcr2/ros2_ws/src/install/basic_comm_params:/opt/ros/humble /usr/bin/cmake --build /home/mcr2/ros2_ws/src/build/joint_limits -- -j4 -l4
[1.904s] Invoking command in '/home/mcr2/ros2_ws/src/build/joint_limits': CMAKE_PREFIX_PATH=${CMAKE_PREFIX_PATH}:/home/mcr2/ros2_ws/src/install/sphere_msgs:/home/mcr2/ros2_ws/src/install/signal_decomposition:/home/mcr2/ros2_ws/src/install/rqt_joint_trajectory_controller:/home/mcr2/ros2_ws/src/install/rqt_controller_manager:/home/mcr2/ros2_ws/src/install/ros2controlcli:/home/mcr2/ros2_ws/src/install/ros2_controllers_test_nodes:/home/mcr2/ros2_ws/src/install/courseworks:/home/mcr2/ros2_ws/src/install/basic_comms:/home/mcr2/ros2_ws/src/install/basic_comm_params:/opt/ros/humble /usr/bin/cmake --install /home/mcr2/ros2_ws/src/build/joint_limits
[2.142s] -- Install configuration: ""
[2.142s] -- Up-to-date: /home/mcr2/ros2_ws/src/install/joint_limits/include
[2.142s] -- Up-to-date: /home/mcr2/ros2_ws/src/install/joint_limits/include/joint_limits
[2.142s] -- Up-to-date: /home/mcr2/ros2_ws/src/install/joint_limits/include/joint_limits/joint_limits.hpp
[2.142s] -- Up-to-date: /home/mcr2/ros2_ws/src/install/joint_limits/include/joint_limits/joint_limits_rosparam.hpp
[2.142s] -- Up-to-date: /home/mcr2/ros2_ws/src/install/joint_limits/lib/joint_limits/joint_limits_rosparam_test
[2.143s] -- Up-to-date: /home/mcr2/ros2_ws/src/install/joint_limits/share/joint_limits/test/joint_limits_rosparam.yaml
[2.143s] -- Up-to-date: /home/mcr2/ros2_ws/src/install/joint_limits/share/ament_index/resource_index/package_run_dependencies/joint_limits
[2.143s] -- Up-to-date: /home/mcr2/ros2_ws/src/install/joint_limits/share/ament_index/resource_index/parent_prefix_path/joint_limits
[2.143s] -- Up-to-date: /home/mcr2/ros2_ws/src/install/joint_limits/share/joint_limits/environment/ament_prefix_path.sh
[2.144s] -- Up-to-date: /home/mcr2/ros2_ws/src/install/joint_limits/share/joint_limits/environment/ament_prefix_path.dsv
[2.151s] -- Up-to-date: /home/mcr2/ros2_ws/src/install/joint_limits/share/joint_limits/environment/path.sh
[2.188s] -- Up-to-date: /home/mcr2/ros2_ws/src/install/joint_limits/share/joint_limits/environment/path.dsv
[2.195s] -- Up-to-date: /home/mcr2/ros2_ws/src/install/joint_limits/share/joint_limits/local_setup.bash
[2.195s] -- Up-to-date: /home/mcr2/ros2_ws/src/install/joint_limits/share/joint_limits/local_setup.sh
[2.196s] -- Up-to-date: /home/mcr2/ros2_ws/src/install/joint_limits/share/joint_limits/local_setup.zsh
[2.196s] -- Up-to-date: /home/mcr2/ros2_ws/src/install/joint_limits/share/joint_limits/local_setup.dsv
[2.197s] -- Installing: /home/mcr2/ros2_ws/src/install/joint_limits/share/joint_limits/package.dsv
[2.198s] -- Up-to-date: /home/mcr2/ros2_ws/src/install/joint_limits/share/ament_index/resource_index/packages/joint_limits
[2.198s] -- Up-to-date: /home/mcr2/ros2_ws/src/install/joint_limits/share/joint_limits/cmake/ament_cmake_export_dependencies-extras.cmake
[2.198s] -- Up-to-date: /home/mcr2/ros2_ws/src/install/joint_limits/share/joint_limits/cmake/ament_cmake_export_include_directories-extras.cmake
[2.198s] -- Up-to-date: /home/mcr2/ros2_ws/src/install/joint_limits/share/joint_limits/cmake/joint_limitsConfig.cmake
[2.198s] -- Up-to-date: /home/mcr2/ros2_ws/src/install/joint_limits/share/joint_limits/cmake/joint_limitsConfig-version.cmake
[2.199s] -- Up-to-date: /home/mcr2/ros2_ws/src/install/joint_limits/share/joint_limits/package.xml
[2.773s] Invoked command in '/home/mcr2/ros2_ws/src/build/joint_limits' returned '0': CMAKE_PREFIX_PATH=${CMAKE_PREFIX_PATH}:/home/mcr2/ros2_ws/src/install/sphere_msgs:/home/mcr2/ros2_ws/src/install/signal_decomposition:/home/mcr2/ros2_ws/src/install/rqt_joint_trajectory_controller:/home/mcr2/ros2_ws/src/install/rqt_controller_manager:/home/mcr2/ros2_ws/src/install/ros2controlcli:/home/mcr2/ros2_ws/src/install/ros2_controllers_test_nodes:/home/mcr2/ros2_ws/src/install/courseworks:/home/mcr2/ros2_ws/src/install/basic_comms:/home/mcr2/ros2_ws/src/install/basic_comm_params:/opt/ros/humble /usr/bin/cmake --install /home/mcr2/ros2_ws/src/build/joint_limits
