[0.870s] Invoking command in '/home/mcr2/ros2_ws/src/build/controller_manager': AMENT_PREFIX_PATH=/home/mcr2/ros2_ws/src/install/hardware_interface_testing:/home/mcr2/ros2_ws/src/install/controller_interface:/home/mcr2/ros2_ws/src/install/hardware_interface:/home/mcr2/ros2_ws/src/install/ros2_control_test_assets:/home/mcr2/ros2_ws/src/install/realtime_tools:/home/mcr2/ros2_ws/src/install/controller_manager_msgs:/home/mcr2/ros2_ws/src/install/control_msgs:${AMENT_PREFIX_PATH} CMAKE_PREFIX_PATH=/home/mcr2/ros2_ws/src/install/hardware_interface_testing:/home/mcr2/ros2_ws/src/install/controller_interface:/home/mcr2/ros2_ws/src/install/hardware_interface:/home/mcr2/ros2_ws/src/install/ros2_control_test_assets:/home/mcr2/ros2_ws/src/install/realtime_tools:/home/mcr2/ros2_ws/src/install/controller_manager_msgs:/home/mcr2/ros2_ws/src/install/control_msgs:/home/mcr2/ros2_utilities_ws/install/ros_ign_interfaces:/home/mcr2/ros2_utilities_ws/install/ros_ign:/home/mcr2/ros2_utilities_ws/install/ros_ign_image:/home/mcr2/ros2_utilities_ws/install/ros_ign_gazebo_demos:/home/mcr2/ros2_utilities_ws/install/ros_ign_gazebo:/home/mcr2/ros2_utilities_ws/install/ros_ign_bridge:/home/mcr2/ros2_utilities_ws/install/ros_gz:/home/mcr2/ros2_utilities_ws/install/ros_gz_sim_demos:/home/mcr2/ros2_utilities_ws/install/ros_gz_sim:/home/mcr2/ros2_utilities_ws/install/ros_gz_image:/home/mcr2/ros2_utilities_ws/install/ros_gz_bridge:/home/mcr2/ros2_utilities_ws/install/ros_gz_interfaces:/home/mcr2/ros2_utilities_ws/install/micro_ros_setup:/home/mcr2/ros2_utilities_ws/install/micro_ros_agent:/home/mcr2/ros2_utilities_ws/install/micro_ros_msgs:/home/mcr2/ros2_utilities_ws/install/aruco_ros:/home/mcr2/ros2_utilities_ws/install/aruco_msgs:/home/mcr2/ros2_utilities_ws/install/aruco:/opt/ros/humble LD_LIBRARY_PATH=/home/mcr2/ros2_ws/src/install/hardware_interface_testing/lib:/home/mcr2/ros2_ws/src/install/controller_interface/lib:/home/mcr2/ros2_ws/src/install/hardware_interface/lib:/home/mcr2/ros2_ws/src/install/realtime_tools/lib:/home/mcr2/ros2_ws/src/install/controller_manager_msgs/lib:/home/mcr2/ros2_ws/src/install/control_msgs/lib:${LD_LIBRARY_PATH} PYTHONPATH=/home/mcr2/ros2_ws/src/install/controller_manager_msgs/local/lib/python3.10/dist-packages:/home/mcr2/ros2_ws/src/install/control_msgs/local/lib/python3.10/dist-packages:${PYTHONPATH} /usr/bin/cmake /home/mcr2/ros2_ws/src/ros-controls/ros2_control/controller_manager -DCMAKE_INSTALL_PREFIX=/home/mcr2/ros2_ws/src/install/controller_manager
[1.281s] -- The C compiler identification is GNU 11.4.0
[1.737s] -- The CXX compiler identification is GNU 11.4.0
[1.817s] -- Detecting C compiler ABI info
[2.296s] -- Detecting C compiler ABI info - done
[2.319s] -- Check for working C compiler: /usr/bin/cc - skipped
[2.321s] -- Detecting C compile features
[2.323s] -- Detecting C compile features - done
[2.337s] -- Detecting CXX compiler ABI info
[2.961s] -- Detecting CXX compiler ABI info - done
[2.979s] -- Check for working CXX compiler: /usr/bin/c++ - skipped
[2.981s] -- Detecting CXX compile features
[2.983s] -- Detecting CXX compile features - done
[3.155s] -- Found ament_cmake: 1.3.8 (/opt/ros/humble/share/ament_cmake/cmake)
[4.161s] -- Found Python3: /usr/bin/python3 (found version "3.10.12") found components: Interpreter 
[5.085s] -- Found backward_ros: 1.0.2 (/opt/ros/humble/share/backward_ros/cmake)
[5.237s] -- Found libdw: /usr/lib/x86_64-linux-gnu/libdw.so  
[5.276s] -- Could NOT find libbfd (missing: LIBBFD_LIBRARY LIBBFD_INCLUDE_DIR) 
[5.276s] -- BACKWARD_HAS_UNWIND=1
[5.276s] -- BACKWARD_HAS_BACKTRACE=0
[5.277s] -- BACKWARD_HAS_BACKTRACE_SYMBOL=0
[5.277s] -- BACKWARD_HAS_DW=1
[5.278s] -- BACKWARD_HAS_BFD=0
[5.278s] -- Found Backward: /opt/ros/humble/share/backward_ros/cmake  
[5.298s] -- Found ament_index_cpp: 1.4.0 (/opt/ros/humble/share/ament_index_cpp/cmake)
[5.324s] -- Found controller_interface: 2.40.0 (/home/mcr2/ros2_ws/src/install/controller_interface/share/controller_interface/cmake)
[5.853s] -- Found rosidl_generator_c: 3.1.5 (/opt/ros/humble/share/rosidl_generator_c/cmake)
[5.908s] -- Found rosidl_adapter: 3.1.5 (/opt/ros/humble/share/rosidl_adapter/cmake)
[5.976s] -- Found rosidl_generator_cpp: 3.1.5 (/opt/ros/humble/share/rosidl_generator_cpp/cmake)
[6.241s] -- Using all available rosidl_typesupport_c: rosidl_typesupport_fastrtps_c;rosidl_typesupport_introspection_c
[6.440s] -- Using all available rosidl_typesupport_cpp: rosidl_typesupport_fastrtps_cpp;rosidl_typesupport_introspection_cpp
[9.101s] -- Found rmw_implementation_cmake: 6.1.1 (/opt/ros/humble/share/rmw_implementation_cmake/cmake)
[9.122s] -- Found rmw_fastrtps_cpp: 6.2.6 (/opt/ros/humble/share/rmw_fastrtps_cpp/cmake)
[9.322s] -- Found TinyXML2 via Config file: TinyXML2_DIR-NOTFOUND
[9.581s] -- Found OpenSSL: /usr/lib/x86_64-linux-gnu/libcrypto.so (found version "3.0.2")  
[9.590s] -- Found TinyXML2 via Config file: TinyXML2_DIR-NOTFOUND
[9.620s] -- Found FastRTPS: /opt/ros/humble/include  
[9.660s] -- Found TinyXML2 via Config file: TinyXML2_DIR-NOTFOUND
[9.702s] -- Found TinyXML2 via Config file: TinyXML2_DIR-NOTFOUND
[9.728s] -- Using RMW implementation 'rmw_fastrtps_cpp' as default
[9.796s] -- Looking for pthread.h
[10.123s] -- Looking for pthread.h - found
[10.128s] -- Performing Test CMAKE_HAVE_LIBC_PTHREAD
[10.428s] -- Performing Test CMAKE_HAVE_LIBC_PTHREAD - Success
[10.429s] -- Found Threads: TRUE  
[11.028s] -- Found controller_manager_msgs: 2.40.0 (/home/mcr2/ros2_ws/src/install/controller_manager_msgs/share/controller_manager_msgs/cmake)
[11.117s] -- Found realtime_tools: 2.5.0 (/home/mcr2/ros2_ws/src/install/realtime_tools/share/realtime_tools/cmake)
[11.955s] -- Found ament_cmake_gmock: 1.3.8 (/opt/ros/humble/share/ament_cmake_gmock/cmake)
[11.971s] -- Found ros2_control_test_assets: 2.40.0 (/home/mcr2/ros2_ws/src/install/ros2_control_test_assets/share/ros2_control_test_assets/cmake)
[11.993s] -- Found gmock sources under '/opt/ros/humble/src/gmock_vendor': C++ tests using 'Google Mock' will be built
[12.023s] -- Found ament_cmake_gtest: 1.3.8 (/opt/ros/humble/share/ament_cmake_gtest/cmake)
[12.030s] -- Found gtest sources under '/opt/ros/humble/src/gtest_vendor': C++ tests using 'Google Test' will be built
[13.345s] -- Configuring done
[14.503s] -- Generating done
[14.515s] -- Build files have been written to: /home/mcr2/ros2_ws/src/build/controller_manager
[14.561s] Invoked command in '/home/mcr2/ros2_ws/src/build/controller_manager' returned '0': AMENT_PREFIX_PATH=/home/mcr2/ros2_ws/src/install/hardware_interface_testing:/home/mcr2/ros2_ws/src/install/controller_interface:/home/mcr2/ros2_ws/src/install/hardware_interface:/home/mcr2/ros2_ws/src/install/ros2_control_test_assets:/home/mcr2/ros2_ws/src/install/realtime_tools:/home/mcr2/ros2_ws/src/install/controller_manager_msgs:/home/mcr2/ros2_ws/src/install/control_msgs:${AMENT_PREFIX_PATH} CMAKE_PREFIX_PATH=/home/mcr2/ros2_ws/src/install/hardware_interface_testing:/home/mcr2/ros2_ws/src/install/controller_interface:/home/mcr2/ros2_ws/src/install/hardware_interface:/home/mcr2/ros2_ws/src/install/ros2_control_test_assets:/home/mcr2/ros2_ws/src/install/realtime_tools:/home/mcr2/ros2_ws/src/install/controller_manager_msgs:/home/mcr2/ros2_ws/src/install/control_msgs:/home/mcr2/ros2_utilities_ws/install/ros_ign_interfaces:/home/mcr2/ros2_utilities_ws/install/ros_ign:/home/mcr2/ros2_utilities_ws/install/ros_ign_image:/home/mcr2/ros2_utilities_ws/install/ros_ign_gazebo_demos:/home/mcr2/ros2_utilities_ws/install/ros_ign_gazebo:/home/mcr2/ros2_utilities_ws/install/ros_ign_bridge:/home/mcr2/ros2_utilities_ws/install/ros_gz:/home/mcr2/ros2_utilities_ws/install/ros_gz_sim_demos:/home/mcr2/ros2_utilities_ws/install/ros_gz_sim:/home/mcr2/ros2_utilities_ws/install/ros_gz_image:/home/mcr2/ros2_utilities_ws/install/ros_gz_bridge:/home/mcr2/ros2_utilities_ws/install/ros_gz_interfaces:/home/mcr2/ros2_utilities_ws/install/micro_ros_setup:/home/mcr2/ros2_utilities_ws/install/micro_ros_agent:/home/mcr2/ros2_utilities_ws/install/micro_ros_msgs:/home/mcr2/ros2_utilities_ws/install/aruco_ros:/home/mcr2/ros2_utilities_ws/install/aruco_msgs:/home/mcr2/ros2_utilities_ws/install/aruco:/opt/ros/humble LD_LIBRARY_PATH=/home/mcr2/ros2_ws/src/install/hardware_interface_testing/lib:/home/mcr2/ros2_ws/src/install/controller_interface/lib:/home/mcr2/ros2_ws/src/install/hardware_interface/lib:/home/mcr2/ros2_ws/src/install/realtime_tools/lib:/home/mcr2/ros2_ws/src/install/controller_manager_msgs/lib:/home/mcr2/ros2_ws/src/install/control_msgs/lib:${LD_LIBRARY_PATH} PYTHONPATH=/home/mcr2/ros2_ws/src/install/controller_manager_msgs/local/lib/python3.10/dist-packages:/home/mcr2/ros2_ws/src/install/control_msgs/local/lib/python3.10/dist-packages:${PYTHONPATH} /usr/bin/cmake /home/mcr2/ros2_ws/src/ros-controls/ros2_control/controller_manager -DCMAKE_INSTALL_PREFIX=/home/mcr2/ros2_ws/src/install/controller_manager
[14.565s] Invoking command in '/home/mcr2/ros2_ws/src/build/controller_manager': AMENT_PREFIX_PATH=/home/mcr2/ros2_ws/src/install/hardware_interface_testing:/home/mcr2/ros2_ws/src/install/controller_interface:/home/mcr2/ros2_ws/src/install/hardware_interface:/home/mcr2/ros2_ws/src/install/ros2_control_test_assets:/home/mcr2/ros2_ws/src/install/realtime_tools:/home/mcr2/ros2_ws/src/install/controller_manager_msgs:/home/mcr2/ros2_ws/src/install/control_msgs:${AMENT_PREFIX_PATH} CMAKE_PREFIX_PATH=/home/mcr2/ros2_ws/src/install/hardware_interface_testing:/home/mcr2/ros2_ws/src/install/controller_interface:/home/mcr2/ros2_ws/src/install/hardware_interface:/home/mcr2/ros2_ws/src/install/ros2_control_test_assets:/home/mcr2/ros2_ws/src/install/realtime_tools:/home/mcr2/ros2_ws/src/install/controller_manager_msgs:/home/mcr2/ros2_ws/src/install/control_msgs:/home/mcr2/ros2_utilities_ws/install/ros_ign_interfaces:/home/mcr2/ros2_utilities_ws/install/ros_ign:/home/mcr2/ros2_utilities_ws/install/ros_ign_image:/home/mcr2/ros2_utilities_ws/install/ros_ign_gazebo_demos:/home/mcr2/ros2_utilities_ws/install/ros_ign_gazebo:/home/mcr2/ros2_utilities_ws/install/ros_ign_bridge:/home/mcr2/ros2_utilities_ws/install/ros_gz:/home/mcr2/ros2_utilities_ws/install/ros_gz_sim_demos:/home/mcr2/ros2_utilities_ws/install/ros_gz_sim:/home/mcr2/ros2_utilities_ws/install/ros_gz_image:/home/mcr2/ros2_utilities_ws/install/ros_gz_bridge:/home/mcr2/ros2_utilities_ws/install/ros_gz_interfaces:/home/mcr2/ros2_utilities_ws/install/micro_ros_setup:/home/mcr2/ros2_utilities_ws/install/micro_ros_agent:/home/mcr2/ros2_utilities_ws/install/micro_ros_msgs:/home/mcr2/ros2_utilities_ws/install/aruco_ros:/home/mcr2/ros2_utilities_ws/install/aruco_msgs:/home/mcr2/ros2_utilities_ws/install/aruco:/opt/ros/humble LD_LIBRARY_PATH=/home/mcr2/ros2_ws/src/install/hardware_interface_testing/lib:/home/mcr2/ros2_ws/src/install/controller_interface/lib:/home/mcr2/ros2_ws/src/install/hardware_interface/lib:/home/mcr2/ros2_ws/src/install/realtime_tools/lib:/home/mcr2/ros2_ws/src/install/controller_manager_msgs/lib:/home/mcr2/ros2_ws/src/install/control_msgs/lib:${LD_LIBRARY_PATH} PYTHONPATH=/home/mcr2/ros2_ws/src/install/controller_manager_msgs/local/lib/python3.10/dist-packages:/home/mcr2/ros2_ws/src/install/control_msgs/local/lib/python3.10/dist-packages:${PYTHONPATH} /usr/bin/cmake --build /home/mcr2/ros2_ws/src/build/controller_manager -- -j4 -l4
[14.875s] [  2%] [32mBuilding CXX object CMakeFiles/controller_manager.dir/src/controller_manager.cpp.o[0m
[20.919s] [  2%] Built target ament_cmake_python_copy_controller_manager_setup
[21.006s] [  5%] [32mBuilding CXX object gmock/CMakeFiles/gmock.dir/opt/ros/humble/src/gtest_vendor/src/gtest-all.cc.o[0m
[30.219s] [  8%] [32mBuilding CXX object gmock/CMakeFiles/gmock.dir/src/gmock-all.cc.o[0m
[35.250s] [ 11%] [32m[1mLinking CXX static library libgmock.a[0m
[35.607s] [ 11%] Built target gmock
[35.731s] [ 11%] Built target ament_cmake_python_copy_controller_manager
[35.836s] [ 14%] [32mBuilding CXX object gmock/CMakeFiles/gmock_main.dir/src/gmock_main.cc.o[0m
[39.599s] [ 17%] [32m[1mLinking CXX static library libgmock_main.a[0m
[39.895s] [ 17%] Built target gmock_main
[41.335s] running install_scripts
[41.345s] /usr/lib/python3/dist-packages/setuptools/command/install.py:34: SetuptoolsDeprecationWarning: setup.py install is deprecated. Use build and pip and other standards-based tools.
[41.345s]   warnings.warn(
[41.428s] running egg_info
[41.429s] creating controller_manager.egg-info
[41.430s] writing controller_manager.egg-info/PKG-INFO
[41.431s] writing dependency_links to controller_manager.egg-info/dependency_links.txt
[41.431s] writing entry points to controller_manager.egg-info/entry_points.txt
[41.431s] writing top-level names to controller_manager.egg-info/top_level.txt
[41.432s] writing manifest file 'controller_manager.egg-info/SOURCES.txt'
[41.437s] reading manifest file 'controller_manager.egg-info/SOURCES.txt'
[41.438s] writing manifest file 'controller_manager.egg-info/SOURCES.txt'
[41.441s] Installing hardware_spawner script to scripts
[41.442s] Installing spawner script to scripts
[41.442s] Installing unspawner script to scripts
[41.526s] [ 17%] Built target ament_cmake_python_build_controller_manager_scripts
[42.306s] running egg_info
[42.308s] writing controller_manager.egg-info/PKG-INFO
[42.309s] writing dependency_links to controller_manager.egg-info/dependency_links.txt
[42.310s] writing entry points to controller_manager.egg-info/entry_points.txt
[42.310s] writing top-level names to controller_manager.egg-info/top_level.txt
[42.317s] reading manifest file 'controller_manager.egg-info/SOURCES.txt'
[42.318s] writing manifest file 'controller_manager.egg-info/SOURCES.txt'
[42.413s] [ 17%] Built target ament_cmake_python_build_controller_manager_egg
[62.567s] [ 20%] [32m[1mLinking CXX shared library libcontroller_manager.so[0m
[65.766s] [ 20%] Built target controller_manager
[65.876s] [ 22%] [32mBuilding CXX object CMakeFiles/test_controller.dir/test/test_controller/test_controller.cpp.o[0m
[65.897s] [ 25%] [32mBuilding CXX object CMakeFiles/test_chainable_controller.dir/test/test_chainable_controller/test_chainable_controller.cpp.o[0m
[65.898s] [ 28%] [32mBuilding CXX object CMakeFiles/test_controller_failed_init.dir/test/test_controller_failed_init/test_controller_failed_init.cpp.o[0m
[65.898s] [ 31%] [32mBuilding CXX object CMakeFiles/ros2_control_node.dir/src/ros2_control_node.cpp.o[0m
[82.367s] [ 34%] [32m[1mLinking CXX shared library libtest_controller.so[0m
[83.386s] [ 34%] Built target test_controller
[85.352s] [ 37%] [32m[1mLinking CXX shared library libtest_controller_failed_init.so[0m
[85.978s] [ 40%] [32m[1mLinking CXX executable ros2_control_node[0m
[86.134s] [ 40%] Built target test_controller_failed_init
[88.232s] [ 40%] Built target ros2_control_node
[95.452s] [ 42%] [32mBuilding CXX object CMakeFiles/test_spawner_unspawner.dir/test/test_spawner_unspawner.cpp.o[0m
[96.496s] [ 45%] [32mBuilding CXX object CMakeFiles/test_controller_with_interfaces.dir/test/test_controller_with_interfaces/test_controller_with_interfaces.cpp.o[0m
[97.651s] [ 48%] [32mBuilding CXX object CMakeFiles/test_controller_manager_urdf_passing.dir/test/test_controller_manager_urdf_passing.cpp.o[0m
[98.271s] [ 51%] [32m[1mLinking CXX shared library libtest_chainable_controller.so[0m
[101.558s] [ 51%] Built target test_chainable_controller
[111.962s] [ 54%] [32m[1mLinking CXX shared library libtest_controller_with_interfaces.so[0m
[112.554s] [ 54%] Built target test_controller_with_interfaces
[116.559s] [ 57%] [32m[1mLinking CXX executable test_spawner_unspawner[0m
[117.885s] [ 60%] [32m[1mLinking CXX executable test_controller_manager_urdf_passing[0m
[120.412s] [ 60%] Built target test_spawner_unspawner
[121.869s] [ 60%] Built target test_controller_manager_urdf_passing
[121.944s] [ 62%] [32mBuilding CXX object CMakeFiles/test_controller_manager_with_namespace.cpp.dir/test/test_controller_manager_with_namespace.cpp.o[0m
[126.036s] [ 65%] [32mBuilding CXX object CMakeFiles/test_load_controller.dir/test/test_load_controller.cpp.o[0m
[128.127s] [ 68%] [32mBuilding CXX object CMakeFiles/test_controller_manager.dir/test/test_controller_manager.cpp.o[0m
[130.250s] [ 71%] [32mBuilding CXX object CMakeFiles/test_hardware_management_srvs.dir/test/test_hardware_management_srvs.cpp.o[0m
[143.942s] [ 74%] [32m[1mLinking CXX executable test_controller_manager_with_namespace.cpp[0m
[148.673s] [ 74%] Built target test_controller_manager_with_namespace.cpp
[156.189s] [ 77%] [32m[1mLinking CXX executable test_load_controller[0m
[159.616s] [ 80%] [32m[1mLinking CXX executable test_controller_manager[0m
[160.233s] [ 80%] Built target test_load_controller
[161.235s] [ 82%] [32m[1mLinking CXX executable test_hardware_management_srvs[0m
[164.607s] [ 82%] Built target test_controller_manager
[166.101s] [ 82%] Built target test_hardware_management_srvs
[166.186s] [ 85%] [32mBuilding CXX object CMakeFiles/test_release_interfaces.dir/test/test_release_interfaces.cpp.o[0m
[179.694s] [ 88%] [32m[1mLinking CXX executable test_release_interfaces[0m
[182.383s] [ 88%] Built target test_release_interfaces
[182.472s] [ 91%] [32mBuilding CXX object CMakeFiles/test_controller_manager_srvs.dir/test/test_controller_manager_srvs.cpp.o[0m
[182.476s] [ 94%] [32mBuilding CXX object CMakeFiles/test_controllers_chaining_with_controller_manager.dir/test/test_controllers_chaining_with_controller_manager.cpp.o[0m
[206.982s] [ 97%] [32m[1mLinking CXX executable test_controllers_chaining_with_controller_manager[0m
[210.395s] [ 97%] Built target test_controllers_chaining_with_controller_manager
[218.013s] [100%] [32m[1mLinking CXX executable test_controller_manager_srvs[0m
[221.621s] [100%] Built target test_controller_manager_srvs
[221.656s] Invoked command in '/home/mcr2/ros2_ws/src/build/controller_manager' returned '0': AMENT_PREFIX_PATH=/home/mcr2/ros2_ws/src/install/hardware_interface_testing:/home/mcr2/ros2_ws/src/install/controller_interface:/home/mcr2/ros2_ws/src/install/hardware_interface:/home/mcr2/ros2_ws/src/install/ros2_control_test_assets:/home/mcr2/ros2_ws/src/install/realtime_tools:/home/mcr2/ros2_ws/src/install/controller_manager_msgs:/home/mcr2/ros2_ws/src/install/control_msgs:${AMENT_PREFIX_PATH} CMAKE_PREFIX_PATH=/home/mcr2/ros2_ws/src/install/hardware_interface_testing:/home/mcr2/ros2_ws/src/install/controller_interface:/home/mcr2/ros2_ws/src/install/hardware_interface:/home/mcr2/ros2_ws/src/install/ros2_control_test_assets:/home/mcr2/ros2_ws/src/install/realtime_tools:/home/mcr2/ros2_ws/src/install/controller_manager_msgs:/home/mcr2/ros2_ws/src/install/control_msgs:/home/mcr2/ros2_utilities_ws/install/ros_ign_interfaces:/home/mcr2/ros2_utilities_ws/install/ros_ign:/home/mcr2/ros2_utilities_ws/install/ros_ign_image:/home/mcr2/ros2_utilities_ws/install/ros_ign_gazebo_demos:/home/mcr2/ros2_utilities_ws/install/ros_ign_gazebo:/home/mcr2/ros2_utilities_ws/install/ros_ign_bridge:/home/mcr2/ros2_utilities_ws/install/ros_gz:/home/mcr2/ros2_utilities_ws/install/ros_gz_sim_demos:/home/mcr2/ros2_utilities_ws/install/ros_gz_sim:/home/mcr2/ros2_utilities_ws/install/ros_gz_image:/home/mcr2/ros2_utilities_ws/install/ros_gz_bridge:/home/mcr2/ros2_utilities_ws/install/ros_gz_interfaces:/home/mcr2/ros2_utilities_ws/install/micro_ros_setup:/home/mcr2/ros2_utilities_ws/install/micro_ros_agent:/home/mcr2/ros2_utilities_ws/install/micro_ros_msgs:/home/mcr2/ros2_utilities_ws/install/aruco_ros:/home/mcr2/ros2_utilities_ws/install/aruco_msgs:/home/mcr2/ros2_utilities_ws/install/aruco:/opt/ros/humble LD_LIBRARY_PATH=/home/mcr2/ros2_ws/src/install/hardware_interface_testing/lib:/home/mcr2/ros2_ws/src/install/controller_interface/lib:/home/mcr2/ros2_ws/src/install/hardware_interface/lib:/home/mcr2/ros2_ws/src/install/realtime_tools/lib:/home/mcr2/ros2_ws/src/install/controller_manager_msgs/lib:/home/mcr2/ros2_ws/src/install/control_msgs/lib:${LD_LIBRARY_PATH} PYTHONPATH=/home/mcr2/ros2_ws/src/install/controller_manager_msgs/local/lib/python3.10/dist-packages:/home/mcr2/ros2_ws/src/install/control_msgs/local/lib/python3.10/dist-packages:${PYTHONPATH} /usr/bin/cmake --build /home/mcr2/ros2_ws/src/build/controller_manager -- -j4 -l4
[221.950s] Invoking command in '/home/mcr2/ros2_ws/src/build/controller_manager': AMENT_PREFIX_PATH=/home/mcr2/ros2_ws/src/install/hardware_interface_testing:/home/mcr2/ros2_ws/src/install/controller_interface:/home/mcr2/ros2_ws/src/install/hardware_interface:/home/mcr2/ros2_ws/src/install/ros2_control_test_assets:/home/mcr2/ros2_ws/src/install/realtime_tools:/home/mcr2/ros2_ws/src/install/controller_manager_msgs:/home/mcr2/ros2_ws/src/install/control_msgs:${AMENT_PREFIX_PATH} CMAKE_PREFIX_PATH=/home/mcr2/ros2_ws/src/install/hardware_interface_testing:/home/mcr2/ros2_ws/src/install/controller_interface:/home/mcr2/ros2_ws/src/install/hardware_interface:/home/mcr2/ros2_ws/src/install/ros2_control_test_assets:/home/mcr2/ros2_ws/src/install/realtime_tools:/home/mcr2/ros2_ws/src/install/controller_manager_msgs:/home/mcr2/ros2_ws/src/install/control_msgs:/home/mcr2/ros2_utilities_ws/install/ros_ign_interfaces:/home/mcr2/ros2_utilities_ws/install/ros_ign:/home/mcr2/ros2_utilities_ws/install/ros_ign_image:/home/mcr2/ros2_utilities_ws/install/ros_ign_gazebo_demos:/home/mcr2/ros2_utilities_ws/install/ros_ign_gazebo:/home/mcr2/ros2_utilities_ws/install/ros_ign_bridge:/home/mcr2/ros2_utilities_ws/install/ros_gz:/home/mcr2/ros2_utilities_ws/install/ros_gz_sim_demos:/home/mcr2/ros2_utilities_ws/install/ros_gz_sim:/home/mcr2/ros2_utilities_ws/install/ros_gz_image:/home/mcr2/ros2_utilities_ws/install/ros_gz_bridge:/home/mcr2/ros2_utilities_ws/install/ros_gz_interfaces:/home/mcr2/ros2_utilities_ws/install/micro_ros_setup:/home/mcr2/ros2_utilities_ws/install/micro_ros_agent:/home/mcr2/ros2_utilities_ws/install/micro_ros_msgs:/home/mcr2/ros2_utilities_ws/install/aruco_ros:/home/mcr2/ros2_utilities_ws/install/aruco_msgs:/home/mcr2/ros2_utilities_ws/install/aruco:/opt/ros/humble LD_LIBRARY_PATH=/home/mcr2/ros2_ws/src/install/hardware_interface_testing/lib:/home/mcr2/ros2_ws/src/install/controller_interface/lib:/home/mcr2/ros2_ws/src/install/hardware_interface/lib:/home/mcr2/ros2_ws/src/install/realtime_tools/lib:/home/mcr2/ros2_ws/src/install/controller_manager_msgs/lib:/home/mcr2/ros2_ws/src/install/control_msgs/lib:${LD_LIBRARY_PATH} PYTHONPATH=/home/mcr2/ros2_ws/src/install/controller_manager_msgs/local/lib/python3.10/dist-packages:/home/mcr2/ros2_ws/src/install/control_msgs/local/lib/python3.10/dist-packages:${PYTHONPATH} /usr/bin/cmake --install /home/mcr2/ros2_ws/src/build/controller_manager
[221.982s] -- Install configuration: ""
[221.984s] -- Installing: /home/mcr2/ros2_ws/src/install/controller_manager/lib/libcontroller_manager.so
[222.035s] -- Set runtime path of "/home/mcr2/ros2_ws/src/install/controller_manager/lib/libcontroller_manager.so" to ""
[222.035s] -- Installing: /home/mcr2/ros2_ws/src/install/controller_manager/lib/controller_manager/ros2_control_node
[222.036s] -- Set runtime path of "/home/mcr2/ros2_ws/src/install/controller_manager/lib/controller_manager/ros2_control_node" to ""
[222.037s] -- Installing: /home/mcr2/ros2_ws/src/install/controller_manager/include
[222.037s] -- Installing: /home/mcr2/ros2_ws/src/install/controller_manager/include/controller_manager
[222.038s] -- Installing: /home/mcr2/ros2_ws/src/install/controller_manager/include/controller_manager/controller_spec.hpp
[222.038s] -- Installing: /home/mcr2/ros2_ws/src/install/controller_manager/include/controller_manager/visibility_control.h
[222.038s] -- Installing: /home/mcr2/ros2_ws/src/install/controller_manager/include/controller_manager/controller_manager.hpp
[222.039s] -- Installing: /home/mcr2/ros2_ws/src/install/controller_manager/share/controller_manager/test/test_controller/test_controller.xml
[222.040s] -- Installing: /home/mcr2/ros2_ws/src/install/controller_manager/lib/libtest_controller.so
[222.042s] -- Set runtime path of "/home/mcr2/ros2_ws/src/install/controller_manager/lib/libtest_controller.so" to ""
[222.042s] -- Installing: /home/mcr2/ros2_ws/src/install/controller_manager/share/controller_manager/test/test_controller_failed_init/test_controller_failed_init.xml
[222.044s] -- Installing: /home/mcr2/ros2_ws/src/install/controller_manager/lib/libtest_controller_failed_init.so
[222.045s] -- Set runtime path of "/home/mcr2/ros2_ws/src/install/controller_manager/lib/libtest_controller_failed_init.so" to ""
[222.046s] -- Installing: /home/mcr2/ros2_ws/src/install/controller_manager/share/controller_manager/test/test_chainable_controller/test_chainable_controller.xml
[222.047s] -- Installing: /home/mcr2/ros2_ws/src/install/controller_manager/lib/libtest_chainable_controller.so
[222.087s] -- Set runtime path of "/home/mcr2/ros2_ws/src/install/controller_manager/lib/libtest_chainable_controller.so" to ""
[222.089s] -- Installing: /home/mcr2/ros2_ws/src/install/controller_manager/share/controller_manager/test/test_controller_with_interfaces/test_controller_with_interfaces.xml
[222.091s] -- Installing: /home/mcr2/ros2_ws/src/install/controller_manager/lib/libtest_controller_with_interfaces.so
[222.093s] -- Set runtime path of "/home/mcr2/ros2_ws/src/install/controller_manager/lib/libtest_controller_with_interfaces.so" to ""
[222.093s] -- Installing: /home/mcr2/ros2_ws/src/install/controller_manager/share/controller_manager/environment/pythonpath.sh
[222.095s] -- Installing: /home/mcr2/ros2_ws/src/install/controller_manager/share/controller_manager/environment/pythonpath.dsv
[222.098s] -- Installing: /home/mcr2/ros2_ws/src/install/controller_manager/local/lib/python3.10/dist-packages/controller_manager-2.40.0-py3.10.egg-info
[222.099s] -- Installing: /home/mcr2/ros2_ws/src/install/controller_manager/local/lib/python3.10/dist-packages/controller_manager-2.40.0-py3.10.egg-info/PKG-INFO
[222.100s] -- Installing: /home/mcr2/ros2_ws/src/install/controller_manager/local/lib/python3.10/dist-packages/controller_manager-2.40.0-py3.10.egg-info/top_level.txt
[222.102s] -- Installing: /home/mcr2/ros2_ws/src/install/controller_manager/local/lib/python3.10/dist-packages/controller_manager-2.40.0-py3.10.egg-info/entry_points.txt
[222.103s] -- Installing: /home/mcr2/ros2_ws/src/install/controller_manager/local/lib/python3.10/dist-packages/controller_manager-2.40.0-py3.10.egg-info/SOURCES.txt
[222.105s] -- Installing: /home/mcr2/ros2_ws/src/install/controller_manager/local/lib/python3.10/dist-packages/controller_manager-2.40.0-py3.10.egg-info/dependency_links.txt
[222.107s] -- Up-to-date: /home/mcr2/ros2_ws/src/install/controller_manager/lib/controller_manager/
[222.107s] -- Installing: /home/mcr2/ros2_ws/src/install/controller_manager/lib/controller_manager//hardware_spawner
[222.109s] -- Installing: /home/mcr2/ros2_ws/src/install/controller_manager/lib/controller_manager//unspawner
[222.110s] -- Installing: /home/mcr2/ros2_ws/src/install/controller_manager/lib/controller_manager//spawner
[222.112s] -- Installing: /home/mcr2/ros2_ws/src/install/controller_manager/local/lib/python3.10/dist-packages/controller_manager
[222.113s] -- Installing: /home/mcr2/ros2_ws/src/install/controller_manager/local/lib/python3.10/dist-packages/controller_manager/controller_manager_services.py
[222.115s] -- Installing: /home/mcr2/ros2_ws/src/install/controller_manager/local/lib/python3.10/dist-packages/controller_manager/unspawner.py
[222.116s] -- Installing: /home/mcr2/ros2_ws/src/install/controller_manager/local/lib/python3.10/dist-packages/controller_manager/hardware_spawner.py
[222.118s] -- Installing: /home/mcr2/ros2_ws/src/install/controller_manager/local/lib/python3.10/dist-packages/controller_manager/spawner.py
[222.120s] -- Installing: /home/mcr2/ros2_ws/src/install/controller_manager/local/lib/python3.10/dist-packages/controller_manager/__init__.py
[222.121s] -- Installing: /home/mcr2/ros2_ws/src/install/controller_manager/local/lib/python3.10/dist-packages/controller_manager/launch_utils.py
[222.310s] Listing '/home/mcr2/ros2_ws/src/install/controller_manager/local/lib/python3.10/dist-packages/controller_manager'...
[222.310s] Compiling '/home/mcr2/ros2_ws/src/install/controller_manager/local/lib/python3.10/dist-packages/controller_manager/__init__.py'...
[222.310s] Compiling '/home/mcr2/ros2_ws/src/install/controller_manager/local/lib/python3.10/dist-packages/controller_manager/controller_manager_services.py'...
[222.310s] Compiling '/home/mcr2/ros2_ws/src/install/controller_manager/local/lib/python3.10/dist-packages/controller_manager/hardware_spawner.py'...
[222.310s] Compiling '/home/mcr2/ros2_ws/src/install/controller_manager/local/lib/python3.10/dist-packages/controller_manager/launch_utils.py'...
[222.310s] Compiling '/home/mcr2/ros2_ws/src/install/controller_manager/local/lib/python3.10/dist-packages/controller_manager/spawner.py'...
[222.311s] Compiling '/home/mcr2/ros2_ws/src/install/controller_manager/local/lib/python3.10/dist-packages/controller_manager/unspawner.py'...
[222.319s] -- Installing: /home/mcr2/ros2_ws/src/install/controller_manager/share/controller_manager/environment/library_path.sh
[222.320s] -- Installing: /home/mcr2/ros2_ws/src/install/controller_manager/share/controller_manager/environment/library_path.dsv
[222.321s] -- Installing: /home/mcr2/ros2_ws/src/install/controller_manager/share/ament_index/resource_index/package_run_dependencies/controller_manager
[222.322s] -- Installing: /home/mcr2/ros2_ws/src/install/controller_manager/share/ament_index/resource_index/parent_prefix_path/controller_manager
[222.326s] -- Installing: /home/mcr2/ros2_ws/src/install/controller_manager/share/controller_manager/environment/ament_prefix_path.sh
[222.327s] -- Installing: /home/mcr2/ros2_ws/src/install/controller_manager/share/controller_manager/environment/ament_prefix_path.dsv
[222.327s] -- Installing: /home/mcr2/ros2_ws/src/install/controller_manager/share/controller_manager/environment/path.sh
[222.328s] -- Installing: /home/mcr2/ros2_ws/src/install/controller_manager/share/controller_manager/environment/path.dsv
[222.329s] -- Installing: /home/mcr2/ros2_ws/src/install/controller_manager/share/controller_manager/local_setup.bash
[222.330s] -- Installing: /home/mcr2/ros2_ws/src/install/controller_manager/share/controller_manager/local_setup.sh
[222.332s] -- Installing: /home/mcr2/ros2_ws/src/install/controller_manager/share/controller_manager/local_setup.zsh
[222.332s] -- Installing: /home/mcr2/ros2_ws/src/install/controller_manager/share/controller_manager/local_setup.dsv
[222.333s] -- Installing: /home/mcr2/ros2_ws/src/install/controller_manager/share/controller_manager/package.dsv
[222.334s] -- Installing: /home/mcr2/ros2_ws/src/install/controller_manager/share/ament_index/resource_index/packages/controller_manager
[222.334s] -- Installing: /home/mcr2/ros2_ws/src/install/controller_manager/share/ament_index/resource_index/controller_interface__pluginlib__plugin/controller_manager
[222.336s] -- Installing: /home/mcr2/ros2_ws/src/install/controller_manager/share/controller_manager/cmake/ament_cmake_export_libraries-extras.cmake
[222.337s] -- Installing: /home/mcr2/ros2_ws/src/install/controller_manager/share/controller_manager/cmake/ament_cmake_export_include_directories-extras.cmake
[222.337s] -- Installing: /home/mcr2/ros2_ws/src/install/controller_manager/share/controller_manager/cmake/ament_cmake_export_dependencies-extras.cmake
[222.338s] -- Installing: /home/mcr2/ros2_ws/src/install/controller_manager/share/controller_manager/cmake/controller_managerConfig.cmake
[222.339s] -- Installing: /home/mcr2/ros2_ws/src/install/controller_manager/share/controller_manager/cmake/controller_managerConfig-version.cmake
[222.339s] -- Installing: /home/mcr2/ros2_ws/src/install/controller_manager/share/controller_manager/package.xml
[222.347s] Invoked command in '/home/mcr2/ros2_ws/src/build/controller_manager' returned '0': AMENT_PREFIX_PATH=/home/mcr2/ros2_ws/src/install/hardware_interface_testing:/home/mcr2/ros2_ws/src/install/controller_interface:/home/mcr2/ros2_ws/src/install/hardware_interface:/home/mcr2/ros2_ws/src/install/ros2_control_test_assets:/home/mcr2/ros2_ws/src/install/realtime_tools:/home/mcr2/ros2_ws/src/install/controller_manager_msgs:/home/mcr2/ros2_ws/src/install/control_msgs:${AMENT_PREFIX_PATH} CMAKE_PREFIX_PATH=/home/mcr2/ros2_ws/src/install/hardware_interface_testing:/home/mcr2/ros2_ws/src/install/controller_interface:/home/mcr2/ros2_ws/src/install/hardware_interface:/home/mcr2/ros2_ws/src/install/ros2_control_test_assets:/home/mcr2/ros2_ws/src/install/realtime_tools:/home/mcr2/ros2_ws/src/install/controller_manager_msgs:/home/mcr2/ros2_ws/src/install/control_msgs:/home/mcr2/ros2_utilities_ws/install/ros_ign_interfaces:/home/mcr2/ros2_utilities_ws/install/ros_ign:/home/mcr2/ros2_utilities_ws/install/ros_ign_image:/home/mcr2/ros2_utilities_ws/install/ros_ign_gazebo_demos:/home/mcr2/ros2_utilities_ws/install/ros_ign_gazebo:/home/mcr2/ros2_utilities_ws/install/ros_ign_bridge:/home/mcr2/ros2_utilities_ws/install/ros_gz:/home/mcr2/ros2_utilities_ws/install/ros_gz_sim_demos:/home/mcr2/ros2_utilities_ws/install/ros_gz_sim:/home/mcr2/ros2_utilities_ws/install/ros_gz_image:/home/mcr2/ros2_utilities_ws/install/ros_gz_bridge:/home/mcr2/ros2_utilities_ws/install/ros_gz_interfaces:/home/mcr2/ros2_utilities_ws/install/micro_ros_setup:/home/mcr2/ros2_utilities_ws/install/micro_ros_agent:/home/mcr2/ros2_utilities_ws/install/micro_ros_msgs:/home/mcr2/ros2_utilities_ws/install/aruco_ros:/home/mcr2/ros2_utilities_ws/install/aruco_msgs:/home/mcr2/ros2_utilities_ws/install/aruco:/opt/ros/humble LD_LIBRARY_PATH=/home/mcr2/ros2_ws/src/install/hardware_interface_testing/lib:/home/mcr2/ros2_ws/src/install/controller_interface/lib:/home/mcr2/ros2_ws/src/install/hardware_interface/lib:/home/mcr2/ros2_ws/src/install/realtime_tools/lib:/home/mcr2/ros2_ws/src/install/controller_manager_msgs/lib:/home/mcr2/ros2_ws/src/install/control_msgs/lib:${LD_LIBRARY_PATH} PYTHONPATH=/home/mcr2/ros2_ws/src/install/controller_manager_msgs/local/lib/python3.10/dist-packages:/home/mcr2/ros2_ws/src/install/control_msgs/local/lib/python3.10/dist-packages:${PYTHONPATH} /usr/bin/cmake --install /home/mcr2/ros2_ws/src/build/controller_manager
