[1.596s] Invoking command in '/home/mcr2/ros2_ws/src/build/kinematics_interface': CMAKE_PREFIX_PATH=${CMAKE_PREFIX_PATH}:/home/mcr2/ros2_ws/src/install/sphere_msgs:/home/mcr2/ros2_ws/src/install/signal_decomposition:/home/mcr2/ros2_ws/src/install/rqt_joint_trajectory_controller:/home/mcr2/ros2_ws/src/install/rqt_controller_manager:/home/mcr2/ros2_ws/src/install/ros2controlcli:/home/mcr2/ros2_ws/src/install/ros2_controllers_test_nodes:/home/mcr2/ros2_ws/src/install/courseworks:/home/mcr2/ros2_ws/src/install/basic_comms:/home/mcr2/ros2_ws/src/install/basic_comm_params:/opt/ros/humble /usr/bin/cmake --build /home/mcr2/ros2_ws/src/build/kinematics_interface -- -j4 -l4
[2.047s] [100%] Built target kinematics_interface
[2.140s] Invoked command in '/home/mcr2/ros2_ws/src/build/kinematics_interface' returned '0': CMAKE_PREFIX_PATH=${CMAKE_PREFIX_PATH}:/home/mcr2/ros2_ws/src/install/sphere_msgs:/home/mcr2/ros2_ws/src/install/signal_decomposition:/home/mcr2/ros2_ws/src/install/rqt_joint_trajectory_controller:/home/mcr2/ros2_ws/src/install/rqt_controller_manager:/home/mcr2/ros2_ws/src/install/ros2controlcli:/home/mcr2/ros2_ws/src/install/ros2_controllers_test_nodes:/home/mcr2/ros2_ws/src/install/courseworks:/home/mcr2/ros2_ws/src/install/basic_comms:/home/mcr2/ros2_ws/src/install/basic_comm_params:/opt/ros/humble /usr/bin/cmake --build /home/mcr2/ros2_ws/src/build/kinematics_interface -- -j4 -l4
[2.566s] Invoking command in '/home/mcr2/ros2_ws/src/build/kinematics_interface': CMAKE_PREFIX_PATH=${CMAKE_PREFIX_PATH}:/home/mcr2/ros2_ws/src/install/sphere_msgs:/home/mcr2/ros2_ws/src/install/signal_decomposition:/home/mcr2/ros2_ws/src/install/rqt_joint_trajectory_controller:/home/mcr2/ros2_ws/src/install/rqt_controller_manager:/home/mcr2/ros2_ws/src/install/ros2controlcli:/home/mcr2/ros2_ws/src/install/ros2_controllers_test_nodes:/home/mcr2/ros2_ws/src/install/courseworks:/home/mcr2/ros2_ws/src/install/basic_comms:/home/mcr2/ros2_ws/src/install/basic_comm_params:/opt/ros/humble /usr/bin/cmake --install /home/mcr2/ros2_ws/src/build/kinematics_interface
[2.639s] -- Install configuration: ""
[2.639s] -- Up-to-date: /home/mcr2/ros2_ws/src/install/kinematics_interface/include/kinematics_interface
[2.639s] -- Up-to-date: /home/mcr2/ros2_ws/src/install/kinematics_interface/include/kinematics_interface/kinematics_interface
[2.640s] -- Up-to-date: /home/mcr2/ros2_ws/src/install/kinematics_interface/include/kinematics_interface/kinematics_interface/visibility_control.h
[2.640s] -- Up-to-date: /home/mcr2/ros2_ws/src/install/kinematics_interface/include/kinematics_interface/kinematics_interface/kinematics_interface.hpp
[2.640s] -- Up-to-date: /home/mcr2/ros2_ws/src/install/kinematics_interface/lib/libkinematics_interface.so
[2.640s] -- Up-to-date: /home/mcr2/ros2_ws/src/install/kinematics_interface/share/kinematics_interface/environment/library_path.sh
[2.666s] -- Up-to-date: /home/mcr2/ros2_ws/src/install/kinematics_interface/share/kinematics_interface/environment/library_path.dsv
[2.668s] -- Up-to-date: /home/mcr2/ros2_ws/src/install/kinematics_interface/share/ament_index/resource_index/package_run_dependencies/kinematics_interface
[2.668s] -- Up-to-date: /home/mcr2/ros2_ws/src/install/kinematics_interface/share/ament_index/resource_index/parent_prefix_path/kinematics_interface
[2.669s] -- Up-to-date: /home/mcr2/ros2_ws/src/install/kinematics_interface/share/kinematics_interface/environment/ament_prefix_path.sh
[2.669s] -- Up-to-date: /home/mcr2/ros2_ws/src/install/kinematics_interface/share/kinematics_interface/environment/ament_prefix_path.dsv
[2.669s] -- Up-to-date: /home/mcr2/ros2_ws/src/install/kinematics_interface/share/kinematics_interface/environment/path.sh
[2.669s] -- Up-to-date: /home/mcr2/ros2_ws/src/install/kinematics_interface/share/kinematics_interface/environment/path.dsv
[2.670s] -- Up-to-date: /home/mcr2/ros2_ws/src/install/kinematics_interface/share/kinematics_interface/local_setup.bash
[2.670s] -- Up-to-date: /home/mcr2/ros2_ws/src/install/kinematics_interface/share/kinematics_interface/local_setup.sh
[2.670s] -- Up-to-date: /home/mcr2/ros2_ws/src/install/kinematics_interface/share/kinematics_interface/local_setup.zsh
[2.671s] -- Up-to-date: /home/mcr2/ros2_ws/src/install/kinematics_interface/share/kinematics_interface/local_setup.dsv
[2.671s] -- Installing: /home/mcr2/ros2_ws/src/install/kinematics_interface/share/kinematics_interface/package.dsv
[2.820s] -- Up-to-date: /home/mcr2/ros2_ws/src/install/kinematics_interface/share/ament_index/resource_index/packages/kinematics_interface
[2.837s] -- Up-to-date: /home/mcr2/ros2_ws/src/install/kinematics_interface/share/kinematics_interface/cmake/export_kinematics_interfaceExport.cmake
[2.837s] -- Up-to-date: /home/mcr2/ros2_ws/src/install/kinematics_interface/share/kinematics_interface/cmake/export_kinematics_interfaceExport-noconfig.cmake
[2.837s] -- Up-to-date: /home/mcr2/ros2_ws/src/install/kinematics_interface/share/kinematics_interface/cmake/ament_cmake_export_targets-extras.cmake
[2.837s] -- Up-to-date: /home/mcr2/ros2_ws/src/install/kinematics_interface/share/kinematics_interface/cmake/ament_cmake_export_dependencies-extras.cmake
[2.838s] -- Up-to-date: /home/mcr2/ros2_ws/src/install/kinematics_interface/share/kinematics_interface/cmake/kinematics_interfaceConfig.cmake
[2.838s] -- Up-to-date: /home/mcr2/ros2_ws/src/install/kinematics_interface/share/kinematics_interface/cmake/kinematics_interfaceConfig-version.cmake
[2.838s] -- Up-to-date: /home/mcr2/ros2_ws/src/install/kinematics_interface/share/kinematics_interface/package.xml
[2.946s] Invoked command in '/home/mcr2/ros2_ws/src/build/kinematics_interface' returned '0': CMAKE_PREFIX_PATH=${CMAKE_PREFIX_PATH}:/home/mcr2/ros2_ws/src/install/sphere_msgs:/home/mcr2/ros2_ws/src/install/signal_decomposition:/home/mcr2/ros2_ws/src/install/rqt_joint_trajectory_controller:/home/mcr2/ros2_ws/src/install/rqt_controller_manager:/home/mcr2/ros2_ws/src/install/ros2controlcli:/home/mcr2/ros2_ws/src/install/ros2_controllers_test_nodes:/home/mcr2/ros2_ws/src/install/courseworks:/home/mcr2/ros2_ws/src/install/basic_comms:/home/mcr2/ros2_ws/src/install/basic_comm_params:/opt/ros/humble /usr/bin/cmake --install /home/mcr2/ros2_ws/src/build/kinematics_interface
