[0.741s] Invoking command in '/home/mcr2/ros2_ws/src/build/ros2_control_demo_example_7': AMENT_PREFIX_PATH=/home/mcr2/ros2_ws/src/install/ros2controlcli:/home/mcr2/ros2_ws/src/install/joint_state_broadcaster:/home/mcr2/ros2_ws/src/install/controller_manager:/home/mcr2/ros2_ws/src/install/controller_interface:/home/mcr2/ros2_ws/src/install/hardware_interface:/home/mcr2/ros2_ws/src/install/ros2_control_test_assets:/home/mcr2/ros2_ws/src/install/ros2_control_demo_description:/home/mcr2/ros2_ws/src/install/realtime_tools:/home/mcr2/ros2_ws/src/install/controller_manager_msgs:/home/mcr2/ros2_ws/src/install/control_msgs:${AMENT_PREFIX_PATH} CMAKE_PREFIX_PATH=/home/mcr2/ros2_ws/src/install/joint_state_broadcaster:/home/mcr2/ros2_ws/src/install/controller_manager:/home/mcr2/ros2_ws/src/install/controller_interface:/home/mcr2/ros2_ws/src/install/hardware_interface:/home/mcr2/ros2_ws/src/install/ros2_control_test_assets:/home/mcr2/ros2_ws/src/install/ros2_control_demo_description:/home/mcr2/ros2_ws/src/install/realtime_tools:/home/mcr2/ros2_ws/src/install/controller_manager_msgs:/home/mcr2/ros2_ws/src/install/control_msgs:/home/mcr2/ros2_utilities_ws/install/ros_ign_interfaces:/home/mcr2/ros2_utilities_ws/install/ros_ign:/home/mcr2/ros2_utilities_ws/install/ros_ign_image:/home/mcr2/ros2_utilities_ws/install/ros_ign_gazebo_demos:/home/mcr2/ros2_utilities_ws/install/ros_ign_gazebo:/home/mcr2/ros2_utilities_ws/install/ros_ign_bridge:/home/mcr2/ros2_utilities_ws/install/ros_gz:/home/mcr2/ros2_utilities_ws/install/ros_gz_sim_demos:/home/mcr2/ros2_utilities_ws/install/ros_gz_sim:/home/mcr2/ros2_utilities_ws/install/ros_gz_image:/home/mcr2/ros2_utilities_ws/install/ros_gz_bridge:/home/mcr2/ros2_utilities_ws/install/ros_gz_interfaces:/home/mcr2/ros2_utilities_ws/install/micro_ros_setup:/home/mcr2/ros2_utilities_ws/install/micro_ros_agent:/home/mcr2/ros2_utilities_ws/install/micro_ros_msgs:/home/mcr2/ros2_utilities_ws/install/aruco_ros:/home/mcr2/ros2_utilities_ws/install/aruco_msgs:/home/mcr2/ros2_utilities_ws/install/aruco:/opt/ros/humble LD_LIBRARY_PATH=/home/mcr2/ros2_ws/src/install/joint_state_broadcaster/lib:/home/mcr2/ros2_ws/src/install/controller_manager/lib:/home/mcr2/ros2_ws/src/install/controller_interface/lib:/home/mcr2/ros2_ws/src/install/hardware_interface/lib:/home/mcr2/ros2_ws/src/install/realtime_tools/lib:/home/mcr2/ros2_ws/src/install/controller_manager_msgs/lib:/home/mcr2/ros2_ws/src/install/control_msgs/lib:${LD_LIBRARY_PATH} PYTHONPATH=/home/mcr2/ros2_ws/src/install/ros2controlcli/lib/python3.10/site-packages:/home/mcr2/ros2_ws/src/install/controller_manager/local/lib/python3.10/dist-packages:/home/mcr2/ros2_ws/src/install/controller_manager_msgs/local/lib/python3.10/dist-packages:/home/mcr2/ros2_ws/src/install/control_msgs/local/lib/python3.10/dist-packages:${PYTHONPATH} /usr/bin/cmake /home/mcr2/ros2_ws/src/ros-controls/ros2_control_demos/example_7 -DCMAKE_INSTALL_PREFIX=/home/mcr2/ros2_ws/src/install/ros2_control_demo_example_7
[1.083s] -- The CXX compiler identification is GNU 11.4.0
[1.145s] -- Detecting CXX compiler ABI info
[1.626s] -- Detecting CXX compiler ABI info - done
[1.650s] -- Check for working CXX compiler: /usr/bin/c++ - skipped
[1.651s] -- Detecting CXX compile features
[1.652s] -- Detecting CXX compile features - done
[1.673s] -- Found ament_cmake: 1.3.8 (/opt/ros/humble/share/ament_cmake/cmake)
[2.527s] -- Found Python3: /usr/bin/python3 (found version "3.10.12") found components: Interpreter 
[3.204s] -- Found pluginlib: 5.1.0 (/opt/ros/humble/share/pluginlib/cmake)
[3.548s] -- Found hardware_interface: 2.40.0 (/home/mcr2/ros2_ws/src/install/hardware_interface/share/hardware_interface/cmake)
[3.877s] -- Found rosidl_generator_c: 3.1.5 (/opt/ros/humble/share/rosidl_generator_c/cmake)
[3.947s] -- Found rosidl_adapter: 3.1.5 (/opt/ros/humble/share/rosidl_adapter/cmake)
[4.006s] -- Found rosidl_generator_cpp: 3.1.5 (/opt/ros/humble/share/rosidl_generator_cpp/cmake)
[4.104s] -- Using all available rosidl_typesupport_c: rosidl_typesupport_fastrtps_c;rosidl_typesupport_introspection_c
[4.208s] -- Using all available rosidl_typesupport_cpp: rosidl_typesupport_fastrtps_cpp;rosidl_typesupport_introspection_cpp
[6.959s] -- Found rmw_implementation_cmake: 6.1.1 (/opt/ros/humble/share/rmw_implementation_cmake/cmake)
[6.990s] -- Found rmw_fastrtps_cpp: 6.2.6 (/opt/ros/humble/share/rmw_fastrtps_cpp/cmake)
[7.189s] -- Found TinyXML2 via Config file: TinyXML2_DIR-NOTFOUND
[7.489s] -- Found OpenSSL: /usr/lib/x86_64-linux-gnu/libcrypto.so (found version "3.0.2")  
[7.504s] -- Found TinyXML2 via Config file: TinyXML2_DIR-NOTFOUND
[7.569s] -- Found FastRTPS: /opt/ros/humble/include  
[7.617s] -- Found TinyXML2 via Config file: TinyXML2_DIR-NOTFOUND
[7.655s] -- Found TinyXML2 via Config file: TinyXML2_DIR-NOTFOUND
[7.701s] -- Using RMW implementation 'rmw_fastrtps_cpp' as default
[7.772s] -- Looking for C++ include pthread.h
[8.203s] -- Looking for C++ include pthread.h - found
[8.204s] -- Performing Test CMAKE_HAVE_LIBC_PTHREAD
[8.688s] -- Performing Test CMAKE_HAVE_LIBC_PTHREAD - Success
[8.698s] -- Found Threads: TRUE  
[9.395s] -- Found kdl_parser: 2.6.4 (/opt/ros/humble/share/kdl_parser/cmake)
[9.521s] -- Found eigen3_cmake_module: 0.1.1 (/opt/ros/humble/share/eigen3_cmake_module/cmake)
[9.524s] -- Found Eigen3: TRUE (found version "3.4.0") 
[9.525s] -- Ensuring Eigen3 include directory is part of orocos-kdl CMake target
[9.552s] -- Found controller_interface: 2.40.0 (/home/mcr2/ros2_ws/src/install/controller_interface/share/controller_interface/cmake)
[9.957s] -- Found realtime_tools: 2.5.0 (/home/mcr2/ros2_ws/src/install/realtime_tools/share/realtime_tools/cmake)
[11.181s] -- Found ament_cmake_pytest: 1.3.8 (/opt/ros/humble/share/ament_cmake_pytest/cmake)
[14.925s] -- Configuring done
[15.098s] -- Generating done
[15.105s] -- Build files have been written to: /home/mcr2/ros2_ws/src/build/ros2_control_demo_example_7
[15.134s] Invoked command in '/home/mcr2/ros2_ws/src/build/ros2_control_demo_example_7' returned '0': AMENT_PREFIX_PATH=/home/mcr2/ros2_ws/src/install/ros2controlcli:/home/mcr2/ros2_ws/src/install/joint_state_broadcaster:/home/mcr2/ros2_ws/src/install/controller_manager:/home/mcr2/ros2_ws/src/install/controller_interface:/home/mcr2/ros2_ws/src/install/hardware_interface:/home/mcr2/ros2_ws/src/install/ros2_control_test_assets:/home/mcr2/ros2_ws/src/install/ros2_control_demo_description:/home/mcr2/ros2_ws/src/install/realtime_tools:/home/mcr2/ros2_ws/src/install/controller_manager_msgs:/home/mcr2/ros2_ws/src/install/control_msgs:${AMENT_PREFIX_PATH} CMAKE_PREFIX_PATH=/home/mcr2/ros2_ws/src/install/joint_state_broadcaster:/home/mcr2/ros2_ws/src/install/controller_manager:/home/mcr2/ros2_ws/src/install/controller_interface:/home/mcr2/ros2_ws/src/install/hardware_interface:/home/mcr2/ros2_ws/src/install/ros2_control_test_assets:/home/mcr2/ros2_ws/src/install/ros2_control_demo_description:/home/mcr2/ros2_ws/src/install/realtime_tools:/home/mcr2/ros2_ws/src/install/controller_manager_msgs:/home/mcr2/ros2_ws/src/install/control_msgs:/home/mcr2/ros2_utilities_ws/install/ros_ign_interfaces:/home/mcr2/ros2_utilities_ws/install/ros_ign:/home/mcr2/ros2_utilities_ws/install/ros_ign_image:/home/mcr2/ros2_utilities_ws/install/ros_ign_gazebo_demos:/home/mcr2/ros2_utilities_ws/install/ros_ign_gazebo:/home/mcr2/ros2_utilities_ws/install/ros_ign_bridge:/home/mcr2/ros2_utilities_ws/install/ros_gz:/home/mcr2/ros2_utilities_ws/install/ros_gz_sim_demos:/home/mcr2/ros2_utilities_ws/install/ros_gz_sim:/home/mcr2/ros2_utilities_ws/install/ros_gz_image:/home/mcr2/ros2_utilities_ws/install/ros_gz_bridge:/home/mcr2/ros2_utilities_ws/install/ros_gz_interfaces:/home/mcr2/ros2_utilities_ws/install/micro_ros_setup:/home/mcr2/ros2_utilities_ws/install/micro_ros_agent:/home/mcr2/ros2_utilities_ws/install/micro_ros_msgs:/home/mcr2/ros2_utilities_ws/install/aruco_ros:/home/mcr2/ros2_utilities_ws/install/aruco_msgs:/home/mcr2/ros2_utilities_ws/install/aruco:/opt/ros/humble LD_LIBRARY_PATH=/home/mcr2/ros2_ws/src/install/joint_state_broadcaster/lib:/home/mcr2/ros2_ws/src/install/controller_manager/lib:/home/mcr2/ros2_ws/src/install/controller_interface/lib:/home/mcr2/ros2_ws/src/install/hardware_interface/lib:/home/mcr2/ros2_ws/src/install/realtime_tools/lib:/home/mcr2/ros2_ws/src/install/controller_manager_msgs/lib:/home/mcr2/ros2_ws/src/install/control_msgs/lib:${LD_LIBRARY_PATH} PYTHONPATH=/home/mcr2/ros2_ws/src/install/ros2controlcli/lib/python3.10/site-packages:/home/mcr2/ros2_ws/src/install/controller_manager/local/lib/python3.10/dist-packages:/home/mcr2/ros2_ws/src/install/controller_manager_msgs/local/lib/python3.10/dist-packages:/home/mcr2/ros2_ws/src/install/control_msgs/local/lib/python3.10/dist-packages:${PYTHONPATH} /usr/bin/cmake /home/mcr2/ros2_ws/src/ros-controls/ros2_control_demos/example_7 -DCMAKE_INSTALL_PREFIX=/home/mcr2/ros2_ws/src/install/ros2_control_demo_example_7
[15.140s] Invoking command in '/home/mcr2/ros2_ws/src/build/ros2_control_demo_example_7': AMENT_PREFIX_PATH=/home/mcr2/ros2_ws/src/install/ros2controlcli:/home/mcr2/ros2_ws/src/install/joint_state_broadcaster:/home/mcr2/ros2_ws/src/install/controller_manager:/home/mcr2/ros2_ws/src/install/controller_interface:/home/mcr2/ros2_ws/src/install/hardware_interface:/home/mcr2/ros2_ws/src/install/ros2_control_test_assets:/home/mcr2/ros2_ws/src/install/ros2_control_demo_description:/home/mcr2/ros2_ws/src/install/realtime_tools:/home/mcr2/ros2_ws/src/install/controller_manager_msgs:/home/mcr2/ros2_ws/src/install/control_msgs:${AMENT_PREFIX_PATH} CMAKE_PREFIX_PATH=/home/mcr2/ros2_ws/src/install/joint_state_broadcaster:/home/mcr2/ros2_ws/src/install/controller_manager:/home/mcr2/ros2_ws/src/install/controller_interface:/home/mcr2/ros2_ws/src/install/hardware_interface:/home/mcr2/ros2_ws/src/install/ros2_control_test_assets:/home/mcr2/ros2_ws/src/install/ros2_control_demo_description:/home/mcr2/ros2_ws/src/install/realtime_tools:/home/mcr2/ros2_ws/src/install/controller_manager_msgs:/home/mcr2/ros2_ws/src/install/control_msgs:/home/mcr2/ros2_utilities_ws/install/ros_ign_interfaces:/home/mcr2/ros2_utilities_ws/install/ros_ign:/home/mcr2/ros2_utilities_ws/install/ros_ign_image:/home/mcr2/ros2_utilities_ws/install/ros_ign_gazebo_demos:/home/mcr2/ros2_utilities_ws/install/ros_ign_gazebo:/home/mcr2/ros2_utilities_ws/install/ros_ign_bridge:/home/mcr2/ros2_utilities_ws/install/ros_gz:/home/mcr2/ros2_utilities_ws/install/ros_gz_sim_demos:/home/mcr2/ros2_utilities_ws/install/ros_gz_sim:/home/mcr2/ros2_utilities_ws/install/ros_gz_image:/home/mcr2/ros2_utilities_ws/install/ros_gz_bridge:/home/mcr2/ros2_utilities_ws/install/ros_gz_interfaces:/home/mcr2/ros2_utilities_ws/install/micro_ros_setup:/home/mcr2/ros2_utilities_ws/install/micro_ros_agent:/home/mcr2/ros2_utilities_ws/install/micro_ros_msgs:/home/mcr2/ros2_utilities_ws/install/aruco_ros:/home/mcr2/ros2_utilities_ws/install/aruco_msgs:/home/mcr2/ros2_utilities_ws/install/aruco:/opt/ros/humble LD_LIBRARY_PATH=/home/mcr2/ros2_ws/src/install/joint_state_broadcaster/lib:/home/mcr2/ros2_ws/src/install/controller_manager/lib:/home/mcr2/ros2_ws/src/install/controller_interface/lib:/home/mcr2/ros2_ws/src/install/hardware_interface/lib:/home/mcr2/ros2_ws/src/install/realtime_tools/lib:/home/mcr2/ros2_ws/src/install/controller_manager_msgs/lib:/home/mcr2/ros2_ws/src/install/control_msgs/lib:${LD_LIBRARY_PATH} PYTHONPATH=/home/mcr2/ros2_ws/src/install/ros2controlcli/lib/python3.10/site-packages:/home/mcr2/ros2_ws/src/install/controller_manager/local/lib/python3.10/dist-packages:/home/mcr2/ros2_ws/src/install/controller_manager_msgs/local/lib/python3.10/dist-packages:/home/mcr2/ros2_ws/src/install/control_msgs/local/lib/python3.10/dist-packages:${PYTHONPATH} /usr/bin/cmake --build /home/mcr2/ros2_ws/src/build/ros2_control_demo_example_7 -- -j4 -l4
[15.448s] [ 20%] [32mBuilding CXX object CMakeFiles/send_trajectory.dir/reference_generator/send_trajectory.cpp.o[0m
[42.122s] [ 40%] [32m[1mLinking CXX executable send_trajectory[0m
[43.223s] [ 40%] Built target send_trajectory
[43.366s] [ 60%] [32mBuilding CXX object CMakeFiles/ros2_control_demo_example_7.dir/hardware/r6bot_hardware.cpp.o[0m
[50.528s] [ 80%] [32mBuilding CXX object CMakeFiles/ros2_control_demo_example_7.dir/controller/r6bot_controller.cpp.o[0m
[90.345s] [100%] [32m[1mLinking CXX shared library libros2_control_demo_example_7.so[0m
[93.881s] [100%] Built target ros2_control_demo_example_7
[94.059s] Invoked command in '/home/mcr2/ros2_ws/src/build/ros2_control_demo_example_7' returned '0': AMENT_PREFIX_PATH=/home/mcr2/ros2_ws/src/install/ros2controlcli:/home/mcr2/ros2_ws/src/install/joint_state_broadcaster:/home/mcr2/ros2_ws/src/install/controller_manager:/home/mcr2/ros2_ws/src/install/controller_interface:/home/mcr2/ros2_ws/src/install/hardware_interface:/home/mcr2/ros2_ws/src/install/ros2_control_test_assets:/home/mcr2/ros2_ws/src/install/ros2_control_demo_description:/home/mcr2/ros2_ws/src/install/realtime_tools:/home/mcr2/ros2_ws/src/install/controller_manager_msgs:/home/mcr2/ros2_ws/src/install/control_msgs:${AMENT_PREFIX_PATH} CMAKE_PREFIX_PATH=/home/mcr2/ros2_ws/src/install/joint_state_broadcaster:/home/mcr2/ros2_ws/src/install/controller_manager:/home/mcr2/ros2_ws/src/install/controller_interface:/home/mcr2/ros2_ws/src/install/hardware_interface:/home/mcr2/ros2_ws/src/install/ros2_control_test_assets:/home/mcr2/ros2_ws/src/install/ros2_control_demo_description:/home/mcr2/ros2_ws/src/install/realtime_tools:/home/mcr2/ros2_ws/src/install/controller_manager_msgs:/home/mcr2/ros2_ws/src/install/control_msgs:/home/mcr2/ros2_utilities_ws/install/ros_ign_interfaces:/home/mcr2/ros2_utilities_ws/install/ros_ign:/home/mcr2/ros2_utilities_ws/install/ros_ign_image:/home/mcr2/ros2_utilities_ws/install/ros_ign_gazebo_demos:/home/mcr2/ros2_utilities_ws/install/ros_ign_gazebo:/home/mcr2/ros2_utilities_ws/install/ros_ign_bridge:/home/mcr2/ros2_utilities_ws/install/ros_gz:/home/mcr2/ros2_utilities_ws/install/ros_gz_sim_demos:/home/mcr2/ros2_utilities_ws/install/ros_gz_sim:/home/mcr2/ros2_utilities_ws/install/ros_gz_image:/home/mcr2/ros2_utilities_ws/install/ros_gz_bridge:/home/mcr2/ros2_utilities_ws/install/ros_gz_interfaces:/home/mcr2/ros2_utilities_ws/install/micro_ros_setup:/home/mcr2/ros2_utilities_ws/install/micro_ros_agent:/home/mcr2/ros2_utilities_ws/install/micro_ros_msgs:/home/mcr2/ros2_utilities_ws/install/aruco_ros:/home/mcr2/ros2_utilities_ws/install/aruco_msgs:/home/mcr2/ros2_utilities_ws/install/aruco:/opt/ros/humble LD_LIBRARY_PATH=/home/mcr2/ros2_ws/src/install/joint_state_broadcaster/lib:/home/mcr2/ros2_ws/src/install/controller_manager/lib:/home/mcr2/ros2_ws/src/install/controller_interface/lib:/home/mcr2/ros2_ws/src/install/hardware_interface/lib:/home/mcr2/ros2_ws/src/install/realtime_tools/lib:/home/mcr2/ros2_ws/src/install/controller_manager_msgs/lib:/home/mcr2/ros2_ws/src/install/control_msgs/lib:${LD_LIBRARY_PATH} PYTHONPATH=/home/mcr2/ros2_ws/src/install/ros2controlcli/lib/python3.10/site-packages:/home/mcr2/ros2_ws/src/install/controller_manager/local/lib/python3.10/dist-packages:/home/mcr2/ros2_ws/src/install/controller_manager_msgs/local/lib/python3.10/dist-packages:/home/mcr2/ros2_ws/src/install/control_msgs/local/lib/python3.10/dist-packages:${PYTHONPATH} /usr/bin/cmake --build /home/mcr2/ros2_ws/src/build/ros2_control_demo_example_7 -- -j4 -l4
[94.230s] Invoking command in '/home/mcr2/ros2_ws/src/build/ros2_control_demo_example_7': AMENT_PREFIX_PATH=/home/mcr2/ros2_ws/src/install/ros2controlcli:/home/mcr2/ros2_ws/src/install/joint_state_broadcaster:/home/mcr2/ros2_ws/src/install/controller_manager:/home/mcr2/ros2_ws/src/install/controller_interface:/home/mcr2/ros2_ws/src/install/hardware_interface:/home/mcr2/ros2_ws/src/install/ros2_control_test_assets:/home/mcr2/ros2_ws/src/install/ros2_control_demo_description:/home/mcr2/ros2_ws/src/install/realtime_tools:/home/mcr2/ros2_ws/src/install/controller_manager_msgs:/home/mcr2/ros2_ws/src/install/control_msgs:${AMENT_PREFIX_PATH} CMAKE_PREFIX_PATH=/home/mcr2/ros2_ws/src/install/joint_state_broadcaster:/home/mcr2/ros2_ws/src/install/controller_manager:/home/mcr2/ros2_ws/src/install/controller_interface:/home/mcr2/ros2_ws/src/install/hardware_interface:/home/mcr2/ros2_ws/src/install/ros2_control_test_assets:/home/mcr2/ros2_ws/src/install/ros2_control_demo_description:/home/mcr2/ros2_ws/src/install/realtime_tools:/home/mcr2/ros2_ws/src/install/controller_manager_msgs:/home/mcr2/ros2_ws/src/install/control_msgs:/home/mcr2/ros2_utilities_ws/install/ros_ign_interfaces:/home/mcr2/ros2_utilities_ws/install/ros_ign:/home/mcr2/ros2_utilities_ws/install/ros_ign_image:/home/mcr2/ros2_utilities_ws/install/ros_ign_gazebo_demos:/home/mcr2/ros2_utilities_ws/install/ros_ign_gazebo:/home/mcr2/ros2_utilities_ws/install/ros_ign_bridge:/home/mcr2/ros2_utilities_ws/install/ros_gz:/home/mcr2/ros2_utilities_ws/install/ros_gz_sim_demos:/home/mcr2/ros2_utilities_ws/install/ros_gz_sim:/home/mcr2/ros2_utilities_ws/install/ros_gz_image:/home/mcr2/ros2_utilities_ws/install/ros_gz_bridge:/home/mcr2/ros2_utilities_ws/install/ros_gz_interfaces:/home/mcr2/ros2_utilities_ws/install/micro_ros_setup:/home/mcr2/ros2_utilities_ws/install/micro_ros_agent:/home/mcr2/ros2_utilities_ws/install/micro_ros_msgs:/home/mcr2/ros2_utilities_ws/install/aruco_ros:/home/mcr2/ros2_utilities_ws/install/aruco_msgs:/home/mcr2/ros2_utilities_ws/install/aruco:/opt/ros/humble LD_LIBRARY_PATH=/home/mcr2/ros2_ws/src/install/joint_state_broadcaster/lib:/home/mcr2/ros2_ws/src/install/controller_manager/lib:/home/mcr2/ros2_ws/src/install/controller_interface/lib:/home/mcr2/ros2_ws/src/install/hardware_interface/lib:/home/mcr2/ros2_ws/src/install/realtime_tools/lib:/home/mcr2/ros2_ws/src/install/controller_manager_msgs/lib:/home/mcr2/ros2_ws/src/install/control_msgs/lib:${LD_LIBRARY_PATH} PYTHONPATH=/home/mcr2/ros2_ws/src/install/ros2controlcli/lib/python3.10/site-packages:/home/mcr2/ros2_ws/src/install/controller_manager/local/lib/python3.10/dist-packages:/home/mcr2/ros2_ws/src/install/controller_manager_msgs/local/lib/python3.10/dist-packages:/home/mcr2/ros2_ws/src/install/control_msgs/local/lib/python3.10/dist-packages:${PYTHONPATH} /usr/bin/cmake --install /home/mcr2/ros2_ws/src/build/ros2_control_demo_example_7
[94.270s] -- Install configuration: ""
[94.280s] -- Installing: /home/mcr2/ros2_ws/src/install/ros2_control_demo_example_7/share/ros2_control_demo_example_7/ros2_control_demo_example_7.xml
[94.288s] -- Up-to-date: /home/mcr2/ros2_ws/src/install/ros2_control_demo_example_7/share/ros2_control_demo_example_7/ros2_control_demo_example_7.xml
[94.288s] -- Installing: /home/mcr2/ros2_ws/src/install/ros2_control_demo_example_7/include/ros2_control_demo_example_7
[94.292s] -- Installing: /home/mcr2/ros2_ws/src/install/ros2_control_demo_example_7/include/ros2_control_demo_example_7/ros2_control_demo_example_7
[94.292s] -- Installing: /home/mcr2/ros2_ws/src/install/ros2_control_demo_example_7/include/ros2_control_demo_example_7/ros2_control_demo_example_7/r6bot_hardware.hpp
[94.297s] -- Installing: /home/mcr2/ros2_ws/src/install/ros2_control_demo_example_7/share/ros2_control_demo_example_7/launch
[94.310s] -- Installing: /home/mcr2/ros2_ws/src/install/ros2_control_demo_example_7/share/ros2_control_demo_example_7/launch/view_r6bot.launch.py
[94.312s] -- Installing: /home/mcr2/ros2_ws/src/install/ros2_control_demo_example_7/share/ros2_control_demo_example_7/ros2_control
[94.314s] -- Installing: /home/mcr2/ros2_ws/src/install/ros2_control_demo_example_7/share/ros2_control_demo_example_7/ros2_control/r6bot.ros2_control.xacro
[94.316s] -- Installing: /home/mcr2/ros2_ws/src/install/ros2_control_demo_example_7/share/ros2_control_demo_example_7/urdf
[94.348s] -- Installing: /home/mcr2/ros2_ws/src/install/ros2_control_demo_example_7/share/ros2_control_demo_example_7/urdf/r6bot.urdf.xacro
[94.348s] -- Up-to-date: /home/mcr2/ros2_ws/src/install/ros2_control_demo_example_7/share/ros2_control_demo_example_7/launch
[94.350s] -- Installing: /home/mcr2/ros2_ws/src/install/ros2_control_demo_example_7/share/ros2_control_demo_example_7/launch/send_trajectory.launch.py
[94.350s] -- Installing: /home/mcr2/ros2_ws/src/install/ros2_control_demo_example_7/share/ros2_control_demo_example_7/launch/r6bot_controller.launch.py
[94.351s] -- Installing: /home/mcr2/ros2_ws/src/install/ros2_control_demo_example_7/share/ros2_control_demo_example_7/config
[94.360s] -- Installing: /home/mcr2/ros2_ws/src/install/ros2_control_demo_example_7/share/ros2_control_demo_example_7/config/r6bot_controller.yaml
[94.363s] -- Installing: /home/mcr2/ros2_ws/src/install/ros2_control_demo_example_7/lib/ros2_control_demo_example_7/send_trajectory
[94.370s] -- Set runtime path of "/home/mcr2/ros2_ws/src/install/ros2_control_demo_example_7/lib/ros2_control_demo_example_7/send_trajectory" to ""
[94.380s] -- Installing: /home/mcr2/ros2_ws/src/install/ros2_control_demo_example_7/lib/libros2_control_demo_example_7.so
[94.435s] -- Set runtime path of "/home/mcr2/ros2_ws/src/install/ros2_control_demo_example_7/lib/libros2_control_demo_example_7.so" to ""
[94.437s] -- Installing: /home/mcr2/ros2_ws/src/install/ros2_control_demo_example_7/share/ros2_control_demo_example_7/environment/library_path.sh
[94.437s] -- Installing: /home/mcr2/ros2_ws/src/install/ros2_control_demo_example_7/share/ros2_control_demo_example_7/environment/library_path.dsv
[94.447s] -- Installing: /home/mcr2/ros2_ws/src/install/ros2_control_demo_example_7/share/ament_index/resource_index/package_run_dependencies/ros2_control_demo_example_7
[94.449s] -- Installing: /home/mcr2/ros2_ws/src/install/ros2_control_demo_example_7/share/ament_index/resource_index/parent_prefix_path/ros2_control_demo_example_7
[94.450s] -- Installing: /home/mcr2/ros2_ws/src/install/ros2_control_demo_example_7/share/ros2_control_demo_example_7/environment/ament_prefix_path.sh
[94.451s] -- Installing: /home/mcr2/ros2_ws/src/install/ros2_control_demo_example_7/share/ros2_control_demo_example_7/environment/ament_prefix_path.dsv
[94.451s] -- Installing: /home/mcr2/ros2_ws/src/install/ros2_control_demo_example_7/share/ros2_control_demo_example_7/environment/path.sh
[94.452s] -- Installing: /home/mcr2/ros2_ws/src/install/ros2_control_demo_example_7/share/ros2_control_demo_example_7/environment/path.dsv
[94.453s] -- Installing: /home/mcr2/ros2_ws/src/install/ros2_control_demo_example_7/share/ros2_control_demo_example_7/local_setup.bash
[94.454s] -- Installing: /home/mcr2/ros2_ws/src/install/ros2_control_demo_example_7/share/ros2_control_demo_example_7/local_setup.sh
[94.458s] -- Installing: /home/mcr2/ros2_ws/src/install/ros2_control_demo_example_7/share/ros2_control_demo_example_7/local_setup.zsh
[94.459s] -- Installing: /home/mcr2/ros2_ws/src/install/ros2_control_demo_example_7/share/ros2_control_demo_example_7/local_setup.dsv
[94.459s] -- Installing: /home/mcr2/ros2_ws/src/install/ros2_control_demo_example_7/share/ros2_control_demo_example_7/package.dsv
[94.459s] -- Installing: /home/mcr2/ros2_ws/src/install/ros2_control_demo_example_7/share/ament_index/resource_index/packages/ros2_control_demo_example_7
[94.460s] -- Installing: /home/mcr2/ros2_ws/src/install/ros2_control_demo_example_7/share/ament_index/resource_index/hardware_interface__pluginlib__plugin/ros2_control_demo_example_7
[94.460s] -- Installing: /home/mcr2/ros2_ws/src/install/ros2_control_demo_example_7/share/ament_index/resource_index/controller_interface__pluginlib__plugin/ros2_control_demo_example_7
[94.465s] -- Installing: /home/mcr2/ros2_ws/src/install/ros2_control_demo_example_7/share/ros2_control_demo_example_7/cmake/export_ros2_control_demo_example_7Export.cmake
[94.465s] -- Installing: /home/mcr2/ros2_ws/src/install/ros2_control_demo_example_7/share/ros2_control_demo_example_7/cmake/export_ros2_control_demo_example_7Export-noconfig.cmake
[94.474s] -- Installing: /home/mcr2/ros2_ws/src/install/ros2_control_demo_example_7/share/ros2_control_demo_example_7/cmake/ament_cmake_export_targets-extras.cmake
[94.475s] -- Installing: /home/mcr2/ros2_ws/src/install/ros2_control_demo_example_7/share/ros2_control_demo_example_7/cmake/ament_cmake_export_dependencies-extras.cmake
[94.475s] -- Installing: /home/mcr2/ros2_ws/src/install/ros2_control_demo_example_7/share/ros2_control_demo_example_7/cmake/ros2_control_demo_example_7Config.cmake
[94.476s] -- Installing: /home/mcr2/ros2_ws/src/install/ros2_control_demo_example_7/share/ros2_control_demo_example_7/cmake/ros2_control_demo_example_7Config-version.cmake
[94.494s] -- Installing: /home/mcr2/ros2_ws/src/install/ros2_control_demo_example_7/share/ros2_control_demo_example_7/package.xml
[94.494s] Invoked command in '/home/mcr2/ros2_ws/src/build/ros2_control_demo_example_7' returned '0': AMENT_PREFIX_PATH=/home/mcr2/ros2_ws/src/install/ros2controlcli:/home/mcr2/ros2_ws/src/install/joint_state_broadcaster:/home/mcr2/ros2_ws/src/install/controller_manager:/home/mcr2/ros2_ws/src/install/controller_interface:/home/mcr2/ros2_ws/src/install/hardware_interface:/home/mcr2/ros2_ws/src/install/ros2_control_test_assets:/home/mcr2/ros2_ws/src/install/ros2_control_demo_description:/home/mcr2/ros2_ws/src/install/realtime_tools:/home/mcr2/ros2_ws/src/install/controller_manager_msgs:/home/mcr2/ros2_ws/src/install/control_msgs:${AMENT_PREFIX_PATH} CMAKE_PREFIX_PATH=/home/mcr2/ros2_ws/src/install/joint_state_broadcaster:/home/mcr2/ros2_ws/src/install/controller_manager:/home/mcr2/ros2_ws/src/install/controller_interface:/home/mcr2/ros2_ws/src/install/hardware_interface:/home/mcr2/ros2_ws/src/install/ros2_control_test_assets:/home/mcr2/ros2_ws/src/install/ros2_control_demo_description:/home/mcr2/ros2_ws/src/install/realtime_tools:/home/mcr2/ros2_ws/src/install/controller_manager_msgs:/home/mcr2/ros2_ws/src/install/control_msgs:/home/mcr2/ros2_utilities_ws/install/ros_ign_interfaces:/home/mcr2/ros2_utilities_ws/install/ros_ign:/home/mcr2/ros2_utilities_ws/install/ros_ign_image:/home/mcr2/ros2_utilities_ws/install/ros_ign_gazebo_demos:/home/mcr2/ros2_utilities_ws/install/ros_ign_gazebo:/home/mcr2/ros2_utilities_ws/install/ros_ign_bridge:/home/mcr2/ros2_utilities_ws/install/ros_gz:/home/mcr2/ros2_utilities_ws/install/ros_gz_sim_demos:/home/mcr2/ros2_utilities_ws/install/ros_gz_sim:/home/mcr2/ros2_utilities_ws/install/ros_gz_image:/home/mcr2/ros2_utilities_ws/install/ros_gz_bridge:/home/mcr2/ros2_utilities_ws/install/ros_gz_interfaces:/home/mcr2/ros2_utilities_ws/install/micro_ros_setup:/home/mcr2/ros2_utilities_ws/install/micro_ros_agent:/home/mcr2/ros2_utilities_ws/install/micro_ros_msgs:/home/mcr2/ros2_utilities_ws/install/aruco_ros:/home/mcr2/ros2_utilities_ws/install/aruco_msgs:/home/mcr2/ros2_utilities_ws/install/aruco:/opt/ros/humble LD_LIBRARY_PATH=/home/mcr2/ros2_ws/src/install/joint_state_broadcaster/lib:/home/mcr2/ros2_ws/src/install/controller_manager/lib:/home/mcr2/ros2_ws/src/install/controller_interface/lib:/home/mcr2/ros2_ws/src/install/hardware_interface/lib:/home/mcr2/ros2_ws/src/install/realtime_tools/lib:/home/mcr2/ros2_ws/src/install/controller_manager_msgs/lib:/home/mcr2/ros2_ws/src/install/control_msgs/lib:${LD_LIBRARY_PATH} PYTHONPATH=/home/mcr2/ros2_ws/src/install/ros2controlcli/lib/python3.10/site-packages:/home/mcr2/ros2_ws/src/install/controller_manager/local/lib/python3.10/dist-packages:/home/mcr2/ros2_ws/src/install/controller_manager_msgs/local/lib/python3.10/dist-packages:/home/mcr2/ros2_ws/src/install/control_msgs/local/lib/python3.10/dist-packages:${PYTHONPATH} /usr/bin/cmake --install /home/mcr2/ros2_ws/src/build/ros2_control_demo_example_7
