[0.375s] Invoking command in '/home/mcr2/ros2_ws/src/build/ros2_control_demo_description': CMAKE_PREFIX_PATH=${CMAKE_PREFIX_PATH}:/opt/ros/humble /usr/bin/cmake /home/mcr2/ros2_ws/src/ros-controls/ros2_control_demos/ros2_control_demo_description -DCMAKE_INSTALL_PREFIX=/home/mcr2/ros2_ws/src/install/ros2_control_demo_description
[0.689s] -- The C compiler identification is GNU 11.4.0
[0.932s] -- The CXX compiler identification is GNU 11.4.0
[0.959s] -- Detecting C compiler ABI info
[1.319s] -- Detecting C compiler ABI info - done
[1.343s] -- Check for working C compiler: /usr/bin/cc - skipped
[1.344s] -- Detecting C compile features
[1.346s] -- Detecting C compile features - done
[1.355s] -- Detecting CXX compiler ABI info
[1.785s] -- Detecting CXX compiler ABI info - done
[1.813s] -- Check for working CXX compiler: /usr/bin/c++ - skipped
[1.814s] -- Detecting CXX compile features
[1.816s] -- Detecting CXX compile features - done
[1.834s] -- Found ament_cmake: 1.3.8 (/opt/ros/humble/share/ament_cmake/cmake)
[2.523s] -- Found Python3: /usr/bin/python3 (found version "3.10.12") found components: Interpreter 
[3.388s] -- Configuring done
[3.411s] -- Generating done
[3.431s] -- Build files have been written to: /home/mcr2/ros2_ws/src/build/ros2_control_demo_description
[3.474s] Invoked command in '/home/mcr2/ros2_ws/src/build/ros2_control_demo_description' returned '0': CMAKE_PREFIX_PATH=${CMAKE_PREFIX_PATH}:/opt/ros/humble /usr/bin/cmake /home/mcr2/ros2_ws/src/ros-controls/ros2_control_demos/ros2_control_demo_description -DCMAKE_INSTALL_PREFIX=/home/mcr2/ros2_ws/src/install/ros2_control_demo_description
[3.478s] Invoking command in '/home/mcr2/ros2_ws/src/build/ros2_control_demo_description': CMAKE_PREFIX_PATH=${CMAKE_PREFIX_PATH}:/opt/ros/humble /usr/bin/cmake --build /home/mcr2/ros2_ws/src/build/ros2_control_demo_description -- -j4 -l4
[3.702s] Invoked command in '/home/mcr2/ros2_ws/src/build/ros2_control_demo_description' returned '0': CMAKE_PREFIX_PATH=${CMAKE_PREFIX_PATH}:/opt/ros/humble /usr/bin/cmake --build /home/mcr2/ros2_ws/src/build/ros2_control_demo_description -- -j4 -l4
[3.886s] Invoking command in '/home/mcr2/ros2_ws/src/build/ros2_control_demo_description': CMAKE_PREFIX_PATH=${CMAKE_PREFIX_PATH}:/opt/ros/humble /usr/bin/cmake --install /home/mcr2/ros2_ws/src/build/ros2_control_demo_description
[3.944s] -- Install configuration: ""
[3.957s] -- Installing: /home/mcr2/ros2_ws/src/install/ros2_control_demo_description/share/ros2_control_demo_description/rrbot/urdf
[3.958s] -- Installing: /home/mcr2/ros2_ws/src/install/ros2_control_demo_description/share/ros2_control_demo_description/rrbot/urdf/rrbot.materials.xacro
[3.959s] -- Installing: /home/mcr2/ros2_ws/src/install/ros2_control_demo_description/share/ros2_control_demo_description/rrbot/urdf/rrbot_description.urdf.xacro
[3.961s] -- Installing: /home/mcr2/ros2_ws/src/install/ros2_control_demo_description/share/ros2_control_demo_description/rrbot/rviz
[3.962s] -- Installing: /home/mcr2/ros2_ws/src/install/ros2_control_demo_description/share/ros2_control_demo_description/rrbot/rviz/rrbot.rviz
[3.964s] -- Installing: /home/mcr2/ros2_ws/src/install/ros2_control_demo_description/share/ros2_control_demo_description/diffbot/urdf
[3.965s] -- Installing: /home/mcr2/ros2_ws/src/install/ros2_control_demo_description/share/ros2_control_demo_description/diffbot/urdf/diffbot_description.urdf.xacro
[3.967s] -- Installing: /home/mcr2/ros2_ws/src/install/ros2_control_demo_description/share/ros2_control_demo_description/diffbot/urdf/diffbot.materials.xacro
[3.969s] -- Installing: /home/mcr2/ros2_ws/src/install/ros2_control_demo_description/share/ros2_control_demo_description/diffbot/rviz
[3.972s] -- Installing: /home/mcr2/ros2_ws/src/install/ros2_control_demo_description/share/ros2_control_demo_description/diffbot/rviz/diffbot_view.rviz
[3.974s] -- Installing: /home/mcr2/ros2_ws/src/install/ros2_control_demo_description/share/ros2_control_demo_description/diffbot/rviz/diffbot.rviz
[3.975s] -- Installing: /home/mcr2/ros2_ws/src/install/ros2_control_demo_description/share/ros2_control_demo_description/carlikebot/urdf
[3.977s] -- Installing: /home/mcr2/ros2_ws/src/install/ros2_control_demo_description/share/ros2_control_demo_description/carlikebot/urdf/carlikebot.materials.xacro
[3.979s] -- Installing: /home/mcr2/ros2_ws/src/install/ros2_control_demo_description/share/ros2_control_demo_description/carlikebot/urdf/carlikebot_description.urdf.xacro
[3.981s] -- Installing: /home/mcr2/ros2_ws/src/install/ros2_control_demo_description/share/ros2_control_demo_description/carlikebot/rviz
[3.982s] -- Installing: /home/mcr2/ros2_ws/src/install/ros2_control_demo_description/share/ros2_control_demo_description/carlikebot/rviz/carlikebot_view.rviz
[3.983s] -- Installing: /home/mcr2/ros2_ws/src/install/ros2_control_demo_description/share/ros2_control_demo_description/carlikebot/rviz/carlikebot.rviz
[3.986s] -- Installing: /home/mcr2/ros2_ws/src/install/ros2_control_demo_description/share/ros2_control_demo_description/r6bot/meshes
[3.987s] -- Installing: /home/mcr2/ros2_ws/src/install/ros2_control_demo_description/share/ros2_control_demo_description/r6bot/meshes/collision
[3.990s] -- Installing: /home/mcr2/ros2_ws/src/install/ros2_control_demo_description/share/ros2_control_demo_description/r6bot/meshes/collision/link_3.stl
[3.996s] -- Installing: /home/mcr2/ros2_ws/src/install/ros2_control_demo_description/share/ros2_control_demo_description/r6bot/meshes/collision/link_2.stl
[4.009s] -- Installing: /home/mcr2/ros2_ws/src/install/ros2_control_demo_description/share/ros2_control_demo_description/r6bot/meshes/collision/link_6.stl
[4.014s] -- Installing: /home/mcr2/ros2_ws/src/install/ros2_control_demo_description/share/ros2_control_demo_description/r6bot/meshes/collision/link_1.stl
[4.019s] -- Installing: /home/mcr2/ros2_ws/src/install/ros2_control_demo_description/share/ros2_control_demo_description/r6bot/meshes/collision/link_4.stl
[4.020s] -- Installing: /home/mcr2/ros2_ws/src/install/ros2_control_demo_description/share/ros2_control_demo_description/r6bot/meshes/collision/link_5.stl
[4.024s] -- Installing: /home/mcr2/ros2_ws/src/install/ros2_control_demo_description/share/ros2_control_demo_description/r6bot/meshes/collision/link_0.stl
[4.028s] -- Installing: /home/mcr2/ros2_ws/src/install/ros2_control_demo_description/share/ros2_control_demo_description/r6bot/meshes/visual
[4.029s] -- Installing: /home/mcr2/ros2_ws/src/install/ros2_control_demo_description/share/ros2_control_demo_description/r6bot/meshes/visual/link_0.dae
[4.038s] -- Installing: /home/mcr2/ros2_ws/src/install/ros2_control_demo_description/share/ros2_control_demo_description/r6bot/meshes/visual/link_4.dae
[4.040s] -- Installing: /home/mcr2/ros2_ws/src/install/ros2_control_demo_description/share/ros2_control_demo_description/r6bot/meshes/visual/link_5.dae
[4.054s] -- Installing: /home/mcr2/ros2_ws/src/install/ros2_control_demo_description/share/ros2_control_demo_description/r6bot/meshes/visual/link_2.dae
[4.080s] -- Installing: /home/mcr2/ros2_ws/src/install/ros2_control_demo_description/share/ros2_control_demo_description/r6bot/meshes/visual/link_3.dae
[4.094s] -- Installing: /home/mcr2/ros2_ws/src/install/ros2_control_demo_description/share/ros2_control_demo_description/r6bot/meshes/visual/link_6.dae
[4.099s] -- Installing: /home/mcr2/ros2_ws/src/install/ros2_control_demo_description/share/ros2_control_demo_description/r6bot/meshes/visual/link_1.dae
[4.103s] -- Installing: /home/mcr2/ros2_ws/src/install/ros2_control_demo_description/share/ros2_control_demo_description/r6bot/srdf
[4.104s] -- Installing: /home/mcr2/ros2_ws/src/install/ros2_control_demo_description/share/ros2_control_demo_description/r6bot/srdf/r6bot.srdf
[4.106s] -- Installing: /home/mcr2/ros2_ws/src/install/ros2_control_demo_description/share/ros2_control_demo_description/r6bot/urdf
[4.107s] -- Installing: /home/mcr2/ros2_ws/src/install/ros2_control_demo_description/share/ros2_control_demo_description/r6bot/urdf/inc
[4.113s] -- Installing: /home/mcr2/ros2_ws/src/install/ros2_control_demo_description/share/ros2_control_demo_description/r6bot/urdf/inc/create_link.xacro
[4.121s] -- Installing: /home/mcr2/ros2_ws/src/install/ros2_control_demo_description/share/ros2_control_demo_description/r6bot/urdf/r6bot_description.urdf.xacro
[4.122s] -- Installing: /home/mcr2/ros2_ws/src/install/ros2_control_demo_description/share/ros2_control_demo_description/r6bot/rviz
[4.122s] -- Installing: /home/mcr2/ros2_ws/src/install/ros2_control_demo_description/share/ros2_control_demo_description/r6bot/rviz/view_robot.rviz
[4.127s] -- Installing: /home/mcr2/ros2_ws/src/install/ros2_control_demo_description/share/ament_index/resource_index/package_run_dependencies/ros2_control_demo_description
[4.128s] -- Installing: /home/mcr2/ros2_ws/src/install/ros2_control_demo_description/share/ament_index/resource_index/parent_prefix_path/ros2_control_demo_description
[4.145s] -- Installing: /home/mcr2/ros2_ws/src/install/ros2_control_demo_description/share/ros2_control_demo_description/environment/ament_prefix_path.sh
[4.146s] -- Installing: /home/mcr2/ros2_ws/src/install/ros2_control_demo_description/share/ros2_control_demo_description/environment/ament_prefix_path.dsv
[4.146s] -- Installing: /home/mcr2/ros2_ws/src/install/ros2_control_demo_description/share/ros2_control_demo_description/environment/path.sh
[4.146s] -- Installing: /home/mcr2/ros2_ws/src/install/ros2_control_demo_description/share/ros2_control_demo_description/environment/path.dsv
[4.146s] -- Installing: /home/mcr2/ros2_ws/src/install/ros2_control_demo_description/share/ros2_control_demo_description/local_setup.bash
[4.146s] -- Installing: /home/mcr2/ros2_ws/src/install/ros2_control_demo_description/share/ros2_control_demo_description/local_setup.sh
[4.147s] -- Installing: /home/mcr2/ros2_ws/src/install/ros2_control_demo_description/share/ros2_control_demo_description/local_setup.zsh
[4.147s] -- Installing: /home/mcr2/ros2_ws/src/install/ros2_control_demo_description/share/ros2_control_demo_description/local_setup.dsv
[4.147s] -- Installing: /home/mcr2/ros2_ws/src/install/ros2_control_demo_description/share/ros2_control_demo_description/package.dsv
[4.147s] -- Installing: /home/mcr2/ros2_ws/src/install/ros2_control_demo_description/share/ament_index/resource_index/packages/ros2_control_demo_description
[4.147s] -- Installing: /home/mcr2/ros2_ws/src/install/ros2_control_demo_description/share/ros2_control_demo_description/cmake/ros2_control_demo_descriptionConfig.cmake
[4.148s] -- Installing: /home/mcr2/ros2_ws/src/install/ros2_control_demo_description/share/ros2_control_demo_description/cmake/ros2_control_demo_descriptionConfig-version.cmake
[4.148s] -- Installing: /home/mcr2/ros2_ws/src/install/ros2_control_demo_description/share/ros2_control_demo_description/package.xml
[4.161s] Invoked command in '/home/mcr2/ros2_ws/src/build/ros2_control_demo_description' returned '0': CMAKE_PREFIX_PATH=${CMAKE_PREFIX_PATH}:/opt/ros/humble /usr/bin/cmake --install /home/mcr2/ros2_ws/src/build/ros2_control_demo_description
