[0.364s] Invoking command in '/home/mcr2/ros2_ws/src/build/joint_limits': CMAKE_PREFIX_PATH=${CMAKE_PREFIX_PATH}:/opt/ros/humble /usr/bin/cmake --build /home/mcr2/ros2_ws/src/build/joint_limits -- -j4 -l4
[0.943s] [35m[1mConsolidate compiler generated dependencies of target gtest_main[0m
[1.247s] [ 33%] Built target gtest_main
[1.309s] [35m[1mConsolidate compiler generated dependencies of target gtest[0m
[1.438s] [ 66%] Built target gtest
[1.559s] [35m[1mConsolidate compiler generated dependencies of target joint_limits_rosparam_test[0m
[1.931s] [100%] Built target joint_limits_rosparam_test
[2.024s] Invoked command in '/home/mcr2/ros2_ws/src/build/joint_limits' returned '0': CMAKE_PREFIX_PATH=${CMAKE_PREFIX_PATH}:/opt/ros/humble /usr/bin/cmake --build /home/mcr2/ros2_ws/src/build/joint_limits -- -j4 -l4
[2.278s] Invoking command in '/home/mcr2/ros2_ws/src/build/joint_limits': CMAKE_PREFIX_PATH=${CMAKE_PREFIX_PATH}:/opt/ros/humble /usr/bin/cmake --install /home/mcr2/ros2_ws/src/build/joint_limits
[2.324s] -- Install configuration: ""
[2.334s] -- Up-to-date: /home/mcr2/ros2_ws/src/install/joint_limits/include
[2.345s] -- Up-to-date: /home/mcr2/ros2_ws/src/install/joint_limits/include/joint_limits
[2.346s] -- Up-to-date: /home/mcr2/ros2_ws/src/install/joint_limits/include/joint_limits/joint_limits.hpp
[2.354s] -- Up-to-date: /home/mcr2/ros2_ws/src/install/joint_limits/include/joint_limits/joint_limits_rosparam.hpp
[2.377s] -- Up-to-date: /home/mcr2/ros2_ws/src/install/joint_limits/lib/joint_limits/joint_limits_rosparam_test
[2.385s] -- Up-to-date: /home/mcr2/ros2_ws/src/install/joint_limits/share/joint_limits/test/joint_limits_rosparam.yaml
[2.392s] -- Up-to-date: /home/mcr2/ros2_ws/src/install/joint_limits/share/ament_index/resource_index/package_run_dependencies/joint_limits
[2.401s] -- Up-to-date: /home/mcr2/ros2_ws/src/install/joint_limits/share/ament_index/resource_index/parent_prefix_path/joint_limits
[2.402s] -- Up-to-date: /home/mcr2/ros2_ws/src/install/joint_limits/share/joint_limits/environment/ament_prefix_path.sh
[2.403s] -- Up-to-date: /home/mcr2/ros2_ws/src/install/joint_limits/share/joint_limits/environment/ament_prefix_path.dsv
[2.410s] -- Up-to-date: /home/mcr2/ros2_ws/src/install/joint_limits/share/joint_limits/environment/path.sh
[2.411s] -- Up-to-date: /home/mcr2/ros2_ws/src/install/joint_limits/share/joint_limits/environment/path.dsv
[2.413s] -- Up-to-date: /home/mcr2/ros2_ws/src/install/joint_limits/share/joint_limits/local_setup.bash
[2.413s] -- Up-to-date: /home/mcr2/ros2_ws/src/install/joint_limits/share/joint_limits/local_setup.sh
[2.414s] -- Up-to-date: /home/mcr2/ros2_ws/src/install/joint_limits/share/joint_limits/local_setup.zsh
[2.414s] -- Up-to-date: /home/mcr2/ros2_ws/src/install/joint_limits/share/joint_limits/local_setup.dsv
[2.414s] -- Installing: /home/mcr2/ros2_ws/src/install/joint_limits/share/joint_limits/package.dsv
[2.416s] -- Up-to-date: /home/mcr2/ros2_ws/src/install/joint_limits/share/ament_index/resource_index/packages/joint_limits
[2.417s] -- Up-to-date: /home/mcr2/ros2_ws/src/install/joint_limits/share/joint_limits/cmake/ament_cmake_export_dependencies-extras.cmake
[2.421s] -- Up-to-date: /home/mcr2/ros2_ws/src/install/joint_limits/share/joint_limits/cmake/ament_cmake_export_include_directories-extras.cmake
[2.435s] -- Up-to-date: /home/mcr2/ros2_ws/src/install/joint_limits/share/joint_limits/cmake/joint_limitsConfig.cmake
[2.436s] -- Up-to-date: /home/mcr2/ros2_ws/src/install/joint_limits/share/joint_limits/cmake/joint_limitsConfig-version.cmake
[2.437s] -- Up-to-date: /home/mcr2/ros2_ws/src/install/joint_limits/share/joint_limits/package.xml
[2.452s] Invoked command in '/home/mcr2/ros2_ws/src/build/joint_limits' returned '0': CMAKE_PREFIX_PATH=${CMAKE_PREFIX_PATH}:/opt/ros/humble /usr/bin/cmake --install /home/mcr2/ros2_ws/src/build/joint_limits
