[0.770s] Invoking command in '/home/mcr2/ros2_ws/src/build/kinematics_interface': CMAKE_PREFIX_PATH=${CMAKE_PREFIX_PATH}:/opt/ros/humble /usr/bin/cmake /home/mcr2/ros2_ws/src/ros-controls/kinematics_interface/kinematics_interface -DCMAKE_INSTALL_PREFIX=/home/mcr2/ros2_ws/src/install/kinematics_interface
[1.265s] -- The CXX compiler identification is GNU 11.4.0
[1.360s] -- Detecting CXX compiler ABI info
[1.963s] -- Detecting CXX compiler ABI info - done
[2.014s] -- Check for working CXX compiler: /usr/bin/c++ - skipped
[2.014s] -- Detecting CXX compile features
[2.028s] -- Detecting CXX compile features - done
[2.068s] -- Found ament_cmake: 1.3.8 (/opt/ros/humble/share/ament_cmake/cmake)
[3.405s] -- Found Python3: /usr/bin/python3 (found version "3.10.12") found components: Interpreter 
[4.221s] -- Found rclcpp: 16.0.8 (/opt/ros/humble/share/rclcpp/cmake)
[4.633s] -- Found rosidl_generator_c: 3.1.5 (/opt/ros/humble/share/rosidl_generator_c/cmake)
[4.699s] -- Found rosidl_adapter: 3.1.5 (/opt/ros/humble/share/rosidl_adapter/cmake)
[4.806s] -- Found rosidl_generator_cpp: 3.1.5 (/opt/ros/humble/share/rosidl_generator_cpp/cmake)
[4.944s] -- Using all available rosidl_typesupport_c: rosidl_typesupport_fastrtps_c;rosidl_typesupport_introspection_c
[5.099s] -- Using all available rosidl_typesupport_cpp: rosidl_typesupport_fastrtps_cpp;rosidl_typesupport_introspection_cpp
[5.567s] -- Found rmw_implementation_cmake: 6.1.1 (/opt/ros/humble/share/rmw_implementation_cmake/cmake)
[5.596s] -- Found rmw_fastrtps_cpp: 6.2.6 (/opt/ros/humble/share/rmw_fastrtps_cpp/cmake)
[6.181s] -- Found OpenSSL: /usr/lib/x86_64-linux-gnu/libcrypto.so (found version "3.0.2")  
[6.345s] -- Found FastRTPS: /opt/ros/humble/include  
[6.635s] -- Using RMW implementation 'rmw_fastrtps_cpp' as default
[6.723s] -- Looking for C++ include pthread.h
[7.162s] -- Looking for C++ include pthread.h - found
[7.163s] -- Performing Test CMAKE_HAVE_LIBC_PTHREAD
[7.764s] -- Performing Test CMAKE_HAVE_LIBC_PTHREAD - Success
[7.764s] -- Found Threads: TRUE  
[8.583s] -- Found rclcpp_lifecycle: 16.0.8 (/opt/ros/humble/share/rclcpp_lifecycle/cmake)
[9.412s] -- Configuring done
[9.506s] -- Generating done
[9.517s] -- Build files have been written to: /home/mcr2/ros2_ws/src/build/kinematics_interface
[9.599s] Invoked command in '/home/mcr2/ros2_ws/src/build/kinematics_interface' returned '0': CMAKE_PREFIX_PATH=${CMAKE_PREFIX_PATH}:/opt/ros/humble /usr/bin/cmake /home/mcr2/ros2_ws/src/ros-controls/kinematics_interface/kinematics_interface -DCMAKE_INSTALL_PREFIX=/home/mcr2/ros2_ws/src/install/kinematics_interface
[9.600s] Invoking command in '/home/mcr2/ros2_ws/src/build/kinematics_interface': CMAKE_PREFIX_PATH=${CMAKE_PREFIX_PATH}:/opt/ros/humble /usr/bin/cmake --build /home/mcr2/ros2_ws/src/build/kinematics_interface -- -j4 -l4
[9.903s] [ 50%] [32mBuilding CXX object CMakeFiles/kinematics_interface.dir/src/kinematics_interface.cpp.o[0m
[23.792s] [100%] [32m[1mLinking CXX shared library libkinematics_interface.so[0m
[24.232s] [100%] Built target kinematics_interface
[24.277s] Invoked command in '/home/mcr2/ros2_ws/src/build/kinematics_interface' returned '0': CMAKE_PREFIX_PATH=${CMAKE_PREFIX_PATH}:/opt/ros/humble /usr/bin/cmake --build /home/mcr2/ros2_ws/src/build/kinematics_interface -- -j4 -l4
[24.452s] Invoking command in '/home/mcr2/ros2_ws/src/build/kinematics_interface': CMAKE_PREFIX_PATH=${CMAKE_PREFIX_PATH}:/opt/ros/humble /usr/bin/cmake --install /home/mcr2/ros2_ws/src/build/kinematics_interface
[24.481s] -- Install configuration: ""
[24.482s] -- Installing: /home/mcr2/ros2_ws/src/install/kinematics_interface/include/kinematics_interface
[24.483s] -- Installing: /home/mcr2/ros2_ws/src/install/kinematics_interface/include/kinematics_interface/kinematics_interface
[24.484s] -- Installing: /home/mcr2/ros2_ws/src/install/kinematics_interface/include/kinematics_interface/kinematics_interface/visibility_control.h
[24.486s] -- Installing: /home/mcr2/ros2_ws/src/install/kinematics_interface/include/kinematics_interface/kinematics_interface/kinematics_interface.hpp
[24.488s] -- Installing: /home/mcr2/ros2_ws/src/install/kinematics_interface/lib/libkinematics_interface.so
[24.490s] -- Set runtime path of "/home/mcr2/ros2_ws/src/install/kinematics_interface/lib/libkinematics_interface.so" to ""
[24.492s] -- Installing: /home/mcr2/ros2_ws/src/install/kinematics_interface/share/kinematics_interface/environment/library_path.sh
[24.493s] -- Installing: /home/mcr2/ros2_ws/src/install/kinematics_interface/share/kinematics_interface/environment/library_path.dsv
[24.494s] -- Installing: /home/mcr2/ros2_ws/src/install/kinematics_interface/share/ament_index/resource_index/package_run_dependencies/kinematics_interface
[24.496s] -- Installing: /home/mcr2/ros2_ws/src/install/kinematics_interface/share/ament_index/resource_index/parent_prefix_path/kinematics_interface
[24.497s] -- Installing: /home/mcr2/ros2_ws/src/install/kinematics_interface/share/kinematics_interface/environment/ament_prefix_path.sh
[24.498s] -- Installing: /home/mcr2/ros2_ws/src/install/kinematics_interface/share/kinematics_interface/environment/ament_prefix_path.dsv
[24.499s] -- Installing: /home/mcr2/ros2_ws/src/install/kinematics_interface/share/kinematics_interface/environment/path.sh
[24.500s] -- Installing: /home/mcr2/ros2_ws/src/install/kinematics_interface/share/kinematics_interface/environment/path.dsv
[24.501s] -- Installing: /home/mcr2/ros2_ws/src/install/kinematics_interface/share/kinematics_interface/local_setup.bash
[24.502s] -- Installing: /home/mcr2/ros2_ws/src/install/kinematics_interface/share/kinematics_interface/local_setup.sh
[24.503s] -- Installing: /home/mcr2/ros2_ws/src/install/kinematics_interface/share/kinematics_interface/local_setup.zsh
[24.528s] -- Installing: /home/mcr2/ros2_ws/src/install/kinematics_interface/share/kinematics_interface/local_setup.dsv
[24.528s] -- Installing: /home/mcr2/ros2_ws/src/install/kinematics_interface/share/kinematics_interface/package.dsv
[24.528s] -- Installing: /home/mcr2/ros2_ws/src/install/kinematics_interface/share/ament_index/resource_index/packages/kinematics_interface
[24.528s] -- Installing: /home/mcr2/ros2_ws/src/install/kinematics_interface/share/kinematics_interface/cmake/export_kinematics_interfaceExport.cmake
[24.528s] -- Installing: /home/mcr2/ros2_ws/src/install/kinematics_interface/share/kinematics_interface/cmake/export_kinematics_interfaceExport-noconfig.cmake
[24.529s] -- Installing: /home/mcr2/ros2_ws/src/install/kinematics_interface/share/kinematics_interface/cmake/ament_cmake_export_targets-extras.cmake
[24.529s] -- Installing: /home/mcr2/ros2_ws/src/install/kinematics_interface/share/kinematics_interface/cmake/ament_cmake_export_dependencies-extras.cmake
[24.529s] -- Installing: /home/mcr2/ros2_ws/src/install/kinematics_interface/share/kinematics_interface/cmake/kinematics_interfaceConfig.cmake
[24.529s] -- Installing: /home/mcr2/ros2_ws/src/install/kinematics_interface/share/kinematics_interface/cmake/kinematics_interfaceConfig-version.cmake
[24.529s] -- Installing: /home/mcr2/ros2_ws/src/install/kinematics_interface/share/kinematics_interface/package.xml
[24.547s] Invoked command in '/home/mcr2/ros2_ws/src/build/kinematics_interface' returned '0': CMAKE_PREFIX_PATH=${CMAKE_PREFIX_PATH}:/opt/ros/humble /usr/bin/cmake --install /home/mcr2/ros2_ws/src/build/kinematics_interface
