[2.994s] Invoking command in '/home/mcr2/ros2_ws/src/build/controller_manager': AMENT_PREFIX_PATH=/home/mcr2/ros2_ws/src/install/hardware_interface_testing:/home/mcr2/ros2_ws/src/install/controller_interface:/home/mcr2/ros2_ws/src/install/hardware_interface:/home/mcr2/ros2_ws/src/install/ros2_control_test_assets:/home/mcr2/ros2_ws/src/install/realtime_tools:/home/mcr2/ros2_ws/src/install/controller_manager_msgs:/home/mcr2/ros2_ws/src/install/control_msgs:${AMENT_PREFIX_PATH} CMAKE_PREFIX_PATH=/home/mcr2/ros2_ws/src/install/hardware_interface_testing:/home/mcr2/ros2_ws/src/install/controller_interface:/home/mcr2/ros2_ws/src/install/hardware_interface:/home/mcr2/ros2_ws/src/install/ros2_control_test_assets:/home/mcr2/ros2_ws/src/install/realtime_tools:/home/mcr2/ros2_ws/src/install/controller_manager_msgs:/home/mcr2/ros2_ws/src/install/control_msgs:/home/mcr2/ros2_utilities_ws/install/ros_ign_interfaces:/home/mcr2/ros2_utilities_ws/install/ros_ign:/home/mcr2/ros2_utilities_ws/install/ros_ign_image:/home/mcr2/ros2_utilities_ws/install/ros_ign_gazebo_demos:/home/mcr2/ros2_utilities_ws/install/ros_ign_gazebo:/home/mcr2/ros2_utilities_ws/install/ros_ign_bridge:/home/mcr2/ros2_utilities_ws/install/ros_gz:/home/mcr2/ros2_utilities_ws/install/ros_gz_sim_demos:/home/mcr2/ros2_utilities_ws/install/ros_gz_sim:/home/mcr2/ros2_utilities_ws/install/ros_gz_image:/home/mcr2/ros2_utilities_ws/install/ros_gz_bridge:/home/mcr2/ros2_utilities_ws/install/ros_gz_interfaces:/home/mcr2/ros2_utilities_ws/install/micro_ros_setup:/home/mcr2/ros2_utilities_ws/install/micro_ros_agent:/home/mcr2/ros2_utilities_ws/install/micro_ros_msgs:/home/mcr2/ros2_utilities_ws/install/aruco_ros:/home/mcr2/ros2_utilities_ws/install/aruco_msgs:/home/mcr2/ros2_utilities_ws/install/aruco:/opt/ros/humble LD_LIBRARY_PATH=/home/mcr2/ros2_ws/src/install/hardware_interface_testing/lib:/home/mcr2/ros2_ws/src/install/controller_interface/lib:/home/mcr2/ros2_ws/src/install/hardware_interface/lib:/home/mcr2/ros2_ws/src/install/realtime_tools/lib:/home/mcr2/ros2_ws/src/install/controller_manager_msgs/lib:/home/mcr2/ros2_ws/src/install/control_msgs/lib:${LD_LIBRARY_PATH} PYTHONPATH=/home/mcr2/ros2_ws/src/install/controller_manager_msgs/local/lib/python3.10/dist-packages:/home/mcr2/ros2_ws/src/install/control_msgs/local/lib/python3.10/dist-packages:${PYTHONPATH} /usr/bin/cmake --build /home/mcr2/ros2_ws/src/build/controller_manager -- -j4 -l4
[3.222s] [35m[1mConsolidate compiler generated dependencies of target controller_manager[0m
[3.399s] [  5%] Built target controller_manager
[3.547s] [  5%] Built target ament_cmake_python_copy_controller_manager_setup
[3.728s] [  5%] Built target ament_cmake_python_copy_controller_manager
[3.812s] [35m[1mConsolidate compiler generated dependencies of target ros2_control_node[0m
[3.909s] [ 11%] Built target ros2_control_node
[4.033s] [35m[1mConsolidate compiler generated dependencies of target test_controller[0m
[4.131s] [ 17%] Built target test_controller
[4.184s] [35m[1mConsolidate compiler generated dependencies of target test_controller_failed_init[0m
[4.324s] [ 22%] Built target test_controller_failed_init
[4.378s] [35m[1mConsolidate compiler generated dependencies of target test_chainable_controller[0m
[4.515s] [ 28%] Built target test_chainable_controller
[4.630s] [35m[1mConsolidate compiler generated dependencies of target test_controller_with_interfaces[0m
[4.874s] [ 34%] Built target test_controller_with_interfaces
[6.247s] running egg_info
[6.254s] writing controller_manager.egg-info/PKG-INFO
[6.278s] writing dependency_links to controller_manager.egg-info/dependency_links.txt
[6.283s] writing entry points to controller_manager.egg-info/entry_points.txt
[6.301s] writing top-level names to controller_manager.egg-info/top_level.txt
[6.316s] reading manifest file 'controller_manager.egg-info/SOURCES.txt'
[6.319s] writing manifest file 'controller_manager.egg-info/SOURCES.txt'
[6.498s] [ 34%] Built target ament_cmake_python_build_controller_manager_egg
[7.949s] running install_scripts
[7.956s] /usr/lib/python3/dist-packages/setuptools/command/install.py:34: SetuptoolsDeprecationWarning: setup.py install is deprecated. Use build and pip and other standards-based tools.
[7.956s]   warnings.warn(
[8.023s] running egg_info
[8.052s] writing controller_manager.egg-info/PKG-INFO
[8.054s] writing dependency_links to controller_manager.egg-info/dependency_links.txt
[8.054s] writing entry points to controller_manager.egg-info/entry_points.txt
[8.054s] writing top-level names to controller_manager.egg-info/top_level.txt
[8.055s] reading manifest file 'controller_manager.egg-info/SOURCES.txt'
[8.055s] writing manifest file 'controller_manager.egg-info/SOURCES.txt'
[8.063s] Installing hardware_spawner script to scripts
[8.063s] Installing spawner script to scripts
[8.063s] Installing unspawner script to scripts
[8.343s] [ 34%] Built target ament_cmake_python_build_controller_manager_scripts
[8.475s] [35m[1mConsolidate compiler generated dependencies of target gmock[0m
[8.648s] [ 42%] Built target gmock
[8.764s] [35m[1mConsolidate compiler generated dependencies of target gmock_main[0m
[8.857s] [ 48%] Built target gmock_main
[8.914s] [35m[1mConsolidate compiler generated dependencies of target test_controller_manager[0m
[9.033s] [ 54%] Built target test_controller_manager
[9.168s] [35m[1mConsolidate compiler generated dependencies of target test_controllers_chaining_with_controller_manager[0m
[9.292s] [ 60%] Built target test_controllers_chaining_with_controller_manager
[9.400s] [35m[1mConsolidate compiler generated dependencies of target test_controller_manager_srvs[0m
[9.515s] [ 65%] Built target test_controller_manager_srvs
[9.629s] [35m[1mConsolidate compiler generated dependencies of target test_controller_manager_urdf_passing[0m
[9.712s] [ 71%] Built target test_controller_manager_urdf_passing
[9.811s] [35m[1mConsolidate compiler generated dependencies of target test_release_interfaces[0m
[9.930s] [ 77%] Built target test_release_interfaces
[9.988s] [35m[1mConsolidate compiler generated dependencies of target test_spawner_unspawner[0m
[10.103s] [ 82%] Built target test_spawner_unspawner
[10.183s] [35m[1mConsolidate compiler generated dependencies of target test_hardware_management_srvs[0m
[10.300s] [ 88%] Built target test_hardware_management_srvs
[10.390s] [35m[1mConsolidate compiler generated dependencies of target test_load_controller[0m
[10.486s] [ 94%] Built target test_load_controller
[10.549s] [35m[1mConsolidate compiler generated dependencies of target test_controller_manager_with_namespace.cpp[0m
[10.687s] [100%] Built target test_controller_manager_with_namespace.cpp
[10.799s] Invoked command in '/home/mcr2/ros2_ws/src/build/controller_manager' returned '0': AMENT_PREFIX_PATH=/home/mcr2/ros2_ws/src/install/hardware_interface_testing:/home/mcr2/ros2_ws/src/install/controller_interface:/home/mcr2/ros2_ws/src/install/hardware_interface:/home/mcr2/ros2_ws/src/install/ros2_control_test_assets:/home/mcr2/ros2_ws/src/install/realtime_tools:/home/mcr2/ros2_ws/src/install/controller_manager_msgs:/home/mcr2/ros2_ws/src/install/control_msgs:${AMENT_PREFIX_PATH} CMAKE_PREFIX_PATH=/home/mcr2/ros2_ws/src/install/hardware_interface_testing:/home/mcr2/ros2_ws/src/install/controller_interface:/home/mcr2/ros2_ws/src/install/hardware_interface:/home/mcr2/ros2_ws/src/install/ros2_control_test_assets:/home/mcr2/ros2_ws/src/install/realtime_tools:/home/mcr2/ros2_ws/src/install/controller_manager_msgs:/home/mcr2/ros2_ws/src/install/control_msgs:/home/mcr2/ros2_utilities_ws/install/ros_ign_interfaces:/home/mcr2/ros2_utilities_ws/install/ros_ign:/home/mcr2/ros2_utilities_ws/install/ros_ign_image:/home/mcr2/ros2_utilities_ws/install/ros_ign_gazebo_demos:/home/mcr2/ros2_utilities_ws/install/ros_ign_gazebo:/home/mcr2/ros2_utilities_ws/install/ros_ign_bridge:/home/mcr2/ros2_utilities_ws/install/ros_gz:/home/mcr2/ros2_utilities_ws/install/ros_gz_sim_demos:/home/mcr2/ros2_utilities_ws/install/ros_gz_sim:/home/mcr2/ros2_utilities_ws/install/ros_gz_image:/home/mcr2/ros2_utilities_ws/install/ros_gz_bridge:/home/mcr2/ros2_utilities_ws/install/ros_gz_interfaces:/home/mcr2/ros2_utilities_ws/install/micro_ros_setup:/home/mcr2/ros2_utilities_ws/install/micro_ros_agent:/home/mcr2/ros2_utilities_ws/install/micro_ros_msgs:/home/mcr2/ros2_utilities_ws/install/aruco_ros:/home/mcr2/ros2_utilities_ws/install/aruco_msgs:/home/mcr2/ros2_utilities_ws/install/aruco:/opt/ros/humble LD_LIBRARY_PATH=/home/mcr2/ros2_ws/src/install/hardware_interface_testing/lib:/home/mcr2/ros2_ws/src/install/controller_interface/lib:/home/mcr2/ros2_ws/src/install/hardware_interface/lib:/home/mcr2/ros2_ws/src/install/realtime_tools/lib:/home/mcr2/ros2_ws/src/install/controller_manager_msgs/lib:/home/mcr2/ros2_ws/src/install/control_msgs/lib:${LD_LIBRARY_PATH} PYTHONPATH=/home/mcr2/ros2_ws/src/install/controller_manager_msgs/local/lib/python3.10/dist-packages:/home/mcr2/ros2_ws/src/install/control_msgs/local/lib/python3.10/dist-packages:${PYTHONPATH} /usr/bin/cmake --build /home/mcr2/ros2_ws/src/build/controller_manager -- -j4 -l4
[11.245s] Invoking command in '/home/mcr2/ros2_ws/src/build/controller_manager': AMENT_PREFIX_PATH=/home/mcr2/ros2_ws/src/install/hardware_interface_testing:/home/mcr2/ros2_ws/src/install/controller_interface:/home/mcr2/ros2_ws/src/install/hardware_interface:/home/mcr2/ros2_ws/src/install/ros2_control_test_assets:/home/mcr2/ros2_ws/src/install/realtime_tools:/home/mcr2/ros2_ws/src/install/controller_manager_msgs:/home/mcr2/ros2_ws/src/install/control_msgs:${AMENT_PREFIX_PATH} CMAKE_PREFIX_PATH=/home/mcr2/ros2_ws/src/install/hardware_interface_testing:/home/mcr2/ros2_ws/src/install/controller_interface:/home/mcr2/ros2_ws/src/install/hardware_interface:/home/mcr2/ros2_ws/src/install/ros2_control_test_assets:/home/mcr2/ros2_ws/src/install/realtime_tools:/home/mcr2/ros2_ws/src/install/controller_manager_msgs:/home/mcr2/ros2_ws/src/install/control_msgs:/home/mcr2/ros2_utilities_ws/install/ros_ign_interfaces:/home/mcr2/ros2_utilities_ws/install/ros_ign:/home/mcr2/ros2_utilities_ws/install/ros_ign_image:/home/mcr2/ros2_utilities_ws/install/ros_ign_gazebo_demos:/home/mcr2/ros2_utilities_ws/install/ros_ign_gazebo:/home/mcr2/ros2_utilities_ws/install/ros_ign_bridge:/home/mcr2/ros2_utilities_ws/install/ros_gz:/home/mcr2/ros2_utilities_ws/install/ros_gz_sim_demos:/home/mcr2/ros2_utilities_ws/install/ros_gz_sim:/home/mcr2/ros2_utilities_ws/install/ros_gz_image:/home/mcr2/ros2_utilities_ws/install/ros_gz_bridge:/home/mcr2/ros2_utilities_ws/install/ros_gz_interfaces:/home/mcr2/ros2_utilities_ws/install/micro_ros_setup:/home/mcr2/ros2_utilities_ws/install/micro_ros_agent:/home/mcr2/ros2_utilities_ws/install/micro_ros_msgs:/home/mcr2/ros2_utilities_ws/install/aruco_ros:/home/mcr2/ros2_utilities_ws/install/aruco_msgs:/home/mcr2/ros2_utilities_ws/install/aruco:/opt/ros/humble LD_LIBRARY_PATH=/home/mcr2/ros2_ws/src/install/hardware_interface_testing/lib:/home/mcr2/ros2_ws/src/install/controller_interface/lib:/home/mcr2/ros2_ws/src/install/hardware_interface/lib:/home/mcr2/ros2_ws/src/install/realtime_tools/lib:/home/mcr2/ros2_ws/src/install/controller_manager_msgs/lib:/home/mcr2/ros2_ws/src/install/control_msgs/lib:${LD_LIBRARY_PATH} PYTHONPATH=/home/mcr2/ros2_ws/src/install/controller_manager_msgs/local/lib/python3.10/dist-packages:/home/mcr2/ros2_ws/src/install/control_msgs/local/lib/python3.10/dist-packages:${PYTHONPATH} /usr/bin/cmake --install /home/mcr2/ros2_ws/src/build/controller_manager
[11.272s] -- Install configuration: ""
[11.276s] -- Up-to-date: /home/mcr2/ros2_ws/src/install/controller_manager/lib/libcontroller_manager.so
[11.280s] -- Up-to-date: /home/mcr2/ros2_ws/src/install/controller_manager/lib/controller_manager/ros2_control_node
[11.281s] -- Up-to-date: /home/mcr2/ros2_ws/src/install/controller_manager/include
[11.281s] -- Up-to-date: /home/mcr2/ros2_ws/src/install/controller_manager/include/controller_manager
[11.282s] -- Up-to-date: /home/mcr2/ros2_ws/src/install/controller_manager/include/controller_manager/controller_spec.hpp
[11.282s] -- Up-to-date: /home/mcr2/ros2_ws/src/install/controller_manager/include/controller_manager/visibility_control.h
[11.282s] -- Up-to-date: /home/mcr2/ros2_ws/src/install/controller_manager/include/controller_manager/controller_manager.hpp
[11.282s] -- Up-to-date: /home/mcr2/ros2_ws/src/install/controller_manager/share/controller_manager/test/test_controller/test_controller.xml
[11.285s] -- Up-to-date: /home/mcr2/ros2_ws/src/install/controller_manager/lib/libtest_controller.so
[11.286s] -- Up-to-date: /home/mcr2/ros2_ws/src/install/controller_manager/share/controller_manager/test/test_controller_failed_init/test_controller_failed_init.xml
[11.290s] -- Up-to-date: /home/mcr2/ros2_ws/src/install/controller_manager/lib/libtest_controller_failed_init.so
[11.291s] -- Up-to-date: /home/mcr2/ros2_ws/src/install/controller_manager/share/controller_manager/test/test_chainable_controller/test_chainable_controller.xml
[11.305s] -- Up-to-date: /home/mcr2/ros2_ws/src/install/controller_manager/lib/libtest_chainable_controller.so
[11.305s] -- Up-to-date: /home/mcr2/ros2_ws/src/install/controller_manager/share/controller_manager/test/test_controller_with_interfaces/test_controller_with_interfaces.xml
[11.305s] -- Up-to-date: /home/mcr2/ros2_ws/src/install/controller_manager/lib/libtest_controller_with_interfaces.so
[11.306s] -- Up-to-date: /home/mcr2/ros2_ws/src/install/controller_manager/share/controller_manager/environment/pythonpath.sh
[11.306s] -- Up-to-date: /home/mcr2/ros2_ws/src/install/controller_manager/share/controller_manager/environment/pythonpath.dsv
[11.306s] -- Up-to-date: /home/mcr2/ros2_ws/src/install/controller_manager/local/lib/python3.10/dist-packages/controller_manager-2.40.0-py3.10.egg-info
[11.306s] -- Installing: /home/mcr2/ros2_ws/src/install/controller_manager/local/lib/python3.10/dist-packages/controller_manager-2.40.0-py3.10.egg-info/PKG-INFO
[11.307s] -- Installing: /home/mcr2/ros2_ws/src/install/controller_manager/local/lib/python3.10/dist-packages/controller_manager-2.40.0-py3.10.egg-info/top_level.txt
[11.307s] -- Installing: /home/mcr2/ros2_ws/src/install/controller_manager/local/lib/python3.10/dist-packages/controller_manager-2.40.0-py3.10.egg-info/entry_points.txt
[11.307s] -- Installing: /home/mcr2/ros2_ws/src/install/controller_manager/local/lib/python3.10/dist-packages/controller_manager-2.40.0-py3.10.egg-info/SOURCES.txt
[11.307s] -- Installing: /home/mcr2/ros2_ws/src/install/controller_manager/local/lib/python3.10/dist-packages/controller_manager-2.40.0-py3.10.egg-info/dependency_links.txt
[11.307s] -- Up-to-date: /home/mcr2/ros2_ws/src/install/controller_manager/lib/controller_manager/
[11.307s] -- Installing: /home/mcr2/ros2_ws/src/install/controller_manager/lib/controller_manager//hardware_spawner
[11.308s] -- Installing: /home/mcr2/ros2_ws/src/install/controller_manager/lib/controller_manager//unspawner
[11.308s] -- Installing: /home/mcr2/ros2_ws/src/install/controller_manager/lib/controller_manager//spawner
[11.308s] -- Up-to-date: /home/mcr2/ros2_ws/src/install/controller_manager/local/lib/python3.10/dist-packages/controller_manager
[11.308s] -- Up-to-date: /home/mcr2/ros2_ws/src/install/controller_manager/local/lib/python3.10/dist-packages/controller_manager/controller_manager_services.py
[11.308s] -- Up-to-date: /home/mcr2/ros2_ws/src/install/controller_manager/local/lib/python3.10/dist-packages/controller_manager/unspawner.py
[11.308s] -- Up-to-date: /home/mcr2/ros2_ws/src/install/controller_manager/local/lib/python3.10/dist-packages/controller_manager/hardware_spawner.py
[11.308s] -- Up-to-date: /home/mcr2/ros2_ws/src/install/controller_manager/local/lib/python3.10/dist-packages/controller_manager/spawner.py
[11.309s] -- Up-to-date: /home/mcr2/ros2_ws/src/install/controller_manager/local/lib/python3.10/dist-packages/controller_manager/__init__.py
[11.309s] -- Up-to-date: /home/mcr2/ros2_ws/src/install/controller_manager/local/lib/python3.10/dist-packages/controller_manager/launch_utils.py
[11.395s] Listing '/home/mcr2/ros2_ws/src/install/controller_manager/local/lib/python3.10/dist-packages/controller_manager'...
[11.411s] -- Up-to-date: /home/mcr2/ros2_ws/src/install/controller_manager/share/controller_manager/environment/library_path.sh
[11.412s] -- Up-to-date: /home/mcr2/ros2_ws/src/install/controller_manager/share/controller_manager/environment/library_path.dsv
[11.414s] -- Up-to-date: /home/mcr2/ros2_ws/src/install/controller_manager/share/ament_index/resource_index/package_run_dependencies/controller_manager
[11.414s] -- Up-to-date: /home/mcr2/ros2_ws/src/install/controller_manager/share/ament_index/resource_index/parent_prefix_path/controller_manager
[11.415s] -- Up-to-date: /home/mcr2/ros2_ws/src/install/controller_manager/share/controller_manager/environment/ament_prefix_path.sh
[11.415s] -- Up-to-date: /home/mcr2/ros2_ws/src/install/controller_manager/share/controller_manager/environment/ament_prefix_path.dsv
[11.416s] -- Up-to-date: /home/mcr2/ros2_ws/src/install/controller_manager/share/controller_manager/environment/path.sh
[11.416s] -- Up-to-date: /home/mcr2/ros2_ws/src/install/controller_manager/share/controller_manager/environment/path.dsv
[11.416s] -- Up-to-date: /home/mcr2/ros2_ws/src/install/controller_manager/share/controller_manager/local_setup.bash
[11.416s] -- Up-to-date: /home/mcr2/ros2_ws/src/install/controller_manager/share/controller_manager/local_setup.sh
[11.417s] -- Up-to-date: /home/mcr2/ros2_ws/src/install/controller_manager/share/controller_manager/local_setup.zsh
[11.417s] -- Up-to-date: /home/mcr2/ros2_ws/src/install/controller_manager/share/controller_manager/local_setup.dsv
[11.421s] -- Installing: /home/mcr2/ros2_ws/src/install/controller_manager/share/controller_manager/package.dsv
[11.421s] -- Up-to-date: /home/mcr2/ros2_ws/src/install/controller_manager/share/ament_index/resource_index/packages/controller_manager
[11.422s] -- Up-to-date: /home/mcr2/ros2_ws/src/install/controller_manager/share/ament_index/resource_index/controller_interface__pluginlib__plugin/controller_manager
[11.422s] -- Up-to-date: /home/mcr2/ros2_ws/src/install/controller_manager/share/controller_manager/cmake/ament_cmake_export_libraries-extras.cmake
[11.422s] -- Up-to-date: /home/mcr2/ros2_ws/src/install/controller_manager/share/controller_manager/cmake/ament_cmake_export_include_directories-extras.cmake
[11.423s] -- Up-to-date: /home/mcr2/ros2_ws/src/install/controller_manager/share/controller_manager/cmake/ament_cmake_export_dependencies-extras.cmake
[11.423s] -- Up-to-date: /home/mcr2/ros2_ws/src/install/controller_manager/share/controller_manager/cmake/controller_managerConfig.cmake
[11.423s] -- Up-to-date: /home/mcr2/ros2_ws/src/install/controller_manager/share/controller_manager/cmake/controller_managerConfig-version.cmake
[11.424s] -- Up-to-date: /home/mcr2/ros2_ws/src/install/controller_manager/share/controller_manager/package.xml
[11.436s] Invoked command in '/home/mcr2/ros2_ws/src/build/controller_manager' returned '0': AMENT_PREFIX_PATH=/home/mcr2/ros2_ws/src/install/hardware_interface_testing:/home/mcr2/ros2_ws/src/install/controller_interface:/home/mcr2/ros2_ws/src/install/hardware_interface:/home/mcr2/ros2_ws/src/install/ros2_control_test_assets:/home/mcr2/ros2_ws/src/install/realtime_tools:/home/mcr2/ros2_ws/src/install/controller_manager_msgs:/home/mcr2/ros2_ws/src/install/control_msgs:${AMENT_PREFIX_PATH} CMAKE_PREFIX_PATH=/home/mcr2/ros2_ws/src/install/hardware_interface_testing:/home/mcr2/ros2_ws/src/install/controller_interface:/home/mcr2/ros2_ws/src/install/hardware_interface:/home/mcr2/ros2_ws/src/install/ros2_control_test_assets:/home/mcr2/ros2_ws/src/install/realtime_tools:/home/mcr2/ros2_ws/src/install/controller_manager_msgs:/home/mcr2/ros2_ws/src/install/control_msgs:/home/mcr2/ros2_utilities_ws/install/ros_ign_interfaces:/home/mcr2/ros2_utilities_ws/install/ros_ign:/home/mcr2/ros2_utilities_ws/install/ros_ign_image:/home/mcr2/ros2_utilities_ws/install/ros_ign_gazebo_demos:/home/mcr2/ros2_utilities_ws/install/ros_ign_gazebo:/home/mcr2/ros2_utilities_ws/install/ros_ign_bridge:/home/mcr2/ros2_utilities_ws/install/ros_gz:/home/mcr2/ros2_utilities_ws/install/ros_gz_sim_demos:/home/mcr2/ros2_utilities_ws/install/ros_gz_sim:/home/mcr2/ros2_utilities_ws/install/ros_gz_image:/home/mcr2/ros2_utilities_ws/install/ros_gz_bridge:/home/mcr2/ros2_utilities_ws/install/ros_gz_interfaces:/home/mcr2/ros2_utilities_ws/install/micro_ros_setup:/home/mcr2/ros2_utilities_ws/install/micro_ros_agent:/home/mcr2/ros2_utilities_ws/install/micro_ros_msgs:/home/mcr2/ros2_utilities_ws/install/aruco_ros:/home/mcr2/ros2_utilities_ws/install/aruco_msgs:/home/mcr2/ros2_utilities_ws/install/aruco:/opt/ros/humble LD_LIBRARY_PATH=/home/mcr2/ros2_ws/src/install/hardware_interface_testing/lib:/home/mcr2/ros2_ws/src/install/controller_interface/lib:/home/mcr2/ros2_ws/src/install/hardware_interface/lib:/home/mcr2/ros2_ws/src/install/realtime_tools/lib:/home/mcr2/ros2_ws/src/install/controller_manager_msgs/lib:/home/mcr2/ros2_ws/src/install/control_msgs/lib:${LD_LIBRARY_PATH} PYTHONPATH=/home/mcr2/ros2_ws/src/install/controller_manager_msgs/local/lib/python3.10/dist-packages:/home/mcr2/ros2_ws/src/install/control_msgs/local/lib/python3.10/dist-packages:${PYTHONPATH} /usr/bin/cmake --install /home/mcr2/ros2_ws/src/build/controller_manager
