[1.947s] Invoking command in '/home/mcr2/ros2_ws/src/build/controller_interface': AMENT_PREFIX_PATH=/home/mcr2/ros2_ws/src/install/hardware_interface:/home/mcr2/ros2_ws/src/install/control_msgs:${AMENT_PREFIX_PATH} CMAKE_PREFIX_PATH=/home/mcr2/ros2_ws/src/install/hardware_interface:/home/mcr2/ros2_ws/src/install/control_msgs:/home/mcr2/ros2_utilities_ws/install/ros_ign_interfaces:/home/mcr2/ros2_utilities_ws/install/ros_ign:/home/mcr2/ros2_utilities_ws/install/ros_ign_image:/home/mcr2/ros2_utilities_ws/install/ros_ign_gazebo_demos:/home/mcr2/ros2_utilities_ws/install/ros_ign_gazebo:/home/mcr2/ros2_utilities_ws/install/ros_ign_bridge:/home/mcr2/ros2_utilities_ws/install/ros_gz:/home/mcr2/ros2_utilities_ws/install/ros_gz_sim_demos:/home/mcr2/ros2_utilities_ws/install/ros_gz_sim:/home/mcr2/ros2_utilities_ws/install/ros_gz_image:/home/mcr2/ros2_utilities_ws/install/ros_gz_bridge:/home/mcr2/ros2_utilities_ws/install/ros_gz_interfaces:/home/mcr2/ros2_utilities_ws/install/micro_ros_setup:/home/mcr2/ros2_utilities_ws/install/micro_ros_agent:/home/mcr2/ros2_utilities_ws/install/micro_ros_msgs:/home/mcr2/ros2_utilities_ws/install/aruco_ros:/home/mcr2/ros2_utilities_ws/install/aruco_msgs:/home/mcr2/ros2_utilities_ws/install/aruco:/opt/ros/humble LD_LIBRARY_PATH=/home/mcr2/ros2_ws/src/install/hardware_interface/lib:/home/mcr2/ros2_ws/src/install/control_msgs/lib:${LD_LIBRARY_PATH} PYTHONPATH=/home/mcr2/ros2_ws/src/install/control_msgs/local/lib/python3.10/dist-packages:${PYTHONPATH} /usr/bin/cmake --build /home/mcr2/ros2_ws/src/build/controller_interface -- -j4 -l4
[2.883s] [35m[1mConsolidate compiler generated dependencies of target controller_interface[0m
[2.885s] [ 19%] Built target controller_interface
[2.886s] [35m[1mConsolidate compiler generated dependencies of target gmock[0m
[2.886s] [ 33%] Built target gmock
[2.886s] [35m[1mConsolidate compiler generated dependencies of target gmock_main[0m
[2.998s] [ 42%] Built target gmock_main
[3.131s] [35m[1mConsolidate compiler generated dependencies of target test_controller_interface[0m
[3.426s] [ 52%] Built target test_controller_interface
[3.445s] [35m[1mConsolidate compiler generated dependencies of target test_semantic_component_interface[0m
[3.613s] [ 61%] Built target test_semantic_component_interface
[3.690s] [35m[1mConsolidate compiler generated dependencies of target test_force_torque_sensor[0m
[3.818s] [ 71%] Built target test_force_torque_sensor
[3.990s] [35m[1mConsolidate compiler generated dependencies of target test_imu_sensor[0m
[4.220s] [ 80%] Built target test_imu_sensor
[4.340s] [35m[1mConsolidate compiler generated dependencies of target test_chainable_controller_interface[0m
[4.602s] [ 90%] Built target test_chainable_controller_interface
[4.831s] [35m[1mConsolidate compiler generated dependencies of target test_controller_with_options[0m
[5.092s] [100%] Built target test_controller_with_options
[6.600s] Invoked command in '/home/mcr2/ros2_ws/src/build/controller_interface' returned '0': AMENT_PREFIX_PATH=/home/mcr2/ros2_ws/src/install/hardware_interface:/home/mcr2/ros2_ws/src/install/control_msgs:${AMENT_PREFIX_PATH} CMAKE_PREFIX_PATH=/home/mcr2/ros2_ws/src/install/hardware_interface:/home/mcr2/ros2_ws/src/install/control_msgs:/home/mcr2/ros2_utilities_ws/install/ros_ign_interfaces:/home/mcr2/ros2_utilities_ws/install/ros_ign:/home/mcr2/ros2_utilities_ws/install/ros_ign_image:/home/mcr2/ros2_utilities_ws/install/ros_ign_gazebo_demos:/home/mcr2/ros2_utilities_ws/install/ros_ign_gazebo:/home/mcr2/ros2_utilities_ws/install/ros_ign_bridge:/home/mcr2/ros2_utilities_ws/install/ros_gz:/home/mcr2/ros2_utilities_ws/install/ros_gz_sim_demos:/home/mcr2/ros2_utilities_ws/install/ros_gz_sim:/home/mcr2/ros2_utilities_ws/install/ros_gz_image:/home/mcr2/ros2_utilities_ws/install/ros_gz_bridge:/home/mcr2/ros2_utilities_ws/install/ros_gz_interfaces:/home/mcr2/ros2_utilities_ws/install/micro_ros_setup:/home/mcr2/ros2_utilities_ws/install/micro_ros_agent:/home/mcr2/ros2_utilities_ws/install/micro_ros_msgs:/home/mcr2/ros2_utilities_ws/install/aruco_ros:/home/mcr2/ros2_utilities_ws/install/aruco_msgs:/home/mcr2/ros2_utilities_ws/install/aruco:/opt/ros/humble LD_LIBRARY_PATH=/home/mcr2/ros2_ws/src/install/hardware_interface/lib:/home/mcr2/ros2_ws/src/install/control_msgs/lib:${LD_LIBRARY_PATH} PYTHONPATH=/home/mcr2/ros2_ws/src/install/control_msgs/local/lib/python3.10/dist-packages:${PYTHONPATH} /usr/bin/cmake --build /home/mcr2/ros2_ws/src/build/controller_interface -- -j4 -l4
[7.842s] Invoking command in '/home/mcr2/ros2_ws/src/build/controller_interface': AMENT_PREFIX_PATH=/home/mcr2/ros2_ws/src/install/hardware_interface:/home/mcr2/ros2_ws/src/install/control_msgs:${AMENT_PREFIX_PATH} CMAKE_PREFIX_PATH=/home/mcr2/ros2_ws/src/install/hardware_interface:/home/mcr2/ros2_ws/src/install/control_msgs:/home/mcr2/ros2_utilities_ws/install/ros_ign_interfaces:/home/mcr2/ros2_utilities_ws/install/ros_ign:/home/mcr2/ros2_utilities_ws/install/ros_ign_image:/home/mcr2/ros2_utilities_ws/install/ros_ign_gazebo_demos:/home/mcr2/ros2_utilities_ws/install/ros_ign_gazebo:/home/mcr2/ros2_utilities_ws/install/ros_ign_bridge:/home/mcr2/ros2_utilities_ws/install/ros_gz:/home/mcr2/ros2_utilities_ws/install/ros_gz_sim_demos:/home/mcr2/ros2_utilities_ws/install/ros_gz_sim:/home/mcr2/ros2_utilities_ws/install/ros_gz_image:/home/mcr2/ros2_utilities_ws/install/ros_gz_bridge:/home/mcr2/ros2_utilities_ws/install/ros_gz_interfaces:/home/mcr2/ros2_utilities_ws/install/micro_ros_setup:/home/mcr2/ros2_utilities_ws/install/micro_ros_agent:/home/mcr2/ros2_utilities_ws/install/micro_ros_msgs:/home/mcr2/ros2_utilities_ws/install/aruco_ros:/home/mcr2/ros2_utilities_ws/install/aruco_msgs:/home/mcr2/ros2_utilities_ws/install/aruco:/opt/ros/humble LD_LIBRARY_PATH=/home/mcr2/ros2_ws/src/install/hardware_interface/lib:/home/mcr2/ros2_ws/src/install/control_msgs/lib:${LD_LIBRARY_PATH} PYTHONPATH=/home/mcr2/ros2_ws/src/install/control_msgs/local/lib/python3.10/dist-packages:${PYTHONPATH} /usr/bin/cmake --install /home/mcr2/ros2_ws/src/build/controller_interface
[7.871s] -- Install configuration: ""
[7.872s] -- Up-to-date: /home/mcr2/ros2_ws/src/install/controller_interface/include
[7.873s] -- Up-to-date: /home/mcr2/ros2_ws/src/install/controller_interface/include/controller_interface
[7.873s] -- Up-to-date: /home/mcr2/ros2_ws/src/install/controller_interface/include/controller_interface/visibility_control.h
[7.874s] -- Up-to-date: /home/mcr2/ros2_ws/src/install/controller_interface/include/controller_interface/controller_interface_base.hpp
[7.874s] -- Up-to-date: /home/mcr2/ros2_ws/src/install/controller_interface/include/controller_interface/controller_interface.hpp
[7.874s] -- Up-to-date: /home/mcr2/ros2_ws/src/install/controller_interface/include/controller_interface/helpers.hpp
[7.874s] -- Up-to-date: /home/mcr2/ros2_ws/src/install/controller_interface/include/controller_interface/chainable_controller_interface.hpp
[7.875s] -- Up-to-date: /home/mcr2/ros2_ws/src/install/controller_interface/include/semantic_components
[7.875s] -- Up-to-date: /home/mcr2/ros2_ws/src/install/controller_interface/include/semantic_components/force_torque_sensor.hpp
[7.875s] -- Up-to-date: /home/mcr2/ros2_ws/src/install/controller_interface/include/semantic_components/semantic_component_interface.hpp
[7.876s] -- Up-to-date: /home/mcr2/ros2_ws/src/install/controller_interface/include/semantic_components/range_sensor.hpp
[7.876s] -- Up-to-date: /home/mcr2/ros2_ws/src/install/controller_interface/include/semantic_components/imu_sensor.hpp
[7.883s] -- Up-to-date: /home/mcr2/ros2_ws/src/install/controller_interface/lib/libcontroller_interface.so
[7.884s] -- Up-to-date: /home/mcr2/ros2_ws/src/install/controller_interface/share/controller_interface/environment/library_path.sh
[7.885s] -- Up-to-date: /home/mcr2/ros2_ws/src/install/controller_interface/share/controller_interface/environment/library_path.dsv
[7.886s] -- Up-to-date: /home/mcr2/ros2_ws/src/install/controller_interface/share/ament_index/resource_index/package_run_dependencies/controller_interface
[7.886s] -- Up-to-date: /home/mcr2/ros2_ws/src/install/controller_interface/share/ament_index/resource_index/parent_prefix_path/controller_interface
[7.887s] -- Up-to-date: /home/mcr2/ros2_ws/src/install/controller_interface/share/controller_interface/environment/ament_prefix_path.sh
[7.888s] -- Up-to-date: /home/mcr2/ros2_ws/src/install/controller_interface/share/controller_interface/environment/ament_prefix_path.dsv
[7.888s] -- Up-to-date: /home/mcr2/ros2_ws/src/install/controller_interface/share/controller_interface/environment/path.sh
[7.889s] -- Up-to-date: /home/mcr2/ros2_ws/src/install/controller_interface/share/controller_interface/environment/path.dsv
[7.890s] -- Up-to-date: /home/mcr2/ros2_ws/src/install/controller_interface/share/controller_interface/local_setup.bash
[7.891s] -- Up-to-date: /home/mcr2/ros2_ws/src/install/controller_interface/share/controller_interface/local_setup.sh
[7.891s] -- Up-to-date: /home/mcr2/ros2_ws/src/install/controller_interface/share/controller_interface/local_setup.zsh
[7.892s] -- Up-to-date: /home/mcr2/ros2_ws/src/install/controller_interface/share/controller_interface/local_setup.dsv
[7.892s] -- Installing: /home/mcr2/ros2_ws/src/install/controller_interface/share/controller_interface/package.dsv
[7.893s] -- Up-to-date: /home/mcr2/ros2_ws/src/install/controller_interface/share/ament_index/resource_index/packages/controller_interface
[7.893s] -- Up-to-date: /home/mcr2/ros2_ws/src/install/controller_interface/share/controller_interface/cmake/ament_cmake_export_dependencies-extras.cmake
[7.893s] -- Up-to-date: /home/mcr2/ros2_ws/src/install/controller_interface/share/controller_interface/cmake/ament_cmake_export_include_directories-extras.cmake
[7.894s] -- Up-to-date: /home/mcr2/ros2_ws/src/install/controller_interface/share/controller_interface/cmake/ament_cmake_export_libraries-extras.cmake
[7.895s] -- Up-to-date: /home/mcr2/ros2_ws/src/install/controller_interface/share/controller_interface/cmake/controller_interfaceConfig.cmake
[7.895s] -- Up-to-date: /home/mcr2/ros2_ws/src/install/controller_interface/share/controller_interface/cmake/controller_interfaceConfig-version.cmake
[7.895s] -- Up-to-date: /home/mcr2/ros2_ws/src/install/controller_interface/share/controller_interface/package.xml
[7.903s] Invoked command in '/home/mcr2/ros2_ws/src/build/controller_interface' returned '0': AMENT_PREFIX_PATH=/home/mcr2/ros2_ws/src/install/hardware_interface:/home/mcr2/ros2_ws/src/install/control_msgs:${AMENT_PREFIX_PATH} CMAKE_PREFIX_PATH=/home/mcr2/ros2_ws/src/install/hardware_interface:/home/mcr2/ros2_ws/src/install/control_msgs:/home/mcr2/ros2_utilities_ws/install/ros_ign_interfaces:/home/mcr2/ros2_utilities_ws/install/ros_ign:/home/mcr2/ros2_utilities_ws/install/ros_ign_image:/home/mcr2/ros2_utilities_ws/install/ros_ign_gazebo_demos:/home/mcr2/ros2_utilities_ws/install/ros_ign_gazebo:/home/mcr2/ros2_utilities_ws/install/ros_ign_bridge:/home/mcr2/ros2_utilities_ws/install/ros_gz:/home/mcr2/ros2_utilities_ws/install/ros_gz_sim_demos:/home/mcr2/ros2_utilities_ws/install/ros_gz_sim:/home/mcr2/ros2_utilities_ws/install/ros_gz_image:/home/mcr2/ros2_utilities_ws/install/ros_gz_bridge:/home/mcr2/ros2_utilities_ws/install/ros_gz_interfaces:/home/mcr2/ros2_utilities_ws/install/micro_ros_setup:/home/mcr2/ros2_utilities_ws/install/micro_ros_agent:/home/mcr2/ros2_utilities_ws/install/micro_ros_msgs:/home/mcr2/ros2_utilities_ws/install/aruco_ros:/home/mcr2/ros2_utilities_ws/install/aruco_msgs:/home/mcr2/ros2_utilities_ws/install/aruco:/opt/ros/humble LD_LIBRARY_PATH=/home/mcr2/ros2_ws/src/install/hardware_interface/lib:/home/mcr2/ros2_ws/src/install/control_msgs/lib:${LD_LIBRARY_PATH} PYTHONPATH=/home/mcr2/ros2_ws/src/install/control_msgs/local/lib/python3.10/dist-packages:${PYTHONPATH} /usr/bin/cmake --install /home/mcr2/ros2_ws/src/build/controller_interface
