[0.481s] Invoking command in '/home/mcr2/ros2_ws/src/build/velocity_controllers': AMENT_PREFIX_PATH=/home/mcr2/ros2_ws/src/install/forward_command_controller:/home/mcr2/ros2_ws/src/install/controller_manager:/home/mcr2/ros2_ws/src/install/hardware_interface_testing:/home/mcr2/ros2_ws/src/install/controller_interface:/home/mcr2/ros2_ws/src/install/hardware_interface:/home/mcr2/ros2_ws/src/install/ros2_control_test_assets:/home/mcr2/ros2_ws/src/install/realtime_tools:/home/mcr2/ros2_ws/src/install/controller_manager_msgs:/home/mcr2/ros2_ws/src/install/control_msgs:${AMENT_PREFIX_PATH} CMAKE_PREFIX_PATH=/home/mcr2/ros2_ws/src/install/forward_command_controller:/home/mcr2/ros2_ws/src/install/controller_manager:/home/mcr2/ros2_ws/src/install/hardware_interface_testing:/home/mcr2/ros2_ws/src/install/controller_interface:/home/mcr2/ros2_ws/src/install/hardware_interface:/home/mcr2/ros2_ws/src/install/ros2_control_test_assets:/home/mcr2/ros2_ws/src/install/realtime_tools:/home/mcr2/ros2_ws/src/install/controller_manager_msgs:/home/mcr2/ros2_ws/src/install/control_msgs:/home/mcr2/ros2_utilities_ws/install/ros_ign_interfaces:/home/mcr2/ros2_utilities_ws/install/ros_ign:/home/mcr2/ros2_utilities_ws/install/ros_ign_image:/home/mcr2/ros2_utilities_ws/install/ros_ign_gazebo_demos:/home/mcr2/ros2_utilities_ws/install/ros_ign_gazebo:/home/mcr2/ros2_utilities_ws/install/ros_ign_bridge:/home/mcr2/ros2_utilities_ws/install/ros_gz:/home/mcr2/ros2_utilities_ws/install/ros_gz_sim_demos:/home/mcr2/ros2_utilities_ws/install/ros_gz_sim:/home/mcr2/ros2_utilities_ws/install/ros_gz_image:/home/mcr2/ros2_utilities_ws/install/ros_gz_bridge:/home/mcr2/ros2_utilities_ws/install/ros_gz_interfaces:/home/mcr2/ros2_utilities_ws/install/micro_ros_setup:/home/mcr2/ros2_utilities_ws/install/micro_ros_agent:/home/mcr2/ros2_utilities_ws/install/micro_ros_msgs:/home/mcr2/ros2_utilities_ws/install/aruco_ros:/home/mcr2/ros2_utilities_ws/install/aruco_msgs:/home/mcr2/ros2_utilities_ws/install/aruco:/opt/ros/humble LD_LIBRARY_PATH=/home/mcr2/ros2_ws/src/install/forward_command_controller/lib:/home/mcr2/ros2_ws/src/install/controller_manager/lib:/home/mcr2/ros2_ws/src/install/hardware_interface_testing/lib:/home/mcr2/ros2_ws/src/install/controller_interface/lib:/home/mcr2/ros2_ws/src/install/hardware_interface/lib:/home/mcr2/ros2_ws/src/install/realtime_tools/lib:/home/mcr2/ros2_ws/src/install/controller_manager_msgs/lib:/home/mcr2/ros2_ws/src/install/control_msgs/lib:${LD_LIBRARY_PATH} PYTHONPATH=/home/mcr2/ros2_ws/src/install/controller_manager/local/lib/python3.10/dist-packages:/home/mcr2/ros2_ws/src/install/controller_manager_msgs/local/lib/python3.10/dist-packages:/home/mcr2/ros2_ws/src/install/control_msgs/local/lib/python3.10/dist-packages:${PYTHONPATH} /usr/bin/cmake /home/mcr2/ros2_ws/src/ros-controls/ros2_controllers/velocity_controllers -DCMAKE_INSTALL_PREFIX=/home/mcr2/ros2_ws/src/install/velocity_controllers
[0.984s] -- The CXX compiler identification is GNU 11.4.0
[0.985s] -- Detecting CXX compiler ABI info
[1.611s] -- Detecting CXX compiler ABI info - done
[1.648s] -- Check for working CXX compiler: /usr/bin/c++ - skipped
[1.648s] -- Detecting CXX compile features
[1.649s] -- Detecting CXX compile features - done
[1.677s] -- Found ament_cmake: 1.3.8 (/opt/ros/humble/share/ament_cmake/cmake)
[2.475s] -- Found Python3: /usr/bin/python3 (found version "3.10.12") found components: Interpreter 
[3.318s] -- Found backward_ros: 1.0.2 (/opt/ros/humble/share/backward_ros/cmake)
[3.379s] -- Found libdw: /usr/lib/x86_64-linux-gnu/libdw.so  
[3.404s] -- Could NOT find libbfd (missing: LIBBFD_LIBRARY LIBBFD_INCLUDE_DIR) 
[3.404s] -- BACKWARD_HAS_UNWIND=1
[3.404s] -- BACKWARD_HAS_BACKTRACE=0
[3.404s] -- BACKWARD_HAS_BACKTRACE_SYMBOL=0
[3.405s] -- BACKWARD_HAS_DW=1
[3.406s] -- BACKWARD_HAS_BFD=0
[3.406s] -- Found Backward: /opt/ros/humble/share/backward_ros/cmake  
[3.410s] -- Found forward_command_controller: 2.33.0 (/home/mcr2/ros2_ws/src/install/forward_command_controller/share/forward_command_controller/cmake)
[3.697s] -- Found rosidl_generator_c: 3.1.5 (/opt/ros/humble/share/rosidl_generator_c/cmake)
[3.793s] -- Found rosidl_adapter: 3.1.5 (/opt/ros/humble/share/rosidl_adapter/cmake)
[3.849s] -- Found rosidl_generator_cpp: 3.1.5 (/opt/ros/humble/share/rosidl_generator_cpp/cmake)
[3.991s] -- Using all available rosidl_typesupport_c: rosidl_typesupport_fastrtps_c;rosidl_typesupport_introspection_c
[4.143s] -- Using all available rosidl_typesupport_cpp: rosidl_typesupport_fastrtps_cpp;rosidl_typesupport_introspection_cpp
[7.738s] -- Found rmw_implementation_cmake: 6.1.1 (/opt/ros/humble/share/rmw_implementation_cmake/cmake)
[7.793s] -- Found rmw_fastrtps_cpp: 6.2.6 (/opt/ros/humble/share/rmw_fastrtps_cpp/cmake)
[8.048s] -- Found TinyXML2 via Config file: TinyXML2_DIR-NOTFOUND
[8.394s] -- Found OpenSSL: /usr/lib/x86_64-linux-gnu/libcrypto.so (found version "3.0.2")  
[8.406s] -- Found TinyXML2 via Config file: TinyXML2_DIR-NOTFOUND
[8.487s] -- Found FastRTPS: /opt/ros/humble/include  
[8.573s] -- Found TinyXML2 via Config file: TinyXML2_DIR-NOTFOUND
[8.607s] -- Found TinyXML2 via Config file: TinyXML2_DIR-NOTFOUND
[8.698s] -- Using RMW implementation 'rmw_fastrtps_cpp' as default
[8.820s] -- Looking for C++ include pthread.h
[9.455s] -- Looking for C++ include pthread.h - found
[9.483s] -- Performing Test CMAKE_HAVE_LIBC_PTHREAD
[10.159s] -- Performing Test CMAKE_HAVE_LIBC_PTHREAD - Success
[10.163s] -- Found Threads: TRUE  
[12.116s] -- Found parameter_traits: 0.3.7 (/opt/ros/humble/share/parameter_traits/cmake)
[13.250s] -- Found ament_cmake_gmock: 1.3.8 (/opt/ros/humble/share/ament_cmake_gmock/cmake)
[13.252s] -- Found controller_manager: 2.40.0 (/home/mcr2/ros2_ws/src/install/controller_manager/share/controller_manager/cmake)
[14.372s] -- Found ros2_control_test_assets: 2.40.0 (/home/mcr2/ros2_ws/src/install/ros2_control_test_assets/share/ros2_control_test_assets/cmake)
[14.393s] -- Found gmock sources under '/opt/ros/humble/src/gmock_vendor': C++ tests using 'Google Mock' will be built
[14.596s] -- The C compiler identification is GNU 11.4.0
[14.632s] -- Detecting C compiler ABI info
[15.220s] -- Detecting C compiler ABI info - done
[15.247s] -- Check for working C compiler: /usr/bin/cc - skipped
[15.248s] -- Detecting C compile features
[15.250s] -- Detecting C compile features - done
[15.301s] -- Found ament_cmake_gtest: 1.3.8 (/opt/ros/humble/share/ament_cmake_gtest/cmake)
[15.307s] -- Found gtest sources under '/opt/ros/humble/src/gtest_vendor': C++ tests using 'Google Test' will be built
[17.083s] -- Configuring done
[17.581s] -- Generating done
[17.592s] -- Build files have been written to: /home/mcr2/ros2_ws/src/build/velocity_controllers
[17.680s] Invoked command in '/home/mcr2/ros2_ws/src/build/velocity_controllers' returned '0': AMENT_PREFIX_PATH=/home/mcr2/ros2_ws/src/install/forward_command_controller:/home/mcr2/ros2_ws/src/install/controller_manager:/home/mcr2/ros2_ws/src/install/hardware_interface_testing:/home/mcr2/ros2_ws/src/install/controller_interface:/home/mcr2/ros2_ws/src/install/hardware_interface:/home/mcr2/ros2_ws/src/install/ros2_control_test_assets:/home/mcr2/ros2_ws/src/install/realtime_tools:/home/mcr2/ros2_ws/src/install/controller_manager_msgs:/home/mcr2/ros2_ws/src/install/control_msgs:${AMENT_PREFIX_PATH} CMAKE_PREFIX_PATH=/home/mcr2/ros2_ws/src/install/forward_command_controller:/home/mcr2/ros2_ws/src/install/controller_manager:/home/mcr2/ros2_ws/src/install/hardware_interface_testing:/home/mcr2/ros2_ws/src/install/controller_interface:/home/mcr2/ros2_ws/src/install/hardware_interface:/home/mcr2/ros2_ws/src/install/ros2_control_test_assets:/home/mcr2/ros2_ws/src/install/realtime_tools:/home/mcr2/ros2_ws/src/install/controller_manager_msgs:/home/mcr2/ros2_ws/src/install/control_msgs:/home/mcr2/ros2_utilities_ws/install/ros_ign_interfaces:/home/mcr2/ros2_utilities_ws/install/ros_ign:/home/mcr2/ros2_utilities_ws/install/ros_ign_image:/home/mcr2/ros2_utilities_ws/install/ros_ign_gazebo_demos:/home/mcr2/ros2_utilities_ws/install/ros_ign_gazebo:/home/mcr2/ros2_utilities_ws/install/ros_ign_bridge:/home/mcr2/ros2_utilities_ws/install/ros_gz:/home/mcr2/ros2_utilities_ws/install/ros_gz_sim_demos:/home/mcr2/ros2_utilities_ws/install/ros_gz_sim:/home/mcr2/ros2_utilities_ws/install/ros_gz_image:/home/mcr2/ros2_utilities_ws/install/ros_gz_bridge:/home/mcr2/ros2_utilities_ws/install/ros_gz_interfaces:/home/mcr2/ros2_utilities_ws/install/micro_ros_setup:/home/mcr2/ros2_utilities_ws/install/micro_ros_agent:/home/mcr2/ros2_utilities_ws/install/micro_ros_msgs:/home/mcr2/ros2_utilities_ws/install/aruco_ros:/home/mcr2/ros2_utilities_ws/install/aruco_msgs:/home/mcr2/ros2_utilities_ws/install/aruco:/opt/ros/humble LD_LIBRARY_PATH=/home/mcr2/ros2_ws/src/install/forward_command_controller/lib:/home/mcr2/ros2_ws/src/install/controller_manager/lib:/home/mcr2/ros2_ws/src/install/hardware_interface_testing/lib:/home/mcr2/ros2_ws/src/install/controller_interface/lib:/home/mcr2/ros2_ws/src/install/hardware_interface/lib:/home/mcr2/ros2_ws/src/install/realtime_tools/lib:/home/mcr2/ros2_ws/src/install/controller_manager_msgs/lib:/home/mcr2/ros2_ws/src/install/control_msgs/lib:${LD_LIBRARY_PATH} PYTHONPATH=/home/mcr2/ros2_ws/src/install/controller_manager/local/lib/python3.10/dist-packages:/home/mcr2/ros2_ws/src/install/controller_manager_msgs/local/lib/python3.10/dist-packages:/home/mcr2/ros2_ws/src/install/control_msgs/local/lib/python3.10/dist-packages:${PYTHONPATH} /usr/bin/cmake /home/mcr2/ros2_ws/src/ros-controls/ros2_controllers/velocity_controllers -DCMAKE_INSTALL_PREFIX=/home/mcr2/ros2_ws/src/install/velocity_controllers
[17.685s] Invoking command in '/home/mcr2/ros2_ws/src/build/velocity_controllers': AMENT_PREFIX_PATH=/home/mcr2/ros2_ws/src/install/forward_command_controller:/home/mcr2/ros2_ws/src/install/controller_manager:/home/mcr2/ros2_ws/src/install/hardware_interface_testing:/home/mcr2/ros2_ws/src/install/controller_interface:/home/mcr2/ros2_ws/src/install/hardware_interface:/home/mcr2/ros2_ws/src/install/ros2_control_test_assets:/home/mcr2/ros2_ws/src/install/realtime_tools:/home/mcr2/ros2_ws/src/install/controller_manager_msgs:/home/mcr2/ros2_ws/src/install/control_msgs:${AMENT_PREFIX_PATH} CMAKE_PREFIX_PATH=/home/mcr2/ros2_ws/src/install/forward_command_controller:/home/mcr2/ros2_ws/src/install/controller_manager:/home/mcr2/ros2_ws/src/install/hardware_interface_testing:/home/mcr2/ros2_ws/src/install/controller_interface:/home/mcr2/ros2_ws/src/install/hardware_interface:/home/mcr2/ros2_ws/src/install/ros2_control_test_assets:/home/mcr2/ros2_ws/src/install/realtime_tools:/home/mcr2/ros2_ws/src/install/controller_manager_msgs:/home/mcr2/ros2_ws/src/install/control_msgs:/home/mcr2/ros2_utilities_ws/install/ros_ign_interfaces:/home/mcr2/ros2_utilities_ws/install/ros_ign:/home/mcr2/ros2_utilities_ws/install/ros_ign_image:/home/mcr2/ros2_utilities_ws/install/ros_ign_gazebo_demos:/home/mcr2/ros2_utilities_ws/install/ros_ign_gazebo:/home/mcr2/ros2_utilities_ws/install/ros_ign_bridge:/home/mcr2/ros2_utilities_ws/install/ros_gz:/home/mcr2/ros2_utilities_ws/install/ros_gz_sim_demos:/home/mcr2/ros2_utilities_ws/install/ros_gz_sim:/home/mcr2/ros2_utilities_ws/install/ros_gz_image:/home/mcr2/ros2_utilities_ws/install/ros_gz_bridge:/home/mcr2/ros2_utilities_ws/install/ros_gz_interfaces:/home/mcr2/ros2_utilities_ws/install/micro_ros_setup:/home/mcr2/ros2_utilities_ws/install/micro_ros_agent:/home/mcr2/ros2_utilities_ws/install/micro_ros_msgs:/home/mcr2/ros2_utilities_ws/install/aruco_ros:/home/mcr2/ros2_utilities_ws/install/aruco_msgs:/home/mcr2/ros2_utilities_ws/install/aruco:/opt/ros/humble LD_LIBRARY_PATH=/home/mcr2/ros2_ws/src/install/forward_command_controller/lib:/home/mcr2/ros2_ws/src/install/controller_manager/lib:/home/mcr2/ros2_ws/src/install/hardware_interface_testing/lib:/home/mcr2/ros2_ws/src/install/controller_interface/lib:/home/mcr2/ros2_ws/src/install/hardware_interface/lib:/home/mcr2/ros2_ws/src/install/realtime_tools/lib:/home/mcr2/ros2_ws/src/install/controller_manager_msgs/lib:/home/mcr2/ros2_ws/src/install/control_msgs/lib:${LD_LIBRARY_PATH} PYTHONPATH=/home/mcr2/ros2_ws/src/install/controller_manager/local/lib/python3.10/dist-packages:/home/mcr2/ros2_ws/src/install/controller_manager_msgs/local/lib/python3.10/dist-packages:/home/mcr2/ros2_ws/src/install/control_msgs/local/lib/python3.10/dist-packages:${PYTHONPATH} /usr/bin/cmake --build /home/mcr2/ros2_ws/src/build/velocity_controllers -- -j4 -l4
[18.055s] [  9%] [32mBuilding CXX object CMakeFiles/velocity_controllers.dir/src/joint_group_velocity_controller.cpp.o[0m
[32.185s] [ 18%] [32m[1mLinking CXX shared library libvelocity_controllers.so[0m
[33.851s] [ 18%] Built target velocity_controllers
[33.964s] [ 27%] [32mBuilding CXX object gmock/CMakeFiles/gmock.dir/opt/ros/humble/src/gtest_vendor/src/gtest-all.cc.o[0m
[47.541s] [ 36%] [32mBuilding CXX object gmock/CMakeFiles/gmock.dir/src/gmock-all.cc.o[0m
[56.108s] [ 45%] [32m[1mLinking CXX static library libgmock.a[0m
[56.637s] [ 45%] Built target gmock
[56.792s] [ 54%] [32mBuilding CXX object gmock/CMakeFiles/gmock_main.dir/src/gmock_main.cc.o[0m
[62.508s] [ 63%] [32m[1mLinking CXX static library libgmock_main.a[0m
[62.881s] [ 63%] Built target gmock_main
[63.043s] [ 72%] [32mBuilding CXX object CMakeFiles/test_load_joint_group_velocity_controller.dir/test/test_load_joint_group_velocity_controller.cpp.o[0m
[88.778s] [ 81%] [32m[1mLinking CXX executable test_load_joint_group_velocity_controller[0m
[95.440s] [ 81%] Built target test_load_joint_group_velocity_controller
[95.678s] [ 90%] [32mBuilding CXX object CMakeFiles/test_joint_group_velocity_controller.dir/test/test_joint_group_velocity_controller.cpp.o[0m
[127.355s] [100%] [32m[1mLinking CXX executable test_joint_group_velocity_controller[0m
[130.402s] [100%] Built target test_joint_group_velocity_controller
[130.487s] Invoked command in '/home/mcr2/ros2_ws/src/build/velocity_controllers' returned '0': AMENT_PREFIX_PATH=/home/mcr2/ros2_ws/src/install/forward_command_controller:/home/mcr2/ros2_ws/src/install/controller_manager:/home/mcr2/ros2_ws/src/install/hardware_interface_testing:/home/mcr2/ros2_ws/src/install/controller_interface:/home/mcr2/ros2_ws/src/install/hardware_interface:/home/mcr2/ros2_ws/src/install/ros2_control_test_assets:/home/mcr2/ros2_ws/src/install/realtime_tools:/home/mcr2/ros2_ws/src/install/controller_manager_msgs:/home/mcr2/ros2_ws/src/install/control_msgs:${AMENT_PREFIX_PATH} CMAKE_PREFIX_PATH=/home/mcr2/ros2_ws/src/install/forward_command_controller:/home/mcr2/ros2_ws/src/install/controller_manager:/home/mcr2/ros2_ws/src/install/hardware_interface_testing:/home/mcr2/ros2_ws/src/install/controller_interface:/home/mcr2/ros2_ws/src/install/hardware_interface:/home/mcr2/ros2_ws/src/install/ros2_control_test_assets:/home/mcr2/ros2_ws/src/install/realtime_tools:/home/mcr2/ros2_ws/src/install/controller_manager_msgs:/home/mcr2/ros2_ws/src/install/control_msgs:/home/mcr2/ros2_utilities_ws/install/ros_ign_interfaces:/home/mcr2/ros2_utilities_ws/install/ros_ign:/home/mcr2/ros2_utilities_ws/install/ros_ign_image:/home/mcr2/ros2_utilities_ws/install/ros_ign_gazebo_demos:/home/mcr2/ros2_utilities_ws/install/ros_ign_gazebo:/home/mcr2/ros2_utilities_ws/install/ros_ign_bridge:/home/mcr2/ros2_utilities_ws/install/ros_gz:/home/mcr2/ros2_utilities_ws/install/ros_gz_sim_demos:/home/mcr2/ros2_utilities_ws/install/ros_gz_sim:/home/mcr2/ros2_utilities_ws/install/ros_gz_image:/home/mcr2/ros2_utilities_ws/install/ros_gz_bridge:/home/mcr2/ros2_utilities_ws/install/ros_gz_interfaces:/home/mcr2/ros2_utilities_ws/install/micro_ros_setup:/home/mcr2/ros2_utilities_ws/install/micro_ros_agent:/home/mcr2/ros2_utilities_ws/install/micro_ros_msgs:/home/mcr2/ros2_utilities_ws/install/aruco_ros:/home/mcr2/ros2_utilities_ws/install/aruco_msgs:/home/mcr2/ros2_utilities_ws/install/aruco:/opt/ros/humble LD_LIBRARY_PATH=/home/mcr2/ros2_ws/src/install/forward_command_controller/lib:/home/mcr2/ros2_ws/src/install/controller_manager/lib:/home/mcr2/ros2_ws/src/install/hardware_interface_testing/lib:/home/mcr2/ros2_ws/src/install/controller_interface/lib:/home/mcr2/ros2_ws/src/install/hardware_interface/lib:/home/mcr2/ros2_ws/src/install/realtime_tools/lib:/home/mcr2/ros2_ws/src/install/controller_manager_msgs/lib:/home/mcr2/ros2_ws/src/install/control_msgs/lib:${LD_LIBRARY_PATH} PYTHONPATH=/home/mcr2/ros2_ws/src/install/controller_manager/local/lib/python3.10/dist-packages:/home/mcr2/ros2_ws/src/install/controller_manager_msgs/local/lib/python3.10/dist-packages:/home/mcr2/ros2_ws/src/install/control_msgs/local/lib/python3.10/dist-packages:${PYTHONPATH} /usr/bin/cmake --build /home/mcr2/ros2_ws/src/build/velocity_controllers -- -j4 -l4
[130.712s] Invoking command in '/home/mcr2/ros2_ws/src/build/velocity_controllers': AMENT_PREFIX_PATH=/home/mcr2/ros2_ws/src/install/forward_command_controller:/home/mcr2/ros2_ws/src/install/controller_manager:/home/mcr2/ros2_ws/src/install/hardware_interface_testing:/home/mcr2/ros2_ws/src/install/controller_interface:/home/mcr2/ros2_ws/src/install/hardware_interface:/home/mcr2/ros2_ws/src/install/ros2_control_test_assets:/home/mcr2/ros2_ws/src/install/realtime_tools:/home/mcr2/ros2_ws/src/install/controller_manager_msgs:/home/mcr2/ros2_ws/src/install/control_msgs:${AMENT_PREFIX_PATH} CMAKE_PREFIX_PATH=/home/mcr2/ros2_ws/src/install/forward_command_controller:/home/mcr2/ros2_ws/src/install/controller_manager:/home/mcr2/ros2_ws/src/install/hardware_interface_testing:/home/mcr2/ros2_ws/src/install/controller_interface:/home/mcr2/ros2_ws/src/install/hardware_interface:/home/mcr2/ros2_ws/src/install/ros2_control_test_assets:/home/mcr2/ros2_ws/src/install/realtime_tools:/home/mcr2/ros2_ws/src/install/controller_manager_msgs:/home/mcr2/ros2_ws/src/install/control_msgs:/home/mcr2/ros2_utilities_ws/install/ros_ign_interfaces:/home/mcr2/ros2_utilities_ws/install/ros_ign:/home/mcr2/ros2_utilities_ws/install/ros_ign_image:/home/mcr2/ros2_utilities_ws/install/ros_ign_gazebo_demos:/home/mcr2/ros2_utilities_ws/install/ros_ign_gazebo:/home/mcr2/ros2_utilities_ws/install/ros_ign_bridge:/home/mcr2/ros2_utilities_ws/install/ros_gz:/home/mcr2/ros2_utilities_ws/install/ros_gz_sim_demos:/home/mcr2/ros2_utilities_ws/install/ros_gz_sim:/home/mcr2/ros2_utilities_ws/install/ros_gz_image:/home/mcr2/ros2_utilities_ws/install/ros_gz_bridge:/home/mcr2/ros2_utilities_ws/install/ros_gz_interfaces:/home/mcr2/ros2_utilities_ws/install/micro_ros_setup:/home/mcr2/ros2_utilities_ws/install/micro_ros_agent:/home/mcr2/ros2_utilities_ws/install/micro_ros_msgs:/home/mcr2/ros2_utilities_ws/install/aruco_ros:/home/mcr2/ros2_utilities_ws/install/aruco_msgs:/home/mcr2/ros2_utilities_ws/install/aruco:/opt/ros/humble LD_LIBRARY_PATH=/home/mcr2/ros2_ws/src/install/forward_command_controller/lib:/home/mcr2/ros2_ws/src/install/controller_manager/lib:/home/mcr2/ros2_ws/src/install/hardware_interface_testing/lib:/home/mcr2/ros2_ws/src/install/controller_interface/lib:/home/mcr2/ros2_ws/src/install/hardware_interface/lib:/home/mcr2/ros2_ws/src/install/realtime_tools/lib:/home/mcr2/ros2_ws/src/install/controller_manager_msgs/lib:/home/mcr2/ros2_ws/src/install/control_msgs/lib:${LD_LIBRARY_PATH} PYTHONPATH=/home/mcr2/ros2_ws/src/install/controller_manager/local/lib/python3.10/dist-packages:/home/mcr2/ros2_ws/src/install/controller_manager_msgs/local/lib/python3.10/dist-packages:/home/mcr2/ros2_ws/src/install/control_msgs/local/lib/python3.10/dist-packages:${PYTHONPATH} /usr/bin/cmake --install /home/mcr2/ros2_ws/src/build/velocity_controllers
[130.791s] -- Install configuration: ""
[130.792s] -- Installing: /home/mcr2/ros2_ws/src/install/velocity_controllers/share/velocity_controllers/velocity_controllers_plugins.xml
[130.810s] -- Installing: /home/mcr2/ros2_ws/src/install/velocity_controllers/include/velocity_controllers
[130.811s] -- Installing: /home/mcr2/ros2_ws/src/install/velocity_controllers/include/velocity_controllers/velocity_controllers
[130.812s] -- Installing: /home/mcr2/ros2_ws/src/install/velocity_controllers/include/velocity_controllers/velocity_controllers/visibility_control.h
[130.813s] -- Installing: /home/mcr2/ros2_ws/src/install/velocity_controllers/include/velocity_controllers/velocity_controllers/joint_group_velocity_controller.hpp
[130.814s] -- Installing: /home/mcr2/ros2_ws/src/install/velocity_controllers/lib/libvelocity_controllers.so
[130.818s] -- Set runtime path of "/home/mcr2/ros2_ws/src/install/velocity_controllers/lib/libvelocity_controllers.so" to ""
[130.819s] -- Installing: /home/mcr2/ros2_ws/src/install/velocity_controllers/share/velocity_controllers/environment/library_path.sh
[130.820s] -- Installing: /home/mcr2/ros2_ws/src/install/velocity_controllers/share/velocity_controllers/environment/library_path.dsv
[130.821s] -- Installing: /home/mcr2/ros2_ws/src/install/velocity_controllers/share/ament_index/resource_index/package_run_dependencies/velocity_controllers
[130.825s] -- Installing: /home/mcr2/ros2_ws/src/install/velocity_controllers/share/ament_index/resource_index/parent_prefix_path/velocity_controllers
[130.826s] -- Installing: /home/mcr2/ros2_ws/src/install/velocity_controllers/share/velocity_controllers/environment/ament_prefix_path.sh
[130.828s] -- Installing: /home/mcr2/ros2_ws/src/install/velocity_controllers/share/velocity_controllers/environment/ament_prefix_path.dsv
[130.829s] -- Installing: /home/mcr2/ros2_ws/src/install/velocity_controllers/share/velocity_controllers/environment/path.sh
[130.830s] -- Installing: /home/mcr2/ros2_ws/src/install/velocity_controllers/share/velocity_controllers/environment/path.dsv
[130.835s] -- Installing: /home/mcr2/ros2_ws/src/install/velocity_controllers/share/velocity_controllers/local_setup.bash
[130.839s] -- Installing: /home/mcr2/ros2_ws/src/install/velocity_controllers/share/velocity_controllers/local_setup.sh
[130.839s] -- Installing: /home/mcr2/ros2_ws/src/install/velocity_controllers/share/velocity_controllers/local_setup.zsh
[130.839s] -- Installing: /home/mcr2/ros2_ws/src/install/velocity_controllers/share/velocity_controllers/local_setup.dsv
[130.840s] -- Installing: /home/mcr2/ros2_ws/src/install/velocity_controllers/share/velocity_controllers/package.dsv
[130.855s] -- Installing: /home/mcr2/ros2_ws/src/install/velocity_controllers/share/ament_index/resource_index/packages/velocity_controllers
[130.856s] -- Installing: /home/mcr2/ros2_ws/src/install/velocity_controllers/share/ament_index/resource_index/controller_interface__pluginlib__plugin/velocity_controllers
[130.856s] -- Installing: /home/mcr2/ros2_ws/src/install/velocity_controllers/share/velocity_controllers/cmake/export_velocity_controllersExport.cmake
[130.856s] -- Installing: /home/mcr2/ros2_ws/src/install/velocity_controllers/share/velocity_controllers/cmake/export_velocity_controllersExport-noconfig.cmake
[130.856s] -- Installing: /home/mcr2/ros2_ws/src/install/velocity_controllers/share/velocity_controllers/cmake/ament_cmake_export_targets-extras.cmake
[130.861s] -- Installing: /home/mcr2/ros2_ws/src/install/velocity_controllers/share/velocity_controllers/cmake/ament_cmake_export_dependencies-extras.cmake
[130.861s] -- Installing: /home/mcr2/ros2_ws/src/install/velocity_controllers/share/velocity_controllers/cmake/velocity_controllersConfig.cmake
[130.861s] -- Installing: /home/mcr2/ros2_ws/src/install/velocity_controllers/share/velocity_controllers/cmake/velocity_controllersConfig-version.cmake
[130.874s] -- Installing: /home/mcr2/ros2_ws/src/install/velocity_controllers/share/velocity_controllers/package.xml
[130.878s] Invoked command in '/home/mcr2/ros2_ws/src/build/velocity_controllers' returned '0': AMENT_PREFIX_PATH=/home/mcr2/ros2_ws/src/install/forward_command_controller:/home/mcr2/ros2_ws/src/install/controller_manager:/home/mcr2/ros2_ws/src/install/hardware_interface_testing:/home/mcr2/ros2_ws/src/install/controller_interface:/home/mcr2/ros2_ws/src/install/hardware_interface:/home/mcr2/ros2_ws/src/install/ros2_control_test_assets:/home/mcr2/ros2_ws/src/install/realtime_tools:/home/mcr2/ros2_ws/src/install/controller_manager_msgs:/home/mcr2/ros2_ws/src/install/control_msgs:${AMENT_PREFIX_PATH} CMAKE_PREFIX_PATH=/home/mcr2/ros2_ws/src/install/forward_command_controller:/home/mcr2/ros2_ws/src/install/controller_manager:/home/mcr2/ros2_ws/src/install/hardware_interface_testing:/home/mcr2/ros2_ws/src/install/controller_interface:/home/mcr2/ros2_ws/src/install/hardware_interface:/home/mcr2/ros2_ws/src/install/ros2_control_test_assets:/home/mcr2/ros2_ws/src/install/realtime_tools:/home/mcr2/ros2_ws/src/install/controller_manager_msgs:/home/mcr2/ros2_ws/src/install/control_msgs:/home/mcr2/ros2_utilities_ws/install/ros_ign_interfaces:/home/mcr2/ros2_utilities_ws/install/ros_ign:/home/mcr2/ros2_utilities_ws/install/ros_ign_image:/home/mcr2/ros2_utilities_ws/install/ros_ign_gazebo_demos:/home/mcr2/ros2_utilities_ws/install/ros_ign_gazebo:/home/mcr2/ros2_utilities_ws/install/ros_ign_bridge:/home/mcr2/ros2_utilities_ws/install/ros_gz:/home/mcr2/ros2_utilities_ws/install/ros_gz_sim_demos:/home/mcr2/ros2_utilities_ws/install/ros_gz_sim:/home/mcr2/ros2_utilities_ws/install/ros_gz_image:/home/mcr2/ros2_utilities_ws/install/ros_gz_bridge:/home/mcr2/ros2_utilities_ws/install/ros_gz_interfaces:/home/mcr2/ros2_utilities_ws/install/micro_ros_setup:/home/mcr2/ros2_utilities_ws/install/micro_ros_agent:/home/mcr2/ros2_utilities_ws/install/micro_ros_msgs:/home/mcr2/ros2_utilities_ws/install/aruco_ros:/home/mcr2/ros2_utilities_ws/install/aruco_msgs:/home/mcr2/ros2_utilities_ws/install/aruco:/opt/ros/humble LD_LIBRARY_PATH=/home/mcr2/ros2_ws/src/install/forward_command_controller/lib:/home/mcr2/ros2_ws/src/install/controller_manager/lib:/home/mcr2/ros2_ws/src/install/hardware_interface_testing/lib:/home/mcr2/ros2_ws/src/install/controller_interface/lib:/home/mcr2/ros2_ws/src/install/hardware_interface/lib:/home/mcr2/ros2_ws/src/install/realtime_tools/lib:/home/mcr2/ros2_ws/src/install/controller_manager_msgs/lib:/home/mcr2/ros2_ws/src/install/control_msgs/lib:${LD_LIBRARY_PATH} PYTHONPATH=/home/mcr2/ros2_ws/src/install/controller_manager/local/lib/python3.10/dist-packages:/home/mcr2/ros2_ws/src/install/controller_manager_msgs/local/lib/python3.10/dist-packages:/home/mcr2/ros2_ws/src/install/control_msgs/local/lib/python3.10/dist-packages:${PYTHONPATH} /usr/bin/cmake --install /home/mcr2/ros2_ws/src/build/velocity_controllers
