[8.533s] Invoking command in '/home/mcr2/ros2_ws/src/basic_comms': PYTHONPATH=/home/mcr2/ros2_ws/src/build/basic_comms/prefix_override:/home/mcr2/ros2_ws/src/install/basic_comms/lib/python3.10/site-packages:${PYTHONPATH} /usr/bin/python3 setup.py egg_info --egg-base ../build/basic_comms build --build-base /home/mcr2/ros2_ws/src/build/basic_comms/build install --record /home/mcr2/ros2_ws/src/build/basic_comms/install.log --single-version-externally-managed
[10.569s] running egg_info
[10.569s] writing ../build/basic_comms/basic_comms.egg-info/PKG-INFO
[10.569s] writing dependency_links to ../build/basic_comms/basic_comms.egg-info/dependency_links.txt
[10.570s] writing entry points to ../build/basic_comms/basic_comms.egg-info/entry_points.txt
[10.570s] writing requirements to ../build/basic_comms/basic_comms.egg-info/requires.txt
[10.570s] writing top-level names to ../build/basic_comms/basic_comms.egg-info/top_level.txt
[10.633s] reading manifest file '../build/basic_comms/basic_comms.egg-info/SOURCES.txt'
[10.646s] writing manifest file '../build/basic_comms/basic_comms.egg-info/SOURCES.txt'
[10.648s] running build
[10.649s] running build_py
[10.650s] running install
[10.652s] /usr/lib/python3/dist-packages/setuptools/command/install.py:34: SetuptoolsDeprecationWarning: setup.py install is deprecated. Use build and pip and other standards-based tools.
[10.652s]   warnings.warn(
[10.655s] running install_lib
[10.662s] running install_data
[10.693s] running install_egg_info
[10.701s] removing '/home/mcr2/ros2_ws/src/install/basic_comms/lib/python3.10/site-packages/basic_comms-0.0.0-py3.10.egg-info' (and everything under it)
[10.712s] Copying ../build/basic_comms/basic_comms.egg-info to /home/mcr2/ros2_ws/src/install/basic_comms/lib/python3.10/site-packages/basic_comms-0.0.0-py3.10.egg-info
[10.738s] running install_scripts
[10.941s] Installing listener script to /home/mcr2/ros2_ws/src/install/basic_comms/lib/basic_comms
[10.944s] Installing talker script to /home/mcr2/ros2_ws/src/install/basic_comms/lib/basic_comms
[10.947s] writing list of installed files to '/home/mcr2/ros2_ws/src/build/basic_comms/install.log'
[12.240s] Invoked command in '/home/mcr2/ros2_ws/src/basic_comms' returned '0': PYTHONPATH=/home/mcr2/ros2_ws/src/build/basic_comms/prefix_override:/home/mcr2/ros2_ws/src/install/basic_comms/lib/python3.10/site-packages:${PYTHONPATH} /usr/bin/python3 setup.py egg_info --egg-base ../build/basic_comms build --build-base /home/mcr2/ros2_ws/src/build/basic_comms/build install --record /home/mcr2/ros2_ws/src/build/basic_comms/install.log --single-version-externally-managed
