[0.392s] Invoking command in '/home/mcr2/ros2_ws/src/build/realtime_tools': CMAKE_PREFIX_PATH=${CMAKE_PREFIX_PATH}:/opt/ros/humble /usr/bin/cmake --build /home/mcr2/ros2_ws/src/build/realtime_tools -- -j4 -l4
[0.857s] [35m[1mConsolidate compiler generated dependencies of target thread_priority[0m
[0.930s] [35m[1mConsolidate compiler generated dependencies of target realtime_tools[0m
[1.085s] [  9%] Built target thread_priority
[1.298s] [35m[1mConsolidate compiler generated dependencies of target gmock[0m
[1.363s] [ 19%] Built target realtime_tools
[1.518s] [35m[1mConsolidate compiler generated dependencies of target gmock_main[0m
[1.688s] [ 33%] Built target gmock
[1.714s] [ 42%] Built target gmock_main
[1.812s] [35m[1mConsolidate compiler generated dependencies of target realtime_box_tests[0m
[1.920s] [ 52%] Built target realtime_box_tests
[2.019s] [35m[1mConsolidate compiler generated dependencies of target realtime_publisher_tests_non_polling[0m
[2.203s] [ 61%] Built target realtime_publisher_tests_non_polling
[2.290s] [35m[1mConsolidate compiler generated dependencies of target realtime_publisher_tests[0m
[2.377s] [ 71%] Built target realtime_publisher_tests
[2.440s] [35m[1mConsolidate compiler generated dependencies of target realtime_server_goal_handle_tests[0m
[2.519s] [ 80%] Built target realtime_server_goal_handle_tests
[2.571s] [35m[1mConsolidate compiler generated dependencies of target realtime_clock_tests[0m
[2.640s] [ 90%] Built target realtime_clock_tests
[2.686s] [35m[1mConsolidate compiler generated dependencies of target realtime_buffer_tests[0m
[2.761s] [100%] Built target realtime_buffer_tests
[3.202s] Invoked command in '/home/mcr2/ros2_ws/src/build/realtime_tools' returned '0': CMAKE_PREFIX_PATH=${CMAKE_PREFIX_PATH}:/opt/ros/humble /usr/bin/cmake --build /home/mcr2/ros2_ws/src/build/realtime_tools -- -j4 -l4
[3.653s] Invoking command in '/home/mcr2/ros2_ws/src/build/realtime_tools': CMAKE_PREFIX_PATH=${CMAKE_PREFIX_PATH}:/opt/ros/humble /usr/bin/cmake --install /home/mcr2/ros2_ws/src/build/realtime_tools
[3.706s] -- Install configuration: ""
[3.711s] -- Up-to-date: /home/mcr2/ros2_ws/src/install/realtime_tools/include/realtime_tools
[3.712s] -- Up-to-date: /home/mcr2/ros2_ws/src/install/realtime_tools/include/realtime_tools/realtime_tools
[3.713s] -- Up-to-date: /home/mcr2/ros2_ws/src/install/realtime_tools/include/realtime_tools/realtime_tools/realtime_box.h
[3.714s] -- Up-to-date: /home/mcr2/ros2_ws/src/install/realtime_tools/include/realtime_tools/realtime_tools/thread_priority.hpp
[3.714s] -- Up-to-date: /home/mcr2/ros2_ws/src/install/realtime_tools/include/realtime_tools/realtime_tools/realtime_clock.h
[3.715s] -- Up-to-date: /home/mcr2/ros2_ws/src/install/realtime_tools/include/realtime_tools/realtime_tools/realtime_buffer.h
[3.715s] -- Up-to-date: /home/mcr2/ros2_ws/src/install/realtime_tools/include/realtime_tools/realtime_tools/realtime_publisher.h
[3.716s] -- Up-to-date: /home/mcr2/ros2_ws/src/install/realtime_tools/include/realtime_tools/realtime_tools/realtime_server_goal_handle.h
[3.719s] -- Up-to-date: /home/mcr2/ros2_ws/src/install/realtime_tools/lib/librealtime_tools.so
[3.723s] -- Up-to-date: /home/mcr2/ros2_ws/src/install/realtime_tools/lib/libthread_priority.so
[3.725s] -- Up-to-date: /home/mcr2/ros2_ws/src/install/realtime_tools/share/realtime_tools/environment/library_path.sh
[3.727s] -- Up-to-date: /home/mcr2/ros2_ws/src/install/realtime_tools/share/realtime_tools/environment/library_path.dsv
[3.727s] -- Up-to-date: /home/mcr2/ros2_ws/src/install/realtime_tools/share/ament_index/resource_index/package_run_dependencies/realtime_tools
[3.729s] -- Up-to-date: /home/mcr2/ros2_ws/src/install/realtime_tools/share/ament_index/resource_index/parent_prefix_path/realtime_tools
[3.730s] -- Up-to-date: /home/mcr2/ros2_ws/src/install/realtime_tools/share/realtime_tools/environment/ament_prefix_path.sh
[3.742s] -- Up-to-date: /home/mcr2/ros2_ws/src/install/realtime_tools/share/realtime_tools/environment/ament_prefix_path.dsv
[3.743s] -- Up-to-date: /home/mcr2/ros2_ws/src/install/realtime_tools/share/realtime_tools/environment/path.sh
[3.744s] -- Up-to-date: /home/mcr2/ros2_ws/src/install/realtime_tools/share/realtime_tools/environment/path.dsv
[3.744s] -- Up-to-date: /home/mcr2/ros2_ws/src/install/realtime_tools/share/realtime_tools/local_setup.bash
[3.745s] -- Up-to-date: /home/mcr2/ros2_ws/src/install/realtime_tools/share/realtime_tools/local_setup.sh
[3.746s] -- Up-to-date: /home/mcr2/ros2_ws/src/install/realtime_tools/share/realtime_tools/local_setup.zsh
[3.746s] -- Up-to-date: /home/mcr2/ros2_ws/src/install/realtime_tools/share/realtime_tools/local_setup.dsv
[3.747s] -- Installing: /home/mcr2/ros2_ws/src/install/realtime_tools/share/realtime_tools/package.dsv
[3.765s] -- Up-to-date: /home/mcr2/ros2_ws/src/install/realtime_tools/share/ament_index/resource_index/packages/realtime_tools
[3.768s] -- Up-to-date: /home/mcr2/ros2_ws/src/install/realtime_tools/share/realtime_tools/cmake/export_realtime_toolsExport.cmake
[3.768s] -- Up-to-date: /home/mcr2/ros2_ws/src/install/realtime_tools/share/realtime_tools/cmake/export_realtime_toolsExport-noconfig.cmake
[3.769s] -- Up-to-date: /home/mcr2/ros2_ws/src/install/realtime_tools/share/realtime_tools/cmake/ament_cmake_export_targets-extras.cmake
[3.769s] -- Up-to-date: /home/mcr2/ros2_ws/src/install/realtime_tools/share/realtime_tools/cmake/ament_cmake_export_dependencies-extras.cmake
[3.770s] -- Up-to-date: /home/mcr2/ros2_ws/src/install/realtime_tools/share/realtime_tools/cmake/realtime_toolsConfig.cmake
[3.770s] -- Up-to-date: /home/mcr2/ros2_ws/src/install/realtime_tools/share/realtime_tools/cmake/realtime_toolsConfig-version.cmake
[3.771s] -- Up-to-date: /home/mcr2/ros2_ws/src/install/realtime_tools/share/realtime_tools/package.xml
[3.785s] Invoked command in '/home/mcr2/ros2_ws/src/build/realtime_tools' returned '0': CMAKE_PREFIX_PATH=${CMAKE_PREFIX_PATH}:/opt/ros/humble /usr/bin/cmake --install /home/mcr2/ros2_ws/src/build/realtime_tools
