[0.514s] Invoking command in '/home/mcr2/ros2_ws/src/build/gazebo_ros2_control': AMENT_PREFIX_PATH=/home/mcr2/ros2_ws/src/install/controller_manager:/home/mcr2/ros2_ws/src/install/controller_interface:/home/mcr2/ros2_ws/src/install/hardware_interface:/home/mcr2/ros2_ws/src/install/ros2_control_test_assets:/home/mcr2/ros2_ws/src/install/realtime_tools:/home/mcr2/ros2_ws/src/install/controller_manager_msgs:/home/mcr2/ros2_ws/src/install/control_msgs:${AMENT_PREFIX_PATH} CMAKE_PREFIX_PATH=/home/mcr2/ros2_ws/src/install/controller_manager:/home/mcr2/ros2_ws/src/install/controller_interface:/home/mcr2/ros2_ws/src/install/hardware_interface:/home/mcr2/ros2_ws/src/install/ros2_control_test_assets:/home/mcr2/ros2_ws/src/install/realtime_tools:/home/mcr2/ros2_ws/src/install/controller_manager_msgs:/home/mcr2/ros2_ws/src/install/control_msgs:/home/mcr2/ros2_utilities_ws/install/ros_ign_interfaces:/home/mcr2/ros2_utilities_ws/install/ros_ign:/home/mcr2/ros2_utilities_ws/install/ros_ign_image:/home/mcr2/ros2_utilities_ws/install/ros_ign_gazebo_demos:/home/mcr2/ros2_utilities_ws/install/ros_ign_gazebo:/home/mcr2/ros2_utilities_ws/install/ros_ign_bridge:/home/mcr2/ros2_utilities_ws/install/ros_gz:/home/mcr2/ros2_utilities_ws/install/ros_gz_sim_demos:/home/mcr2/ros2_utilities_ws/install/ros_gz_sim:/home/mcr2/ros2_utilities_ws/install/ros_gz_image:/home/mcr2/ros2_utilities_ws/install/ros_gz_bridge:/home/mcr2/ros2_utilities_ws/install/ros_gz_interfaces:/home/mcr2/ros2_utilities_ws/install/micro_ros_setup:/home/mcr2/ros2_utilities_ws/install/micro_ros_agent:/home/mcr2/ros2_utilities_ws/install/micro_ros_msgs:/home/mcr2/ros2_utilities_ws/install/aruco_ros:/home/mcr2/ros2_utilities_ws/install/aruco_msgs:/home/mcr2/ros2_utilities_ws/install/aruco:/opt/ros/humble LD_LIBRARY_PATH=/home/mcr2/ros2_ws/src/install/controller_manager/lib:/home/mcr2/ros2_ws/src/install/controller_interface/lib:/home/mcr2/ros2_ws/src/install/hardware_interface/lib:/home/mcr2/ros2_ws/src/install/realtime_tools/lib:/home/mcr2/ros2_ws/src/install/controller_manager_msgs/lib:/home/mcr2/ros2_ws/src/install/control_msgs/lib:${LD_LIBRARY_PATH} PYTHONPATH=/home/mcr2/ros2_ws/src/install/controller_manager/local/lib/python3.10/dist-packages:/home/mcr2/ros2_ws/src/install/controller_manager_msgs/local/lib/python3.10/dist-packages:/home/mcr2/ros2_ws/src/install/control_msgs/local/lib/python3.10/dist-packages:${PYTHONPATH} /usr/bin/cmake /home/mcr2/ros2_ws/src/ros-controls/gazebo_ros2_control/gazebo_ros2_control -DCMAKE_INSTALL_PREFIX=/home/mcr2/ros2_ws/src/install/gazebo_ros2_control
[0.965s] -- The C compiler identification is GNU 11.4.0
[1.272s] -- The CXX compiler identification is GNU 11.4.0
[1.296s] -- Detecting C compiler ABI info
[1.850s] -- Detecting C compiler ABI info - done
[1.894s] -- Check for working C compiler: /usr/bin/cc - skipped
[1.894s] -- Detecting C compile features
[1.895s] -- Detecting C compile features - done
[1.919s] -- Detecting CXX compiler ABI info
[2.409s] -- Detecting CXX compiler ABI info - done
[2.464s] -- Check for working CXX compiler: /usr/bin/c++ - skipped
[2.464s] -- Detecting CXX compile features
[2.465s] -- Detecting CXX compile features - done
[2.484s] -- Found ament_cmake: 1.3.8 (/opt/ros/humble/share/ament_cmake/cmake)
[3.312s] -- Found Python3: /usr/bin/python3 (found version "3.10.12") found components: Interpreter 
[4.102s] -- Found angles: 1.15.0 (/opt/ros/humble/share/angles/cmake)
[4.110s] -- Found controller_manager: 2.40.0 (/home/mcr2/ros2_ws/src/install/controller_manager/share/controller_manager/cmake)
[4.611s] -- Found rosidl_generator_c: 3.1.5 (/opt/ros/humble/share/rosidl_generator_c/cmake)
[4.635s] -- Found rosidl_adapter: 3.1.5 (/opt/ros/humble/share/rosidl_adapter/cmake)
[4.776s] -- Found rosidl_generator_cpp: 3.1.5 (/opt/ros/humble/share/rosidl_generator_cpp/cmake)
[4.917s] -- Using all available rosidl_typesupport_c: rosidl_typesupport_fastrtps_c;rosidl_typesupport_introspection_c
[5.054s] -- Using all available rosidl_typesupport_cpp: rosidl_typesupport_fastrtps_cpp;rosidl_typesupport_introspection_cpp
[8.383s] -- Found rmw_implementation_cmake: 6.1.1 (/opt/ros/humble/share/rmw_implementation_cmake/cmake)
[8.414s] -- Found rmw_fastrtps_cpp: 6.2.6 (/opt/ros/humble/share/rmw_fastrtps_cpp/cmake)
[8.634s] -- Found TinyXML2 via Config file: TinyXML2_DIR-NOTFOUND
[8.981s] -- Found OpenSSL: /usr/lib/x86_64-linux-gnu/libcrypto.so (found version "3.0.2")  
[9.019s] -- Found TinyXML2 via Config file: TinyXML2_DIR-NOTFOUND
[9.107s] -- Found FastRTPS: /opt/ros/humble/include  
[9.139s] -- Found TinyXML2 via Config file: TinyXML2_DIR-NOTFOUND
[9.166s] -- Found TinyXML2 via Config file: TinyXML2_DIR-NOTFOUND
[9.233s] -- Using RMW implementation 'rmw_fastrtps_cpp' as default
[9.353s] -- Looking for pthread.h
[9.930s] -- Looking for pthread.h - found
[9.931s] -- Performing Test CMAKE_HAVE_LIBC_PTHREAD
[10.380s] -- Performing Test CMAKE_HAVE_LIBC_PTHREAD - Success
[10.386s] -- Found Threads: TRUE  
[13.555s] -- Found gazebo_dev: 3.7.0 (/opt/ros/humble/share/gazebo_dev/cmake)
[13.622s] -- Found PkgConfig: /usr/bin/pkg-config (found version "0.29.2") 
[13.633s] -- Checking for module 'bullet>=2.82'
[13.724s] --   Found bullet, version 3.05
[14.604s] -- Found fcl: /usr/include (found suitable version "0.7.0", minimum required is "0.5.0") 
[14.970s] -- Found assimp: /usr/include (found version "5.2.0") 
[15.267s] -- Found DART: /usr/include (Required is at least version "6.6") found components: dart 
[15.593s] -- Found Boost: /usr/lib/x86_64-linux-gnu/cmake/Boost-1.74.0/BoostConfig.cmake (found suitable version "1.74.0", minimum required is "1.40.0") found components: thread system filesystem program_options regex iostreams date_time 
[15.810s] -- Found Protobuf: /usr/lib/x86_64-linux-gnu/libprotobuf.so (found version "3.12.4") 
[15.997s] -- Looking for ignition-math6 -- found version 6.15.1
[16.163s] -- Searching for dependencies of ignition-math6
[16.184s] -- Looking for OGRE...
[16.197s] -- OGRE_PREFIX_WATCH changed.
[16.275s] -- Checking for module 'OGRE'
[16.411s] --   Found OGRE, version 1.9.0
[16.601s] -- Found Ogre Ghadamon (1.9.0)
[16.640s] -- Found OGRE: optimized;/usr/lib/x86_64-linux-gnu/libOgreMain.so;debug;/usr/lib/x86_64-linux-gnu/libOgreMain.so
[16.672s] -- Looking for OGRE_Paging...
[16.740s] -- Found OGRE_Paging: optimized;/usr/lib/x86_64-linux-gnu/libOgrePaging.so;debug;/usr/lib/x86_64-linux-gnu/libOgrePaging.so
[16.740s] -- Looking for OGRE_Terrain...
[16.774s] -- Found OGRE_Terrain: optimized;/usr/lib/x86_64-linux-gnu/libOgreTerrain.so;debug;/usr/lib/x86_64-linux-gnu/libOgreTerrain.so
[16.774s] -- Looking for OGRE_Property...
[16.820s] -- Found OGRE_Property: optimized;/usr/lib/x86_64-linux-gnu/libOgreProperty.so;debug;/usr/lib/x86_64-linux-gnu/libOgreProperty.so
[16.820s] -- Looking for OGRE_RTShaderSystem...
[16.864s] -- Found OGRE_RTShaderSystem: optimized;/usr/lib/x86_64-linux-gnu/libOgreRTShaderSystem.so;debug;/usr/lib/x86_64-linux-gnu/libOgreRTShaderSystem.so
[16.864s] -- Looking for OGRE_Volume...
[16.891s] -- Found OGRE_Volume: optimized;/usr/lib/x86_64-linux-gnu/libOgreVolume.so;debug;/usr/lib/x86_64-linux-gnu/libOgreVolume.so
[16.891s] -- Looking for OGRE_Overlay...
[16.923s] -- Found OGRE_Overlay: optimized;/usr/lib/x86_64-linux-gnu/libOgreOverlay.so;debug;/usr/lib/x86_64-linux-gnu/libOgreOverlay.so
[18.013s] -- Looking for ignition-math6 -- found version 6.15.1
[18.042s] -- Looking for ignition-transport8 -- found version 8.2.1
[18.042s] -- Searching for dependencies of ignition-transport8
[18.163s] -- Found Protobuf: /usr/lib/x86_64-linux-gnu/libprotobuf.so (found suitable version "3.12.4", minimum required is "3") 
[18.233s] -- Config-file not installed for ZeroMQ -- checking for pkg-config
[18.269s] -- Checking for module 'libzmq >= 4'
[18.381s] --   Found libzmq , version 4.3.4
[18.676s] -- Found ZeroMQ: TRUE (Required is at least version "4") 
[18.736s] -- Checking for module 'uuid'
[18.851s] --   Found uuid, version 2.37.2
[19.116s] -- Found UUID: TRUE  
[19.144s] -- Looking for ignition-msgs5 -- found version 5.8.1
[19.146s] -- Searching for dependencies of ignition-msgs5
[19.317s] -- Looking for ignition-math6 -- found version 6.15.1
[19.340s] -- Checking for module 'tinyxml2'
[19.447s] --   Found tinyxml2, version 9.0.0
[19.744s] -- Looking for ignition-msgs5 -- found version 5.8.1
[19.799s] -- Looking for ignition-common3 -- found version 3.14.0
[19.801s] -- Searching for dependencies of ignition-common3
[19.808s] -- Looking for dlfcn.h - found
[19.817s] -- Looking for libdl - found
[19.823s] -- Found DL: TRUE  
[19.910s] -- Found tinyobjloader: /usr/lib/x86_64-linux-gnu/cmake/tinyobjloader/tinyobjloader-config.cmake (found version "2.0.0") 
[19.916s] -- Searching for <ignition-common3> component [graphics]
[19.941s] -- Looking for ignition-common3-graphics -- found version 3.14.0
[19.944s] -- Searching for dependencies of ignition-common3-graphics
[19.946s] -- Looking for ignition-math6 -- found version 6.15.1
[20.019s] -- Looking for ignition-fuel_tools4 -- found version 4.4.0
[20.019s] -- Searching for dependencies of ignition-fuel_tools4
[20.612s] -- Found CURL: /usr/lib/x86_64-linux-gnu/libcurl.so (found version "7.81.0")  
[20.688s] -- Checking for module 'jsoncpp'
[20.796s] --   Found jsoncpp, version 1.9.5
[21.047s] -- Found JSONCPP: TRUE  
[21.069s] -- Checking for module 'libzip'
[21.157s] --   Found libzip, version 1.7.3
[21.412s] -- Found ZIP: TRUE  
[21.414s] -- Looking for ignition-common3 -- found version 3.14.0
[21.416s] -- Looking for ignition-math6 -- found version 6.15.1
[21.418s] -- Looking for ignition-msgs5 -- found version 5.8.1
[21.483s] -- Gazebo version: 11.10
[21.486s] -- Checking for module 'tbb'
[21.644s] --   Found tbb, version 2021.5.0
[22.066s] -- Found gazebo_ros: 3.7.0 (/opt/ros/humble/share/gazebo_ros/cmake)
[22.139s] -- Found yaml_cpp_vendor: 8.0.2 (/opt/ros/humble/share/yaml_cpp_vendor/cmake)
[25.284s] -- Found ament_cmake_gtest: 1.3.8 (/opt/ros/humble/share/ament_cmake_gtest/cmake)
[25.309s] -- Found ament_lint_auto: 0.12.10 (/opt/ros/humble/share/ament_lint_auto/cmake)
[26.248s] -- Added test 'copyright' to check source files copyright and LICENSE
[26.260s] -- Added test 'cppcheck' to perform static code analysis on C / C++ code
[26.262s] -- Configured cppcheck include dirs: /home/mcr2/ros2_ws/src/ros-controls/gazebo_ros2_control/gazebo_ros2_control/include
[26.262s] -- Configured cppcheck exclude dirs and/or files: 
[26.280s] -- Added test 'cpplint' to check C / C++ code against the Google style
[26.280s] -- Configured cpplint exclude dirs and/or files: 
[26.292s] -- Added test 'lint_cmake' to check CMake code style
[26.301s] -- Added test 'uncrustify' to check C / C++ code style
[26.301s] -- Configured uncrustify additional arguments: 
[26.305s] -- Added test 'xmllint' to check XML markup files
[26.317s] -- Configuring done
[27.032s] -- Generating done
[27.043s] -- Build files have been written to: /home/mcr2/ros2_ws/src/build/gazebo_ros2_control
[27.113s] Invoked command in '/home/mcr2/ros2_ws/src/build/gazebo_ros2_control' returned '0': AMENT_PREFIX_PATH=/home/mcr2/ros2_ws/src/install/controller_manager:/home/mcr2/ros2_ws/src/install/controller_interface:/home/mcr2/ros2_ws/src/install/hardware_interface:/home/mcr2/ros2_ws/src/install/ros2_control_test_assets:/home/mcr2/ros2_ws/src/install/realtime_tools:/home/mcr2/ros2_ws/src/install/controller_manager_msgs:/home/mcr2/ros2_ws/src/install/control_msgs:${AMENT_PREFIX_PATH} CMAKE_PREFIX_PATH=/home/mcr2/ros2_ws/src/install/controller_manager:/home/mcr2/ros2_ws/src/install/controller_interface:/home/mcr2/ros2_ws/src/install/hardware_interface:/home/mcr2/ros2_ws/src/install/ros2_control_test_assets:/home/mcr2/ros2_ws/src/install/realtime_tools:/home/mcr2/ros2_ws/src/install/controller_manager_msgs:/home/mcr2/ros2_ws/src/install/control_msgs:/home/mcr2/ros2_utilities_ws/install/ros_ign_interfaces:/home/mcr2/ros2_utilities_ws/install/ros_ign:/home/mcr2/ros2_utilities_ws/install/ros_ign_image:/home/mcr2/ros2_utilities_ws/install/ros_ign_gazebo_demos:/home/mcr2/ros2_utilities_ws/install/ros_ign_gazebo:/home/mcr2/ros2_utilities_ws/install/ros_ign_bridge:/home/mcr2/ros2_utilities_ws/install/ros_gz:/home/mcr2/ros2_utilities_ws/install/ros_gz_sim_demos:/home/mcr2/ros2_utilities_ws/install/ros_gz_sim:/home/mcr2/ros2_utilities_ws/install/ros_gz_image:/home/mcr2/ros2_utilities_ws/install/ros_gz_bridge:/home/mcr2/ros2_utilities_ws/install/ros_gz_interfaces:/home/mcr2/ros2_utilities_ws/install/micro_ros_setup:/home/mcr2/ros2_utilities_ws/install/micro_ros_agent:/home/mcr2/ros2_utilities_ws/install/micro_ros_msgs:/home/mcr2/ros2_utilities_ws/install/aruco_ros:/home/mcr2/ros2_utilities_ws/install/aruco_msgs:/home/mcr2/ros2_utilities_ws/install/aruco:/opt/ros/humble LD_LIBRARY_PATH=/home/mcr2/ros2_ws/src/install/controller_manager/lib:/home/mcr2/ros2_ws/src/install/controller_interface/lib:/home/mcr2/ros2_ws/src/install/hardware_interface/lib:/home/mcr2/ros2_ws/src/install/realtime_tools/lib:/home/mcr2/ros2_ws/src/install/controller_manager_msgs/lib:/home/mcr2/ros2_ws/src/install/control_msgs/lib:${LD_LIBRARY_PATH} PYTHONPATH=/home/mcr2/ros2_ws/src/install/controller_manager/local/lib/python3.10/dist-packages:/home/mcr2/ros2_ws/src/install/controller_manager_msgs/local/lib/python3.10/dist-packages:/home/mcr2/ros2_ws/src/install/control_msgs/local/lib/python3.10/dist-packages:${PYTHONPATH} /usr/bin/cmake /home/mcr2/ros2_ws/src/ros-controls/gazebo_ros2_control/gazebo_ros2_control -DCMAKE_INSTALL_PREFIX=/home/mcr2/ros2_ws/src/install/gazebo_ros2_control
[27.120s] Invoking command in '/home/mcr2/ros2_ws/src/build/gazebo_ros2_control': AMENT_PREFIX_PATH=/home/mcr2/ros2_ws/src/install/controller_manager:/home/mcr2/ros2_ws/src/install/controller_interface:/home/mcr2/ros2_ws/src/install/hardware_interface:/home/mcr2/ros2_ws/src/install/ros2_control_test_assets:/home/mcr2/ros2_ws/src/install/realtime_tools:/home/mcr2/ros2_ws/src/install/controller_manager_msgs:/home/mcr2/ros2_ws/src/install/control_msgs:${AMENT_PREFIX_PATH} CMAKE_PREFIX_PATH=/home/mcr2/ros2_ws/src/install/controller_manager:/home/mcr2/ros2_ws/src/install/controller_interface:/home/mcr2/ros2_ws/src/install/hardware_interface:/home/mcr2/ros2_ws/src/install/ros2_control_test_assets:/home/mcr2/ros2_ws/src/install/realtime_tools:/home/mcr2/ros2_ws/src/install/controller_manager_msgs:/home/mcr2/ros2_ws/src/install/control_msgs:/home/mcr2/ros2_utilities_ws/install/ros_ign_interfaces:/home/mcr2/ros2_utilities_ws/install/ros_ign:/home/mcr2/ros2_utilities_ws/install/ros_ign_image:/home/mcr2/ros2_utilities_ws/install/ros_ign_gazebo_demos:/home/mcr2/ros2_utilities_ws/install/ros_ign_gazebo:/home/mcr2/ros2_utilities_ws/install/ros_ign_bridge:/home/mcr2/ros2_utilities_ws/install/ros_gz:/home/mcr2/ros2_utilities_ws/install/ros_gz_sim_demos:/home/mcr2/ros2_utilities_ws/install/ros_gz_sim:/home/mcr2/ros2_utilities_ws/install/ros_gz_image:/home/mcr2/ros2_utilities_ws/install/ros_gz_bridge:/home/mcr2/ros2_utilities_ws/install/ros_gz_interfaces:/home/mcr2/ros2_utilities_ws/install/micro_ros_setup:/home/mcr2/ros2_utilities_ws/install/micro_ros_agent:/home/mcr2/ros2_utilities_ws/install/micro_ros_msgs:/home/mcr2/ros2_utilities_ws/install/aruco_ros:/home/mcr2/ros2_utilities_ws/install/aruco_msgs:/home/mcr2/ros2_utilities_ws/install/aruco:/opt/ros/humble LD_LIBRARY_PATH=/home/mcr2/ros2_ws/src/install/controller_manager/lib:/home/mcr2/ros2_ws/src/install/controller_interface/lib:/home/mcr2/ros2_ws/src/install/hardware_interface/lib:/home/mcr2/ros2_ws/src/install/realtime_tools/lib:/home/mcr2/ros2_ws/src/install/controller_manager_msgs/lib:/home/mcr2/ros2_ws/src/install/control_msgs/lib:${LD_LIBRARY_PATH} PYTHONPATH=/home/mcr2/ros2_ws/src/install/controller_manager/local/lib/python3.10/dist-packages:/home/mcr2/ros2_ws/src/install/controller_manager_msgs/local/lib/python3.10/dist-packages:/home/mcr2/ros2_ws/src/install/control_msgs/local/lib/python3.10/dist-packages:${PYTHONPATH} /usr/bin/cmake --build /home/mcr2/ros2_ws/src/build/gazebo_ros2_control -- -j4 -l4
[27.461s] [ 25%] [32mBuilding CXX object CMakeFiles/gazebo_ros2_control.dir/src/gazebo_ros2_control_plugin.cpp.o[0m
[108.902s] [ 50%] [32m[1mLinking CXX shared library libgazebo_ros2_control.so[0m
[117.758s] [ 50%] Built target gazebo_ros2_control
[117.951s] [ 75%] [32mBuilding CXX object CMakeFiles/gazebo_hardware_plugins.dir/src/gazebo_system.cpp.o[0m
[177.521s] [100%] [32m[1mLinking CXX shared library libgazebo_hardware_plugins.so[0m
[180.298s] [100%] Built target gazebo_hardware_plugins
[180.355s] Invoked command in '/home/mcr2/ros2_ws/src/build/gazebo_ros2_control' returned '0': AMENT_PREFIX_PATH=/home/mcr2/ros2_ws/src/install/controller_manager:/home/mcr2/ros2_ws/src/install/controller_interface:/home/mcr2/ros2_ws/src/install/hardware_interface:/home/mcr2/ros2_ws/src/install/ros2_control_test_assets:/home/mcr2/ros2_ws/src/install/realtime_tools:/home/mcr2/ros2_ws/src/install/controller_manager_msgs:/home/mcr2/ros2_ws/src/install/control_msgs:${AMENT_PREFIX_PATH} CMAKE_PREFIX_PATH=/home/mcr2/ros2_ws/src/install/controller_manager:/home/mcr2/ros2_ws/src/install/controller_interface:/home/mcr2/ros2_ws/src/install/hardware_interface:/home/mcr2/ros2_ws/src/install/ros2_control_test_assets:/home/mcr2/ros2_ws/src/install/realtime_tools:/home/mcr2/ros2_ws/src/install/controller_manager_msgs:/home/mcr2/ros2_ws/src/install/control_msgs:/home/mcr2/ros2_utilities_ws/install/ros_ign_interfaces:/home/mcr2/ros2_utilities_ws/install/ros_ign:/home/mcr2/ros2_utilities_ws/install/ros_ign_image:/home/mcr2/ros2_utilities_ws/install/ros_ign_gazebo_demos:/home/mcr2/ros2_utilities_ws/install/ros_ign_gazebo:/home/mcr2/ros2_utilities_ws/install/ros_ign_bridge:/home/mcr2/ros2_utilities_ws/install/ros_gz:/home/mcr2/ros2_utilities_ws/install/ros_gz_sim_demos:/home/mcr2/ros2_utilities_ws/install/ros_gz_sim:/home/mcr2/ros2_utilities_ws/install/ros_gz_image:/home/mcr2/ros2_utilities_ws/install/ros_gz_bridge:/home/mcr2/ros2_utilities_ws/install/ros_gz_interfaces:/home/mcr2/ros2_utilities_ws/install/micro_ros_setup:/home/mcr2/ros2_utilities_ws/install/micro_ros_agent:/home/mcr2/ros2_utilities_ws/install/micro_ros_msgs:/home/mcr2/ros2_utilities_ws/install/aruco_ros:/home/mcr2/ros2_utilities_ws/install/aruco_msgs:/home/mcr2/ros2_utilities_ws/install/aruco:/opt/ros/humble LD_LIBRARY_PATH=/home/mcr2/ros2_ws/src/install/controller_manager/lib:/home/mcr2/ros2_ws/src/install/controller_interface/lib:/home/mcr2/ros2_ws/src/install/hardware_interface/lib:/home/mcr2/ros2_ws/src/install/realtime_tools/lib:/home/mcr2/ros2_ws/src/install/controller_manager_msgs/lib:/home/mcr2/ros2_ws/src/install/control_msgs/lib:${LD_LIBRARY_PATH} PYTHONPATH=/home/mcr2/ros2_ws/src/install/controller_manager/local/lib/python3.10/dist-packages:/home/mcr2/ros2_ws/src/install/controller_manager_msgs/local/lib/python3.10/dist-packages:/home/mcr2/ros2_ws/src/install/control_msgs/local/lib/python3.10/dist-packages:${PYTHONPATH} /usr/bin/cmake --build /home/mcr2/ros2_ws/src/build/gazebo_ros2_control -- -j4 -l4
[180.514s] Invoking command in '/home/mcr2/ros2_ws/src/build/gazebo_ros2_control': AMENT_PREFIX_PATH=/home/mcr2/ros2_ws/src/install/controller_manager:/home/mcr2/ros2_ws/src/install/controller_interface:/home/mcr2/ros2_ws/src/install/hardware_interface:/home/mcr2/ros2_ws/src/install/ros2_control_test_assets:/home/mcr2/ros2_ws/src/install/realtime_tools:/home/mcr2/ros2_ws/src/install/controller_manager_msgs:/home/mcr2/ros2_ws/src/install/control_msgs:${AMENT_PREFIX_PATH} CMAKE_PREFIX_PATH=/home/mcr2/ros2_ws/src/install/controller_manager:/home/mcr2/ros2_ws/src/install/controller_interface:/home/mcr2/ros2_ws/src/install/hardware_interface:/home/mcr2/ros2_ws/src/install/ros2_control_test_assets:/home/mcr2/ros2_ws/src/install/realtime_tools:/home/mcr2/ros2_ws/src/install/controller_manager_msgs:/home/mcr2/ros2_ws/src/install/control_msgs:/home/mcr2/ros2_utilities_ws/install/ros_ign_interfaces:/home/mcr2/ros2_utilities_ws/install/ros_ign:/home/mcr2/ros2_utilities_ws/install/ros_ign_image:/home/mcr2/ros2_utilities_ws/install/ros_ign_gazebo_demos:/home/mcr2/ros2_utilities_ws/install/ros_ign_gazebo:/home/mcr2/ros2_utilities_ws/install/ros_ign_bridge:/home/mcr2/ros2_utilities_ws/install/ros_gz:/home/mcr2/ros2_utilities_ws/install/ros_gz_sim_demos:/home/mcr2/ros2_utilities_ws/install/ros_gz_sim:/home/mcr2/ros2_utilities_ws/install/ros_gz_image:/home/mcr2/ros2_utilities_ws/install/ros_gz_bridge:/home/mcr2/ros2_utilities_ws/install/ros_gz_interfaces:/home/mcr2/ros2_utilities_ws/install/micro_ros_setup:/home/mcr2/ros2_utilities_ws/install/micro_ros_agent:/home/mcr2/ros2_utilities_ws/install/micro_ros_msgs:/home/mcr2/ros2_utilities_ws/install/aruco_ros:/home/mcr2/ros2_utilities_ws/install/aruco_msgs:/home/mcr2/ros2_utilities_ws/install/aruco:/opt/ros/humble LD_LIBRARY_PATH=/home/mcr2/ros2_ws/src/install/controller_manager/lib:/home/mcr2/ros2_ws/src/install/controller_interface/lib:/home/mcr2/ros2_ws/src/install/hardware_interface/lib:/home/mcr2/ros2_ws/src/install/realtime_tools/lib:/home/mcr2/ros2_ws/src/install/controller_manager_msgs/lib:/home/mcr2/ros2_ws/src/install/control_msgs/lib:${LD_LIBRARY_PATH} PYTHONPATH=/home/mcr2/ros2_ws/src/install/controller_manager/local/lib/python3.10/dist-packages:/home/mcr2/ros2_ws/src/install/controller_manager_msgs/local/lib/python3.10/dist-packages:/home/mcr2/ros2_ws/src/install/control_msgs/local/lib/python3.10/dist-packages:${PYTHONPATH} /usr/bin/cmake --install /home/mcr2/ros2_ws/src/build/gazebo_ros2_control
[180.558s] -- Install configuration: ""
[180.559s] -- Installing: /home/mcr2/ros2_ws/src/install/gazebo_ros2_control/lib/libgazebo_ros2_control.so
[180.574s] -- Set runtime path of "/home/mcr2/ros2_ws/src/install/gazebo_ros2_control/lib/libgazebo_ros2_control.so" to ""
[180.575s] -- Installing: /home/mcr2/ros2_ws/src/install/gazebo_ros2_control/lib/libgazebo_hardware_plugins.so
[180.585s] -- Set runtime path of "/home/mcr2/ros2_ws/src/install/gazebo_ros2_control/lib/libgazebo_hardware_plugins.so" to ""
[180.586s] -- Installing: /home/mcr2/ros2_ws/src/install/gazebo_ros2_control/share/gazebo_ros2_control/environment/library_path.sh
[180.587s] -- Installing: /home/mcr2/ros2_ws/src/install/gazebo_ros2_control/share/gazebo_ros2_control/environment/library_path.dsv
[180.588s] -- Installing: /home/mcr2/ros2_ws/src/install/gazebo_ros2_control/include/gazebo_ros2_control
[180.588s] -- Installing: /home/mcr2/ros2_ws/src/install/gazebo_ros2_control/include/gazebo_ros2_control/gazebo_ros2_control_plugin.hpp
[180.589s] -- Installing: /home/mcr2/ros2_ws/src/install/gazebo_ros2_control/include/gazebo_ros2_control/gazebo_system.hpp
[180.589s] -- Installing: /home/mcr2/ros2_ws/src/install/gazebo_ros2_control/include/gazebo_ros2_control/gazebo_system_interface.hpp
[180.599s] -- Installing: /home/mcr2/ros2_ws/src/install/gazebo_ros2_control/share/gazebo_ros2_control/gazebo_hardware_plugins.xml
[180.599s] -- Installing: /home/mcr2/ros2_ws/src/install/gazebo_ros2_control/share/ament_index/resource_index/package_run_dependencies/gazebo_ros2_control
[180.600s] -- Installing: /home/mcr2/ros2_ws/src/install/gazebo_ros2_control/share/ament_index/resource_index/parent_prefix_path/gazebo_ros2_control
[180.600s] -- Installing: /home/mcr2/ros2_ws/src/install/gazebo_ros2_control/share/gazebo_ros2_control/environment/ament_prefix_path.sh
[180.601s] -- Installing: /home/mcr2/ros2_ws/src/install/gazebo_ros2_control/share/gazebo_ros2_control/environment/ament_prefix_path.dsv
[180.604s] -- Installing: /home/mcr2/ros2_ws/src/install/gazebo_ros2_control/share/gazebo_ros2_control/environment/path.sh
[180.612s] -- Installing: /home/mcr2/ros2_ws/src/install/gazebo_ros2_control/share/gazebo_ros2_control/environment/path.dsv
[180.615s] -- Installing: /home/mcr2/ros2_ws/src/install/gazebo_ros2_control/share/gazebo_ros2_control/local_setup.bash
[180.616s] -- Installing: /home/mcr2/ros2_ws/src/install/gazebo_ros2_control/share/gazebo_ros2_control/local_setup.sh
[180.616s] -- Installing: /home/mcr2/ros2_ws/src/install/gazebo_ros2_control/share/gazebo_ros2_control/local_setup.zsh
[180.617s] -- Installing: /home/mcr2/ros2_ws/src/install/gazebo_ros2_control/share/gazebo_ros2_control/local_setup.dsv
[180.618s] -- Installing: /home/mcr2/ros2_ws/src/install/gazebo_ros2_control/share/gazebo_ros2_control/package.dsv
[180.622s] -- Installing: /home/mcr2/ros2_ws/src/install/gazebo_ros2_control/share/ament_index/resource_index/packages/gazebo_ros2_control
[180.624s] -- Installing: /home/mcr2/ros2_ws/src/install/gazebo_ros2_control/share/ament_index/resource_index/gazebo_ros2_control__pluginlib__plugin/gazebo_ros2_control
[180.625s] -- Installing: /home/mcr2/ros2_ws/src/install/gazebo_ros2_control/share/gazebo_ros2_control/cmake/ament_cmake_export_include_directories-extras.cmake
[180.626s] -- Installing: /home/mcr2/ros2_ws/src/install/gazebo_ros2_control/share/gazebo_ros2_control/cmake/ament_cmake_export_dependencies-extras.cmake
[180.626s] -- Installing: /home/mcr2/ros2_ws/src/install/gazebo_ros2_control/share/gazebo_ros2_control/cmake/ament_cmake_export_libraries-extras.cmake
[180.627s] -- Installing: /home/mcr2/ros2_ws/src/install/gazebo_ros2_control/share/gazebo_ros2_control/cmake/gazebo_ros2_controlConfig.cmake
[180.628s] -- Installing: /home/mcr2/ros2_ws/src/install/gazebo_ros2_control/share/gazebo_ros2_control/cmake/gazebo_ros2_controlConfig-version.cmake
[180.629s] -- Installing: /home/mcr2/ros2_ws/src/install/gazebo_ros2_control/share/gazebo_ros2_control/package.xml
[180.637s] Invoked command in '/home/mcr2/ros2_ws/src/build/gazebo_ros2_control' returned '0': AMENT_PREFIX_PATH=/home/mcr2/ros2_ws/src/install/controller_manager:/home/mcr2/ros2_ws/src/install/controller_interface:/home/mcr2/ros2_ws/src/install/hardware_interface:/home/mcr2/ros2_ws/src/install/ros2_control_test_assets:/home/mcr2/ros2_ws/src/install/realtime_tools:/home/mcr2/ros2_ws/src/install/controller_manager_msgs:/home/mcr2/ros2_ws/src/install/control_msgs:${AMENT_PREFIX_PATH} CMAKE_PREFIX_PATH=/home/mcr2/ros2_ws/src/install/controller_manager:/home/mcr2/ros2_ws/src/install/controller_interface:/home/mcr2/ros2_ws/src/install/hardware_interface:/home/mcr2/ros2_ws/src/install/ros2_control_test_assets:/home/mcr2/ros2_ws/src/install/realtime_tools:/home/mcr2/ros2_ws/src/install/controller_manager_msgs:/home/mcr2/ros2_ws/src/install/control_msgs:/home/mcr2/ros2_utilities_ws/install/ros_ign_interfaces:/home/mcr2/ros2_utilities_ws/install/ros_ign:/home/mcr2/ros2_utilities_ws/install/ros_ign_image:/home/mcr2/ros2_utilities_ws/install/ros_ign_gazebo_demos:/home/mcr2/ros2_utilities_ws/install/ros_ign_gazebo:/home/mcr2/ros2_utilities_ws/install/ros_ign_bridge:/home/mcr2/ros2_utilities_ws/install/ros_gz:/home/mcr2/ros2_utilities_ws/install/ros_gz_sim_demos:/home/mcr2/ros2_utilities_ws/install/ros_gz_sim:/home/mcr2/ros2_utilities_ws/install/ros_gz_image:/home/mcr2/ros2_utilities_ws/install/ros_gz_bridge:/home/mcr2/ros2_utilities_ws/install/ros_gz_interfaces:/home/mcr2/ros2_utilities_ws/install/micro_ros_setup:/home/mcr2/ros2_utilities_ws/install/micro_ros_agent:/home/mcr2/ros2_utilities_ws/install/micro_ros_msgs:/home/mcr2/ros2_utilities_ws/install/aruco_ros:/home/mcr2/ros2_utilities_ws/install/aruco_msgs:/home/mcr2/ros2_utilities_ws/install/aruco:/opt/ros/humble LD_LIBRARY_PATH=/home/mcr2/ros2_ws/src/install/controller_manager/lib:/home/mcr2/ros2_ws/src/install/controller_interface/lib:/home/mcr2/ros2_ws/src/install/hardware_interface/lib:/home/mcr2/ros2_ws/src/install/realtime_tools/lib:/home/mcr2/ros2_ws/src/install/controller_manager_msgs/lib:/home/mcr2/ros2_ws/src/install/control_msgs/lib:${LD_LIBRARY_PATH} PYTHONPATH=/home/mcr2/ros2_ws/src/install/controller_manager/local/lib/python3.10/dist-packages:/home/mcr2/ros2_ws/src/install/controller_manager_msgs/local/lib/python3.10/dist-packages:/home/mcr2/ros2_ws/src/install/control_msgs/local/lib/python3.10/dist-packages:${PYTHONPATH} /usr/bin/cmake --install /home/mcr2/ros2_ws/src/build/gazebo_ros2_control
