[0.637s] Invoking command in '/home/mcr2/ros2_ws/src/build/control_toolbox': AMENT_PREFIX_PATH=/home/mcr2/ros2_ws/src/install/realtime_tools:/home/mcr2/ros2_ws/src/install/control_msgs:${AMENT_PREFIX_PATH} CMAKE_PREFIX_PATH=/home/mcr2/ros2_ws/src/install/realtime_tools:/home/mcr2/ros2_ws/src/install/control_msgs:/home/mcr2/ros2_utilities_ws/install/ros_ign_interfaces:/home/mcr2/ros2_utilities_ws/install/ros_ign:/home/mcr2/ros2_utilities_ws/install/ros_ign_image:/home/mcr2/ros2_utilities_ws/install/ros_ign_gazebo_demos:/home/mcr2/ros2_utilities_ws/install/ros_ign_gazebo:/home/mcr2/ros2_utilities_ws/install/ros_ign_bridge:/home/mcr2/ros2_utilities_ws/install/ros_gz:/home/mcr2/ros2_utilities_ws/install/ros_gz_sim_demos:/home/mcr2/ros2_utilities_ws/install/ros_gz_sim:/home/mcr2/ros2_utilities_ws/install/ros_gz_image:/home/mcr2/ros2_utilities_ws/install/ros_gz_bridge:/home/mcr2/ros2_utilities_ws/install/ros_gz_interfaces:/home/mcr2/ros2_utilities_ws/install/micro_ros_setup:/home/mcr2/ros2_utilities_ws/install/micro_ros_agent:/home/mcr2/ros2_utilities_ws/install/micro_ros_msgs:/home/mcr2/ros2_utilities_ws/install/aruco_ros:/home/mcr2/ros2_utilities_ws/install/aruco_msgs:/home/mcr2/ros2_utilities_ws/install/aruco:/opt/ros/humble LD_LIBRARY_PATH=/home/mcr2/ros2_ws/src/install/realtime_tools/lib:/home/mcr2/ros2_ws/src/install/control_msgs/lib:${LD_LIBRARY_PATH} PYTHONPATH=/home/mcr2/ros2_ws/src/install/control_msgs/local/lib/python3.10/dist-packages:${PYTHONPATH} /usr/bin/cmake --build /home/mcr2/ros2_ws/src/build/control_toolbox -- -j4 -l4
[1.383s] [35m[1mConsolidate compiler generated dependencies of target control_toolbox[0m
[1.687s] [ 24%] Built target control_toolbox
[1.797s] [35m[1mConsolidate compiler generated dependencies of target gmock[0m
[1.958s] [ 34%] Built target gmock
[2.059s] [35m[1mConsolidate compiler generated dependencies of target gtest_main[0m
[2.144s] [ 41%] Built target gtest_main
[2.267s] [35m[1mConsolidate compiler generated dependencies of target gtest[0m
[2.358s] [ 48%] Built target gtest
[2.471s] [35m[1mConsolidate compiler generated dependencies of target gmock_main[0m
[2.662s] [ 55%] Built target gmock_main
[2.755s] [35m[1mConsolidate compiler generated dependencies of target pid_publisher_tests[0m
[3.037s] [ 62%] Built target pid_publisher_tests
[3.197s] [35m[1mConsolidate compiler generated dependencies of target pid_tests[0m
[3.338s] [ 68%] Built target pid_tests
[3.500s] [35m[1mConsolidate compiler generated dependencies of target pid_parameters_tests[0m
[3.703s] [ 75%] Built target pid_parameters_tests
[3.953s] [ 79%] Built target low_pass_filter_parameters
[4.104s] [35m[1mConsolidate compiler generated dependencies of target low_pass_filter[0m
[4.268s] [ 86%] Built target low_pass_filter
[4.332s] [35m[1mConsolidate compiler generated dependencies of target test_low_pass_filter[0m
[4.458s] [ 93%] Built target test_low_pass_filter
[4.546s] [35m[1mConsolidate compiler generated dependencies of target test_load_low_pass_filter[0m
[4.706s] [100%] Built target test_load_low_pass_filter
[7.244s] Invoked command in '/home/mcr2/ros2_ws/src/build/control_toolbox' returned '0': AMENT_PREFIX_PATH=/home/mcr2/ros2_ws/src/install/realtime_tools:/home/mcr2/ros2_ws/src/install/control_msgs:${AMENT_PREFIX_PATH} CMAKE_PREFIX_PATH=/home/mcr2/ros2_ws/src/install/realtime_tools:/home/mcr2/ros2_ws/src/install/control_msgs:/home/mcr2/ros2_utilities_ws/install/ros_ign_interfaces:/home/mcr2/ros2_utilities_ws/install/ros_ign:/home/mcr2/ros2_utilities_ws/install/ros_ign_image:/home/mcr2/ros2_utilities_ws/install/ros_ign_gazebo_demos:/home/mcr2/ros2_utilities_ws/install/ros_ign_gazebo:/home/mcr2/ros2_utilities_ws/install/ros_ign_bridge:/home/mcr2/ros2_utilities_ws/install/ros_gz:/home/mcr2/ros2_utilities_ws/install/ros_gz_sim_demos:/home/mcr2/ros2_utilities_ws/install/ros_gz_sim:/home/mcr2/ros2_utilities_ws/install/ros_gz_image:/home/mcr2/ros2_utilities_ws/install/ros_gz_bridge:/home/mcr2/ros2_utilities_ws/install/ros_gz_interfaces:/home/mcr2/ros2_utilities_ws/install/micro_ros_setup:/home/mcr2/ros2_utilities_ws/install/micro_ros_agent:/home/mcr2/ros2_utilities_ws/install/micro_ros_msgs:/home/mcr2/ros2_utilities_ws/install/aruco_ros:/home/mcr2/ros2_utilities_ws/install/aruco_msgs:/home/mcr2/ros2_utilities_ws/install/aruco:/opt/ros/humble LD_LIBRARY_PATH=/home/mcr2/ros2_ws/src/install/realtime_tools/lib:/home/mcr2/ros2_ws/src/install/control_msgs/lib:${LD_LIBRARY_PATH} PYTHONPATH=/home/mcr2/ros2_ws/src/install/control_msgs/local/lib/python3.10/dist-packages:${PYTHONPATH} /usr/bin/cmake --build /home/mcr2/ros2_ws/src/build/control_toolbox -- -j4 -l4
[8.682s] Invoking command in '/home/mcr2/ros2_ws/src/build/control_toolbox': AMENT_PREFIX_PATH=/home/mcr2/ros2_ws/src/install/realtime_tools:/home/mcr2/ros2_ws/src/install/control_msgs:${AMENT_PREFIX_PATH} CMAKE_PREFIX_PATH=/home/mcr2/ros2_ws/src/install/realtime_tools:/home/mcr2/ros2_ws/src/install/control_msgs:/home/mcr2/ros2_utilities_ws/install/ros_ign_interfaces:/home/mcr2/ros2_utilities_ws/install/ros_ign:/home/mcr2/ros2_utilities_ws/install/ros_ign_image:/home/mcr2/ros2_utilities_ws/install/ros_ign_gazebo_demos:/home/mcr2/ros2_utilities_ws/install/ros_ign_gazebo:/home/mcr2/ros2_utilities_ws/install/ros_ign_bridge:/home/mcr2/ros2_utilities_ws/install/ros_gz:/home/mcr2/ros2_utilities_ws/install/ros_gz_sim_demos:/home/mcr2/ros2_utilities_ws/install/ros_gz_sim:/home/mcr2/ros2_utilities_ws/install/ros_gz_image:/home/mcr2/ros2_utilities_ws/install/ros_gz_bridge:/home/mcr2/ros2_utilities_ws/install/ros_gz_interfaces:/home/mcr2/ros2_utilities_ws/install/micro_ros_setup:/home/mcr2/ros2_utilities_ws/install/micro_ros_agent:/home/mcr2/ros2_utilities_ws/install/micro_ros_msgs:/home/mcr2/ros2_utilities_ws/install/aruco_ros:/home/mcr2/ros2_utilities_ws/install/aruco_msgs:/home/mcr2/ros2_utilities_ws/install/aruco:/opt/ros/humble LD_LIBRARY_PATH=/home/mcr2/ros2_ws/src/install/realtime_tools/lib:/home/mcr2/ros2_ws/src/install/control_msgs/lib:${LD_LIBRARY_PATH} PYTHONPATH=/home/mcr2/ros2_ws/src/install/control_msgs/local/lib/python3.10/dist-packages:${PYTHONPATH} /usr/bin/cmake --install /home/mcr2/ros2_ws/src/build/control_toolbox
[8.768s] -- Install configuration: ""
[8.769s] -- Up-to-date: /home/mcr2/ros2_ws/src/install/control_toolbox/include/low_pass_filter_parameters
[8.769s] -- Up-to-date: /home/mcr2/ros2_ws/src/install/control_toolbox/include/low_pass_filter_parameters/low_pass_filter_parameters.hpp
[8.769s] -- Up-to-date: /home/mcr2/ros2_ws/src/install/control_toolbox/share/control_toolbox/control_filters.xml
[8.783s] -- Up-to-date: /home/mcr2/ros2_ws/src/install/control_toolbox/include/control_toolbox
[8.783s] -- Up-to-date: /home/mcr2/ros2_ws/src/install/control_toolbox/include/control_toolbox/control_toolbox
[8.784s] -- Up-to-date: /home/mcr2/ros2_ws/src/install/control_toolbox/include/control_toolbox/control_toolbox/pid_ros.hpp
[8.784s] -- Up-to-date: /home/mcr2/ros2_ws/src/install/control_toolbox/include/control_toolbox/control_toolbox/limited_proxy.hpp
[8.784s] -- Up-to-date: /home/mcr2/ros2_ws/src/install/control_toolbox/include/control_toolbox/control_toolbox/visibility_control.hpp
[8.785s] -- Up-to-date: /home/mcr2/ros2_ws/src/install/control_toolbox/include/control_toolbox/control_toolbox/dither.hpp
[8.785s] -- Up-to-date: /home/mcr2/ros2_ws/src/install/control_toolbox/include/control_toolbox/control_toolbox/sinusoid.hpp
[8.785s] -- Up-to-date: /home/mcr2/ros2_ws/src/install/control_toolbox/include/control_toolbox/control_toolbox/sine_sweep.hpp
[8.785s] -- Up-to-date: /home/mcr2/ros2_ws/src/install/control_toolbox/include/control_toolbox/control_toolbox/filters.hpp
[8.786s] -- Up-to-date: /home/mcr2/ros2_ws/src/install/control_toolbox/include/control_toolbox/control_toolbox/pid.hpp
[8.786s] -- Up-to-date: /home/mcr2/ros2_ws/src/install/control_toolbox/include/control_toolbox/control_filters
[8.786s] -- Up-to-date: /home/mcr2/ros2_ws/src/install/control_toolbox/include/control_toolbox/control_filters/low_pass_filter.hpp
[8.816s] -- Up-to-date: /home/mcr2/ros2_ws/src/install/control_toolbox/lib/libcontrol_toolbox.so
[8.816s] -- Up-to-date: /home/mcr2/ros2_ws/src/install/control_toolbox/lib/liblow_pass_filter.so
[8.816s] -- Up-to-date: /home/mcr2/ros2_ws/src/install/control_toolbox/share/control_toolbox/environment/library_path.sh
[8.817s] -- Up-to-date: /home/mcr2/ros2_ws/src/install/control_toolbox/share/control_toolbox/environment/library_path.dsv
[8.817s] -- Up-to-date: /home/mcr2/ros2_ws/src/install/control_toolbox/share/ament_index/resource_index/package_run_dependencies/control_toolbox
[8.817s] -- Up-to-date: /home/mcr2/ros2_ws/src/install/control_toolbox/share/ament_index/resource_index/parent_prefix_path/control_toolbox
[8.817s] -- Up-to-date: /home/mcr2/ros2_ws/src/install/control_toolbox/share/control_toolbox/environment/ament_prefix_path.sh
[8.819s] -- Up-to-date: /home/mcr2/ros2_ws/src/install/control_toolbox/share/control_toolbox/environment/ament_prefix_path.dsv
[8.820s] -- Up-to-date: /home/mcr2/ros2_ws/src/install/control_toolbox/share/control_toolbox/environment/path.sh
[8.820s] -- Up-to-date: /home/mcr2/ros2_ws/src/install/control_toolbox/share/control_toolbox/environment/path.dsv
[8.821s] -- Up-to-date: /home/mcr2/ros2_ws/src/install/control_toolbox/share/control_toolbox/local_setup.bash
[8.821s] -- Up-to-date: /home/mcr2/ros2_ws/src/install/control_toolbox/share/control_toolbox/local_setup.sh
[8.821s] -- Up-to-date: /home/mcr2/ros2_ws/src/install/control_toolbox/share/control_toolbox/local_setup.zsh
[8.821s] -- Up-to-date: /home/mcr2/ros2_ws/src/install/control_toolbox/share/control_toolbox/local_setup.dsv
[8.821s] -- Installing: /home/mcr2/ros2_ws/src/install/control_toolbox/share/control_toolbox/package.dsv
[8.825s] -- Up-to-date: /home/mcr2/ros2_ws/src/install/control_toolbox/share/ament_index/resource_index/packages/control_toolbox
[8.826s] -- Up-to-date: /home/mcr2/ros2_ws/src/install/control_toolbox/share/ament_index/resource_index/filters__pluginlib__plugin/control_toolbox
[8.826s] -- Up-to-date: /home/mcr2/ros2_ws/src/install/control_toolbox/share/control_toolbox/cmake/export_control_toolboxExport.cmake
[8.826s] -- Up-to-date: /home/mcr2/ros2_ws/src/install/control_toolbox/share/control_toolbox/cmake/export_control_toolboxExport-noconfig.cmake
[8.847s] -- Up-to-date: /home/mcr2/ros2_ws/src/install/control_toolbox/share/control_toolbox/cmake/ament_cmake_export_targets-extras.cmake
[8.848s] -- Up-to-date: /home/mcr2/ros2_ws/src/install/control_toolbox/share/control_toolbox/cmake/ament_cmake_export_dependencies-extras.cmake
[8.848s] -- Up-to-date: /home/mcr2/ros2_ws/src/install/control_toolbox/share/control_toolbox/cmake/control_toolboxConfig.cmake
[8.849s] -- Up-to-date: /home/mcr2/ros2_ws/src/install/control_toolbox/share/control_toolbox/cmake/control_toolboxConfig-version.cmake
[8.849s] -- Up-to-date: /home/mcr2/ros2_ws/src/install/control_toolbox/share/control_toolbox/package.xml
[8.852s] Invoked command in '/home/mcr2/ros2_ws/src/build/control_toolbox' returned '0': AMENT_PREFIX_PATH=/home/mcr2/ros2_ws/src/install/realtime_tools:/home/mcr2/ros2_ws/src/install/control_msgs:${AMENT_PREFIX_PATH} CMAKE_PREFIX_PATH=/home/mcr2/ros2_ws/src/install/realtime_tools:/home/mcr2/ros2_ws/src/install/control_msgs:/home/mcr2/ros2_utilities_ws/install/ros_ign_interfaces:/home/mcr2/ros2_utilities_ws/install/ros_ign:/home/mcr2/ros2_utilities_ws/install/ros_ign_image:/home/mcr2/ros2_utilities_ws/install/ros_ign_gazebo_demos:/home/mcr2/ros2_utilities_ws/install/ros_ign_gazebo:/home/mcr2/ros2_utilities_ws/install/ros_ign_bridge:/home/mcr2/ros2_utilities_ws/install/ros_gz:/home/mcr2/ros2_utilities_ws/install/ros_gz_sim_demos:/home/mcr2/ros2_utilities_ws/install/ros_gz_sim:/home/mcr2/ros2_utilities_ws/install/ros_gz_image:/home/mcr2/ros2_utilities_ws/install/ros_gz_bridge:/home/mcr2/ros2_utilities_ws/install/ros_gz_interfaces:/home/mcr2/ros2_utilities_ws/install/micro_ros_setup:/home/mcr2/ros2_utilities_ws/install/micro_ros_agent:/home/mcr2/ros2_utilities_ws/install/micro_ros_msgs:/home/mcr2/ros2_utilities_ws/install/aruco_ros:/home/mcr2/ros2_utilities_ws/install/aruco_msgs:/home/mcr2/ros2_utilities_ws/install/aruco:/opt/ros/humble LD_LIBRARY_PATH=/home/mcr2/ros2_ws/src/install/realtime_tools/lib:/home/mcr2/ros2_ws/src/install/control_msgs/lib:${LD_LIBRARY_PATH} PYTHONPATH=/home/mcr2/ros2_ws/src/install/control_msgs/local/lib/python3.10/dist-packages:${PYTHONPATH} /usr/bin/cmake --install /home/mcr2/ros2_ws/src/build/control_toolbox
