[0.520s] Invoking command in '/home/mcr2/ros2_ws/src/build/position_controllers': AMENT_PREFIX_PATH=/home/mcr2/ros2_ws/src/install/forward_command_controller:/home/mcr2/ros2_ws/src/install/controller_manager:/home/mcr2/ros2_ws/src/install/hardware_interface_testing:/home/mcr2/ros2_ws/src/install/controller_interface:/home/mcr2/ros2_ws/src/install/hardware_interface:/home/mcr2/ros2_ws/src/install/ros2_control_test_assets:/home/mcr2/ros2_ws/src/install/realtime_tools:/home/mcr2/ros2_ws/src/install/controller_manager_msgs:/home/mcr2/ros2_ws/src/install/control_msgs:${AMENT_PREFIX_PATH} CMAKE_PREFIX_PATH=/home/mcr2/ros2_ws/src/install/forward_command_controller:/home/mcr2/ros2_ws/src/install/controller_manager:/home/mcr2/ros2_ws/src/install/hardware_interface_testing:/home/mcr2/ros2_ws/src/install/controller_interface:/home/mcr2/ros2_ws/src/install/hardware_interface:/home/mcr2/ros2_ws/src/install/ros2_control_test_assets:/home/mcr2/ros2_ws/src/install/realtime_tools:/home/mcr2/ros2_ws/src/install/controller_manager_msgs:/home/mcr2/ros2_ws/src/install/control_msgs:/home/mcr2/ros2_utilities_ws/install/ros_ign_interfaces:/home/mcr2/ros2_utilities_ws/install/ros_ign:/home/mcr2/ros2_utilities_ws/install/ros_ign_image:/home/mcr2/ros2_utilities_ws/install/ros_ign_gazebo_demos:/home/mcr2/ros2_utilities_ws/install/ros_ign_gazebo:/home/mcr2/ros2_utilities_ws/install/ros_ign_bridge:/home/mcr2/ros2_utilities_ws/install/ros_gz:/home/mcr2/ros2_utilities_ws/install/ros_gz_sim_demos:/home/mcr2/ros2_utilities_ws/install/ros_gz_sim:/home/mcr2/ros2_utilities_ws/install/ros_gz_image:/home/mcr2/ros2_utilities_ws/install/ros_gz_bridge:/home/mcr2/ros2_utilities_ws/install/ros_gz_interfaces:/home/mcr2/ros2_utilities_ws/install/micro_ros_setup:/home/mcr2/ros2_utilities_ws/install/micro_ros_agent:/home/mcr2/ros2_utilities_ws/install/micro_ros_msgs:/home/mcr2/ros2_utilities_ws/install/aruco_ros:/home/mcr2/ros2_utilities_ws/install/aruco_msgs:/home/mcr2/ros2_utilities_ws/install/aruco:/opt/ros/humble LD_LIBRARY_PATH=/home/mcr2/ros2_ws/src/install/forward_command_controller/lib:/home/mcr2/ros2_ws/src/install/controller_manager/lib:/home/mcr2/ros2_ws/src/install/hardware_interface_testing/lib:/home/mcr2/ros2_ws/src/install/controller_interface/lib:/home/mcr2/ros2_ws/src/install/hardware_interface/lib:/home/mcr2/ros2_ws/src/install/realtime_tools/lib:/home/mcr2/ros2_ws/src/install/controller_manager_msgs/lib:/home/mcr2/ros2_ws/src/install/control_msgs/lib:${LD_LIBRARY_PATH} PYTHONPATH=/home/mcr2/ros2_ws/src/install/controller_manager/local/lib/python3.10/dist-packages:/home/mcr2/ros2_ws/src/install/controller_manager_msgs/local/lib/python3.10/dist-packages:/home/mcr2/ros2_ws/src/install/control_msgs/local/lib/python3.10/dist-packages:${PYTHONPATH} /usr/bin/cmake /home/mcr2/ros2_ws/src/ros-controls/ros2_controllers/position_controllers -DCMAKE_INSTALL_PREFIX=/home/mcr2/ros2_ws/src/install/position_controllers
[0.823s] -- The CXX compiler identification is GNU 11.4.0
[0.861s] -- Detecting CXX compiler ABI info
[1.227s] -- Detecting CXX compiler ABI info - done
[1.265s] -- Check for working CXX compiler: /usr/bin/c++ - skipped
[1.275s] -- Detecting CXX compile features
[1.276s] -- Detecting CXX compile features - done
[1.294s] -- Found ament_cmake: 1.3.8 (/opt/ros/humble/share/ament_cmake/cmake)
[1.996s] -- Found Python3: /usr/bin/python3 (found version "3.10.12") found components: Interpreter 
[2.575s] -- Found backward_ros: 1.0.2 (/opt/ros/humble/share/backward_ros/cmake)
[2.615s] -- Found libdw: /usr/lib/x86_64-linux-gnu/libdw.so  
[2.636s] -- Could NOT find libbfd (missing: LIBBFD_LIBRARY LIBBFD_INCLUDE_DIR) 
[2.637s] -- BACKWARD_HAS_UNWIND=1
[2.637s] -- BACKWARD_HAS_BACKTRACE=0
[2.637s] -- BACKWARD_HAS_BACKTRACE_SYMBOL=0
[2.638s] -- BACKWARD_HAS_DW=1
[2.638s] -- BACKWARD_HAS_BFD=0
[2.639s] -- Found Backward: /opt/ros/humble/share/backward_ros/cmake  
[2.641s] -- Found forward_command_controller: 2.33.0 (/home/mcr2/ros2_ws/src/install/forward_command_controller/share/forward_command_controller/cmake)
[2.901s] -- Found rosidl_generator_c: 3.1.5 (/opt/ros/humble/share/rosidl_generator_c/cmake)
[2.941s] -- Found rosidl_adapter: 3.1.5 (/opt/ros/humble/share/rosidl_adapter/cmake)
[2.999s] -- Found rosidl_generator_cpp: 3.1.5 (/opt/ros/humble/share/rosidl_generator_cpp/cmake)
[3.075s] -- Using all available rosidl_typesupport_c: rosidl_typesupport_fastrtps_c;rosidl_typesupport_introspection_c
[3.176s] -- Using all available rosidl_typesupport_cpp: rosidl_typesupport_fastrtps_cpp;rosidl_typesupport_introspection_cpp
[5.840s] -- Found rmw_implementation_cmake: 6.1.1 (/opt/ros/humble/share/rmw_implementation_cmake/cmake)
[5.865s] -- Found rmw_fastrtps_cpp: 6.2.6 (/opt/ros/humble/share/rmw_fastrtps_cpp/cmake)
[6.099s] -- Found TinyXML2 via Config file: TinyXML2_DIR-NOTFOUND
[6.408s] -- Found OpenSSL: /usr/lib/x86_64-linux-gnu/libcrypto.so (found version "3.0.2")  
[6.426s] -- Found TinyXML2 via Config file: TinyXML2_DIR-NOTFOUND
[6.480s] -- Found FastRTPS: /opt/ros/humble/include  
[6.538s] -- Found TinyXML2 via Config file: TinyXML2_DIR-NOTFOUND
[6.573s] -- Found TinyXML2 via Config file: TinyXML2_DIR-NOTFOUND
[6.654s] -- Using RMW implementation 'rmw_fastrtps_cpp' as default
[6.769s] -- Looking for C++ include pthread.h
[7.360s] -- Looking for C++ include pthread.h - found
[7.362s] -- Performing Test CMAKE_HAVE_LIBC_PTHREAD
[7.973s] -- Performing Test CMAKE_HAVE_LIBC_PTHREAD - Success
[7.976s] -- Found Threads: TRUE  
[9.919s] -- Found parameter_traits: 0.3.7 (/opt/ros/humble/share/parameter_traits/cmake)
[10.886s] -- Found ament_cmake_gmock: 1.3.8 (/opt/ros/humble/share/ament_cmake_gmock/cmake)
[10.889s] -- Found controller_manager: 2.40.0 (/home/mcr2/ros2_ws/src/install/controller_manager/share/controller_manager/cmake)
[11.963s] -- Found ros2_control_test_assets: 2.40.0 (/home/mcr2/ros2_ws/src/install/ros2_control_test_assets/share/ros2_control_test_assets/cmake)
[12.024s] -- Found gmock sources under '/opt/ros/humble/src/gmock_vendor': C++ tests using 'Google Mock' will be built
[12.305s] -- The C compiler identification is GNU 11.4.0
[12.305s] -- Detecting C compiler ABI info
[12.862s] -- Detecting C compiler ABI info - done
[12.896s] -- Check for working C compiler: /usr/bin/cc - skipped
[12.897s] -- Detecting C compile features
[12.898s] -- Detecting C compile features - done
[12.938s] -- Found ament_cmake_gtest: 1.3.8 (/opt/ros/humble/share/ament_cmake_gtest/cmake)
[12.942s] -- Found gtest sources under '/opt/ros/humble/src/gtest_vendor': C++ tests using 'Google Test' will be built
[14.755s] -- Configuring done
[15.239s] -- Generating done
[15.246s] -- Build files have been written to: /home/mcr2/ros2_ws/src/build/position_controllers
[15.348s] Invoked command in '/home/mcr2/ros2_ws/src/build/position_controllers' returned '0': AMENT_PREFIX_PATH=/home/mcr2/ros2_ws/src/install/forward_command_controller:/home/mcr2/ros2_ws/src/install/controller_manager:/home/mcr2/ros2_ws/src/install/hardware_interface_testing:/home/mcr2/ros2_ws/src/install/controller_interface:/home/mcr2/ros2_ws/src/install/hardware_interface:/home/mcr2/ros2_ws/src/install/ros2_control_test_assets:/home/mcr2/ros2_ws/src/install/realtime_tools:/home/mcr2/ros2_ws/src/install/controller_manager_msgs:/home/mcr2/ros2_ws/src/install/control_msgs:${AMENT_PREFIX_PATH} CMAKE_PREFIX_PATH=/home/mcr2/ros2_ws/src/install/forward_command_controller:/home/mcr2/ros2_ws/src/install/controller_manager:/home/mcr2/ros2_ws/src/install/hardware_interface_testing:/home/mcr2/ros2_ws/src/install/controller_interface:/home/mcr2/ros2_ws/src/install/hardware_interface:/home/mcr2/ros2_ws/src/install/ros2_control_test_assets:/home/mcr2/ros2_ws/src/install/realtime_tools:/home/mcr2/ros2_ws/src/install/controller_manager_msgs:/home/mcr2/ros2_ws/src/install/control_msgs:/home/mcr2/ros2_utilities_ws/install/ros_ign_interfaces:/home/mcr2/ros2_utilities_ws/install/ros_ign:/home/mcr2/ros2_utilities_ws/install/ros_ign_image:/home/mcr2/ros2_utilities_ws/install/ros_ign_gazebo_demos:/home/mcr2/ros2_utilities_ws/install/ros_ign_gazebo:/home/mcr2/ros2_utilities_ws/install/ros_ign_bridge:/home/mcr2/ros2_utilities_ws/install/ros_gz:/home/mcr2/ros2_utilities_ws/install/ros_gz_sim_demos:/home/mcr2/ros2_utilities_ws/install/ros_gz_sim:/home/mcr2/ros2_utilities_ws/install/ros_gz_image:/home/mcr2/ros2_utilities_ws/install/ros_gz_bridge:/home/mcr2/ros2_utilities_ws/install/ros_gz_interfaces:/home/mcr2/ros2_utilities_ws/install/micro_ros_setup:/home/mcr2/ros2_utilities_ws/install/micro_ros_agent:/home/mcr2/ros2_utilities_ws/install/micro_ros_msgs:/home/mcr2/ros2_utilities_ws/install/aruco_ros:/home/mcr2/ros2_utilities_ws/install/aruco_msgs:/home/mcr2/ros2_utilities_ws/install/aruco:/opt/ros/humble LD_LIBRARY_PATH=/home/mcr2/ros2_ws/src/install/forward_command_controller/lib:/home/mcr2/ros2_ws/src/install/controller_manager/lib:/home/mcr2/ros2_ws/src/install/hardware_interface_testing/lib:/home/mcr2/ros2_ws/src/install/controller_interface/lib:/home/mcr2/ros2_ws/src/install/hardware_interface/lib:/home/mcr2/ros2_ws/src/install/realtime_tools/lib:/home/mcr2/ros2_ws/src/install/controller_manager_msgs/lib:/home/mcr2/ros2_ws/src/install/control_msgs/lib:${LD_LIBRARY_PATH} PYTHONPATH=/home/mcr2/ros2_ws/src/install/controller_manager/local/lib/python3.10/dist-packages:/home/mcr2/ros2_ws/src/install/controller_manager_msgs/local/lib/python3.10/dist-packages:/home/mcr2/ros2_ws/src/install/control_msgs/local/lib/python3.10/dist-packages:${PYTHONPATH} /usr/bin/cmake /home/mcr2/ros2_ws/src/ros-controls/ros2_controllers/position_controllers -DCMAKE_INSTALL_PREFIX=/home/mcr2/ros2_ws/src/install/position_controllers
[15.364s] Invoking command in '/home/mcr2/ros2_ws/src/build/position_controllers': AMENT_PREFIX_PATH=/home/mcr2/ros2_ws/src/install/forward_command_controller:/home/mcr2/ros2_ws/src/install/controller_manager:/home/mcr2/ros2_ws/src/install/hardware_interface_testing:/home/mcr2/ros2_ws/src/install/controller_interface:/home/mcr2/ros2_ws/src/install/hardware_interface:/home/mcr2/ros2_ws/src/install/ros2_control_test_assets:/home/mcr2/ros2_ws/src/install/realtime_tools:/home/mcr2/ros2_ws/src/install/controller_manager_msgs:/home/mcr2/ros2_ws/src/install/control_msgs:${AMENT_PREFIX_PATH} CMAKE_PREFIX_PATH=/home/mcr2/ros2_ws/src/install/forward_command_controller:/home/mcr2/ros2_ws/src/install/controller_manager:/home/mcr2/ros2_ws/src/install/hardware_interface_testing:/home/mcr2/ros2_ws/src/install/controller_interface:/home/mcr2/ros2_ws/src/install/hardware_interface:/home/mcr2/ros2_ws/src/install/ros2_control_test_assets:/home/mcr2/ros2_ws/src/install/realtime_tools:/home/mcr2/ros2_ws/src/install/controller_manager_msgs:/home/mcr2/ros2_ws/src/install/control_msgs:/home/mcr2/ros2_utilities_ws/install/ros_ign_interfaces:/home/mcr2/ros2_utilities_ws/install/ros_ign:/home/mcr2/ros2_utilities_ws/install/ros_ign_image:/home/mcr2/ros2_utilities_ws/install/ros_ign_gazebo_demos:/home/mcr2/ros2_utilities_ws/install/ros_ign_gazebo:/home/mcr2/ros2_utilities_ws/install/ros_ign_bridge:/home/mcr2/ros2_utilities_ws/install/ros_gz:/home/mcr2/ros2_utilities_ws/install/ros_gz_sim_demos:/home/mcr2/ros2_utilities_ws/install/ros_gz_sim:/home/mcr2/ros2_utilities_ws/install/ros_gz_image:/home/mcr2/ros2_utilities_ws/install/ros_gz_bridge:/home/mcr2/ros2_utilities_ws/install/ros_gz_interfaces:/home/mcr2/ros2_utilities_ws/install/micro_ros_setup:/home/mcr2/ros2_utilities_ws/install/micro_ros_agent:/home/mcr2/ros2_utilities_ws/install/micro_ros_msgs:/home/mcr2/ros2_utilities_ws/install/aruco_ros:/home/mcr2/ros2_utilities_ws/install/aruco_msgs:/home/mcr2/ros2_utilities_ws/install/aruco:/opt/ros/humble LD_LIBRARY_PATH=/home/mcr2/ros2_ws/src/install/forward_command_controller/lib:/home/mcr2/ros2_ws/src/install/controller_manager/lib:/home/mcr2/ros2_ws/src/install/hardware_interface_testing/lib:/home/mcr2/ros2_ws/src/install/controller_interface/lib:/home/mcr2/ros2_ws/src/install/hardware_interface/lib:/home/mcr2/ros2_ws/src/install/realtime_tools/lib:/home/mcr2/ros2_ws/src/install/controller_manager_msgs/lib:/home/mcr2/ros2_ws/src/install/control_msgs/lib:${LD_LIBRARY_PATH} PYTHONPATH=/home/mcr2/ros2_ws/src/install/controller_manager/local/lib/python3.10/dist-packages:/home/mcr2/ros2_ws/src/install/controller_manager_msgs/local/lib/python3.10/dist-packages:/home/mcr2/ros2_ws/src/install/control_msgs/local/lib/python3.10/dist-packages:${PYTHONPATH} /usr/bin/cmake --build /home/mcr2/ros2_ws/src/build/position_controllers -- -j4 -l4
[15.705s] [  9%] [32mBuilding CXX object CMakeFiles/position_controllers.dir/src/joint_group_position_controller.cpp.o[0m
[30.468s] [ 18%] [32m[1mLinking CXX shared library libposition_controllers.so[0m
[32.792s] [ 18%] Built target position_controllers
[32.926s] [ 27%] [32mBuilding CXX object gmock/CMakeFiles/gmock.dir/opt/ros/humble/src/gtest_vendor/src/gtest-all.cc.o[0m
[47.216s] [ 36%] [32mBuilding CXX object gmock/CMakeFiles/gmock.dir/src/gmock-all.cc.o[0m
[56.126s] [ 45%] [32m[1mLinking CXX static library libgmock.a[0m
[56.789s] [ 45%] Built target gmock
[56.934s] [ 54%] [32mBuilding CXX object gmock/CMakeFiles/gmock_main.dir/src/gmock_main.cc.o[0m
[62.867s] [ 63%] [32m[1mLinking CXX static library libgmock_main.a[0m
[63.231s] [ 63%] Built target gmock_main
[63.408s] [ 72%] [32mBuilding CXX object CMakeFiles/test_load_joint_group_position_controller.dir/test/test_load_joint_group_position_controller.cpp.o[0m
[85.455s] [ 81%] [32m[1mLinking CXX executable test_load_joint_group_position_controller[0m
[94.276s] [ 81%] Built target test_load_joint_group_position_controller
[94.510s] [ 90%] [32mBuilding CXX object CMakeFiles/test_joint_group_position_controller.dir/test/test_joint_group_position_controller.cpp.o[0m
[126.944s] [100%] [32m[1mLinking CXX executable test_joint_group_position_controller[0m
[130.692s] [100%] Built target test_joint_group_position_controller
[130.774s] Invoked command in '/home/mcr2/ros2_ws/src/build/position_controllers' returned '0': AMENT_PREFIX_PATH=/home/mcr2/ros2_ws/src/install/forward_command_controller:/home/mcr2/ros2_ws/src/install/controller_manager:/home/mcr2/ros2_ws/src/install/hardware_interface_testing:/home/mcr2/ros2_ws/src/install/controller_interface:/home/mcr2/ros2_ws/src/install/hardware_interface:/home/mcr2/ros2_ws/src/install/ros2_control_test_assets:/home/mcr2/ros2_ws/src/install/realtime_tools:/home/mcr2/ros2_ws/src/install/controller_manager_msgs:/home/mcr2/ros2_ws/src/install/control_msgs:${AMENT_PREFIX_PATH} CMAKE_PREFIX_PATH=/home/mcr2/ros2_ws/src/install/forward_command_controller:/home/mcr2/ros2_ws/src/install/controller_manager:/home/mcr2/ros2_ws/src/install/hardware_interface_testing:/home/mcr2/ros2_ws/src/install/controller_interface:/home/mcr2/ros2_ws/src/install/hardware_interface:/home/mcr2/ros2_ws/src/install/ros2_control_test_assets:/home/mcr2/ros2_ws/src/install/realtime_tools:/home/mcr2/ros2_ws/src/install/controller_manager_msgs:/home/mcr2/ros2_ws/src/install/control_msgs:/home/mcr2/ros2_utilities_ws/install/ros_ign_interfaces:/home/mcr2/ros2_utilities_ws/install/ros_ign:/home/mcr2/ros2_utilities_ws/install/ros_ign_image:/home/mcr2/ros2_utilities_ws/install/ros_ign_gazebo_demos:/home/mcr2/ros2_utilities_ws/install/ros_ign_gazebo:/home/mcr2/ros2_utilities_ws/install/ros_ign_bridge:/home/mcr2/ros2_utilities_ws/install/ros_gz:/home/mcr2/ros2_utilities_ws/install/ros_gz_sim_demos:/home/mcr2/ros2_utilities_ws/install/ros_gz_sim:/home/mcr2/ros2_utilities_ws/install/ros_gz_image:/home/mcr2/ros2_utilities_ws/install/ros_gz_bridge:/home/mcr2/ros2_utilities_ws/install/ros_gz_interfaces:/home/mcr2/ros2_utilities_ws/install/micro_ros_setup:/home/mcr2/ros2_utilities_ws/install/micro_ros_agent:/home/mcr2/ros2_utilities_ws/install/micro_ros_msgs:/home/mcr2/ros2_utilities_ws/install/aruco_ros:/home/mcr2/ros2_utilities_ws/install/aruco_msgs:/home/mcr2/ros2_utilities_ws/install/aruco:/opt/ros/humble LD_LIBRARY_PATH=/home/mcr2/ros2_ws/src/install/forward_command_controller/lib:/home/mcr2/ros2_ws/src/install/controller_manager/lib:/home/mcr2/ros2_ws/src/install/hardware_interface_testing/lib:/home/mcr2/ros2_ws/src/install/controller_interface/lib:/home/mcr2/ros2_ws/src/install/hardware_interface/lib:/home/mcr2/ros2_ws/src/install/realtime_tools/lib:/home/mcr2/ros2_ws/src/install/controller_manager_msgs/lib:/home/mcr2/ros2_ws/src/install/control_msgs/lib:${LD_LIBRARY_PATH} PYTHONPATH=/home/mcr2/ros2_ws/src/install/controller_manager/local/lib/python3.10/dist-packages:/home/mcr2/ros2_ws/src/install/controller_manager_msgs/local/lib/python3.10/dist-packages:/home/mcr2/ros2_ws/src/install/control_msgs/local/lib/python3.10/dist-packages:${PYTHONPATH} /usr/bin/cmake --build /home/mcr2/ros2_ws/src/build/position_controllers -- -j4 -l4
[131.078s] Invoking command in '/home/mcr2/ros2_ws/src/build/position_controllers': AMENT_PREFIX_PATH=/home/mcr2/ros2_ws/src/install/forward_command_controller:/home/mcr2/ros2_ws/src/install/controller_manager:/home/mcr2/ros2_ws/src/install/hardware_interface_testing:/home/mcr2/ros2_ws/src/install/controller_interface:/home/mcr2/ros2_ws/src/install/hardware_interface:/home/mcr2/ros2_ws/src/install/ros2_control_test_assets:/home/mcr2/ros2_ws/src/install/realtime_tools:/home/mcr2/ros2_ws/src/install/controller_manager_msgs:/home/mcr2/ros2_ws/src/install/control_msgs:${AMENT_PREFIX_PATH} CMAKE_PREFIX_PATH=/home/mcr2/ros2_ws/src/install/forward_command_controller:/home/mcr2/ros2_ws/src/install/controller_manager:/home/mcr2/ros2_ws/src/install/hardware_interface_testing:/home/mcr2/ros2_ws/src/install/controller_interface:/home/mcr2/ros2_ws/src/install/hardware_interface:/home/mcr2/ros2_ws/src/install/ros2_control_test_assets:/home/mcr2/ros2_ws/src/install/realtime_tools:/home/mcr2/ros2_ws/src/install/controller_manager_msgs:/home/mcr2/ros2_ws/src/install/control_msgs:/home/mcr2/ros2_utilities_ws/install/ros_ign_interfaces:/home/mcr2/ros2_utilities_ws/install/ros_ign:/home/mcr2/ros2_utilities_ws/install/ros_ign_image:/home/mcr2/ros2_utilities_ws/install/ros_ign_gazebo_demos:/home/mcr2/ros2_utilities_ws/install/ros_ign_gazebo:/home/mcr2/ros2_utilities_ws/install/ros_ign_bridge:/home/mcr2/ros2_utilities_ws/install/ros_gz:/home/mcr2/ros2_utilities_ws/install/ros_gz_sim_demos:/home/mcr2/ros2_utilities_ws/install/ros_gz_sim:/home/mcr2/ros2_utilities_ws/install/ros_gz_image:/home/mcr2/ros2_utilities_ws/install/ros_gz_bridge:/home/mcr2/ros2_utilities_ws/install/ros_gz_interfaces:/home/mcr2/ros2_utilities_ws/install/micro_ros_setup:/home/mcr2/ros2_utilities_ws/install/micro_ros_agent:/home/mcr2/ros2_utilities_ws/install/micro_ros_msgs:/home/mcr2/ros2_utilities_ws/install/aruco_ros:/home/mcr2/ros2_utilities_ws/install/aruco_msgs:/home/mcr2/ros2_utilities_ws/install/aruco:/opt/ros/humble LD_LIBRARY_PATH=/home/mcr2/ros2_ws/src/install/forward_command_controller/lib:/home/mcr2/ros2_ws/src/install/controller_manager/lib:/home/mcr2/ros2_ws/src/install/hardware_interface_testing/lib:/home/mcr2/ros2_ws/src/install/controller_interface/lib:/home/mcr2/ros2_ws/src/install/hardware_interface/lib:/home/mcr2/ros2_ws/src/install/realtime_tools/lib:/home/mcr2/ros2_ws/src/install/controller_manager_msgs/lib:/home/mcr2/ros2_ws/src/install/control_msgs/lib:${LD_LIBRARY_PATH} PYTHONPATH=/home/mcr2/ros2_ws/src/install/controller_manager/local/lib/python3.10/dist-packages:/home/mcr2/ros2_ws/src/install/controller_manager_msgs/local/lib/python3.10/dist-packages:/home/mcr2/ros2_ws/src/install/control_msgs/local/lib/python3.10/dist-packages:${PYTHONPATH} /usr/bin/cmake --install /home/mcr2/ros2_ws/src/build/position_controllers
[131.119s] -- Install configuration: ""
[131.128s] -- Installing: /home/mcr2/ros2_ws/src/install/position_controllers/share/position_controllers/position_controllers_plugins.xml
[131.152s] -- Installing: /home/mcr2/ros2_ws/src/install/position_controllers/include/position_controllers
[131.154s] -- Installing: /home/mcr2/ros2_ws/src/install/position_controllers/include/position_controllers/position_controllers
[131.154s] -- Installing: /home/mcr2/ros2_ws/src/install/position_controllers/include/position_controllers/position_controllers/visibility_control.h
[131.155s] -- Installing: /home/mcr2/ros2_ws/src/install/position_controllers/include/position_controllers/position_controllers/joint_group_position_controller.hpp
[131.155s] -- Installing: /home/mcr2/ros2_ws/src/install/position_controllers/lib/libposition_controllers.so
[131.160s] -- Set runtime path of "/home/mcr2/ros2_ws/src/install/position_controllers/lib/libposition_controllers.so" to ""
[131.161s] -- Installing: /home/mcr2/ros2_ws/src/install/position_controllers/share/position_controllers/environment/library_path.sh
[131.164s] -- Installing: /home/mcr2/ros2_ws/src/install/position_controllers/share/position_controllers/environment/library_path.dsv
[131.165s] -- Installing: /home/mcr2/ros2_ws/src/install/position_controllers/share/ament_index/resource_index/package_run_dependencies/position_controllers
[131.165s] -- Installing: /home/mcr2/ros2_ws/src/install/position_controllers/share/ament_index/resource_index/parent_prefix_path/position_controllers
[131.165s] -- Installing: /home/mcr2/ros2_ws/src/install/position_controllers/share/position_controllers/environment/ament_prefix_path.sh
[131.165s] -- Installing: /home/mcr2/ros2_ws/src/install/position_controllers/share/position_controllers/environment/ament_prefix_path.dsv
[131.165s] -- Installing: /home/mcr2/ros2_ws/src/install/position_controllers/share/position_controllers/environment/path.sh
[131.166s] -- Installing: /home/mcr2/ros2_ws/src/install/position_controllers/share/position_controllers/environment/path.dsv
[131.166s] -- Installing: /home/mcr2/ros2_ws/src/install/position_controllers/share/position_controllers/local_setup.bash
[131.166s] -- Installing: /home/mcr2/ros2_ws/src/install/position_controllers/share/position_controllers/local_setup.sh
[131.167s] -- Installing: /home/mcr2/ros2_ws/src/install/position_controllers/share/position_controllers/local_setup.zsh
[131.178s] -- Installing: /home/mcr2/ros2_ws/src/install/position_controllers/share/position_controllers/local_setup.dsv
[131.179s] -- Installing: /home/mcr2/ros2_ws/src/install/position_controllers/share/position_controllers/package.dsv
[131.179s] -- Installing: /home/mcr2/ros2_ws/src/install/position_controllers/share/ament_index/resource_index/packages/position_controllers
[131.180s] -- Installing: /home/mcr2/ros2_ws/src/install/position_controllers/share/ament_index/resource_index/controller_interface__pluginlib__plugin/position_controllers
[131.180s] -- Installing: /home/mcr2/ros2_ws/src/install/position_controllers/share/position_controllers/cmake/export_position_controllersExport.cmake
[131.180s] -- Installing: /home/mcr2/ros2_ws/src/install/position_controllers/share/position_controllers/cmake/export_position_controllersExport-noconfig.cmake
[131.180s] -- Installing: /home/mcr2/ros2_ws/src/install/position_controllers/share/position_controllers/cmake/ament_cmake_export_targets-extras.cmake
[131.180s] -- Installing: /home/mcr2/ros2_ws/src/install/position_controllers/share/position_controllers/cmake/ament_cmake_export_dependencies-extras.cmake
[131.181s] -- Installing: /home/mcr2/ros2_ws/src/install/position_controllers/share/position_controllers/cmake/position_controllersConfig.cmake
[131.181s] -- Installing: /home/mcr2/ros2_ws/src/install/position_controllers/share/position_controllers/cmake/position_controllersConfig-version.cmake
[131.185s] -- Installing: /home/mcr2/ros2_ws/src/install/position_controllers/share/position_controllers/package.xml
[131.187s] Invoked command in '/home/mcr2/ros2_ws/src/build/position_controllers' returned '0': AMENT_PREFIX_PATH=/home/mcr2/ros2_ws/src/install/forward_command_controller:/home/mcr2/ros2_ws/src/install/controller_manager:/home/mcr2/ros2_ws/src/install/hardware_interface_testing:/home/mcr2/ros2_ws/src/install/controller_interface:/home/mcr2/ros2_ws/src/install/hardware_interface:/home/mcr2/ros2_ws/src/install/ros2_control_test_assets:/home/mcr2/ros2_ws/src/install/realtime_tools:/home/mcr2/ros2_ws/src/install/controller_manager_msgs:/home/mcr2/ros2_ws/src/install/control_msgs:${AMENT_PREFIX_PATH} CMAKE_PREFIX_PATH=/home/mcr2/ros2_ws/src/install/forward_command_controller:/home/mcr2/ros2_ws/src/install/controller_manager:/home/mcr2/ros2_ws/src/install/hardware_interface_testing:/home/mcr2/ros2_ws/src/install/controller_interface:/home/mcr2/ros2_ws/src/install/hardware_interface:/home/mcr2/ros2_ws/src/install/ros2_control_test_assets:/home/mcr2/ros2_ws/src/install/realtime_tools:/home/mcr2/ros2_ws/src/install/controller_manager_msgs:/home/mcr2/ros2_ws/src/install/control_msgs:/home/mcr2/ros2_utilities_ws/install/ros_ign_interfaces:/home/mcr2/ros2_utilities_ws/install/ros_ign:/home/mcr2/ros2_utilities_ws/install/ros_ign_image:/home/mcr2/ros2_utilities_ws/install/ros_ign_gazebo_demos:/home/mcr2/ros2_utilities_ws/install/ros_ign_gazebo:/home/mcr2/ros2_utilities_ws/install/ros_ign_bridge:/home/mcr2/ros2_utilities_ws/install/ros_gz:/home/mcr2/ros2_utilities_ws/install/ros_gz_sim_demos:/home/mcr2/ros2_utilities_ws/install/ros_gz_sim:/home/mcr2/ros2_utilities_ws/install/ros_gz_image:/home/mcr2/ros2_utilities_ws/install/ros_gz_bridge:/home/mcr2/ros2_utilities_ws/install/ros_gz_interfaces:/home/mcr2/ros2_utilities_ws/install/micro_ros_setup:/home/mcr2/ros2_utilities_ws/install/micro_ros_agent:/home/mcr2/ros2_utilities_ws/install/micro_ros_msgs:/home/mcr2/ros2_utilities_ws/install/aruco_ros:/home/mcr2/ros2_utilities_ws/install/aruco_msgs:/home/mcr2/ros2_utilities_ws/install/aruco:/opt/ros/humble LD_LIBRARY_PATH=/home/mcr2/ros2_ws/src/install/forward_command_controller/lib:/home/mcr2/ros2_ws/src/install/controller_manager/lib:/home/mcr2/ros2_ws/src/install/hardware_interface_testing/lib:/home/mcr2/ros2_ws/src/install/controller_interface/lib:/home/mcr2/ros2_ws/src/install/hardware_interface/lib:/home/mcr2/ros2_ws/src/install/realtime_tools/lib:/home/mcr2/ros2_ws/src/install/controller_manager_msgs/lib:/home/mcr2/ros2_ws/src/install/control_msgs/lib:${LD_LIBRARY_PATH} PYTHONPATH=/home/mcr2/ros2_ws/src/install/controller_manager/local/lib/python3.10/dist-packages:/home/mcr2/ros2_ws/src/install/controller_manager_msgs/local/lib/python3.10/dist-packages:/home/mcr2/ros2_ws/src/install/control_msgs/local/lib/python3.10/dist-packages:${PYTHONPATH} /usr/bin/cmake --install /home/mcr2/ros2_ws/src/build/position_controllers
