[0.456s] Invoking command in '/home/mcr2/ros2_ws/src/build/control_toolbox': AMENT_PREFIX_PATH=/home/mcr2/ros2_ws/src/install/realtime_tools:/home/mcr2/ros2_ws/src/install/control_msgs:${AMENT_PREFIX_PATH} CMAKE_PREFIX_PATH=/home/mcr2/ros2_ws/src/install/realtime_tools:/home/mcr2/ros2_ws/src/install/control_msgs:/home/mcr2/ros2_utilities_ws/install/ros_ign_interfaces:/home/mcr2/ros2_utilities_ws/install/ros_ign:/home/mcr2/ros2_utilities_ws/install/ros_ign_image:/home/mcr2/ros2_utilities_ws/install/ros_ign_gazebo_demos:/home/mcr2/ros2_utilities_ws/install/ros_ign_gazebo:/home/mcr2/ros2_utilities_ws/install/ros_ign_bridge:/home/mcr2/ros2_utilities_ws/install/ros_gz:/home/mcr2/ros2_utilities_ws/install/ros_gz_sim_demos:/home/mcr2/ros2_utilities_ws/install/ros_gz_sim:/home/mcr2/ros2_utilities_ws/install/ros_gz_image:/home/mcr2/ros2_utilities_ws/install/ros_gz_bridge:/home/mcr2/ros2_utilities_ws/install/ros_gz_interfaces:/home/mcr2/ros2_utilities_ws/install/micro_ros_setup:/home/mcr2/ros2_utilities_ws/install/micro_ros_agent:/home/mcr2/ros2_utilities_ws/install/micro_ros_msgs:/home/mcr2/ros2_utilities_ws/install/aruco_ros:/home/mcr2/ros2_utilities_ws/install/aruco_msgs:/home/mcr2/ros2_utilities_ws/install/aruco:/opt/ros/humble LD_LIBRARY_PATH=/home/mcr2/ros2_ws/src/install/realtime_tools/lib:/home/mcr2/ros2_ws/src/install/control_msgs/lib:${LD_LIBRARY_PATH} PYTHONPATH=/home/mcr2/ros2_ws/src/install/control_msgs/local/lib/python3.10/dist-packages:${PYTHONPATH} /usr/bin/cmake /home/mcr2/ros2_ws/src/ros-controls/control_toolbox -DCMAKE_INSTALL_PREFIX=/home/mcr2/ros2_ws/src/install/control_toolbox
[0.736s] -- The CXX compiler identification is GNU 11.4.0
[0.753s] -- Detecting CXX compiler ABI info
[1.111s] -- Detecting CXX compiler ABI info - done
[1.144s] -- Check for working CXX compiler: /usr/bin/c++ - skipped
[1.144s] -- Detecting CXX compile features
[1.145s] -- Detecting CXX compile features - done
[1.153s] -- Found ament_cmake: 1.3.8 (/opt/ros/humble/share/ament_cmake/cmake)
[1.711s] -- Found Python3: /usr/bin/python3 (found version "3.10.12") found components: Interpreter 
[2.127s] -- Found control_msgs: 4.4.0 (/home/mcr2/ros2_ws/src/install/control_msgs/share/control_msgs/cmake)
[2.374s] -- Found rosidl_generator_c: 3.1.5 (/opt/ros/humble/share/rosidl_generator_c/cmake)
[2.409s] -- Found rosidl_adapter: 3.1.5 (/opt/ros/humble/share/rosidl_adapter/cmake)
[2.461s] -- Found rosidl_generator_cpp: 3.1.5 (/opt/ros/humble/share/rosidl_generator_cpp/cmake)
[2.540s] -- Using all available rosidl_typesupport_c: rosidl_typesupport_fastrtps_c;rosidl_typesupport_introspection_c
[2.652s] -- Using all available rosidl_typesupport_cpp: rosidl_typesupport_fastrtps_cpp;rosidl_typesupport_introspection_cpp
[4.146s] -- Found rclcpp: 16.0.8 (/opt/ros/humble/share/rclcpp/cmake)
[4.361s] -- Found rmw_implementation_cmake: 6.1.1 (/opt/ros/humble/share/rmw_implementation_cmake/cmake)
[4.373s] -- Found rmw_fastrtps_cpp: 6.2.6 (/opt/ros/humble/share/rmw_fastrtps_cpp/cmake)
[4.741s] -- Found OpenSSL: /usr/lib/x86_64-linux-gnu/libcrypto.so (found version "3.0.2")  
[4.831s] -- Found FastRTPS: /opt/ros/humble/include  
[4.978s] -- Using RMW implementation 'rmw_fastrtps_cpp' as default
[5.024s] -- Looking for C++ include pthread.h
[5.309s] -- Looking for C++ include pthread.h - found
[5.310s] -- Performing Test CMAKE_HAVE_LIBC_PTHREAD
[5.579s] -- Performing Test CMAKE_HAVE_LIBC_PTHREAD - Success
[5.579s] -- Found Threads: TRUE  
[5.911s] -- Found realtime_tools: 2.5.0 (/home/mcr2/ros2_ws/src/install/realtime_tools/share/realtime_tools/cmake)
[6.040s] -- Found filters: 2.1.0 (/opt/ros/humble/share/filters/cmake)
[6.063s] -- Found generate_parameter_library: 0.3.7 (/opt/ros/humble/share/generate_parameter_library/cmake)
[6.078s] -- Found parameter_traits: 0.3.7 (/opt/ros/humble/share/parameter_traits/cmake)
[6.192s] -- Found rclcpp_lifecycle: 16.0.8 (/opt/ros/humble/share/rclcpp_lifecycle/cmake)
[6.334s] -- Found pluginlib: 5.1.0 (/opt/ros/humble/share/pluginlib/cmake)
[6.471s] -- Found ament_cmake_gmock: 1.3.8 (/opt/ros/humble/share/ament_cmake_gmock/cmake)
[6.484s] -- Found ament_cmake_gtest: 1.3.8 (/opt/ros/humble/share/ament_cmake_gtest/cmake)
[6.502s] -- Found gmock sources under '/opt/ros/humble/src/gmock_vendor': C++ tests using 'Google Mock' will be built
[6.742s] -- The C compiler identification is GNU 11.4.0
[6.779s] -- Detecting C compiler ABI info
[7.480s] -- Detecting C compiler ABI info - done
[7.552s] -- Check for working C compiler: /usr/bin/cc - skipped
[7.553s] -- Detecting C compile features
[7.560s] -- Detecting C compile features - done
[7.586s] -- Found gtest sources under '/opt/ros/humble/src/gtest_vendor': C++ tests using 'Google Test' will be built
[8.187s] -- Configuring done
[8.419s] -- Generating done
[8.429s] -- Build files have been written to: /home/mcr2/ros2_ws/src/build/control_toolbox
[8.503s] Invoked command in '/home/mcr2/ros2_ws/src/build/control_toolbox' returned '0': AMENT_PREFIX_PATH=/home/mcr2/ros2_ws/src/install/realtime_tools:/home/mcr2/ros2_ws/src/install/control_msgs:${AMENT_PREFIX_PATH} CMAKE_PREFIX_PATH=/home/mcr2/ros2_ws/src/install/realtime_tools:/home/mcr2/ros2_ws/src/install/control_msgs:/home/mcr2/ros2_utilities_ws/install/ros_ign_interfaces:/home/mcr2/ros2_utilities_ws/install/ros_ign:/home/mcr2/ros2_utilities_ws/install/ros_ign_image:/home/mcr2/ros2_utilities_ws/install/ros_ign_gazebo_demos:/home/mcr2/ros2_utilities_ws/install/ros_ign_gazebo:/home/mcr2/ros2_utilities_ws/install/ros_ign_bridge:/home/mcr2/ros2_utilities_ws/install/ros_gz:/home/mcr2/ros2_utilities_ws/install/ros_gz_sim_demos:/home/mcr2/ros2_utilities_ws/install/ros_gz_sim:/home/mcr2/ros2_utilities_ws/install/ros_gz_image:/home/mcr2/ros2_utilities_ws/install/ros_gz_bridge:/home/mcr2/ros2_utilities_ws/install/ros_gz_interfaces:/home/mcr2/ros2_utilities_ws/install/micro_ros_setup:/home/mcr2/ros2_utilities_ws/install/micro_ros_agent:/home/mcr2/ros2_utilities_ws/install/micro_ros_msgs:/home/mcr2/ros2_utilities_ws/install/aruco_ros:/home/mcr2/ros2_utilities_ws/install/aruco_msgs:/home/mcr2/ros2_utilities_ws/install/aruco:/opt/ros/humble LD_LIBRARY_PATH=/home/mcr2/ros2_ws/src/install/realtime_tools/lib:/home/mcr2/ros2_ws/src/install/control_msgs/lib:${LD_LIBRARY_PATH} PYTHONPATH=/home/mcr2/ros2_ws/src/install/control_msgs/local/lib/python3.10/dist-packages:${PYTHONPATH} /usr/bin/cmake /home/mcr2/ros2_ws/src/ros-controls/control_toolbox -DCMAKE_INSTALL_PREFIX=/home/mcr2/ros2_ws/src/install/control_toolbox
[8.522s] Invoking command in '/home/mcr2/ros2_ws/src/build/control_toolbox': AMENT_PREFIX_PATH=/home/mcr2/ros2_ws/src/install/realtime_tools:/home/mcr2/ros2_ws/src/install/control_msgs:${AMENT_PREFIX_PATH} CMAKE_PREFIX_PATH=/home/mcr2/ros2_ws/src/install/realtime_tools:/home/mcr2/ros2_ws/src/install/control_msgs:/home/mcr2/ros2_utilities_ws/install/ros_ign_interfaces:/home/mcr2/ros2_utilities_ws/install/ros_ign:/home/mcr2/ros2_utilities_ws/install/ros_ign_image:/home/mcr2/ros2_utilities_ws/install/ros_ign_gazebo_demos:/home/mcr2/ros2_utilities_ws/install/ros_ign_gazebo:/home/mcr2/ros2_utilities_ws/install/ros_ign_bridge:/home/mcr2/ros2_utilities_ws/install/ros_gz:/home/mcr2/ros2_utilities_ws/install/ros_gz_sim_demos:/home/mcr2/ros2_utilities_ws/install/ros_gz_sim:/home/mcr2/ros2_utilities_ws/install/ros_gz_image:/home/mcr2/ros2_utilities_ws/install/ros_gz_bridge:/home/mcr2/ros2_utilities_ws/install/ros_gz_interfaces:/home/mcr2/ros2_utilities_ws/install/micro_ros_setup:/home/mcr2/ros2_utilities_ws/install/micro_ros_agent:/home/mcr2/ros2_utilities_ws/install/micro_ros_msgs:/home/mcr2/ros2_utilities_ws/install/aruco_ros:/home/mcr2/ros2_utilities_ws/install/aruco_msgs:/home/mcr2/ros2_utilities_ws/install/aruco:/opt/ros/humble LD_LIBRARY_PATH=/home/mcr2/ros2_ws/src/install/realtime_tools/lib:/home/mcr2/ros2_ws/src/install/control_msgs/lib:${LD_LIBRARY_PATH} PYTHONPATH=/home/mcr2/ros2_ws/src/install/control_msgs/local/lib/python3.10/dist-packages:${PYTHONPATH} /usr/bin/cmake --build /home/mcr2/ros2_ws/src/build/control_toolbox -- -j4 -l4
[9.064s] [  3%] [32mBuilding CXX object gmock/CMakeFiles/gmock.dir/opt/ros/humble/src/gtest_vendor/src/gtest-all.cc.o[0m
[9.112s] [  6%] [34m[1mRunning `/opt/ros/humble/bin/generate_parameter_library_cpp /home/mcr2/ros2_ws/src/build/control_toolbox/low_pass_filter_parameters/include//low_pass_filter_parameters.hpp /home/mcr2/ros2_ws/src/ros-controls/control_toolbox/src/control_filters/low_pass_filter_parameters.yaml `[0m
[9.176s] [ 10%] [32mBuilding CXX object gmock/CMakeFiles/gmock_main.dir/src/gmock_main.cc.o[0m
[9.176s] [ 13%] [32mBuilding CXX object CMakeFiles/control_toolbox.dir/src/dither.cpp.o[0m
[10.706s] [ 13%] Built target low_pass_filter_parameters
[10.954s] [ 17%] [32mBuilding CXX object gtest/CMakeFiles/gtest_main.dir/src/gtest_main.cc.o[0m
[13.705s] [ 20%] [32mBuilding CXX object CMakeFiles/control_toolbox.dir/src/limited_proxy.cpp.o[0m
[17.081s] [ 24%] [32mBuilding CXX object CMakeFiles/control_toolbox.dir/src/pid_ros.cpp.o[0m
[19.359s] [ 27%] [32m[1mLinking CXX static library libgtest_main.a[0m
[20.070s] [ 27%] Built target gtest_main
[20.184s] [ 31%] [32m[1mLinking CXX static library libgmock_main.a[0m
[20.810s] [ 31%] Built target gmock_main
[30.794s] [ 34%] [32mBuilding CXX object gmock/CMakeFiles/gmock.dir/src/gmock-all.cc.o[0m
[37.299s] [ 37%] [32mBuilding CXX object CMakeFiles/control_toolbox.dir/src/pid.cpp.o[0m
[41.562s] [ 41%] [32m[1mLinking CXX static library libgmock.a[0m
[42.027s] [ 41%] Built target gmock
[43.840s] [ 44%] [32mBuilding CXX object CMakeFiles/control_toolbox.dir/src/sine_sweep.cpp.o[0m
[45.743s] [ 48%] [32mBuilding CXX object CMakeFiles/control_toolbox.dir/src/sinusoid.cpp.o[0m
[46.899s] [ 51%] [32m[1mLinking CXX shared library libcontrol_toolbox.so[0m
[47.518s] [ 51%] Built target control_toolbox
[47.597s] [ 55%] [32mBuilding CXX object CMakeFiles/low_pass_filter.dir/src/control_filters/low_pass_filter.cpp.o[0m
[58.697s] [ 58%] [32m[1mLinking CXX shared library liblow_pass_filter.so[0m
[59.124s] [ 58%] Built target low_pass_filter
[59.207s] [ 62%] [32mBuilding CXX object CMakeFiles/pid_tests.dir/test/pid_tests.cpp.o[0m
[65.494s] [ 65%] [32m[1mLinking CXX executable pid_tests[0m
[66.269s] [ 65%] Built target pid_tests
[66.342s] [ 68%] [32mBuilding CXX object CMakeFiles/test_load_low_pass_filter.dir/test/control_filters/test_load_low_pass_filter.cpp.o[0m
[93.888s] [ 72%] [32m[1mLinking CXX executable test_load_low_pass_filter[0m
[94.936s] [ 72%] Built target test_load_low_pass_filter
[95.036s] [ 75%] [32mBuilding CXX object CMakeFiles/test_low_pass_filter.dir/test/control_filters/test_low_pass_filter.cpp.o[0m
[118.115s] [ 79%] [32m[1mLinking CXX executable test_low_pass_filter[0m
[119.525s] [ 79%] Built target test_low_pass_filter
[119.704s] [ 82%] [32mBuilding CXX object gtest/CMakeFiles/gtest.dir/src/gtest-all.cc.o[0m
[134.995s] [ 86%] [32m[1mLinking CXX static library libgtest.a[0m
[135.672s] [ 86%] Built target gtest
[135.829s] [ 89%] [32mBuilding CXX object CMakeFiles/pid_parameters_tests.dir/test/pid_parameters_tests.cpp.o[0m
[155.037s] [ 93%] [32m[1mLinking CXX executable pid_parameters_tests[0m
[157.753s] [ 93%] Built target pid_parameters_tests
[157.893s] [ 96%] [32mBuilding CXX object CMakeFiles/pid_publisher_tests.dir/test/pid_publisher_tests.cpp.o[0m
[194.618s] [100%] [32m[1mLinking CXX executable pid_publisher_tests[0m
[197.548s] [100%] Built target pid_publisher_tests
[197.635s] Invoked command in '/home/mcr2/ros2_ws/src/build/control_toolbox' returned '0': AMENT_PREFIX_PATH=/home/mcr2/ros2_ws/src/install/realtime_tools:/home/mcr2/ros2_ws/src/install/control_msgs:${AMENT_PREFIX_PATH} CMAKE_PREFIX_PATH=/home/mcr2/ros2_ws/src/install/realtime_tools:/home/mcr2/ros2_ws/src/install/control_msgs:/home/mcr2/ros2_utilities_ws/install/ros_ign_interfaces:/home/mcr2/ros2_utilities_ws/install/ros_ign:/home/mcr2/ros2_utilities_ws/install/ros_ign_image:/home/mcr2/ros2_utilities_ws/install/ros_ign_gazebo_demos:/home/mcr2/ros2_utilities_ws/install/ros_ign_gazebo:/home/mcr2/ros2_utilities_ws/install/ros_ign_bridge:/home/mcr2/ros2_utilities_ws/install/ros_gz:/home/mcr2/ros2_utilities_ws/install/ros_gz_sim_demos:/home/mcr2/ros2_utilities_ws/install/ros_gz_sim:/home/mcr2/ros2_utilities_ws/install/ros_gz_image:/home/mcr2/ros2_utilities_ws/install/ros_gz_bridge:/home/mcr2/ros2_utilities_ws/install/ros_gz_interfaces:/home/mcr2/ros2_utilities_ws/install/micro_ros_setup:/home/mcr2/ros2_utilities_ws/install/micro_ros_agent:/home/mcr2/ros2_utilities_ws/install/micro_ros_msgs:/home/mcr2/ros2_utilities_ws/install/aruco_ros:/home/mcr2/ros2_utilities_ws/install/aruco_msgs:/home/mcr2/ros2_utilities_ws/install/aruco:/opt/ros/humble LD_LIBRARY_PATH=/home/mcr2/ros2_ws/src/install/realtime_tools/lib:/home/mcr2/ros2_ws/src/install/control_msgs/lib:${LD_LIBRARY_PATH} PYTHONPATH=/home/mcr2/ros2_ws/src/install/control_msgs/local/lib/python3.10/dist-packages:${PYTHONPATH} /usr/bin/cmake --build /home/mcr2/ros2_ws/src/build/control_toolbox -- -j4 -l4
[198.450s] Invoking command in '/home/mcr2/ros2_ws/src/build/control_toolbox': AMENT_PREFIX_PATH=/home/mcr2/ros2_ws/src/install/realtime_tools:/home/mcr2/ros2_ws/src/install/control_msgs:${AMENT_PREFIX_PATH} CMAKE_PREFIX_PATH=/home/mcr2/ros2_ws/src/install/realtime_tools:/home/mcr2/ros2_ws/src/install/control_msgs:/home/mcr2/ros2_utilities_ws/install/ros_ign_interfaces:/home/mcr2/ros2_utilities_ws/install/ros_ign:/home/mcr2/ros2_utilities_ws/install/ros_ign_image:/home/mcr2/ros2_utilities_ws/install/ros_ign_gazebo_demos:/home/mcr2/ros2_utilities_ws/install/ros_ign_gazebo:/home/mcr2/ros2_utilities_ws/install/ros_ign_bridge:/home/mcr2/ros2_utilities_ws/install/ros_gz:/home/mcr2/ros2_utilities_ws/install/ros_gz_sim_demos:/home/mcr2/ros2_utilities_ws/install/ros_gz_sim:/home/mcr2/ros2_utilities_ws/install/ros_gz_image:/home/mcr2/ros2_utilities_ws/install/ros_gz_bridge:/home/mcr2/ros2_utilities_ws/install/ros_gz_interfaces:/home/mcr2/ros2_utilities_ws/install/micro_ros_setup:/home/mcr2/ros2_utilities_ws/install/micro_ros_agent:/home/mcr2/ros2_utilities_ws/install/micro_ros_msgs:/home/mcr2/ros2_utilities_ws/install/aruco_ros:/home/mcr2/ros2_utilities_ws/install/aruco_msgs:/home/mcr2/ros2_utilities_ws/install/aruco:/opt/ros/humble LD_LIBRARY_PATH=/home/mcr2/ros2_ws/src/install/realtime_tools/lib:/home/mcr2/ros2_ws/src/install/control_msgs/lib:${LD_LIBRARY_PATH} PYTHONPATH=/home/mcr2/ros2_ws/src/install/control_msgs/local/lib/python3.10/dist-packages:${PYTHONPATH} /usr/bin/cmake --install /home/mcr2/ros2_ws/src/build/control_toolbox
[198.487s] -- Install configuration: ""
[198.487s] -- Installing: /home/mcr2/ros2_ws/src/install/control_toolbox/include/low_pass_filter_parameters
[198.505s] -- Installing: /home/mcr2/ros2_ws/src/install/control_toolbox/include/low_pass_filter_parameters/low_pass_filter_parameters.hpp
[198.506s] -- Installing: /home/mcr2/ros2_ws/src/install/control_toolbox/share/control_toolbox/control_filters.xml
[198.519s] -- Installing: /home/mcr2/ros2_ws/src/install/control_toolbox/include/control_toolbox
[198.519s] -- Installing: /home/mcr2/ros2_ws/src/install/control_toolbox/include/control_toolbox/control_toolbox
[198.519s] -- Installing: /home/mcr2/ros2_ws/src/install/control_toolbox/include/control_toolbox/control_toolbox/pid_ros.hpp
[198.519s] -- Installing: /home/mcr2/ros2_ws/src/install/control_toolbox/include/control_toolbox/control_toolbox/limited_proxy.hpp
[198.520s] -- Installing: /home/mcr2/ros2_ws/src/install/control_toolbox/include/control_toolbox/control_toolbox/visibility_control.hpp
[198.520s] -- Installing: /home/mcr2/ros2_ws/src/install/control_toolbox/include/control_toolbox/control_toolbox/dither.hpp
[198.520s] -- Installing: /home/mcr2/ros2_ws/src/install/control_toolbox/include/control_toolbox/control_toolbox/sinusoid.hpp
[198.520s] -- Installing: /home/mcr2/ros2_ws/src/install/control_toolbox/include/control_toolbox/control_toolbox/sine_sweep.hpp
[198.521s] -- Installing: /home/mcr2/ros2_ws/src/install/control_toolbox/include/control_toolbox/control_toolbox/filters.hpp
[198.525s] -- Installing: /home/mcr2/ros2_ws/src/install/control_toolbox/include/control_toolbox/control_toolbox/pid.hpp
[198.525s] -- Installing: /home/mcr2/ros2_ws/src/install/control_toolbox/include/control_toolbox/control_filters
[198.530s] -- Installing: /home/mcr2/ros2_ws/src/install/control_toolbox/include/control_toolbox/control_filters/low_pass_filter.hpp
[198.533s] -- Installing: /home/mcr2/ros2_ws/src/install/control_toolbox/lib/libcontrol_toolbox.so
[198.547s] -- Set runtime path of "/home/mcr2/ros2_ws/src/install/control_toolbox/lib/libcontrol_toolbox.so" to ""
[198.549s] -- Installing: /home/mcr2/ros2_ws/src/install/control_toolbox/lib/liblow_pass_filter.so
[198.558s] -- Set runtime path of "/home/mcr2/ros2_ws/src/install/control_toolbox/lib/liblow_pass_filter.so" to ""
[198.558s] -- Installing: /home/mcr2/ros2_ws/src/install/control_toolbox/share/control_toolbox/environment/library_path.sh
[198.565s] -- Installing: /home/mcr2/ros2_ws/src/install/control_toolbox/share/control_toolbox/environment/library_path.dsv
[198.566s] -- Installing: /home/mcr2/ros2_ws/src/install/control_toolbox/share/ament_index/resource_index/package_run_dependencies/control_toolbox
[198.566s] -- Installing: /home/mcr2/ros2_ws/src/install/control_toolbox/share/ament_index/resource_index/parent_prefix_path/control_toolbox
[198.566s] -- Installing: /home/mcr2/ros2_ws/src/install/control_toolbox/share/control_toolbox/environment/ament_prefix_path.sh
[198.569s] -- Installing: /home/mcr2/ros2_ws/src/install/control_toolbox/share/control_toolbox/environment/ament_prefix_path.dsv
[198.569s] -- Installing: /home/mcr2/ros2_ws/src/install/control_toolbox/share/control_toolbox/environment/path.sh
[198.573s] -- Installing: /home/mcr2/ros2_ws/src/install/control_toolbox/share/control_toolbox/environment/path.dsv
[198.573s] -- Installing: /home/mcr2/ros2_ws/src/install/control_toolbox/share/control_toolbox/local_setup.bash
[198.573s] -- Installing: /home/mcr2/ros2_ws/src/install/control_toolbox/share/control_toolbox/local_setup.sh
[198.573s] -- Installing: /home/mcr2/ros2_ws/src/install/control_toolbox/share/control_toolbox/local_setup.zsh
[198.585s] -- Installing: /home/mcr2/ros2_ws/src/install/control_toolbox/share/control_toolbox/local_setup.dsv
[198.607s] -- Installing: /home/mcr2/ros2_ws/src/install/control_toolbox/share/control_toolbox/package.dsv
[198.607s] -- Installing: /home/mcr2/ros2_ws/src/install/control_toolbox/share/ament_index/resource_index/packages/control_toolbox
[198.608s] -- Installing: /home/mcr2/ros2_ws/src/install/control_toolbox/share/ament_index/resource_index/filters__pluginlib__plugin/control_toolbox
[198.608s] -- Installing: /home/mcr2/ros2_ws/src/install/control_toolbox/share/control_toolbox/cmake/export_control_toolboxExport.cmake
[198.608s] -- Installing: /home/mcr2/ros2_ws/src/install/control_toolbox/share/control_toolbox/cmake/export_control_toolboxExport-noconfig.cmake
[198.608s] -- Installing: /home/mcr2/ros2_ws/src/install/control_toolbox/share/control_toolbox/cmake/ament_cmake_export_targets-extras.cmake
[198.608s] -- Installing: /home/mcr2/ros2_ws/src/install/control_toolbox/share/control_toolbox/cmake/ament_cmake_export_dependencies-extras.cmake
[198.609s] -- Installing: /home/mcr2/ros2_ws/src/install/control_toolbox/share/control_toolbox/cmake/control_toolboxConfig.cmake
[198.609s] -- Installing: /home/mcr2/ros2_ws/src/install/control_toolbox/share/control_toolbox/cmake/control_toolboxConfig-version.cmake
[198.609s] -- Installing: /home/mcr2/ros2_ws/src/install/control_toolbox/share/control_toolbox/package.xml
[198.620s] Invoked command in '/home/mcr2/ros2_ws/src/build/control_toolbox' returned '0': AMENT_PREFIX_PATH=/home/mcr2/ros2_ws/src/install/realtime_tools:/home/mcr2/ros2_ws/src/install/control_msgs:${AMENT_PREFIX_PATH} CMAKE_PREFIX_PATH=/home/mcr2/ros2_ws/src/install/realtime_tools:/home/mcr2/ros2_ws/src/install/control_msgs:/home/mcr2/ros2_utilities_ws/install/ros_ign_interfaces:/home/mcr2/ros2_utilities_ws/install/ros_ign:/home/mcr2/ros2_utilities_ws/install/ros_ign_image:/home/mcr2/ros2_utilities_ws/install/ros_ign_gazebo_demos:/home/mcr2/ros2_utilities_ws/install/ros_ign_gazebo:/home/mcr2/ros2_utilities_ws/install/ros_ign_bridge:/home/mcr2/ros2_utilities_ws/install/ros_gz:/home/mcr2/ros2_utilities_ws/install/ros_gz_sim_demos:/home/mcr2/ros2_utilities_ws/install/ros_gz_sim:/home/mcr2/ros2_utilities_ws/install/ros_gz_image:/home/mcr2/ros2_utilities_ws/install/ros_gz_bridge:/home/mcr2/ros2_utilities_ws/install/ros_gz_interfaces:/home/mcr2/ros2_utilities_ws/install/micro_ros_setup:/home/mcr2/ros2_utilities_ws/install/micro_ros_agent:/home/mcr2/ros2_utilities_ws/install/micro_ros_msgs:/home/mcr2/ros2_utilities_ws/install/aruco_ros:/home/mcr2/ros2_utilities_ws/install/aruco_msgs:/home/mcr2/ros2_utilities_ws/install/aruco:/opt/ros/humble LD_LIBRARY_PATH=/home/mcr2/ros2_ws/src/install/realtime_tools/lib:/home/mcr2/ros2_ws/src/install/control_msgs/lib:${LD_LIBRARY_PATH} PYTHONPATH=/home/mcr2/ros2_ws/src/install/control_msgs/local/lib/python3.10/dist-packages:${PYTHONPATH} /usr/bin/cmake --install /home/mcr2/ros2_ws/src/build/control_toolbox
