[0.640s] Invoking command in '/home/mcr2/ros2_ws/src/build/ackermann_steering_controller': AMENT_PREFIX_PATH=/home/mcr2/ros2_ws/src/install/steering_controllers_library:/home/mcr2/ros2_ws/src/install/controller_manager:/home/mcr2/ros2_ws/src/install/hardware_interface_testing:/home/mcr2/ros2_ws/src/install/controller_interface:/home/mcr2/ros2_ws/src/install/hardware_interface:/home/mcr2/ros2_ws/src/install/ros2_control_test_assets:/home/mcr2/ros2_ws/src/install/realtime_tools:/home/mcr2/ros2_ws/src/install/controller_manager_msgs:/home/mcr2/ros2_ws/src/install/control_msgs:${AMENT_PREFIX_PATH} CMAKE_PREFIX_PATH=/home/mcr2/ros2_ws/src/install/steering_controllers_library:/home/mcr2/ros2_ws/src/install/controller_manager:/home/mcr2/ros2_ws/src/install/hardware_interface_testing:/home/mcr2/ros2_ws/src/install/controller_interface:/home/mcr2/ros2_ws/src/install/hardware_interface:/home/mcr2/ros2_ws/src/install/ros2_control_test_assets:/home/mcr2/ros2_ws/src/install/realtime_tools:/home/mcr2/ros2_ws/src/install/controller_manager_msgs:/home/mcr2/ros2_ws/src/install/control_msgs:/home/mcr2/ros2_utilities_ws/install/ros_ign_interfaces:/home/mcr2/ros2_utilities_ws/install/ros_ign:/home/mcr2/ros2_utilities_ws/install/ros_ign_image:/home/mcr2/ros2_utilities_ws/install/ros_ign_gazebo_demos:/home/mcr2/ros2_utilities_ws/install/ros_ign_gazebo:/home/mcr2/ros2_utilities_ws/install/ros_ign_bridge:/home/mcr2/ros2_utilities_ws/install/ros_gz:/home/mcr2/ros2_utilities_ws/install/ros_gz_sim_demos:/home/mcr2/ros2_utilities_ws/install/ros_gz_sim:/home/mcr2/ros2_utilities_ws/install/ros_gz_image:/home/mcr2/ros2_utilities_ws/install/ros_gz_bridge:/home/mcr2/ros2_utilities_ws/install/ros_gz_interfaces:/home/mcr2/ros2_utilities_ws/install/micro_ros_setup:/home/mcr2/ros2_utilities_ws/install/micro_ros_agent:/home/mcr2/ros2_utilities_ws/install/micro_ros_msgs:/home/mcr2/ros2_utilities_ws/install/aruco_ros:/home/mcr2/ros2_utilities_ws/install/aruco_msgs:/home/mcr2/ros2_utilities_ws/install/aruco:/opt/ros/humble LD_LIBRARY_PATH=/home/mcr2/ros2_ws/src/install/steering_controllers_library/lib:/home/mcr2/ros2_ws/src/install/controller_manager/lib:/home/mcr2/ros2_ws/src/install/hardware_interface_testing/lib:/home/mcr2/ros2_ws/src/install/controller_interface/lib:/home/mcr2/ros2_ws/src/install/hardware_interface/lib:/home/mcr2/ros2_ws/src/install/realtime_tools/lib:/home/mcr2/ros2_ws/src/install/controller_manager_msgs/lib:/home/mcr2/ros2_ws/src/install/control_msgs/lib:${LD_LIBRARY_PATH} PYTHONPATH=/home/mcr2/ros2_ws/src/install/controller_manager/local/lib/python3.10/dist-packages:/home/mcr2/ros2_ws/src/install/controller_manager_msgs/local/lib/python3.10/dist-packages:/home/mcr2/ros2_ws/src/install/control_msgs/local/lib/python3.10/dist-packages:${PYTHONPATH} /usr/bin/cmake /home/mcr2/ros2_ws/src/ros-controls/ros2_controllers/ackermann_steering_controller -DCMAKE_INSTALL_PREFIX=/home/mcr2/ros2_ws/src/install/ackermann_steering_controller
[1.107s] -- The CXX compiler identification is GNU 11.4.0
[1.132s] -- Detecting CXX compiler ABI info
[1.559s] -- Detecting CXX compiler ABI info - done
[1.590s] -- Check for working CXX compiler: /usr/bin/c++ - skipped
[1.591s] -- Detecting CXX compile features
[1.592s] -- Detecting CXX compile features - done
[1.612s] -- Found ament_cmake: 1.3.8 (/opt/ros/humble/share/ament_cmake/cmake)
[2.445s] -- Found Python3: /usr/bin/python3 (found version "3.10.12") found components: Interpreter 
[3.171s] -- Found backward_ros: 1.0.2 (/opt/ros/humble/share/backward_ros/cmake)
[3.238s] -- Found libdw: /usr/lib/x86_64-linux-gnu/libdw.so  
[3.259s] -- Could NOT find libbfd (missing: LIBBFD_LIBRARY LIBBFD_INCLUDE_DIR) 
[3.260s] -- BACKWARD_HAS_UNWIND=1
[3.261s] -- BACKWARD_HAS_BACKTRACE=0
[3.261s] -- BACKWARD_HAS_BACKTRACE_SYMBOL=0
[3.261s] -- BACKWARD_HAS_DW=1
[3.262s] -- BACKWARD_HAS_BFD=0
[3.263s] -- Found Backward: /opt/ros/humble/share/backward_ros/cmake  
[3.267s] -- Found controller_interface: 2.40.0 (/home/mcr2/ros2_ws/src/install/controller_interface/share/controller_interface/cmake)
[3.618s] -- Found rosidl_generator_c: 3.1.5 (/opt/ros/humble/share/rosidl_generator_c/cmake)
[3.659s] -- Found rosidl_adapter: 3.1.5 (/opt/ros/humble/share/rosidl_adapter/cmake)
[3.778s] -- Found rosidl_generator_cpp: 3.1.5 (/opt/ros/humble/share/rosidl_generator_cpp/cmake)
[3.869s] -- Using all available rosidl_typesupport_c: rosidl_typesupport_fastrtps_c;rosidl_typesupport_introspection_c
[3.999s] -- Using all available rosidl_typesupport_cpp: rosidl_typesupport_fastrtps_cpp;rosidl_typesupport_introspection_cpp
[7.130s] -- Found rmw_implementation_cmake: 6.1.1 (/opt/ros/humble/share/rmw_implementation_cmake/cmake)
[7.176s] -- Found rmw_fastrtps_cpp: 6.2.6 (/opt/ros/humble/share/rmw_fastrtps_cpp/cmake)
[7.423s] -- Found TinyXML2 via Config file: TinyXML2_DIR-NOTFOUND
[7.757s] -- Found OpenSSL: /usr/lib/x86_64-linux-gnu/libcrypto.so (found version "3.0.2")  
[7.774s] -- Found TinyXML2 via Config file: TinyXML2_DIR-NOTFOUND
[7.832s] -- Found FastRTPS: /opt/ros/humble/include  
[7.860s] -- Found TinyXML2 via Config file: TinyXML2_DIR-NOTFOUND
[7.905s] -- Found TinyXML2 via Config file: TinyXML2_DIR-NOTFOUND
[7.939s] -- Using RMW implementation 'rmw_fastrtps_cpp' as default
[8.031s] -- Looking for C++ include pthread.h
[8.612s] -- Looking for C++ include pthread.h - found
[8.613s] -- Performing Test CMAKE_HAVE_LIBC_PTHREAD
[9.152s] -- Performing Test CMAKE_HAVE_LIBC_PTHREAD - Success
[9.156s] -- Found Threads: TRUE  
[10.227s] -- Found generate_parameter_library: 0.3.7 (/opt/ros/humble/share/generate_parameter_library/cmake)
[10.255s] -- Found parameter_traits: 0.3.7 (/opt/ros/humble/share/parameter_traits/cmake)
[10.405s] -- Found realtime_tools: 2.5.0 (/home/mcr2/ros2_ws/src/install/realtime_tools/share/realtime_tools/cmake)
[10.581s] -- Found std_srvs: 4.2.3 (/opt/ros/humble/share/std_srvs/cmake)
[10.656s] -- Found steering_controllers_library: 2.33.0 (/home/mcr2/ros2_ws/src/install/steering_controllers_library/share/steering_controllers_library/cmake)
[12.461s] -- Found eigen3_cmake_module: 0.1.1 (/opt/ros/humble/share/eigen3_cmake_module/cmake)
[12.469s] -- Found Eigen3: TRUE (found version "3.4.0") 
[12.470s] -- Ensuring Eigen3 include directory is part of orocos-kdl CMake target
[13.927s] -- Found ament_cmake_gmock: 1.3.8 (/opt/ros/humble/share/ament_cmake_gmock/cmake)
[13.930s] -- Found controller_manager: 2.40.0 (/home/mcr2/ros2_ws/src/install/controller_manager/share/controller_manager/cmake)
[14.885s] -- Found ros2_control_test_assets: 2.40.0 (/home/mcr2/ros2_ws/src/install/ros2_control_test_assets/share/ros2_control_test_assets/cmake)
[14.913s] -- Found gmock sources under '/opt/ros/humble/src/gmock_vendor': C++ tests using 'Google Mock' will be built
[15.079s] -- The C compiler identification is GNU 11.4.0
[15.114s] -- Detecting C compiler ABI info
[15.558s] -- Detecting C compiler ABI info - done
[15.590s] -- Check for working C compiler: /usr/bin/cc - skipped
[15.592s] -- Detecting C compile features
[15.594s] -- Detecting C compile features - done
[15.631s] -- Found ament_cmake_gtest: 1.3.8 (/opt/ros/humble/share/ament_cmake_gtest/cmake)
[15.635s] -- Found gtest sources under '/opt/ros/humble/src/gtest_vendor': C++ tests using 'Google Test' will be built
[17.951s] -- Found gmock sources under '/opt/ros/humble/src/gmock_vendor': C++ tests using 'Google Mock' will be built
[17.951s] -- Found ament_cmake_gtest: 1.3.8 (/opt/ros/humble/share/ament_cmake_gtest/cmake)
[17.955s] -- Found gtest sources under '/opt/ros/humble/src/gtest_vendor': C++ tests using 'Google Test' will be built
[18.783s] -- Found gmock sources under '/opt/ros/humble/src/gmock_vendor': C++ tests using 'Google Mock' will be built
[18.785s] -- Found ament_cmake_gtest: 1.3.8 (/opt/ros/humble/share/ament_cmake_gtest/cmake)
[18.798s] -- Found gtest sources under '/opt/ros/humble/src/gtest_vendor': C++ tests using 'Google Test' will be built
[20.064s] -- Configuring done
[20.641s] -- Generating done
[20.649s] -- Build files have been written to: /home/mcr2/ros2_ws/src/build/ackermann_steering_controller
[20.696s] Invoked command in '/home/mcr2/ros2_ws/src/build/ackermann_steering_controller' returned '0': AMENT_PREFIX_PATH=/home/mcr2/ros2_ws/src/install/steering_controllers_library:/home/mcr2/ros2_ws/src/install/controller_manager:/home/mcr2/ros2_ws/src/install/hardware_interface_testing:/home/mcr2/ros2_ws/src/install/controller_interface:/home/mcr2/ros2_ws/src/install/hardware_interface:/home/mcr2/ros2_ws/src/install/ros2_control_test_assets:/home/mcr2/ros2_ws/src/install/realtime_tools:/home/mcr2/ros2_ws/src/install/controller_manager_msgs:/home/mcr2/ros2_ws/src/install/control_msgs:${AMENT_PREFIX_PATH} CMAKE_PREFIX_PATH=/home/mcr2/ros2_ws/src/install/steering_controllers_library:/home/mcr2/ros2_ws/src/install/controller_manager:/home/mcr2/ros2_ws/src/install/hardware_interface_testing:/home/mcr2/ros2_ws/src/install/controller_interface:/home/mcr2/ros2_ws/src/install/hardware_interface:/home/mcr2/ros2_ws/src/install/ros2_control_test_assets:/home/mcr2/ros2_ws/src/install/realtime_tools:/home/mcr2/ros2_ws/src/install/controller_manager_msgs:/home/mcr2/ros2_ws/src/install/control_msgs:/home/mcr2/ros2_utilities_ws/install/ros_ign_interfaces:/home/mcr2/ros2_utilities_ws/install/ros_ign:/home/mcr2/ros2_utilities_ws/install/ros_ign_image:/home/mcr2/ros2_utilities_ws/install/ros_ign_gazebo_demos:/home/mcr2/ros2_utilities_ws/install/ros_ign_gazebo:/home/mcr2/ros2_utilities_ws/install/ros_ign_bridge:/home/mcr2/ros2_utilities_ws/install/ros_gz:/home/mcr2/ros2_utilities_ws/install/ros_gz_sim_demos:/home/mcr2/ros2_utilities_ws/install/ros_gz_sim:/home/mcr2/ros2_utilities_ws/install/ros_gz_image:/home/mcr2/ros2_utilities_ws/install/ros_gz_bridge:/home/mcr2/ros2_utilities_ws/install/ros_gz_interfaces:/home/mcr2/ros2_utilities_ws/install/micro_ros_setup:/home/mcr2/ros2_utilities_ws/install/micro_ros_agent:/home/mcr2/ros2_utilities_ws/install/micro_ros_msgs:/home/mcr2/ros2_utilities_ws/install/aruco_ros:/home/mcr2/ros2_utilities_ws/install/aruco_msgs:/home/mcr2/ros2_utilities_ws/install/aruco:/opt/ros/humble LD_LIBRARY_PATH=/home/mcr2/ros2_ws/src/install/steering_controllers_library/lib:/home/mcr2/ros2_ws/src/install/controller_manager/lib:/home/mcr2/ros2_ws/src/install/hardware_interface_testing/lib:/home/mcr2/ros2_ws/src/install/controller_interface/lib:/home/mcr2/ros2_ws/src/install/hardware_interface/lib:/home/mcr2/ros2_ws/src/install/realtime_tools/lib:/home/mcr2/ros2_ws/src/install/controller_manager_msgs/lib:/home/mcr2/ros2_ws/src/install/control_msgs/lib:${LD_LIBRARY_PATH} PYTHONPATH=/home/mcr2/ros2_ws/src/install/controller_manager/local/lib/python3.10/dist-packages:/home/mcr2/ros2_ws/src/install/controller_manager_msgs/local/lib/python3.10/dist-packages:/home/mcr2/ros2_ws/src/install/control_msgs/local/lib/python3.10/dist-packages:${PYTHONPATH} /usr/bin/cmake /home/mcr2/ros2_ws/src/ros-controls/ros2_controllers/ackermann_steering_controller -DCMAKE_INSTALL_PREFIX=/home/mcr2/ros2_ws/src/install/ackermann_steering_controller
[20.700s] Invoking command in '/home/mcr2/ros2_ws/src/build/ackermann_steering_controller': AMENT_PREFIX_PATH=/home/mcr2/ros2_ws/src/install/steering_controllers_library:/home/mcr2/ros2_ws/src/install/controller_manager:/home/mcr2/ros2_ws/src/install/hardware_interface_testing:/home/mcr2/ros2_ws/src/install/controller_interface:/home/mcr2/ros2_ws/src/install/hardware_interface:/home/mcr2/ros2_ws/src/install/ros2_control_test_assets:/home/mcr2/ros2_ws/src/install/realtime_tools:/home/mcr2/ros2_ws/src/install/controller_manager_msgs:/home/mcr2/ros2_ws/src/install/control_msgs:${AMENT_PREFIX_PATH} CMAKE_PREFIX_PATH=/home/mcr2/ros2_ws/src/install/steering_controllers_library:/home/mcr2/ros2_ws/src/install/controller_manager:/home/mcr2/ros2_ws/src/install/hardware_interface_testing:/home/mcr2/ros2_ws/src/install/controller_interface:/home/mcr2/ros2_ws/src/install/hardware_interface:/home/mcr2/ros2_ws/src/install/ros2_control_test_assets:/home/mcr2/ros2_ws/src/install/realtime_tools:/home/mcr2/ros2_ws/src/install/controller_manager_msgs:/home/mcr2/ros2_ws/src/install/control_msgs:/home/mcr2/ros2_utilities_ws/install/ros_ign_interfaces:/home/mcr2/ros2_utilities_ws/install/ros_ign:/home/mcr2/ros2_utilities_ws/install/ros_ign_image:/home/mcr2/ros2_utilities_ws/install/ros_ign_gazebo_demos:/home/mcr2/ros2_utilities_ws/install/ros_ign_gazebo:/home/mcr2/ros2_utilities_ws/install/ros_ign_bridge:/home/mcr2/ros2_utilities_ws/install/ros_gz:/home/mcr2/ros2_utilities_ws/install/ros_gz_sim_demos:/home/mcr2/ros2_utilities_ws/install/ros_gz_sim:/home/mcr2/ros2_utilities_ws/install/ros_gz_image:/home/mcr2/ros2_utilities_ws/install/ros_gz_bridge:/home/mcr2/ros2_utilities_ws/install/ros_gz_interfaces:/home/mcr2/ros2_utilities_ws/install/micro_ros_setup:/home/mcr2/ros2_utilities_ws/install/micro_ros_agent:/home/mcr2/ros2_utilities_ws/install/micro_ros_msgs:/home/mcr2/ros2_utilities_ws/install/aruco_ros:/home/mcr2/ros2_utilities_ws/install/aruco_msgs:/home/mcr2/ros2_utilities_ws/install/aruco:/opt/ros/humble LD_LIBRARY_PATH=/home/mcr2/ros2_ws/src/install/steering_controllers_library/lib:/home/mcr2/ros2_ws/src/install/controller_manager/lib:/home/mcr2/ros2_ws/src/install/hardware_interface_testing/lib:/home/mcr2/ros2_ws/src/install/controller_interface/lib:/home/mcr2/ros2_ws/src/install/hardware_interface/lib:/home/mcr2/ros2_ws/src/install/realtime_tools/lib:/home/mcr2/ros2_ws/src/install/controller_manager_msgs/lib:/home/mcr2/ros2_ws/src/install/control_msgs/lib:${LD_LIBRARY_PATH} PYTHONPATH=/home/mcr2/ros2_ws/src/install/controller_manager/local/lib/python3.10/dist-packages:/home/mcr2/ros2_ws/src/install/controller_manager_msgs/local/lib/python3.10/dist-packages:/home/mcr2/ros2_ws/src/install/control_msgs/local/lib/python3.10/dist-packages:${PYTHONPATH} /usr/bin/cmake --build /home/mcr2/ros2_ws/src/build/ackermann_steering_controller -- -j4 -l4
[21.047s] [  8%] [34m[1mRunning `/opt/ros/humble/bin/generate_parameter_library_cpp /home/mcr2/ros2_ws/src/build/ackermann_steering_controller/ackermann_steering_controller_parameters/include//ackermann_steering_controller_parameters.hpp /home/mcr2/ros2_ws/src/ros-controls/ros2_controllers/ackermann_steering_controller/src/ackermann_steering_controller.yaml `[0m
[21.936s] [  8%] Built target ackermann_steering_controller_parameters
[22.054s] [ 16%] [32mBuilding CXX object gmock/CMakeFiles/gmock.dir/opt/ros/humble/src/gtest_vendor/src/gtest-all.cc.o[0m
[36.040s] [ 25%] [32mBuilding CXX object gmock/CMakeFiles/gmock.dir/src/gmock-all.cc.o[0m
[44.870s] [ 33%] [32m[1mLinking CXX static library libgmock.a[0m
[45.367s] [ 33%] Built target gmock
[45.522s] [ 41%] [32mBuilding CXX object CMakeFiles/ackermann_steering_controller.dir/src/ackermann_steering_controller.cpp.o[0m
[61.754s] [ 50%] [32m[1mLinking CXX shared library libackermann_steering_controller.so[0m
[64.705s] [ 50%] Built target ackermann_steering_controller
[64.827s] [ 58%] [32mBuilding CXX object CMakeFiles/test_load_ackermann_steering_controller.dir/test/test_load_ackermann_steering_controller.cpp.o[0m
[92.175s] [ 66%] [32m[1mLinking CXX executable test_load_ackermann_steering_controller[0m
[96.722s] [ 66%] Built target test_load_ackermann_steering_controller
[96.990s] [ 75%] [32mBuilding CXX object CMakeFiles/test_ackermann_steering_controller_preceeding.dir/test/test_ackermann_steering_controller_preceeding.cpp.o[0m
[130.393s] [ 83%] [32m[1mLinking CXX executable test_ackermann_steering_controller_preceeding[0m
[135.578s] [ 83%] Built target test_ackermann_steering_controller_preceeding
[135.704s] [ 91%] [32mBuilding CXX object CMakeFiles/test_ackermann_steering_controller.dir/test/test_ackermann_steering_controller.cpp.o[0m
[189.890s] [100%] [32m[1mLinking CXX executable test_ackermann_steering_controller[0m
[196.333s] [100%] Built target test_ackermann_steering_controller
[196.430s] Invoked command in '/home/mcr2/ros2_ws/src/build/ackermann_steering_controller' returned '0': AMENT_PREFIX_PATH=/home/mcr2/ros2_ws/src/install/steering_controllers_library:/home/mcr2/ros2_ws/src/install/controller_manager:/home/mcr2/ros2_ws/src/install/hardware_interface_testing:/home/mcr2/ros2_ws/src/install/controller_interface:/home/mcr2/ros2_ws/src/install/hardware_interface:/home/mcr2/ros2_ws/src/install/ros2_control_test_assets:/home/mcr2/ros2_ws/src/install/realtime_tools:/home/mcr2/ros2_ws/src/install/controller_manager_msgs:/home/mcr2/ros2_ws/src/install/control_msgs:${AMENT_PREFIX_PATH} CMAKE_PREFIX_PATH=/home/mcr2/ros2_ws/src/install/steering_controllers_library:/home/mcr2/ros2_ws/src/install/controller_manager:/home/mcr2/ros2_ws/src/install/hardware_interface_testing:/home/mcr2/ros2_ws/src/install/controller_interface:/home/mcr2/ros2_ws/src/install/hardware_interface:/home/mcr2/ros2_ws/src/install/ros2_control_test_assets:/home/mcr2/ros2_ws/src/install/realtime_tools:/home/mcr2/ros2_ws/src/install/controller_manager_msgs:/home/mcr2/ros2_ws/src/install/control_msgs:/home/mcr2/ros2_utilities_ws/install/ros_ign_interfaces:/home/mcr2/ros2_utilities_ws/install/ros_ign:/home/mcr2/ros2_utilities_ws/install/ros_ign_image:/home/mcr2/ros2_utilities_ws/install/ros_ign_gazebo_demos:/home/mcr2/ros2_utilities_ws/install/ros_ign_gazebo:/home/mcr2/ros2_utilities_ws/install/ros_ign_bridge:/home/mcr2/ros2_utilities_ws/install/ros_gz:/home/mcr2/ros2_utilities_ws/install/ros_gz_sim_demos:/home/mcr2/ros2_utilities_ws/install/ros_gz_sim:/home/mcr2/ros2_utilities_ws/install/ros_gz_image:/home/mcr2/ros2_utilities_ws/install/ros_gz_bridge:/home/mcr2/ros2_utilities_ws/install/ros_gz_interfaces:/home/mcr2/ros2_utilities_ws/install/micro_ros_setup:/home/mcr2/ros2_utilities_ws/install/micro_ros_agent:/home/mcr2/ros2_utilities_ws/install/micro_ros_msgs:/home/mcr2/ros2_utilities_ws/install/aruco_ros:/home/mcr2/ros2_utilities_ws/install/aruco_msgs:/home/mcr2/ros2_utilities_ws/install/aruco:/opt/ros/humble LD_LIBRARY_PATH=/home/mcr2/ros2_ws/src/install/steering_controllers_library/lib:/home/mcr2/ros2_ws/src/install/controller_manager/lib:/home/mcr2/ros2_ws/src/install/hardware_interface_testing/lib:/home/mcr2/ros2_ws/src/install/controller_interface/lib:/home/mcr2/ros2_ws/src/install/hardware_interface/lib:/home/mcr2/ros2_ws/src/install/realtime_tools/lib:/home/mcr2/ros2_ws/src/install/controller_manager_msgs/lib:/home/mcr2/ros2_ws/src/install/control_msgs/lib:${LD_LIBRARY_PATH} PYTHONPATH=/home/mcr2/ros2_ws/src/install/controller_manager/local/lib/python3.10/dist-packages:/home/mcr2/ros2_ws/src/install/controller_manager_msgs/local/lib/python3.10/dist-packages:/home/mcr2/ros2_ws/src/install/control_msgs/local/lib/python3.10/dist-packages:${PYTHONPATH} /usr/bin/cmake --build /home/mcr2/ros2_ws/src/build/ackermann_steering_controller -- -j4 -l4
[196.746s] Invoking command in '/home/mcr2/ros2_ws/src/build/ackermann_steering_controller': AMENT_PREFIX_PATH=/home/mcr2/ros2_ws/src/install/steering_controllers_library:/home/mcr2/ros2_ws/src/install/controller_manager:/home/mcr2/ros2_ws/src/install/hardware_interface_testing:/home/mcr2/ros2_ws/src/install/controller_interface:/home/mcr2/ros2_ws/src/install/hardware_interface:/home/mcr2/ros2_ws/src/install/ros2_control_test_assets:/home/mcr2/ros2_ws/src/install/realtime_tools:/home/mcr2/ros2_ws/src/install/controller_manager_msgs:/home/mcr2/ros2_ws/src/install/control_msgs:${AMENT_PREFIX_PATH} CMAKE_PREFIX_PATH=/home/mcr2/ros2_ws/src/install/steering_controllers_library:/home/mcr2/ros2_ws/src/install/controller_manager:/home/mcr2/ros2_ws/src/install/hardware_interface_testing:/home/mcr2/ros2_ws/src/install/controller_interface:/home/mcr2/ros2_ws/src/install/hardware_interface:/home/mcr2/ros2_ws/src/install/ros2_control_test_assets:/home/mcr2/ros2_ws/src/install/realtime_tools:/home/mcr2/ros2_ws/src/install/controller_manager_msgs:/home/mcr2/ros2_ws/src/install/control_msgs:/home/mcr2/ros2_utilities_ws/install/ros_ign_interfaces:/home/mcr2/ros2_utilities_ws/install/ros_ign:/home/mcr2/ros2_utilities_ws/install/ros_ign_image:/home/mcr2/ros2_utilities_ws/install/ros_ign_gazebo_demos:/home/mcr2/ros2_utilities_ws/install/ros_ign_gazebo:/home/mcr2/ros2_utilities_ws/install/ros_ign_bridge:/home/mcr2/ros2_utilities_ws/install/ros_gz:/home/mcr2/ros2_utilities_ws/install/ros_gz_sim_demos:/home/mcr2/ros2_utilities_ws/install/ros_gz_sim:/home/mcr2/ros2_utilities_ws/install/ros_gz_image:/home/mcr2/ros2_utilities_ws/install/ros_gz_bridge:/home/mcr2/ros2_utilities_ws/install/ros_gz_interfaces:/home/mcr2/ros2_utilities_ws/install/micro_ros_setup:/home/mcr2/ros2_utilities_ws/install/micro_ros_agent:/home/mcr2/ros2_utilities_ws/install/micro_ros_msgs:/home/mcr2/ros2_utilities_ws/install/aruco_ros:/home/mcr2/ros2_utilities_ws/install/aruco_msgs:/home/mcr2/ros2_utilities_ws/install/aruco:/opt/ros/humble LD_LIBRARY_PATH=/home/mcr2/ros2_ws/src/install/steering_controllers_library/lib:/home/mcr2/ros2_ws/src/install/controller_manager/lib:/home/mcr2/ros2_ws/src/install/hardware_interface_testing/lib:/home/mcr2/ros2_ws/src/install/controller_interface/lib:/home/mcr2/ros2_ws/src/install/hardware_interface/lib:/home/mcr2/ros2_ws/src/install/realtime_tools/lib:/home/mcr2/ros2_ws/src/install/controller_manager_msgs/lib:/home/mcr2/ros2_ws/src/install/control_msgs/lib:${LD_LIBRARY_PATH} PYTHONPATH=/home/mcr2/ros2_ws/src/install/controller_manager/local/lib/python3.10/dist-packages:/home/mcr2/ros2_ws/src/install/controller_manager_msgs/local/lib/python3.10/dist-packages:/home/mcr2/ros2_ws/src/install/control_msgs/local/lib/python3.10/dist-packages:${PYTHONPATH} /usr/bin/cmake --install /home/mcr2/ros2_ws/src/build/ackermann_steering_controller
[196.886s] -- Install configuration: ""
[196.886s] -- Installing: /home/mcr2/ros2_ws/src/install/ackermann_steering_controller/include/ackermann_steering_controller_parameters
[196.886s] -- Installing: /home/mcr2/ros2_ws/src/install/ackermann_steering_controller/include/ackermann_steering_controller_parameters/ackermann_steering_controller_parameters.hpp
[196.887s] -- Installing: /home/mcr2/ros2_ws/src/install/ackermann_steering_controller/share/ackermann_steering_controller/ackermann_steering_controller.xml
[196.887s] -- Installing: /home/mcr2/ros2_ws/src/install/ackermann_steering_controller/include/ackermann_steering_controller
[196.887s] -- Installing: /home/mcr2/ros2_ws/src/install/ackermann_steering_controller/include/ackermann_steering_controller/ackermann_steering_controller
[196.887s] -- Installing: /home/mcr2/ros2_ws/src/install/ackermann_steering_controller/include/ackermann_steering_controller/ackermann_steering_controller/visibility_control.h
[196.887s] -- Installing: /home/mcr2/ros2_ws/src/install/ackermann_steering_controller/include/ackermann_steering_controller/ackermann_steering_controller/ackermann_steering_controller.hpp
[196.888s] -- Installing: /home/mcr2/ros2_ws/src/install/ackermann_steering_controller/lib/libackermann_steering_controller.so
[196.888s] -- Set runtime path of "/home/mcr2/ros2_ws/src/install/ackermann_steering_controller/lib/libackermann_steering_controller.so" to ""
[196.888s] -- Installing: /home/mcr2/ros2_ws/src/install/ackermann_steering_controller/share/ackermann_steering_controller/environment/library_path.sh
[196.888s] -- Installing: /home/mcr2/ros2_ws/src/install/ackermann_steering_controller/share/ackermann_steering_controller/environment/library_path.dsv
[196.888s] -- Installing: /home/mcr2/ros2_ws/src/install/ackermann_steering_controller/share/ament_index/resource_index/package_run_dependencies/ackermann_steering_controller
[196.889s] -- Installing: /home/mcr2/ros2_ws/src/install/ackermann_steering_controller/share/ament_index/resource_index/parent_prefix_path/ackermann_steering_controller
[196.889s] -- Installing: /home/mcr2/ros2_ws/src/install/ackermann_steering_controller/share/ackermann_steering_controller/environment/ament_prefix_path.sh
[196.889s] -- Installing: /home/mcr2/ros2_ws/src/install/ackermann_steering_controller/share/ackermann_steering_controller/environment/ament_prefix_path.dsv
[196.889s] -- Installing: /home/mcr2/ros2_ws/src/install/ackermann_steering_controller/share/ackermann_steering_controller/environment/path.sh
[196.889s] -- Installing: /home/mcr2/ros2_ws/src/install/ackermann_steering_controller/share/ackermann_steering_controller/environment/path.dsv
[196.890s] -- Installing: /home/mcr2/ros2_ws/src/install/ackermann_steering_controller/share/ackermann_steering_controller/local_setup.bash
[196.890s] -- Installing: /home/mcr2/ros2_ws/src/install/ackermann_steering_controller/share/ackermann_steering_controller/local_setup.sh
[196.890s] -- Installing: /home/mcr2/ros2_ws/src/install/ackermann_steering_controller/share/ackermann_steering_controller/local_setup.zsh
[196.890s] -- Installing: /home/mcr2/ros2_ws/src/install/ackermann_steering_controller/share/ackermann_steering_controller/local_setup.dsv
[196.890s] -- Installing: /home/mcr2/ros2_ws/src/install/ackermann_steering_controller/share/ackermann_steering_controller/package.dsv
[196.891s] -- Installing: /home/mcr2/ros2_ws/src/install/ackermann_steering_controller/share/ament_index/resource_index/packages/ackermann_steering_controller
[196.891s] -- Installing: /home/mcr2/ros2_ws/src/install/ackermann_steering_controller/share/ament_index/resource_index/controller_interface__pluginlib__plugin/ackermann_steering_controller
[196.891s] -- Installing: /home/mcr2/ros2_ws/src/install/ackermann_steering_controller/share/ackermann_steering_controller/cmake/export_ackermann_steering_controllerExport.cmake
[196.892s] -- Installing: /home/mcr2/ros2_ws/src/install/ackermann_steering_controller/share/ackermann_steering_controller/cmake/export_ackermann_steering_controllerExport-noconfig.cmake
[196.915s] -- Installing: /home/mcr2/ros2_ws/src/install/ackermann_steering_controller/share/ackermann_steering_controller/cmake/ament_cmake_export_targets-extras.cmake
[196.915s] -- Installing: /home/mcr2/ros2_ws/src/install/ackermann_steering_controller/share/ackermann_steering_controller/cmake/ament_cmake_export_dependencies-extras.cmake
[196.916s] -- Installing: /home/mcr2/ros2_ws/src/install/ackermann_steering_controller/share/ackermann_steering_controller/cmake/ackermann_steering_controllerConfig.cmake
[196.916s] -- Installing: /home/mcr2/ros2_ws/src/install/ackermann_steering_controller/share/ackermann_steering_controller/cmake/ackermann_steering_controllerConfig-version.cmake
[196.916s] -- Installing: /home/mcr2/ros2_ws/src/install/ackermann_steering_controller/share/ackermann_steering_controller/package.xml
[196.929s] Invoked command in '/home/mcr2/ros2_ws/src/build/ackermann_steering_controller' returned '0': AMENT_PREFIX_PATH=/home/mcr2/ros2_ws/src/install/steering_controllers_library:/home/mcr2/ros2_ws/src/install/controller_manager:/home/mcr2/ros2_ws/src/install/hardware_interface_testing:/home/mcr2/ros2_ws/src/install/controller_interface:/home/mcr2/ros2_ws/src/install/hardware_interface:/home/mcr2/ros2_ws/src/install/ros2_control_test_assets:/home/mcr2/ros2_ws/src/install/realtime_tools:/home/mcr2/ros2_ws/src/install/controller_manager_msgs:/home/mcr2/ros2_ws/src/install/control_msgs:${AMENT_PREFIX_PATH} CMAKE_PREFIX_PATH=/home/mcr2/ros2_ws/src/install/steering_controllers_library:/home/mcr2/ros2_ws/src/install/controller_manager:/home/mcr2/ros2_ws/src/install/hardware_interface_testing:/home/mcr2/ros2_ws/src/install/controller_interface:/home/mcr2/ros2_ws/src/install/hardware_interface:/home/mcr2/ros2_ws/src/install/ros2_control_test_assets:/home/mcr2/ros2_ws/src/install/realtime_tools:/home/mcr2/ros2_ws/src/install/controller_manager_msgs:/home/mcr2/ros2_ws/src/install/control_msgs:/home/mcr2/ros2_utilities_ws/install/ros_ign_interfaces:/home/mcr2/ros2_utilities_ws/install/ros_ign:/home/mcr2/ros2_utilities_ws/install/ros_ign_image:/home/mcr2/ros2_utilities_ws/install/ros_ign_gazebo_demos:/home/mcr2/ros2_utilities_ws/install/ros_ign_gazebo:/home/mcr2/ros2_utilities_ws/install/ros_ign_bridge:/home/mcr2/ros2_utilities_ws/install/ros_gz:/home/mcr2/ros2_utilities_ws/install/ros_gz_sim_demos:/home/mcr2/ros2_utilities_ws/install/ros_gz_sim:/home/mcr2/ros2_utilities_ws/install/ros_gz_image:/home/mcr2/ros2_utilities_ws/install/ros_gz_bridge:/home/mcr2/ros2_utilities_ws/install/ros_gz_interfaces:/home/mcr2/ros2_utilities_ws/install/micro_ros_setup:/home/mcr2/ros2_utilities_ws/install/micro_ros_agent:/home/mcr2/ros2_utilities_ws/install/micro_ros_msgs:/home/mcr2/ros2_utilities_ws/install/aruco_ros:/home/mcr2/ros2_utilities_ws/install/aruco_msgs:/home/mcr2/ros2_utilities_ws/install/aruco:/opt/ros/humble LD_LIBRARY_PATH=/home/mcr2/ros2_ws/src/install/steering_controllers_library/lib:/home/mcr2/ros2_ws/src/install/controller_manager/lib:/home/mcr2/ros2_ws/src/install/hardware_interface_testing/lib:/home/mcr2/ros2_ws/src/install/controller_interface/lib:/home/mcr2/ros2_ws/src/install/hardware_interface/lib:/home/mcr2/ros2_ws/src/install/realtime_tools/lib:/home/mcr2/ros2_ws/src/install/controller_manager_msgs/lib:/home/mcr2/ros2_ws/src/install/control_msgs/lib:${LD_LIBRARY_PATH} PYTHONPATH=/home/mcr2/ros2_ws/src/install/controller_manager/local/lib/python3.10/dist-packages:/home/mcr2/ros2_ws/src/install/controller_manager_msgs/local/lib/python3.10/dist-packages:/home/mcr2/ros2_ws/src/install/control_msgs/local/lib/python3.10/dist-packages:${PYTHONPATH} /usr/bin/cmake --install /home/mcr2/ros2_ws/src/build/ackermann_steering_controller
